<?xml version="1.0" encoding="UTF-8"?>
<robot generator="Robot 6.1.1 (Python 3.11.3 on darwin)" generated="20231009 10:33:23.198" rpa="false" schemaversion="4">
<suite id="s1" name="Temenosrobot" source="/Users/kennethc@capc.com.sg/temenosrobot">
<suite id="s1-s1" name="0003 Void Loam" source="/Users/kennethc@capc.com.sg/temenosrobot/0003_Void_Loam">
<suite id="s1-s1-s1" name="003 Void Loan Void Disbursed Scenario" source="/Users/kennethc@capc.com.sg/temenosrobot/0003_Void_Loam/003_Void_Loan_Void_Disbursed_Scenario.robot">
<test id="s1-s1-s1-t1" name="Reverse_Disburse_Reverse_Approval_Term_Loan" line="14">
<kw name="Google Log In" library="resource">
<kw name="Open Browser" library="SeleniumLibrary">
<arg>${Borrower}</arg>
<arg>Chrome</arg>
<doc>Opens a new browser instance to the optional ``url``.</doc>
<msg timestamp="20231009 10:33:23.284" level="INFO">Opening browser 'Chrome' to base url 'https://temenosstg.capcfintech.com/Browser/'.</msg>
<status status="PASS" starttime="20231009 10:33:23.284" endtime="20231009 10:33:28.083"/>
</kw>
<kw name="Maximize Browser Window" library="SeleniumLibrary">
<doc>Maximizes current browser window.</doc>
<status status="PASS" starttime="20231009 10:33:28.083" endtime="20231009 10:33:28.552"/>
</kw>
<kw name="Sleep" library="BuiltIn">
<arg>2s</arg>
<doc>Pauses the test executed for the given time.</doc>
<msg timestamp="20231009 10:33:30.555" level="INFO">Slept 2 seconds</msg>
<status status="PASS" starttime="20231009 10:33:28.553" endtime="20231009 10:33:30.556"/>
</kw>
<kw name="Click Element" library="SeleniumLibrary">
<arg>//*[@id='idp1']/div[1]</arg>
<doc>Click the element identified by ``locator``.</doc>
<msg timestamp="20231009 10:33:30.560" level="INFO">Clicking element '//*[@id='idp1']/div[1]'.</msg>
<status status="PASS" starttime="20231009 10:33:30.557" endtime="20231009 10:33:34.042"/>
</kw>
<kw name="Wait Until Page Contains Element" library="SeleniumLibrary">
<arg>//*[@id="identifierId"]</arg>
<doc>Waits until the element ``locator`` appears on the current page.</doc>
<status status="PASS" starttime="20231009 10:33:34.043" endtime="20231009 10:33:34.058"/>
</kw>
<kw name="Sleep" library="BuiltIn">
<arg>2s</arg>
<doc>Pauses the test executed for the given time.</doc>
<msg timestamp="20231009 10:33:36.061" level="INFO">Slept 2 seconds</msg>
<status status="PASS" starttime="20231009 10:33:34.058" endtime="20231009 10:33:36.062"/>
</kw>
<kw name="Input Text" library="SeleniumLibrary">
<arg>//*[@id ="identifierId"]</arg>
<arg>kennethc@capc.com.sg</arg>
<doc>Types the given ``text`` into the text field identified by ``locator``.</doc>
<msg timestamp="20231009 10:33:36.064" level="INFO">Typing text 'kennethc@capc.com.sg' into text field '//*[@id ="identifierId"]'.</msg>
<status status="PASS" starttime="20231009 10:33:36.063" endtime="20231009 10:33:36.236"/>
</kw>
<kw name="Click Element" library="SeleniumLibrary">
<arg>//*[@id="identifierNext"]/div/button/span</arg>
<doc>Click the element identified by ``locator``.</doc>
<msg timestamp="20231009 10:33:36.236" level="INFO">Clicking element '//*[@id="identifierNext"]/div/button/span'.</msg>
<status status="PASS" starttime="20231009 10:33:36.236" endtime="20231009 10:33:36.335"/>
</kw>
<kw name="Sleep" library="BuiltIn">
<arg>2s</arg>
<doc>Pauses the test executed for the given time.</doc>
<msg timestamp="20231009 10:33:38.337" level="INFO">Slept 2 seconds</msg>
<status status="PASS" starttime="20231009 10:33:36.335" endtime="20231009 10:33:38.337"/>
</kw>
<kw name="Capture Page Screenshot" library="SeleniumLibrary">
<arg>OpsAddPartner004.png</arg>
<doc>Takes a screenshot of the current page and embeds it into a log file.</doc>
<msg timestamp="20231009 10:33:38.640" level="INFO" html="true">&lt;/td&gt;&lt;/tr&gt;&lt;tr&gt;&lt;td colspan="3"&gt;&lt;a href="OpsAddPartner004.png"&gt;&lt;img src="OpsAddPartner004.png" width="800px"&gt;&lt;/a&gt;</msg>
<status status="PASS" starttime="20231009 10:33:38.338" endtime="20231009 10:33:38.640"/>
</kw>
<kw name="Wait Until Page Contains Element" library="SeleniumLibrary">
<arg>//*[@id="password"]/div[1]/div/div[1]/input</arg>
<doc>Waits until the element ``locator`` appears on the current page.</doc>
<status status="PASS" starttime="20231009 10:33:38.641" endtime="20231009 10:33:38.646"/>
</kw>
<kw name="Sleep" library="BuiltIn">
<arg>2s</arg>
<doc>Pauses the test executed for the given time.</doc>
<msg timestamp="20231009 10:33:40.648" level="INFO">Slept 2 seconds</msg>
<status status="PASS" starttime="20231009 10:33:38.646" endtime="20231009 10:33:40.648"/>
</kw>
<kw name="Input Text" library="SeleniumLibrary">
<arg>//*[@id="password"]/div[1]/div/div[1]/input</arg>
<arg>Y2kuniontpjcred!</arg>
<doc>Types the given ``text`` into the text field identified by ``locator``.</doc>
<msg timestamp="20231009 10:33:40.650" level="INFO">Typing text 'Y2kuniontpjcred!' into text field '//*[@id="password"]/div[1]/div/div[1]/input'.</msg>
<status status="PASS" starttime="20231009 10:33:40.649" endtime="20231009 10:33:40.728"/>
</kw>
<kw name="Click Element" library="SeleniumLibrary">
<arg>//*[@id="passwordNext"]/div/button/span</arg>
<doc>Click the element identified by ``locator``.</doc>
<msg timestamp="20231009 10:33:40.728" level="INFO">Clicking element '//*[@id="passwordNext"]/div/button/span'.</msg>
<status status="PASS" starttime="20231009 10:33:40.728" endtime="20231009 10:33:40.770"/>
</kw>
<kw name="Capture Page Screenshot" library="SeleniumLibrary">
<arg>CapOpButtonLogin1.png</arg>
<doc>Takes a screenshot of the current page and embeds it into a log file.</doc>
<msg timestamp="20231009 10:33:40.995" level="INFO" html="true">&lt;/td&gt;&lt;/tr&gt;&lt;tr&gt;&lt;td colspan="3"&gt;&lt;a href="CapOpButtonLogin1.png"&gt;&lt;img src="CapOpButtonLogin1.png" width="800px"&gt;&lt;/a&gt;</msg>
<status status="PASS" starttime="20231009 10:33:40.770" endtime="20231009 10:33:40.995"/>
</kw>
<kw name="Sleep" library="BuiltIn">
<arg>10s</arg>
<doc>Pauses the test executed for the given time.</doc>
<msg timestamp="20231009 10:33:50.995" level="INFO">Slept 10 seconds</msg>
<status status="PASS" starttime="20231009 10:33:40.995" endtime="20231009 10:33:50.996"/>
</kw>
<kw name="Get Element Count" library="SeleniumLibrary">
<var>${element_count}</var>
<arg>//*[text()='Try another way']</arg>
<doc>Returns the number of elements matching ``locator``.</doc>
<msg timestamp="20231009 10:33:51.019" level="INFO">${element_count} = 1</msg>
<status status="PASS" starttime="20231009 10:33:50.996" endtime="20231009 10:33:51.019"/>
</kw>
<kw name="Get Element Count" library="SeleniumLibrary">
<var>${element_count2}</var>
<arg>//*[contains(text(),'Get a verification code from the')]</arg>
<doc>Returns the number of elements matching ``locator``.</doc>
<msg timestamp="20231009 10:33:51.034" level="INFO">${element_count2} = 0</msg>
<status status="PASS" starttime="20231009 10:33:51.019" endtime="20231009 10:33:51.034"/>
</kw>
<kw name="Log To Console" library="BuiltIn">
<arg>countings</arg>
<doc>Logs the given message to the console.</doc>
<status status="PASS" starttime="20231009 10:33:51.034" endtime="20231009 10:33:51.035"/>
</kw>
<kw name="Log To Console" library="BuiltIn">
<arg>${element_count}</arg>
<doc>Logs the given message to the console.</doc>
<status status="PASS" starttime="20231009 10:33:51.035" endtime="20231009 10:33:51.035"/>
</kw>
<kw name="Log To Console" library="BuiltIn">
<arg>${element_count2}</arg>
<doc>Logs the given message to the console.</doc>
<status status="PASS" starttime="20231009 10:33:51.035" endtime="20231009 10:33:51.035"/>
</kw>
<if>
<branch type="IF" condition="${element_count2} &gt; 0">
<kw name="No Alternative" library="resource">
<status status="NOT RUN" starttime="20231009 10:33:51.036" endtime="20231009 10:33:51.036"/>
</kw>
<status status="NOT RUN" starttime="20231009 10:33:51.035" endtime="20231009 10:33:51.036"/>
</branch>
<branch type="ELSE">
<kw name="Alternative" library="resource">
<kw name="Click Element" library="SeleniumLibrary">
<arg>//*[text()='Try another way']</arg>
<doc>Click the element identified by ``locator``.</doc>
<msg timestamp="20231009 10:33:51.037" level="INFO">Clicking element '//*[text()='Try another way']'.</msg>
<status status="PASS" starttime="20231009 10:33:51.036" endtime="20231009 10:33:51.071"/>
</kw>
<kw name="Sleep" library="BuiltIn">
<arg>3s</arg>
<doc>Pauses the test executed for the given time.</doc>
<msg timestamp="20231009 10:33:54.074" level="INFO">Slept 3 seconds</msg>
<status status="PASS" starttime="20231009 10:33:51.072" endtime="20231009 10:33:54.074"/>
</kw>
<kw name="Click Element" library="SeleniumLibrary">
<arg>//*[contains(text(),'Get a verification code from the')]</arg>
<doc>Click the element identified by ``locator``.</doc>
<msg timestamp="20231009 10:33:54.075" level="INFO">Clicking element '//*[contains(text(),'Get a verification code from the')]'.</msg>
<status status="PASS" starttime="20231009 10:33:54.074" endtime="20231009 10:33:54.129"/>
</kw>
<status status="PASS" starttime="20231009 10:33:51.036" endtime="20231009 10:33:54.129"/>
</kw>
<status status="PASS" starttime="20231009 10:33:51.036" endtime="20231009 10:33:54.129"/>
</branch>
<status status="PASS" starttime="20231009 10:33:51.035" endtime="20231009 10:33:54.129"/>
</if>
<kw name="Sleep" library="BuiltIn">
<arg>3s</arg>
<doc>Pauses the test executed for the given time.</doc>
<msg timestamp="20231009 10:33:57.130" level="INFO">Slept 3 seconds</msg>
<status status="PASS" starttime="20231009 10:33:54.129" endtime="20231009 10:33:57.131"/>
</kw>
<kw name="Get Authenticator Code" library="resource">
<var>${code}</var>
<arg>kenneth</arg>
<doc>Authenticator needs to be set up for Google account</doc>
<kw name="Log To Console" library="BuiltIn">
<arg>${passphrase}</arg>
<doc>Logs the given message to the console.</doc>
<status status="PASS" starttime="20231009 10:33:57.131" endtime="20231009 10:33:57.131"/>
</kw>
<kw name="Run Process" library="Process">
<var>${result}</var>
<arg>echo ${passphrase} | authenticator --data /Users/kennethc@capc.com.sg/temenosrobot/ generate --refresh once</arg>
<arg>shell=TRUE</arg>
<doc>Runs a process and waits for it to complete.</doc>
<msg timestamp="20231009 10:33:57.131" level="INFO">Starting process:
echo kenneth | authenticator --data /Users/kennethc@capc.com.sg/temenosrobot/ generate --refresh once</msg>
<msg timestamp="20231009 10:33:57.135" level="INFO">Waiting for process to complete.</msg>
<msg timestamp="20231009 10:33:57.330" level="INFO">Process completed.</msg>
<msg timestamp="20231009 10:33:57.330" level="INFO">${result} = &lt;result object with rc 0&gt;</msg>
<status status="PASS" starttime="20231009 10:33:57.131" endtime="20231009 10:33:57.330"/>
</kw>
<kw name="Log To Console" library="BuiltIn">
<arg>test44</arg>
<doc>Logs the given message to the console.</doc>
<status status="PASS" starttime="20231009 10:33:57.330" endtime="20231009 10:33:57.330"/>
</kw>
<kw name="Log To Console" library="BuiltIn">
<arg>${result}</arg>
<doc>Logs the given message to the console.</doc>
<status status="PASS" starttime="20231009 10:33:57.330" endtime="20231009 10:33:57.330"/>
</kw>
<kw name="Get Regexp Matches" library="String">
<var>${match}</var>
<arg>${result.stdout}</arg>
<arg>kennethc@capc.com.sg: ([\\d]{6})</arg>
<arg>1</arg>
<doc>Returns a list of all non-overlapping matches in the given string.</doc>
<msg timestamp="20231009 10:33:57.331" level="INFO">${match} = ['338789']</msg>
<status status="PASS" starttime="20231009 10:33:57.330" endtime="20231009 10:33:57.331"/>
</kw>
<kw name="Log To Console" library="BuiltIn">
<arg>${match}[0]</arg>
<doc>Logs the given message to the console.</doc>
<status status="PASS" starttime="20231009 10:33:57.331" endtime="20231009 10:33:57.331"/>
</kw>
<msg timestamp="20231009 10:33:57.331" level="INFO">${code} = 338789</msg>
<status status="PASS" starttime="20231009 10:33:57.131" endtime="20231009 10:33:57.331"/>
</kw>
<kw name="Input Text" library="SeleniumLibrary">
<arg>//input[@type="tel"]</arg>
<arg>${code}</arg>
<doc>Types the given ``text`` into the text field identified by ``locator``.</doc>
<msg timestamp="20231009 10:33:57.331" level="INFO">Typing text '338789' into text field '//input[@type="tel"]'.</msg>
<status status="PASS" starttime="20231009 10:33:57.331" endtime="20231009 10:33:57.364"/>
</kw>
<kw name="Sleep" library="BuiltIn">
<arg>2s</arg>
<doc>Pauses the test executed for the given time.</doc>
<msg timestamp="20231009 10:33:59.366" level="INFO">Slept 2 seconds</msg>
<status status="PASS" starttime="20231009 10:33:57.364" endtime="20231009 10:33:59.367"/>
</kw>
<kw name="Click Element" library="SeleniumLibrary">
<arg>//*[@id="totpNext"]/div/button/span</arg>
<doc>Click the element identified by ``locator``.</doc>
<msg timestamp="20231009 10:33:59.369" level="INFO">Clicking element '//*[@id="totpNext"]/div/button/span'.</msg>
<status status="PASS" starttime="20231009 10:33:59.367" endtime="20231009 10:33:59.432"/>
</kw>
<kw name="Sleep" library="BuiltIn">
<arg>20s</arg>
<doc>Pauses the test executed for the given time.</doc>
<msg timestamp="20231009 10:34:19.434" level="INFO">Slept 20 seconds</msg>
<status status="PASS" starttime="20231009 10:33:59.432" endtime="20231009 10:34:19.434"/>
</kw>
<status status="PASS" starttime="20231009 10:33:23.284" endtime="20231009 10:34:19.435"/>
</kw>
<kw name="Input Text" library="SeleniumLibrary">
<arg>//*[@id="username"]</arg>
<arg>KENNETH1</arg>
<doc>Types the given ``text`` into the text field identified by ``locator``.</doc>
<msg timestamp="20231009 10:34:19.437" level="INFO">Typing text 'KENNETH1' into text field '//*[@id="username"]'.</msg>
<msg timestamp="20231009 10:34:19.687" level="INFO" html="true">&lt;/td&gt;&lt;/tr&gt;&lt;tr&gt;&lt;td colspan="3"&gt;&lt;a href="selenium-screenshot-225.png"&gt;&lt;img src="selenium-screenshot-225.png" width="800px"&gt;&lt;/a&gt;</msg>
<msg timestamp="20231009 10:34:19.687" level="FAIL">Element with locator '//*[@id="username"]' not found.</msg>
<status status="FAIL" starttime="20231009 10:34:19.436" endtime="20231009 10:34:19.690"/>
</kw>
<kw name="Input Text" library="SeleniumLibrary">
<arg>//*[@id="password"]</arg>
<arg>123456</arg>
<doc>Types the given ``text`` into the text field identified by ``locator``.</doc>
<status status="NOT RUN" starttime="20231009 10:34:19.690" endtime="20231009 10:34:19.690"/>
</kw>
<kw name="Wait Until Page Contains Element" library="SeleniumLibrary">
<arg>//*[@class="pf-c-button pf-m-primary pf-m-block btn-lg"]</arg>
<doc>Waits until the element ``locator`` appears on the current page.</doc>
<status status="NOT RUN" starttime="20231009 10:34:19.690" endtime="20231009 10:34:19.690"/>
</kw>
<kw name="Click Element" library="SeleniumLibrary">
<arg>//*[@class="pf-c-button pf-m-primary pf-m-block btn-lg"]</arg>
<doc>Click the element identified by ``locator``.</doc>
<status status="NOT RUN" starttime="20231009 10:34:19.690" endtime="20231009 10:34:19.690"/>
</kw>
<kw name="Wait Until Page Contains Element" library="SeleniumLibrary">
<arg>//*[@class="tc-menu-trigger tc-header-icon icon-menu1 buttonClassSwitcher"]</arg>
<doc>Waits until the element ``locator`` appears on the current page.</doc>
<status status="NOT RUN" starttime="20231009 10:34:19.691" endtime="20231009 10:34:19.691"/>
</kw>
<kw name="Sleep" library="BuiltIn">
<arg>5s</arg>
<doc>Pauses the test executed for the given time.</doc>
<status status="NOT RUN" starttime="20231009 10:34:19.691" endtime="20231009 10:34:19.691"/>
</kw>
<kw name="Click Element" library="SeleniumLibrary">
<arg>//*[@class="tc-menu-trigger tc-header-icon icon-menu1 buttonClassSwitcher"]</arg>
<doc>Click the element identified by ``locator``.</doc>
<status status="NOT RUN" starttime="20231009 10:34:19.691" endtime="20231009 10:34:19.691"/>
</kw>
<kw name="Sleep" library="BuiltIn">
<arg>2s</arg>
<doc>Pauses the test executed for the given time.</doc>
<status status="NOT RUN" starttime="20231009 10:34:19.691" endtime="20231009 10:34:19.691"/>
</kw>
<kw name="Click Element" library="SeleniumLibrary">
<arg>//*[contains(text(),'User Menu')]</arg>
<doc>Click the element identified by ``locator``.</doc>
<status status="NOT RUN" starttime="20231009 10:34:19.691" endtime="20231009 10:34:19.691"/>
</kw>
<kw name="Sleep" library="BuiltIn">
<arg>3s</arg>
<doc>Pauses the test executed for the given time.</doc>
<status status="NOT RUN" starttime="20231009 10:34:19.691" endtime="20231009 10:34:19.691"/>
</kw>
<kw name="Click Element" library="SeleniumLibrary">
<arg>//*[@t24cmd='COS T24.PRODUCT.CATALOG']</arg>
<doc>Click the element identified by ``locator``.</doc>
<status status="NOT RUN" starttime="20231009 10:34:19.691" endtime="20231009 10:34:19.691"/>
</kw>
<kw name="Sleep" library="BuiltIn">
<arg>3s</arg>
<doc>Pauses the test executed for the given time.</doc>
<status status="NOT RUN" starttime="20231009 10:34:19.691" endtime="20231009 10:34:19.691"/>
</kw>
<kw name="Wait Until Page Contains Element" library="SeleniumLibrary">
<arg>(//*[@class="expandedSubGroupWithMultipleRows"])[2]</arg>
<doc>Waits until the element ``locator`` appears on the current page.</doc>
<status status="NOT RUN" starttime="20231009 10:34:19.691" endtime="20231009 10:34:19.691"/>
</kw>
<kw name="Input Text" library="SeleniumLibrary">
<arg>//input[@type='search']</arg>
<arg>CapC Small</arg>
<doc>Types the given ``text`` into the text field identified by ``locator``.</doc>
<status status="NOT RUN" starttime="20231009 10:34:19.691" endtime="20231009 10:34:19.691"/>
</kw>
<kw name="Sleep" library="BuiltIn">
<arg>2s</arg>
<doc>Pauses the test executed for the given time.</doc>
<status status="NOT RUN" starttime="20231009 10:34:19.691" endtime="20231009 10:34:19.691"/>
</kw>
<kw name="Click Element" library="SeleniumLibrary">
<arg>//*[@class="EnquiryTopLinksControl tc-normal-icon icon-arrow-forward"]</arg>
<doc>Click the element identified by ``locator``.</doc>
<status status="NOT RUN" starttime="20231009 10:34:19.691" endtime="20231009 10:34:19.691"/>
</kw>
<kw name="Sleep" library="BuiltIn">
<arg>3s</arg>
<doc>Pauses the test executed for the given time.</doc>
<status status="NOT RUN" starttime="20231009 10:34:19.691" endtime="20231009 10:34:19.691"/>
</kw>
<kw name="Click Element" library="SeleniumLibrary">
<arg>(//*[@class="EnquiryTopLinksControl tc-normal-icon icon-new"])[4]</arg>
<doc>Click the element identified by ``locator``.</doc>
<status status="NOT RUN" starttime="20231009 10:34:19.691" endtime="20231009 10:34:19.691"/>
</kw>
<kw name="Sleep" library="BuiltIn">
<arg>10s</arg>
<doc>Pauses the test executed for the given time.</doc>
<status status="NOT RUN" starttime="20231009 10:34:19.691" endtime="20231009 10:34:19.691"/>
</kw>
<kw name="Get Window Handles" library="SeleniumLibrary">
<var>${handles}</var>
<doc>Returns all child window handles of the selected browser as a list.</doc>
<status status="NOT RUN" starttime="20231009 10:34:19.691" endtime="20231009 10:34:19.691"/>
</kw>
<kw name="Switch Window" library="SeleniumLibrary">
<arg>${handles}[1]</arg>
<doc>Switches to browser window matching ``locator``.</doc>
<status status="NOT RUN" starttime="20231009 10:34:19.691" endtime="20231009 10:34:19.691"/>
</kw>
<kw name="Input Text" library="SeleniumLibrary">
<arg>//input[@title='Customer']</arg>
<arg>100514</arg>
<doc>Types the given ``text`` into the text field identified by ``locator``.</doc>
<status status="NOT RUN" starttime="20231009 10:34:19.691" endtime="20231009 10:34:19.691"/>
</kw>
<kw name="Sleep" library="BuiltIn">
<arg>2s</arg>
<doc>Pauses the test executed for the given time.</doc>
<status status="NOT RUN" starttime="20231009 10:34:19.691" endtime="20231009 10:34:19.691"/>
</kw>
<kw name="Input Text" library="SeleniumLibrary">
<arg>//*[@assocappname='CURRENCY']</arg>
<arg>SGD</arg>
<doc>Types the given ``text`` into the text field identified by ``locator``.</doc>
<status status="NOT RUN" starttime="20231009 10:34:19.692" endtime="20231009 10:34:19.692"/>
</kw>
<kw name="Sleep" library="BuiltIn">
<arg>1s</arg>
<doc>Pauses the test executed for the given time.</doc>
<status status="NOT RUN" starttime="20231009 10:34:19.692" endtime="20231009 10:34:19.692"/>
</kw>
<kw name="Click Element" library="SeleniumLibrary">
<arg>(//*[@title='Validate'])[2]</arg>
<doc>Click the element identified by ``locator``.</doc>
<status status="NOT RUN" starttime="20231009 10:34:19.692" endtime="20231009 10:34:19.692"/>
</kw>
<kw name="Sleep" library="BuiltIn">
<arg>10s</arg>
<doc>Pauses the test executed for the given time.</doc>
<status status="NOT RUN" starttime="20231009 10:34:19.692" endtime="20231009 10:34:19.692"/>
</kw>
<kw name="Get Text" library="SeleniumLibrary">
<var>${arrangementId}</var>
<arg>(//*[@title='Arrangement'])[2]</arg>
<doc>Returns the text value of the element identified by ``locator``.</doc>
<status status="NOT RUN" starttime="20231009 10:34:19.692" endtime="20231009 10:34:19.692"/>
</kw>
<kw name="Click Element" library="SeleniumLibrary">
<arg>//*[contains(text(),'Commitment')]</arg>
<doc>Click the element identified by ``locator``.</doc>
<status status="NOT RUN" starttime="20231009 10:34:19.692" endtime="20231009 10:34:19.692"/>
</kw>
<kw name="Sleep" library="BuiltIn">
<arg>2s</arg>
<doc>Pauses the test executed for the given time.</doc>
<status status="NOT RUN" starttime="20231009 10:34:19.692" endtime="20231009 10:34:19.692"/>
</kw>
<kw name="Input Text" library="SeleniumLibrary">
<arg>(//*[@title="Amount"])[2]</arg>
<arg>10T</arg>
<doc>Types the given ``text`` into the text field identified by ``locator``.</doc>
<status status="NOT RUN" starttime="20231009 10:34:19.692" endtime="20231009 10:34:19.692"/>
</kw>
<kw name="Sleep" library="BuiltIn">
<arg>1s</arg>
<doc>Pauses the test executed for the given time.</doc>
<status status="NOT RUN" starttime="20231009 10:34:19.692" endtime="20231009 10:34:19.692"/>
</kw>
<kw name="Input Text" library="SeleniumLibrary">
<arg>(//*[@title="Term"])[2]</arg>
<arg>3M</arg>
<doc>Types the given ``text`` into the text field identified by ``locator``.</doc>
<status status="NOT RUN" starttime="20231009 10:34:19.692" endtime="20231009 10:34:19.692"/>
</kw>
<kw name="Sleep" library="BuiltIn">
<arg>2s</arg>
<doc>Pauses the test executed for the given time.</doc>
<status status="NOT RUN" starttime="20231009 10:34:19.692" endtime="20231009 10:34:19.692"/>
</kw>
<kw name="Click Element" library="SeleniumLibrary">
<arg>(//*[@title='Validate'])[1]</arg>
<doc>Click the element identified by ``locator``.</doc>
<status status="NOT RUN" starttime="20231009 10:34:19.692" endtime="20231009 10:34:19.692"/>
</kw>
<kw name="Sleep" library="BuiltIn">
<arg>20s</arg>
<doc>Pauses the test executed for the given time.</doc>
<status status="NOT RUN" starttime="20231009 10:34:19.692" endtime="20231009 10:34:19.692"/>
</kw>
<kw name="Click Element" library="SeleniumLibrary">
<arg>(//*[@title="Commit"])[1]</arg>
<doc>Click the element identified by ``locator``.</doc>
<status status="NOT RUN" starttime="20231009 10:34:19.692" endtime="20231009 10:34:19.692"/>
</kw>
<kw name="Sleep" library="BuiltIn">
<arg>20s</arg>
<doc>Pauses the test executed for the given time.</doc>
<status status="NOT RUN" starttime="20231009 10:34:19.692" endtime="20231009 10:34:19.692"/>
</kw>
<kw name="Close All Browsers" library="SeleniumLibrary">
<doc>Closes all open browsers and resets the browser cache.</doc>
<status status="NOT RUN" starttime="20231009 10:34:19.692" endtime="20231009 10:34:19.692"/>
</kw>
<kw name="Google Log In" library="resource">
<status status="NOT RUN" starttime="20231009 10:34:19.692" endtime="20231009 10:34:19.692"/>
</kw>
<kw name="Input Text" library="SeleniumLibrary">
<arg>//*[@id="username"]</arg>
<arg>KENNETH2</arg>
<doc>Types the given ``text`` into the text field identified by ``locator``.</doc>
<status status="NOT RUN" starttime="20231009 10:34:19.692" endtime="20231009 10:34:19.692"/>
</kw>
<kw name="Input Text" library="SeleniumLibrary">
<arg>//*[@id="password"]</arg>
<arg>123456</arg>
<doc>Types the given ``text`` into the text field identified by ``locator``.</doc>
<status status="NOT RUN" starttime="20231009 10:34:19.692" endtime="20231009 10:34:19.692"/>
</kw>
<kw name="Wait Until Page Contains Element" library="SeleniumLibrary">
<arg>//*[@class="pf-c-button pf-m-primary pf-m-block btn-lg"]</arg>
<doc>Waits until the element ``locator`` appears on the current page.</doc>
<status status="NOT RUN" starttime="20231009 10:34:19.692" endtime="20231009 10:34:19.692"/>
</kw>
<kw name="Click Element" library="SeleniumLibrary">
<arg>//*[@class="pf-c-button pf-m-primary pf-m-block btn-lg"]</arg>
<doc>Click the element identified by ``locator``.</doc>
<status status="NOT RUN" starttime="20231009 10:34:19.692" endtime="20231009 10:34:19.692"/>
</kw>
<kw name="Wait Until Page Contains Element" library="SeleniumLibrary">
<arg>//*[@class="tc-menu-trigger tc-header-icon icon-menu1 buttonClassSwitcher"]</arg>
<doc>Waits until the element ``locator`` appears on the current page.</doc>
<status status="NOT RUN" starttime="20231009 10:34:19.692" endtime="20231009 10:34:19.692"/>
</kw>
<kw name="Sleep" library="BuiltIn">
<arg>5s</arg>
<doc>Pauses the test executed for the given time.</doc>
<status status="NOT RUN" starttime="20231009 10:34:19.692" endtime="20231009 10:34:19.692"/>
</kw>
<kw name="Click Element" library="SeleniumLibrary">
<arg>//*[@class="tc-menu-trigger tc-header-icon icon-menu1 buttonClassSwitcher"]</arg>
<doc>Click the element identified by ``locator``.</doc>
<status status="NOT RUN" starttime="20231009 10:34:19.692" endtime="20231009 10:34:19.692"/>
</kw>
<kw name="Wait Until Page Contains Element" library="SeleniumLibrary">
<arg>//*[contains(text(),'User Menu')]</arg>
<doc>Waits until the element ``locator`` appears on the current page.</doc>
<status status="NOT RUN" starttime="20231009 10:34:19.693" endtime="20231009 10:34:19.693"/>
</kw>
<kw name="Click Element" library="SeleniumLibrary">
<arg>//*[contains(text(),'User Menu')]</arg>
<doc>Click the element identified by ``locator``.</doc>
<status status="NOT RUN" starttime="20231009 10:34:19.693" endtime="20231009 10:34:19.693"/>
</kw>
<kw name="Sleep" library="BuiltIn">
<arg>3s</arg>
<doc>Pauses the test executed for the given time.</doc>
<status status="NOT RUN" starttime="20231009 10:34:19.693" endtime="20231009 10:34:19.693"/>
</kw>
<kw name="Wait Until Page Contains Element" library="SeleniumLibrary">
<arg>//*[contains(text(),'Retail Operations')]</arg>
<doc>Waits until the element ``locator`` appears on the current page.</doc>
<status status="NOT RUN" starttime="20231009 10:34:19.693" endtime="20231009 10:34:19.693"/>
</kw>
<kw name="Sleep" library="BuiltIn">
<arg>3s</arg>
<doc>Pauses the test executed for the given time.</doc>
<status status="NOT RUN" starttime="20231009 10:34:19.693" endtime="20231009 10:34:19.693"/>
</kw>
<kw name="Click Element" library="SeleniumLibrary">
<arg>(//*[contains(text(),'Retail Operations')])[1]</arg>
<doc>Click the element identified by ``locator``.</doc>
<status status="NOT RUN" starttime="20231009 10:34:19.693" endtime="20231009 10:34:19.693"/>
</kw>
<kw name="Sleep" library="BuiltIn">
<arg>3s</arg>
<doc>Pauses the test executed for the given time.</doc>
<status status="NOT RUN" starttime="20231009 10:34:19.693" endtime="20231009 10:34:19.693"/>
</kw>
<kw name="Click Element" library="SeleniumLibrary">
<arg>//*[contains(text(),'Find Loan')]</arg>
<doc>Click the element identified by ``locator``.</doc>
<status status="NOT RUN" starttime="20231009 10:34:19.693" endtime="20231009 10:34:19.693"/>
</kw>
<kw name="Sleep" library="BuiltIn">
<arg>5s</arg>
<doc>Pauses the test executed for the given time.</doc>
<status status="NOT RUN" starttime="20231009 10:34:19.693" endtime="20231009 10:34:19.693"/>
</kw>
<kw name="Wait Until Page Contains Element" library="SeleniumLibrary">
<arg>//*[contains(text(),'Unauthorised')]</arg>
<doc>Waits until the element ``locator`` appears on the current page.</doc>
<status status="NOT RUN" starttime="20231009 10:34:19.693" endtime="20231009 10:34:19.693"/>
</kw>
<kw name="Click Element" library="SeleniumLibrary">
<arg>//*[contains(text(),'Unauthorised')]</arg>
<doc>Click the element identified by ``locator``.</doc>
<status status="NOT RUN" starttime="20231009 10:34:19.693" endtime="20231009 10:34:19.693"/>
</kw>
<kw name="Sleep" library="BuiltIn">
<arg>3s</arg>
<doc>Pauses the test executed for the given time.</doc>
<status status="NOT RUN" starttime="20231009 10:34:19.693" endtime="20231009 10:34:19.693"/>
</kw>
<kw name="Input Text" library="SeleniumLibrary">
<arg>(//*[@name='C1__C1__C1__C2__C1__ENQAAFINDARRANGEMENTNAUAL[1].SEARCHREQUEST[1].FILTERS[1].ARRANGEMENTID[1].OPERAND1'])[1]</arg>
<arg>${arrangementId}</arg>
<doc>Types the given ``text`` into the text field identified by ``locator``.</doc>
<status status="NOT RUN" starttime="20231009 10:34:19.693" endtime="20231009 10:34:19.693"/>
</kw>
<kw name="Sleep" library="BuiltIn">
<arg>1s</arg>
<doc>Pauses the test executed for the given time.</doc>
<status status="NOT RUN" starttime="20231009 10:34:19.693" endtime="20231009 10:34:19.693"/>
</kw>
<kw name="Click Element" library="SeleniumLibrary">
<arg>(//*[@title='Executes the query'])[2]</arg>
<doc>Click the element identified by ``locator``.</doc>
<status status="NOT RUN" starttime="20231009 10:34:19.693" endtime="20231009 10:34:19.693"/>
</kw>
<kw name="Sleep" library="BuiltIn">
<arg>5s</arg>
<doc>Pauses the test executed for the given time.</doc>
<status status="NOT RUN" starttime="20231009 10:34:19.693" endtime="20231009 10:34:19.693"/>
</kw>
<kw name="Click Element" library="SeleniumLibrary">
<arg>//*[@title="Overview"]</arg>
<doc>Click the element identified by ``locator``.</doc>
<status status="NOT RUN" starttime="20231009 10:34:19.693" endtime="20231009 10:34:19.693"/>
</kw>
<kw name="Sleep" library="BuiltIn">
<arg>20s</arg>
<doc>Pauses the test executed for the given time.</doc>
<status status="NOT RUN" starttime="20231009 10:34:19.693" endtime="20231009 10:34:19.693"/>
</kw>
<kw name="Get Window Handles" library="SeleniumLibrary">
<var>${handles}</var>
<doc>Returns all child window handles of the selected browser as a list.</doc>
<status status="NOT RUN" starttime="20231009 10:34:19.693" endtime="20231009 10:34:19.693"/>
</kw>
<kw name="Switch Window" library="SeleniumLibrary">
<arg>${handles}[1]</arg>
<doc>Switches to browser window matching ``locator``.</doc>
<status status="NOT RUN" starttime="20231009 10:34:19.693" endtime="20231009 10:34:19.693"/>
</kw>
<kw name="Get Text" library="SeleniumLibrary">
<var>${accountID}</var>
<arg>(//*[@class="tc-default-input tc-rounded-1 tooltipUxp"])[2]</arg>
<doc>Returns the text value of the element identified by ``locator``.</doc>
<status status="NOT RUN" starttime="20231009 10:34:19.693" endtime="20231009 10:34:19.693"/>
</kw>
<kw name="Select From List By Value" library="SeleniumLibrary">
<arg>//*[@script-id="AADETAILSACTIVITYLOGPENDINGFIN_DRILLDOWN_R1"]</arg>
<arg>1</arg>
<doc>Selects options from selection list ``locator`` by ``values``.</doc>
<status status="NOT RUN" starttime="20231009 10:34:19.693" endtime="20231009 10:34:19.693"/>
</kw>
<kw name="Sleep" library="BuiltIn">
<arg>2s</arg>
<doc>Pauses the test executed for the given time.</doc>
<status status="NOT RUN" starttime="20231009 10:34:19.693" endtime="20231009 10:34:19.693"/>
</kw>
<kw name="Click Element" library="SeleniumLibrary">
<arg>//*[@title="Launch"]</arg>
<doc>Click the element identified by ``locator``.</doc>
<status status="NOT RUN" starttime="20231009 10:34:19.693" endtime="20231009 10:34:19.693"/>
</kw>
<kw name="Sleep" library="BuiltIn">
<arg>20s</arg>
<doc>Pauses the test executed for the given time.</doc>
<status status="NOT RUN" starttime="20231009 10:34:19.693" endtime="20231009 10:34:19.693"/>
</kw>
<kw name="Get Window Handles" library="SeleniumLibrary">
<var>${handles}</var>
<doc>Returns all child window handles of the selected browser as a list.</doc>
<status status="NOT RUN" starttime="20231009 10:34:19.693" endtime="20231009 10:34:19.694"/>
</kw>
<kw name="Switch Window" library="SeleniumLibrary">
<arg>${handles}[2]</arg>
<doc>Switches to browser window matching ``locator``.</doc>
<status status="NOT RUN" starttime="20231009 10:34:19.694" endtime="20231009 10:34:19.694"/>
</kw>
<kw name="Click Element" library="SeleniumLibrary">
<arg>//*[@title="Authorise"]</arg>
<doc>Click the element identified by ``locator``.</doc>
<status status="NOT RUN" starttime="20231009 10:34:19.694" endtime="20231009 10:34:19.694"/>
</kw>
<kw name="Sleep" library="BuiltIn">
<arg>20s</arg>
<doc>Pauses the test executed for the given time.</doc>
<status status="NOT RUN" starttime="20231009 10:34:19.694" endtime="20231009 10:34:19.694"/>
</kw>
<kw name="Close All Browsers" library="SeleniumLibrary">
<doc>Closes all open browsers and resets the browser cache.</doc>
<status status="NOT RUN" starttime="20231009 10:34:19.694" endtime="20231009 10:34:19.694"/>
</kw>
<kw name="Google Log In" library="resource">
<status status="NOT RUN" starttime="20231009 10:34:19.694" endtime="20231009 10:34:19.694"/>
</kw>
<kw name="Input Text" library="SeleniumLibrary">
<arg>//*[@id="username"]</arg>
<arg>KENNETH1</arg>
<doc>Types the given ``text`` into the text field identified by ``locator``.</doc>
<status status="NOT RUN" starttime="20231009 10:34:19.694" endtime="20231009 10:34:19.694"/>
</kw>
<kw name="Input Text" library="SeleniumLibrary">
<arg>//*[@id="password"]</arg>
<arg>123456</arg>
<doc>Types the given ``text`` into the text field identified by ``locator``.</doc>
<status status="NOT RUN" starttime="20231009 10:34:19.694" endtime="20231009 10:34:19.694"/>
</kw>
<kw name="Wait Until Page Contains Element" library="SeleniumLibrary">
<arg>//*[@class="pf-c-button pf-m-primary pf-m-block btn-lg"]</arg>
<doc>Waits until the element ``locator`` appears on the current page.</doc>
<status status="NOT RUN" starttime="20231009 10:34:19.694" endtime="20231009 10:34:19.694"/>
</kw>
<kw name="Click Element" library="SeleniumLibrary">
<arg>//*[@class="pf-c-button pf-m-primary pf-m-block btn-lg"]</arg>
<doc>Click the element identified by ``locator``.</doc>
<status status="NOT RUN" starttime="20231009 10:34:19.694" endtime="20231009 10:34:19.694"/>
</kw>
<kw name="Wait Until Page Contains Element" library="SeleniumLibrary">
<arg>//*[@class="tc-menu-trigger tc-header-icon icon-menu1 buttonClassSwitcher"]</arg>
<doc>Waits until the element ``locator`` appears on the current page.</doc>
<status status="NOT RUN" starttime="20231009 10:34:19.694" endtime="20231009 10:34:19.694"/>
</kw>
<kw name="Sleep" library="BuiltIn">
<arg>5s</arg>
<doc>Pauses the test executed for the given time.</doc>
<status status="NOT RUN" starttime="20231009 10:34:19.694" endtime="20231009 10:34:19.694"/>
</kw>
<kw name="Click Element" library="SeleniumLibrary">
<arg>//*[@class="tc-menu-trigger tc-header-icon icon-menu1 buttonClassSwitcher"]</arg>
<doc>Click the element identified by ``locator``.</doc>
<status status="NOT RUN" starttime="20231009 10:34:19.694" endtime="20231009 10:34:19.694"/>
</kw>
<kw name="Wait Until Page Contains Element" library="SeleniumLibrary">
<arg>//*[contains(text(),'User Menu')]</arg>
<doc>Waits until the element ``locator`` appears on the current page.</doc>
<status status="NOT RUN" starttime="20231009 10:34:19.694" endtime="20231009 10:34:19.694"/>
</kw>
<kw name="Click Element" library="SeleniumLibrary">
<arg>//*[contains(text(),'User Menu')]</arg>
<doc>Click the element identified by ``locator``.</doc>
<status status="NOT RUN" starttime="20231009 10:34:19.694" endtime="20231009 10:34:19.694"/>
</kw>
<kw name="Sleep" library="BuiltIn">
<arg>3s</arg>
<doc>Pauses the test executed for the given time.</doc>
<status status="NOT RUN" starttime="20231009 10:34:19.694" endtime="20231009 10:34:19.694"/>
</kw>
<kw name="Wait Until Page Contains Element" library="SeleniumLibrary">
<arg>//*[contains(text(),'Retail Operations')]</arg>
<doc>Waits until the element ``locator`` appears on the current page.</doc>
<status status="NOT RUN" starttime="20231009 10:34:19.694" endtime="20231009 10:34:19.694"/>
</kw>
<kw name="Sleep" library="BuiltIn">
<arg>3s</arg>
<doc>Pauses the test executed for the given time.</doc>
<status status="NOT RUN" starttime="20231009 10:34:19.694" endtime="20231009 10:34:19.694"/>
</kw>
<kw name="Click Element" library="SeleniumLibrary">
<arg>(//*[contains(text(),'Retail Operations')])[1]</arg>
<doc>Click the element identified by ``locator``.</doc>
<status status="NOT RUN" starttime="20231009 10:34:19.694" endtime="20231009 10:34:19.694"/>
</kw>
<kw name="Sleep" library="BuiltIn">
<arg>3s</arg>
<doc>Pauses the test executed for the given time.</doc>
<status status="NOT RUN" starttime="20231009 10:34:19.694" endtime="20231009 10:34:19.694"/>
</kw>
<kw name="Click Element" library="SeleniumLibrary">
<arg>(//*[contains(text(),"Funds Transfer")])[1]</arg>
<doc>Click the element identified by ``locator``.</doc>
<status status="NOT RUN" starttime="20231009 10:34:19.694" endtime="20231009 10:34:19.694"/>
</kw>
<kw name="Sleep" library="BuiltIn">
<arg>2s</arg>
<doc>Pauses the test executed for the given time.</doc>
<status status="NOT RUN" starttime="20231009 10:34:19.694" endtime="20231009 10:34:19.694"/>
</kw>
<kw name="Click Element" library="SeleniumLibrary">
<arg>//*[@t24cmd="FUNDS.TRANSFER,AA.ACDI I F3"]</arg>
<doc>Click the element identified by ``locator``.</doc>
<status status="NOT RUN" starttime="20231009 10:34:19.694" endtime="20231009 10:34:19.694"/>
</kw>
<kw name="Sleep" library="BuiltIn">
<arg>10s</arg>
<doc>Pauses the test executed for the given time.</doc>
<status status="NOT RUN" starttime="20231009 10:34:19.694" endtime="20231009 10:34:19.694"/>
</kw>
<kw name="Input Text" library="SeleniumLibrary">
<arg>//*[@id="C1__C2__C1__C1__C1__QUE_--FUNDS-TRANSFER--DEBIT-ACCT-NO--"]</arg>
<arg>${arrangementId}</arg>
<doc>Types the given ``text`` into the text field identified by ``locator``.</doc>
<status status="NOT RUN" starttime="20231009 10:34:19.694" endtime="20231009 10:34:19.694"/>
</kw>
<kw name="Input Text" library="SeleniumLibrary">
<arg>//*[@id="C1__C2__C1__C1__C1__QUE_--FUNDS-TRANSFER--DEBIT-CURRENCY--"]</arg>
<arg>SGD</arg>
<doc>Types the given ``text`` into the text field identified by ``locator``.</doc>
<status status="NOT RUN" starttime="20231009 10:34:19.695" endtime="20231009 10:34:19.695"/>
</kw>
<kw name="Input Text" library="SeleniumLibrary">
<arg>//*[@id="C1__C2__C1__C1__C1__QUE_--FUNDS-TRANSFER--DEBIT-AMOUNT--"]</arg>
<arg>10T</arg>
<doc>Types the given ``text`` into the text field identified by ``locator``.</doc>
<status status="NOT RUN" starttime="20231009 10:34:19.695" endtime="20231009 10:34:19.695"/>
</kw>
<kw name="Input Text" library="SeleniumLibrary">
<arg>//*[@id="C1__C2__C1__C1__C1__QUE_--FUNDS-TRANSFER--CREDIT-ACCT-NO--"]</arg>
<arg>SGD100010001</arg>
<doc>Types the given ``text`` into the text field identified by ``locator``.</doc>
<status status="NOT RUN" starttime="20231009 10:34:19.695" endtime="20231009 10:34:19.695"/>
</kw>
<kw name="Sleep" library="BuiltIn">
<arg>5s</arg>
<doc>Pauses the test executed for the given time.</doc>
<status status="NOT RUN" starttime="20231009 10:34:19.695" endtime="20231009 10:34:19.695"/>
</kw>
<kw name="Click Element" library="SeleniumLibrary">
<arg>(//*[@title='Validate'])[1]</arg>
<doc>Click the element identified by ``locator``.</doc>
<status status="NOT RUN" starttime="20231009 10:34:19.695" endtime="20231009 10:34:19.695"/>
</kw>
<kw name="Sleep" library="BuiltIn">
<arg>20s</arg>
<doc>Pauses the test executed for the given time.</doc>
<status status="NOT RUN" starttime="20231009 10:34:19.695" endtime="20231009 10:34:19.695"/>
</kw>
<kw name="Click Element" library="SeleniumLibrary">
<arg>(//*[@title="Commit"])[1]</arg>
<doc>Click the element identified by ``locator``.</doc>
<status status="NOT RUN" starttime="20231009 10:34:19.695" endtime="20231009 10:34:19.695"/>
</kw>
<kw name="Sleep" library="BuiltIn">
<arg>20s</arg>
<doc>Pauses the test executed for the given time.</doc>
<status status="NOT RUN" starttime="20231009 10:34:19.695" endtime="20231009 10:34:19.695"/>
</kw>
<kw name="Log To Console" library="BuiltIn">
<arg>It is here</arg>
<doc>Logs the given message to the console.</doc>
<status status="NOT RUN" starttime="20231009 10:34:19.695" endtime="20231009 10:34:19.695"/>
</kw>
<kw name="Click Element" library="SeleniumLibrary">
<arg>//*[@title="Accept"]</arg>
<doc>Click the element identified by ``locator``.</doc>
<status status="NOT RUN" starttime="20231009 10:34:19.695" endtime="20231009 10:34:19.695"/>
</kw>
<kw name="Sleep" library="BuiltIn">
<arg>2s</arg>
<doc>Pauses the test executed for the given time.</doc>
<status status="NOT RUN" starttime="20231009 10:34:19.695" endtime="20231009 10:34:19.695"/>
</kw>
<kw name="Sleep" library="BuiltIn">
<arg>20s</arg>
<doc>Pauses the test executed for the given time.</doc>
<status status="NOT RUN" starttime="20231009 10:34:19.695" endtime="20231009 10:34:19.695"/>
</kw>
<kw name="Close All Browsers" library="SeleniumLibrary">
<doc>Closes all open browsers and resets the browser cache.</doc>
<status status="NOT RUN" starttime="20231009 10:34:19.695" endtime="20231009 10:34:19.695"/>
</kw>
<kw name="FireFox Google Log In" library="resource">
<status status="NOT RUN" starttime="20231009 10:34:19.695" endtime="20231009 10:34:19.695"/>
</kw>
<kw name="Input Text" library="SeleniumLibrary">
<arg>//*[@id="username"]</arg>
<arg>KENNETH2</arg>
<doc>Types the given ``text`` into the text field identified by ``locator``.</doc>
<status status="NOT RUN" starttime="20231009 10:34:19.695" endtime="20231009 10:34:19.695"/>
</kw>
<kw name="Input Text" library="SeleniumLibrary">
<arg>//*[@id="password"]</arg>
<arg>123456</arg>
<doc>Types the given ``text`` into the text field identified by ``locator``.</doc>
<status status="NOT RUN" starttime="20231009 10:34:19.695" endtime="20231009 10:34:19.695"/>
</kw>
<kw name="Wait Until Page Contains Element" library="SeleniumLibrary">
<arg>//*[@class="pf-c-button pf-m-primary pf-m-block btn-lg"]</arg>
<doc>Waits until the element ``locator`` appears on the current page.</doc>
<status status="NOT RUN" starttime="20231009 10:34:19.695" endtime="20231009 10:34:19.695"/>
</kw>
<kw name="Click Element" library="SeleniumLibrary">
<arg>//*[@class="pf-c-button pf-m-primary pf-m-block btn-lg"]</arg>
<doc>Click the element identified by ``locator``.</doc>
<status status="NOT RUN" starttime="20231009 10:34:19.695" endtime="20231009 10:34:19.695"/>
</kw>
<kw name="Wait Until Page Contains Element" library="SeleniumLibrary">
<arg>//*[@class="tc-menu-trigger tc-header-icon icon-menu1 buttonClassSwitcher"]</arg>
<doc>Waits until the element ``locator`` appears on the current page.</doc>
<status status="NOT RUN" starttime="20231009 10:34:19.695" endtime="20231009 10:34:19.695"/>
</kw>
<kw name="Sleep" library="BuiltIn">
<arg>5s</arg>
<doc>Pauses the test executed for the given time.</doc>
<status status="NOT RUN" starttime="20231009 10:34:19.695" endtime="20231009 10:34:19.695"/>
</kw>
<kw name="Click Element" library="SeleniumLibrary">
<arg>//*[@class="tc-menu-trigger tc-header-icon icon-menu1 buttonClassSwitcher"]</arg>
<doc>Click the element identified by ``locator``.</doc>
<status status="NOT RUN" starttime="20231009 10:34:19.695" endtime="20231009 10:34:19.695"/>
</kw>
<kw name="Wait Until Page Contains Element" library="SeleniumLibrary">
<arg>//*[contains(text(),'User Menu')]</arg>
<doc>Waits until the element ``locator`` appears on the current page.</doc>
<status status="NOT RUN" starttime="20231009 10:34:19.695" endtime="20231009 10:34:19.695"/>
</kw>
<kw name="Click Element" library="SeleniumLibrary">
<arg>//*[contains(text(),'User Menu')]</arg>
<doc>Click the element identified by ``locator``.</doc>
<status status="NOT RUN" starttime="20231009 10:34:19.695" endtime="20231009 10:34:19.695"/>
</kw>
<kw name="Sleep" library="BuiltIn">
<arg>3s</arg>
<doc>Pauses the test executed for the given time.</doc>
<status status="NOT RUN" starttime="20231009 10:34:19.696" endtime="20231009 10:34:19.696"/>
</kw>
<kw name="Wait Until Page Contains Element" library="SeleniumLibrary">
<arg>//*[contains(text(),'Retail Operations')]</arg>
<doc>Waits until the element ``locator`` appears on the current page.</doc>
<status status="NOT RUN" starttime="20231009 10:34:19.696" endtime="20231009 10:34:19.696"/>
</kw>
<kw name="Sleep" library="BuiltIn">
<arg>3s</arg>
<doc>Pauses the test executed for the given time.</doc>
<status status="NOT RUN" starttime="20231009 10:34:19.696" endtime="20231009 10:34:19.696"/>
</kw>
<kw name="Click Element" library="SeleniumLibrary">
<arg>(//*[contains(text(),'Retail Operations')])[1]</arg>
<doc>Click the element identified by ``locator``.</doc>
<status status="NOT RUN" starttime="20231009 10:34:19.696" endtime="20231009 10:34:19.696"/>
</kw>
<kw name="Sleep" library="BuiltIn">
<arg>3s</arg>
<doc>Pauses the test executed for the given time.</doc>
<status status="NOT RUN" starttime="20231009 10:34:19.696" endtime="20231009 10:34:19.696"/>
</kw>
<kw name="Click Element" library="SeleniumLibrary">
<arg>//*[contains(text(),'Find Loan')]</arg>
<doc>Click the element identified by ``locator``.</doc>
<status status="NOT RUN" starttime="20231009 10:34:19.696" endtime="20231009 10:34:19.696"/>
</kw>
<kw name="Sleep" library="BuiltIn">
<arg>5s</arg>
<doc>Pauses the test executed for the given time.</doc>
<status status="NOT RUN" starttime="20231009 10:34:19.696" endtime="20231009 10:34:19.696"/>
</kw>
<kw name="Wait Until Page Contains Element" library="SeleniumLibrary">
<arg>//*[contains(text(),'Unauthorised')]</arg>
<doc>Waits until the element ``locator`` appears on the current page.</doc>
<status status="NOT RUN" starttime="20231009 10:34:19.696" endtime="20231009 10:34:19.696"/>
</kw>
<kw name="Input Text" library="SeleniumLibrary">
<arg>(//*[@name='C1__C1__C1__C1__C1__ENQAAFINDARRANGEMENTAL[1].SEARCHREQUEST[1].FILTERS[1].ARRANGEMENTID[1].OPERAND1'])[1]</arg>
<arg>${arrangementId}</arg>
<doc>Types the given ``text`` into the text field identified by ``locator``.</doc>
<status status="NOT RUN" starttime="20231009 10:34:19.696" endtime="20231009 10:34:19.696"/>
</kw>
<kw name="Sleep" library="BuiltIn">
<arg>1s</arg>
<doc>Pauses the test executed for the given time.</doc>
<status status="NOT RUN" starttime="20231009 10:34:19.696" endtime="20231009 10:34:19.696"/>
</kw>
<kw name="Click Element" library="SeleniumLibrary">
<arg>(//*[@title='Executes the query'])[1]</arg>
<doc>Click the element identified by ``locator``.</doc>
<status status="NOT RUN" starttime="20231009 10:34:19.696" endtime="20231009 10:34:19.696"/>
</kw>
<kw name="Sleep" library="BuiltIn">
<arg>5s</arg>
<doc>Pauses the test executed for the given time.</doc>
<status status="NOT RUN" starttime="20231009 10:34:19.696" endtime="20231009 10:34:19.696"/>
</kw>
<kw name="Click Element" library="SeleniumLibrary">
<arg>//*[@title="Overview"]</arg>
<doc>Click the element identified by ``locator``.</doc>
<status status="NOT RUN" starttime="20231009 10:34:19.696" endtime="20231009 10:34:19.696"/>
</kw>
<kw name="Sleep" library="BuiltIn">
<arg>20s</arg>
<doc>Pauses the test executed for the given time.</doc>
<status status="NOT RUN" starttime="20231009 10:34:19.696" endtime="20231009 10:34:19.696"/>
</kw>
<kw name="Get Window Handles" library="SeleniumLibrary">
<var>${handles}</var>
<doc>Returns all child window handles of the selected browser as a list.</doc>
<status status="NOT RUN" starttime="20231009 10:34:19.696" endtime="20231009 10:34:19.696"/>
</kw>
<kw name="Switch Window" library="SeleniumLibrary">
<arg>${handles}[1]</arg>
<doc>Switches to browser window matching ``locator``.</doc>
<status status="NOT RUN" starttime="20231009 10:34:19.696" endtime="20231009 10:34:19.696"/>
</kw>
<kw name="Select From List By Value" library="SeleniumLibrary">
<arg>//*[@script-id="AADETAILSACTIVITYLOGPENDINGFIN_DRILLDOWN_R1"]</arg>
<arg>1</arg>
<doc>Selects options from selection list ``locator`` by ``values``.</doc>
<status status="NOT RUN" starttime="20231009 10:34:19.696" endtime="20231009 10:34:19.696"/>
</kw>
<kw name="Sleep" library="BuiltIn">
<arg>2s</arg>
<doc>Pauses the test executed for the given time.</doc>
<status status="NOT RUN" starttime="20231009 10:34:19.696" endtime="20231009 10:34:19.696"/>
</kw>
<kw name="Click Element" library="SeleniumLibrary">
<arg>//*[@title="Launch"]</arg>
<doc>Click the element identified by ``locator``.</doc>
<status status="NOT RUN" starttime="20231009 10:34:19.696" endtime="20231009 10:34:19.697"/>
</kw>
<kw name="Sleep" library="BuiltIn">
<arg>20s</arg>
<doc>Pauses the test executed for the given time.</doc>
<status status="NOT RUN" starttime="20231009 10:34:19.697" endtime="20231009 10:34:19.697"/>
</kw>
<kw name="Get Window Handles" library="SeleniumLibrary">
<var>${handles}</var>
<doc>Returns all child window handles of the selected browser as a list.</doc>
<status status="NOT RUN" starttime="20231009 10:34:19.697" endtime="20231009 10:34:19.697"/>
</kw>
<kw name="Switch Window" library="SeleniumLibrary">
<arg>${handles}[2]</arg>
<doc>Switches to browser window matching ``locator``.</doc>
<status status="NOT RUN" starttime="20231009 10:34:19.697" endtime="20231009 10:34:19.697"/>
</kw>
<kw name="Click Element" library="SeleniumLibrary">
<arg>//*[@title="Authorise"]</arg>
<doc>Click the element identified by ``locator``.</doc>
<status status="NOT RUN" starttime="20231009 10:34:19.697" endtime="20231009 10:34:19.697"/>
</kw>
<kw name="Sleep" library="BuiltIn">
<arg>15s</arg>
<doc>Pauses the test executed for the given time.</doc>
<status status="NOT RUN" starttime="20231009 10:34:19.697" endtime="20231009 10:34:19.697"/>
</kw>
<kw name="Close All Browsers" library="SeleniumLibrary">
<doc>Closes all open browsers and resets the browser cache.</doc>
<status status="NOT RUN" starttime="20231009 10:34:19.697" endtime="20231009 10:34:19.697"/>
</kw>
<kw name="Google Log In" library="resource">
<status status="NOT RUN" starttime="20231009 10:34:19.697" endtime="20231009 10:34:19.697"/>
</kw>
<kw name="Input Text" library="SeleniumLibrary">
<arg>//*[@id="username"]</arg>
<arg>KENNETH1</arg>
<doc>Types the given ``text`` into the text field identified by ``locator``.</doc>
<status status="NOT RUN" starttime="20231009 10:34:19.697" endtime="20231009 10:34:19.697"/>
</kw>
<kw name="Input Text" library="SeleniumLibrary">
<arg>//*[@id="password"]</arg>
<arg>123456</arg>
<doc>Types the given ``text`` into the text field identified by ``locator``.</doc>
<status status="NOT RUN" starttime="20231009 10:34:19.697" endtime="20231009 10:34:19.697"/>
</kw>
<kw name="Wait Until Page Contains Element" library="SeleniumLibrary">
<arg>//*[@class="pf-c-button pf-m-primary pf-m-block btn-lg"]</arg>
<doc>Waits until the element ``locator`` appears on the current page.</doc>
<status status="NOT RUN" starttime="20231009 10:34:19.697" endtime="20231009 10:34:19.697"/>
</kw>
<kw name="Click Element" library="SeleniumLibrary">
<arg>//*[@class="pf-c-button pf-m-primary pf-m-block btn-lg"]</arg>
<doc>Click the element identified by ``locator``.</doc>
<status status="NOT RUN" starttime="20231009 10:34:19.697" endtime="20231009 10:34:19.697"/>
</kw>
<kw name="Wait Until Page Contains Element" library="SeleniumLibrary">
<arg>//*[@class="tc-menu-trigger tc-header-icon icon-menu1 buttonClassSwitcher"]</arg>
<doc>Waits until the element ``locator`` appears on the current page.</doc>
<status status="NOT RUN" starttime="20231009 10:34:19.697" endtime="20231009 10:34:19.697"/>
</kw>
<kw name="Sleep" library="BuiltIn">
<arg>5s</arg>
<doc>Pauses the test executed for the given time.</doc>
<status status="NOT RUN" starttime="20231009 10:34:19.697" endtime="20231009 10:34:19.697"/>
</kw>
<kw name="Click Element" library="SeleniumLibrary">
<arg>//*[@class="tc-menu-trigger tc-header-icon icon-menu1 buttonClassSwitcher"]</arg>
<doc>Click the element identified by ``locator``.</doc>
<status status="NOT RUN" starttime="20231009 10:34:19.697" endtime="20231009 10:34:19.697"/>
</kw>
<kw name="Wait Until Page Contains Element" library="SeleniumLibrary">
<arg>//*[contains(text(),'User Menu')]</arg>
<doc>Waits until the element ``locator`` appears on the current page.</doc>
<status status="NOT RUN" starttime="20231009 10:34:19.697" endtime="20231009 10:34:19.697"/>
</kw>
<kw name="Click Element" library="SeleniumLibrary">
<arg>//*[contains(text(),'User Menu')]</arg>
<doc>Click the element identified by ``locator``.</doc>
<status status="NOT RUN" starttime="20231009 10:34:19.697" endtime="20231009 10:34:19.697"/>
</kw>
<kw name="Sleep" library="BuiltIn">
<arg>3s</arg>
<doc>Pauses the test executed for the given time.</doc>
<status status="NOT RUN" starttime="20231009 10:34:19.697" endtime="20231009 10:34:19.697"/>
</kw>
<kw name="Wait Until Page Contains Element" library="SeleniumLibrary">
<arg>//*[contains(text(),'Retail Operations')]</arg>
<doc>Waits until the element ``locator`` appears on the current page.</doc>
<status status="NOT RUN" starttime="20231009 10:34:19.697" endtime="20231009 10:34:19.697"/>
</kw>
<kw name="Sleep" library="BuiltIn">
<arg>3s</arg>
<doc>Pauses the test executed for the given time.</doc>
<status status="NOT RUN" starttime="20231009 10:34:19.698" endtime="20231009 10:34:19.698"/>
</kw>
<kw name="Click Element" library="SeleniumLibrary">
<arg>(//*[contains(text(),'Retail Operations')])[1]</arg>
<doc>Click the element identified by ``locator``.</doc>
<status status="NOT RUN" starttime="20231009 10:34:19.698" endtime="20231009 10:34:19.698"/>
</kw>
<kw name="Sleep" library="BuiltIn">
<arg>3s</arg>
<doc>Pauses the test executed for the given time.</doc>
<status status="NOT RUN" starttime="20231009 10:34:19.698" endtime="20231009 10:34:19.698"/>
</kw>
<kw name="Click Element" library="SeleniumLibrary">
<arg>//*[contains(text(),'Find Loan')]</arg>
<doc>Click the element identified by ``locator``.</doc>
<status status="NOT RUN" starttime="20231009 10:34:19.698" endtime="20231009 10:34:19.698"/>
</kw>
<kw name="Sleep" library="BuiltIn">
<arg>5s</arg>
<doc>Pauses the test executed for the given time.</doc>
<status status="NOT RUN" starttime="20231009 10:34:19.698" endtime="20231009 10:34:19.698"/>
</kw>
<kw name="Wait Until Page Contains Element" library="SeleniumLibrary">
<arg>//*[contains(text(),'Authorised')]</arg>
<doc>Waits until the element ``locator`` appears on the current page.</doc>
<status status="NOT RUN" starttime="20231009 10:34:19.698" endtime="20231009 10:34:19.698"/>
</kw>
<kw name="Click Element" library="SeleniumLibrary">
<arg>//*[contains(text(),'Authorised')]</arg>
<doc>Click the element identified by ``locator``.</doc>
<status status="NOT RUN" starttime="20231009 10:34:19.698" endtime="20231009 10:34:19.698"/>
</kw>
<kw name="Sleep" library="BuiltIn">
<arg>3s</arg>
<doc>Pauses the test executed for the given time.</doc>
<status status="NOT RUN" starttime="20231009 10:34:19.698" endtime="20231009 10:34:19.698"/>
</kw>
<kw name="Input Text" library="SeleniumLibrary">
<arg>//*[@name='C1__C1__C1__C1__C1__ENQAAFINDARRANGEMENTAL[1].SEARCHREQUEST[1].FILTERS[1].ARRANGEMENTID[1].OPERAND1']</arg>
<arg>${arrangementId}</arg>
<doc>Types the given ``text`` into the text field identified by ``locator``.</doc>
<status status="NOT RUN" starttime="20231009 10:34:19.698" endtime="20231009 10:34:19.698"/>
</kw>
<kw name="Sleep" library="BuiltIn">
<arg>1s</arg>
<doc>Pauses the test executed for the given time.</doc>
<status status="NOT RUN" starttime="20231009 10:34:19.698" endtime="20231009 10:34:19.698"/>
</kw>
<kw name="Click Element" library="SeleniumLibrary">
<arg>//*[@title='Executes the query']</arg>
<doc>Click the element identified by ``locator``.</doc>
<status status="NOT RUN" starttime="20231009 10:34:19.698" endtime="20231009 10:34:19.698"/>
</kw>
<kw name="Sleep" library="BuiltIn">
<arg>5s</arg>
<doc>Pauses the test executed for the given time.</doc>
<status status="NOT RUN" starttime="20231009 10:34:19.698" endtime="20231009 10:34:19.698"/>
</kw>
<kw name="Click Element" library="SeleniumLibrary">
<arg>//*[@title="Overview"]</arg>
<doc>Click the element identified by ``locator``.</doc>
<status status="NOT RUN" starttime="20231009 10:34:19.698" endtime="20231009 10:34:19.698"/>
</kw>
<kw name="Sleep" library="BuiltIn">
<arg>20s</arg>
<doc>Pauses the test executed for the given time.</doc>
<status status="NOT RUN" starttime="20231009 10:34:19.698" endtime="20231009 10:34:19.698"/>
</kw>
<kw name="Get Window Handles" library="SeleniumLibrary">
<var>${handles}</var>
<doc>Returns all child window handles of the selected browser as a list.</doc>
<status status="NOT RUN" starttime="20231009 10:34:19.698" endtime="20231009 10:34:19.698"/>
</kw>
<kw name="Switch Window" library="SeleniumLibrary">
<arg>${handles}[1]</arg>
<doc>Switches to browser window matching ``locator``.</doc>
<status status="NOT RUN" starttime="20231009 10:34:19.698" endtime="20231009 10:34:19.698"/>
</kw>
<kw name="Click Element" library="SeleniumLibrary">
<arg>(//*[@title="Reverse"])[2]</arg>
<doc>Click the element identified by ``locator``.</doc>
<status status="NOT RUN" starttime="20231009 10:34:19.698" endtime="20231009 10:34:19.698"/>
</kw>
<kw name="Sleep" library="BuiltIn">
<arg>20s</arg>
<doc>Pauses the test executed for the given time.</doc>
<status status="NOT RUN" starttime="20231009 10:34:19.698" endtime="20231009 10:34:19.698"/>
</kw>
<kw name="Get Window Handles" library="SeleniumLibrary">
<var>${handles}</var>
<doc>Returns all child window handles of the selected browser as a list.</doc>
<status status="NOT RUN" starttime="20231009 10:34:19.698" endtime="20231009 10:34:19.698"/>
</kw>
<kw name="Switch Window" library="SeleniumLibrary">
<arg>${handles}[2]</arg>
<doc>Switches to browser window matching ``locator``.</doc>
<status status="NOT RUN" starttime="20231009 10:34:19.698" endtime="20231009 10:34:19.698"/>
</kw>
<kw name="Click Element" library="SeleniumLibrary">
<arg>//*[@title="Reverse"]</arg>
<doc>Click the element identified by ``locator``.</doc>
<status status="NOT RUN" starttime="20231009 10:34:19.698" endtime="20231009 10:34:19.698"/>
</kw>
<kw name="Sleep" library="BuiltIn">
<arg>20s</arg>
<doc>Pauses the test executed for the given time.</doc>
<status status="NOT RUN" starttime="20231009 10:34:19.698" endtime="20231009 10:34:19.698"/>
</kw>
<kw name="Close All Browsers" library="SeleniumLibrary">
<doc>Closes all open browsers and resets the browser cache.</doc>
<status status="NOT RUN" starttime="20231009 10:34:19.698" endtime="20231009 10:34:19.698"/>
</kw>
<kw name="FireFox Google Log In" library="resource">
<status status="NOT RUN" starttime="20231009 10:34:19.698" endtime="20231009 10:34:19.698"/>
</kw>
<kw name="Input Text" library="SeleniumLibrary">
<arg>//*[@id="username"]</arg>
<arg>KENNETH2</arg>
<doc>Types the given ``text`` into the text field identified by ``locator``.</doc>
<status status="NOT RUN" starttime="20231009 10:34:19.699" endtime="20231009 10:34:19.699"/>
</kw>
<kw name="Input Text" library="SeleniumLibrary">
<arg>//*[@id="password"]</arg>
<arg>123456</arg>
<doc>Types the given ``text`` into the text field identified by ``locator``.</doc>
<status status="NOT RUN" starttime="20231009 10:34:19.699" endtime="20231009 10:34:19.699"/>
</kw>
<kw name="Wait Until Page Contains Element" library="SeleniumLibrary">
<arg>//*[@class="pf-c-button pf-m-primary pf-m-block btn-lg"]</arg>
<doc>Waits until the element ``locator`` appears on the current page.</doc>
<status status="NOT RUN" starttime="20231009 10:34:19.699" endtime="20231009 10:34:19.699"/>
</kw>
<kw name="Click Element" library="SeleniumLibrary">
<arg>//*[@class="pf-c-button pf-m-primary pf-m-block btn-lg"]</arg>
<doc>Click the element identified by ``locator``.</doc>
<status status="NOT RUN" starttime="20231009 10:34:19.699" endtime="20231009 10:34:19.699"/>
</kw>
<kw name="Wait Until Page Contains Element" library="SeleniumLibrary">
<arg>//*[@class="tc-menu-trigger tc-header-icon icon-menu1 buttonClassSwitcher"]</arg>
<doc>Waits until the element ``locator`` appears on the current page.</doc>
<status status="NOT RUN" starttime="20231009 10:34:19.699" endtime="20231009 10:34:19.699"/>
</kw>
<kw name="Sleep" library="BuiltIn">
<arg>5s</arg>
<doc>Pauses the test executed for the given time.</doc>
<status status="NOT RUN" starttime="20231009 10:34:19.699" endtime="20231009 10:34:19.699"/>
</kw>
<kw name="Click Element" library="SeleniumLibrary">
<arg>//*[@class="tc-menu-trigger tc-header-icon icon-menu1 buttonClassSwitcher"]</arg>
<doc>Click the element identified by ``locator``.</doc>
<status status="NOT RUN" starttime="20231009 10:34:19.699" endtime="20231009 10:34:19.699"/>
</kw>
<kw name="Wait Until Page Contains Element" library="SeleniumLibrary">
<arg>//*[contains(text(),'User Menu')]</arg>
<doc>Waits until the element ``locator`` appears on the current page.</doc>
<status status="NOT RUN" starttime="20231009 10:34:19.699" endtime="20231009 10:34:19.699"/>
</kw>
<kw name="Click Element" library="SeleniumLibrary">
<arg>//*[contains(text(),'User Menu')]</arg>
<doc>Click the element identified by ``locator``.</doc>
<status status="NOT RUN" starttime="20231009 10:34:19.699" endtime="20231009 10:34:19.699"/>
</kw>
<kw name="Sleep" library="BuiltIn">
<arg>3s</arg>
<doc>Pauses the test executed for the given time.</doc>
<status status="NOT RUN" starttime="20231009 10:34:19.699" endtime="20231009 10:34:19.699"/>
</kw>
<kw name="Wait Until Page Contains Element" library="SeleniumLibrary">
<arg>//*[contains(text(),'Retail Operations')]</arg>
<doc>Waits until the element ``locator`` appears on the current page.</doc>
<status status="NOT RUN" starttime="20231009 10:34:19.699" endtime="20231009 10:34:19.699"/>
</kw>
<kw name="Sleep" library="BuiltIn">
<arg>3s</arg>
<doc>Pauses the test executed for the given time.</doc>
<status status="NOT RUN" starttime="20231009 10:34:19.699" endtime="20231009 10:34:19.699"/>
</kw>
<kw name="Click Element" library="SeleniumLibrary">
<arg>(//*[contains(text(),'Retail Operations')])[1]</arg>
<doc>Click the element identified by ``locator``.</doc>
<status status="NOT RUN" starttime="20231009 10:34:19.699" endtime="20231009 10:34:19.699"/>
</kw>
<kw name="Sleep" library="BuiltIn">
<arg>3s</arg>
<doc>Pauses the test executed for the given time.</doc>
<status status="NOT RUN" starttime="20231009 10:34:19.699" endtime="20231009 10:34:19.699"/>
</kw>
<kw name="Click Element" library="SeleniumLibrary">
<arg>//*[contains(text(),'Find Loan')]</arg>
<doc>Click the element identified by ``locator``.</doc>
<status status="NOT RUN" starttime="20231009 10:34:19.699" endtime="20231009 10:34:19.699"/>
</kw>
<kw name="Sleep" library="BuiltIn">
<arg>5s</arg>
<doc>Pauses the test executed for the given time.</doc>
<status status="NOT RUN" starttime="20231009 10:34:19.699" endtime="20231009 10:34:19.699"/>
</kw>
<kw name="Wait Until Page Contains Element" library="SeleniumLibrary">
<arg>//*[contains(text(),'Authorised')]</arg>
<doc>Waits until the element ``locator`` appears on the current page.</doc>
<status status="NOT RUN" starttime="20231009 10:34:19.699" endtime="20231009 10:34:19.699"/>
</kw>
<kw name="Click Element" library="SeleniumLibrary">
<arg>//*[contains(text(),'Authorised')]</arg>
<doc>Click the element identified by ``locator``.</doc>
<status status="NOT RUN" starttime="20231009 10:34:19.699" endtime="20231009 10:34:19.699"/>
</kw>
<kw name="Sleep" library="BuiltIn">
<arg>3s</arg>
<doc>Pauses the test executed for the given time.</doc>
<status status="NOT RUN" starttime="20231009 10:34:19.699" endtime="20231009 10:34:19.699"/>
</kw>
<kw name="Input Text" library="SeleniumLibrary">
<arg>//*[@name='C1__C1__C1__C1__C1__ENQAAFINDARRANGEMENTAL[1].SEARCHREQUEST[1].FILTERS[1].ARRANGEMENTID[1].OPERAND1']</arg>
<arg>${arrangementId}</arg>
<doc>Types the given ``text`` into the text field identified by ``locator``.</doc>
<status status="NOT RUN" starttime="20231009 10:34:19.699" endtime="20231009 10:34:19.699"/>
</kw>
<kw name="Sleep" library="BuiltIn">
<arg>1s</arg>
<doc>Pauses the test executed for the given time.</doc>
<status status="NOT RUN" starttime="20231009 10:34:19.699" endtime="20231009 10:34:19.700"/>
</kw>
<kw name="Click Element" library="SeleniumLibrary">
<arg>//*[@title='Executes the query']</arg>
<doc>Click the element identified by ``locator``.</doc>
<status status="NOT RUN" starttime="20231009 10:34:19.700" endtime="20231009 10:34:19.700"/>
</kw>
<kw name="Sleep" library="BuiltIn">
<arg>5s</arg>
<doc>Pauses the test executed for the given time.</doc>
<status status="NOT RUN" starttime="20231009 10:34:19.700" endtime="20231009 10:34:19.700"/>
</kw>
<kw name="Click Element" library="SeleniumLibrary">
<arg>//*[@title="Overview"]</arg>
<doc>Click the element identified by ``locator``.</doc>
<status status="NOT RUN" starttime="20231009 10:34:19.700" endtime="20231009 10:34:19.700"/>
</kw>
<kw name="Sleep" library="BuiltIn">
<arg>20s</arg>
<doc>Pauses the test executed for the given time.</doc>
<status status="NOT RUN" starttime="20231009 10:34:19.700" endtime="20231009 10:34:19.700"/>
</kw>
<kw name="Get Window Handles" library="SeleniumLibrary">
<var>${handles}</var>
<doc>Returns all child window handles of the selected browser as a list.</doc>
<status status="NOT RUN" starttime="20231009 10:34:19.700" endtime="20231009 10:34:19.700"/>
</kw>
<kw name="Switch Window" library="SeleniumLibrary">
<arg>${handles}[1]</arg>
<doc>Switches to browser window matching ``locator``.</doc>
<status status="NOT RUN" starttime="20231009 10:34:19.700" endtime="20231009 10:34:19.700"/>
</kw>
<kw name="Get Text" library="SeleniumLibrary">
<var>${accountID}</var>
<arg>(//*[@class="tc-default-input tc-rounded-1 tooltipUxp"])[2]</arg>
<doc>Returns the text value of the element identified by ``locator``.</doc>
<status status="NOT RUN" starttime="20231009 10:34:19.700" endtime="20231009 10:34:19.700"/>
</kw>
<kw name="Select From List By Value" library="SeleniumLibrary">
<arg>//*[@script-id="AADETAILSACTIVITYLOGPENDINGFIN_DRILLDOWN_R1"]</arg>
<arg>1</arg>
<doc>Selects options from selection list ``locator`` by ``values``.</doc>
<status status="NOT RUN" starttime="20231009 10:34:19.700" endtime="20231009 10:34:19.700"/>
</kw>
<kw name="Sleep" library="BuiltIn">
<arg>2s</arg>
<doc>Pauses the test executed for the given time.</doc>
<status status="NOT RUN" starttime="20231009 10:34:19.700" endtime="20231009 10:34:19.700"/>
</kw>
<kw name="Click Element" library="SeleniumLibrary">
<arg>//*[@title="Launch"]</arg>
<doc>Click the element identified by ``locator``.</doc>
<status status="NOT RUN" starttime="20231009 10:34:19.700" endtime="20231009 10:34:19.700"/>
</kw>
<kw name="Sleep" library="BuiltIn">
<arg>20s</arg>
<doc>Pauses the test executed for the given time.</doc>
<status status="NOT RUN" starttime="20231009 10:34:19.700" endtime="20231009 10:34:19.700"/>
</kw>
<kw name="Get Window Handles" library="SeleniumLibrary">
<var>${handles}</var>
<doc>Returns all child window handles of the selected browser as a list.</doc>
<status status="NOT RUN" starttime="20231009 10:34:19.700" endtime="20231009 10:34:19.700"/>
</kw>
<kw name="Switch Window" library="SeleniumLibrary">
<arg>${handles}[2]</arg>
<doc>Switches to browser window matching ``locator``.</doc>
<status status="NOT RUN" starttime="20231009 10:34:19.700" endtime="20231009 10:34:19.700"/>
</kw>
<kw name="Click Element" library="SeleniumLibrary">
<arg>//*[@title="Authorise"]</arg>
<doc>Click the element identified by ``locator``.</doc>
<status status="NOT RUN" starttime="20231009 10:34:19.700" endtime="20231009 10:34:19.700"/>
</kw>
<kw name="Sleep" library="BuiltIn">
<arg>20s</arg>
<doc>Pauses the test executed for the given time.</doc>
<status status="NOT RUN" starttime="20231009 10:34:19.701" endtime="20231009 10:34:19.701"/>
</kw>
<kw name="Close All Browsers" library="SeleniumLibrary">
<doc>Closes all open browsers and resets the browser cache.</doc>
<status status="NOT RUN" starttime="20231009 10:34:19.701" endtime="20231009 10:34:19.701"/>
</kw>
<kw name="FireFox Google Log In" library="resource">
<status status="NOT RUN" starttime="20231009 10:34:19.701" endtime="20231009 10:34:19.701"/>
</kw>
<kw name="Input Text" library="SeleniumLibrary">
<arg>//*[@id="username"]</arg>
<arg>KENNETH1</arg>
<doc>Types the given ``text`` into the text field identified by ``locator``.</doc>
<status status="NOT RUN" starttime="20231009 10:34:19.701" endtime="20231009 10:34:19.701"/>
</kw>
<kw name="Input Text" library="SeleniumLibrary">
<arg>//*[@id="password"]</arg>
<arg>123456</arg>
<doc>Types the given ``text`` into the text field identified by ``locator``.</doc>
<status status="NOT RUN" starttime="20231009 10:34:19.701" endtime="20231009 10:34:19.701"/>
</kw>
<kw name="Wait Until Page Contains Element" library="SeleniumLibrary">
<arg>//*[@class="pf-c-button pf-m-primary pf-m-block btn-lg"]</arg>
<doc>Waits until the element ``locator`` appears on the current page.</doc>
<status status="NOT RUN" starttime="20231009 10:34:19.701" endtime="20231009 10:34:19.701"/>
</kw>
<kw name="Click Element" library="SeleniumLibrary">
<arg>//*[@class="pf-c-button pf-m-primary pf-m-block btn-lg"]</arg>
<doc>Click the element identified by ``locator``.</doc>
<status status="NOT RUN" starttime="20231009 10:34:19.701" endtime="20231009 10:34:19.701"/>
</kw>
<kw name="Wait Until Page Contains Element" library="SeleniumLibrary">
<arg>//*[@class="tc-menu-trigger tc-header-icon icon-menu1 buttonClassSwitcher"]</arg>
<doc>Waits until the element ``locator`` appears on the current page.</doc>
<status status="NOT RUN" starttime="20231009 10:34:19.701" endtime="20231009 10:34:19.701"/>
</kw>
<kw name="Sleep" library="BuiltIn">
<arg>5s</arg>
<doc>Pauses the test executed for the given time.</doc>
<status status="NOT RUN" starttime="20231009 10:34:19.701" endtime="20231009 10:34:19.701"/>
</kw>
<kw name="Click Element" library="SeleniumLibrary">
<arg>//*[@class="tc-menu-trigger tc-header-icon icon-menu1 buttonClassSwitcher"]</arg>
<doc>Click the element identified by ``locator``.</doc>
<status status="NOT RUN" starttime="20231009 10:34:19.701" endtime="20231009 10:34:19.701"/>
</kw>
<kw name="Wait Until Page Contains Element" library="SeleniumLibrary">
<arg>//*[contains(text(),'User Menu')]</arg>
<doc>Waits until the element ``locator`` appears on the current page.</doc>
<status status="NOT RUN" starttime="20231009 10:34:19.701" endtime="20231009 10:34:19.701"/>
</kw>
<kw name="Click Element" library="SeleniumLibrary">
<arg>//*[contains(text(),'User Menu')]</arg>
<doc>Click the element identified by ``locator``.</doc>
<status status="NOT RUN" starttime="20231009 10:34:19.701" endtime="20231009 10:34:19.701"/>
</kw>
<kw name="Sleep" library="BuiltIn">
<arg>3s</arg>
<doc>Pauses the test executed for the given time.</doc>
<status status="NOT RUN" starttime="20231009 10:34:19.701" endtime="20231009 10:34:19.701"/>
</kw>
<kw name="Wait Until Page Contains Element" library="SeleniumLibrary">
<arg>//*[contains(text(),'Retail Operations')]</arg>
<doc>Waits until the element ``locator`` appears on the current page.</doc>
<status status="NOT RUN" starttime="20231009 10:34:19.701" endtime="20231009 10:34:19.701"/>
</kw>
<kw name="Sleep" library="BuiltIn">
<arg>3s</arg>
<doc>Pauses the test executed for the given time.</doc>
<status status="NOT RUN" starttime="20231009 10:34:19.701" endtime="20231009 10:34:19.701"/>
</kw>
<kw name="Click Element" library="SeleniumLibrary">
<arg>(//*[contains(text(),'Retail Operations')])[1]</arg>
<doc>Click the element identified by ``locator``.</doc>
<status status="NOT RUN" starttime="20231009 10:34:19.701" endtime="20231009 10:34:19.701"/>
</kw>
<kw name="Sleep" library="BuiltIn">
<arg>3s</arg>
<doc>Pauses the test executed for the given time.</doc>
<status status="NOT RUN" starttime="20231009 10:34:19.701" endtime="20231009 10:34:19.701"/>
</kw>
<kw name="Click Element" library="SeleniumLibrary">
<arg>//*[contains(text(),'Find Loan')]</arg>
<doc>Click the element identified by ``locator``.</doc>
<status status="NOT RUN" starttime="20231009 10:34:19.701" endtime="20231009 10:34:19.701"/>
</kw>
<kw name="Sleep" library="BuiltIn">
<arg>5s</arg>
<doc>Pauses the test executed for the given time.</doc>
<status status="NOT RUN" starttime="20231009 10:34:19.702" endtime="20231009 10:34:19.702"/>
</kw>
<kw name="Wait Until Page Contains Element" library="SeleniumLibrary">
<arg>//*[contains(text(),'Authorised')]</arg>
<doc>Waits until the element ``locator`` appears on the current page.</doc>
<status status="NOT RUN" starttime="20231009 10:34:19.702" endtime="20231009 10:34:19.702"/>
</kw>
<kw name="Click Element" library="SeleniumLibrary">
<arg>//*[contains(text(),'Authorised')]</arg>
<doc>Click the element identified by ``locator``.</doc>
<status status="NOT RUN" starttime="20231009 10:34:19.702" endtime="20231009 10:34:19.702"/>
</kw>
<kw name="Sleep" library="BuiltIn">
<arg>3s</arg>
<doc>Pauses the test executed for the given time.</doc>
<status status="NOT RUN" starttime="20231009 10:34:19.702" endtime="20231009 10:34:19.702"/>
</kw>
<kw name="Input Text" library="SeleniumLibrary">
<arg>//*[@name='C1__C1__C1__C1__C1__ENQAAFINDARRANGEMENTAL[1].SEARCHREQUEST[1].FILTERS[1].ARRANGEMENTID[1].OPERAND1']</arg>
<arg>${arrangementId}</arg>
<doc>Types the given ``text`` into the text field identified by ``locator``.</doc>
<status status="NOT RUN" starttime="20231009 10:34:19.702" endtime="20231009 10:34:19.702"/>
</kw>
<kw name="Sleep" library="BuiltIn">
<arg>1s</arg>
<doc>Pauses the test executed for the given time.</doc>
<status status="NOT RUN" starttime="20231009 10:34:19.702" endtime="20231009 10:34:19.702"/>
</kw>
<kw name="Click Element" library="SeleniumLibrary">
<arg>//*[@title='Executes the query']</arg>
<doc>Click the element identified by ``locator``.</doc>
<status status="NOT RUN" starttime="20231009 10:34:19.702" endtime="20231009 10:34:19.702"/>
</kw>
<kw name="Sleep" library="BuiltIn">
<arg>5s</arg>
<doc>Pauses the test executed for the given time.</doc>
<status status="NOT RUN" starttime="20231009 10:34:19.702" endtime="20231009 10:34:19.702"/>
</kw>
<kw name="Click Element" library="SeleniumLibrary">
<arg>//*[@title="Overview"]</arg>
<doc>Click the element identified by ``locator``.</doc>
<status status="NOT RUN" starttime="20231009 10:34:19.702" endtime="20231009 10:34:19.702"/>
</kw>
<kw name="Sleep" library="BuiltIn">
<arg>20s</arg>
<doc>Pauses the test executed for the given time.</doc>
<status status="NOT RUN" starttime="20231009 10:34:19.702" endtime="20231009 10:34:19.702"/>
</kw>
<kw name="Get Window Handles" library="SeleniumLibrary">
<var>${handles}</var>
<doc>Returns all child window handles of the selected browser as a list.</doc>
<status status="NOT RUN" starttime="20231009 10:34:19.702" endtime="20231009 10:34:19.702"/>
</kw>
<kw name="Switch Window" library="SeleniumLibrary">
<arg>${handles}[1]</arg>
<doc>Switches to browser window matching ``locator``.</doc>
<status status="NOT RUN" starttime="20231009 10:34:19.702" endtime="20231009 10:34:19.702"/>
</kw>
<kw name="Click Element" library="SeleniumLibrary">
<arg>(//*[@title="Reverse"])[1]</arg>
<doc>Click the element identified by ``locator``.</doc>
<status status="NOT RUN" starttime="20231009 10:34:19.702" endtime="20231009 10:34:19.702"/>
</kw>
<kw name="Sleep" library="BuiltIn">
<arg>20s</arg>
<doc>Pauses the test executed for the given time.</doc>
<status status="NOT RUN" starttime="20231009 10:34:19.702" endtime="20231009 10:34:19.702"/>
</kw>
<kw name="Get Window Handles" library="SeleniumLibrary">
<var>${handles}</var>
<doc>Returns all child window handles of the selected browser as a list.</doc>
<status status="NOT RUN" starttime="20231009 10:34:19.703" endtime="20231009 10:34:19.703"/>
</kw>
<kw name="Switch Window" library="SeleniumLibrary">
<arg>${handles}[2]</arg>
<doc>Switches to browser window matching ``locator``.</doc>
<status status="NOT RUN" starttime="20231009 10:34:19.703" endtime="20231009 10:34:19.703"/>
</kw>
<kw name="Click Element" library="SeleniumLibrary">
<arg>//*[@title="Reverse"]</arg>
<doc>Click the element identified by ``locator``.</doc>
<status status="NOT RUN" starttime="20231009 10:34:19.703" endtime="20231009 10:34:19.703"/>
</kw>
<kw name="Sleep" library="BuiltIn">
<arg>20s</arg>
<doc>Pauses the test executed for the given time.</doc>
<status status="NOT RUN" starttime="20231009 10:34:19.703" endtime="20231009 10:34:19.703"/>
</kw>
<kw name="Close All Browsers" library="SeleniumLibrary">
<doc>Closes all open browsers and resets the browser cache.</doc>
<status status="NOT RUN" starttime="20231009 10:34:19.703" endtime="20231009 10:34:19.703"/>
</kw>
<kw name="FireFox Google Log In" library="resource">
<status status="NOT RUN" starttime="20231009 10:34:19.703" endtime="20231009 10:34:19.703"/>
</kw>
<kw name="Input Text" library="SeleniumLibrary">
<arg>//*[@id="username"]</arg>
<arg>KENNETH2</arg>
<doc>Types the given ``text`` into the text field identified by ``locator``.</doc>
<status status="NOT RUN" starttime="20231009 10:34:19.703" endtime="20231009 10:34:19.703"/>
</kw>
<kw name="Input Text" library="SeleniumLibrary">
<arg>//*[@id="password"]</arg>
<arg>123456</arg>
<doc>Types the given ``text`` into the text field identified by ``locator``.</doc>
<status status="NOT RUN" starttime="20231009 10:34:19.703" endtime="20231009 10:34:19.703"/>
</kw>
<kw name="Wait Until Page Contains Element" library="SeleniumLibrary">
<arg>//*[@class="pf-c-button pf-m-primary pf-m-block btn-lg"]</arg>
<doc>Waits until the element ``locator`` appears on the current page.</doc>
<status status="NOT RUN" starttime="20231009 10:34:19.703" endtime="20231009 10:34:19.703"/>
</kw>
<kw name="Click Element" library="SeleniumLibrary">
<arg>//*[@class="pf-c-button pf-m-primary pf-m-block btn-lg"]</arg>
<doc>Click the element identified by ``locator``.</doc>
<status status="NOT RUN" starttime="20231009 10:34:19.703" endtime="20231009 10:34:19.703"/>
</kw>
<kw name="Wait Until Page Contains Element" library="SeleniumLibrary">
<arg>//*[@class="tc-menu-trigger tc-header-icon icon-menu1 buttonClassSwitcher"]</arg>
<doc>Waits until the element ``locator`` appears on the current page.</doc>
<status status="NOT RUN" starttime="20231009 10:34:19.703" endtime="20231009 10:34:19.703"/>
</kw>
<kw name="Sleep" library="BuiltIn">
<arg>5s</arg>
<doc>Pauses the test executed for the given time.</doc>
<status status="NOT RUN" starttime="20231009 10:34:19.703" endtime="20231009 10:34:19.703"/>
</kw>
<kw name="Click Element" library="SeleniumLibrary">
<arg>//*[@class="tc-menu-trigger tc-header-icon icon-menu1 buttonClassSwitcher"]</arg>
<doc>Click the element identified by ``locator``.</doc>
<status status="NOT RUN" starttime="20231009 10:34:19.703" endtime="20231009 10:34:19.703"/>
</kw>
<kw name="Wait Until Page Contains Element" library="SeleniumLibrary">
<arg>//*[contains(text(),'User Menu')]</arg>
<doc>Waits until the element ``locator`` appears on the current page.</doc>
<status status="NOT RUN" starttime="20231009 10:34:19.703" endtime="20231009 10:34:19.703"/>
</kw>
<kw name="Click Element" library="SeleniumLibrary">
<arg>//*[contains(text(),'User Menu')]</arg>
<doc>Click the element identified by ``locator``.</doc>
<status status="NOT RUN" starttime="20231009 10:34:19.703" endtime="20231009 10:34:19.703"/>
</kw>
<kw name="Sleep" library="BuiltIn">
<arg>3s</arg>
<doc>Pauses the test executed for the given time.</doc>
<status status="NOT RUN" starttime="20231009 10:34:19.703" endtime="20231009 10:34:19.703"/>
</kw>
<kw name="Wait Until Page Contains Element" library="SeleniumLibrary">
<arg>//*[contains(text(),'Retail Operations')]</arg>
<doc>Waits until the element ``locator`` appears on the current page.</doc>
<status status="NOT RUN" starttime="20231009 10:34:19.703" endtime="20231009 10:34:19.703"/>
</kw>
<kw name="Sleep" library="BuiltIn">
<arg>3s</arg>
<doc>Pauses the test executed for the given time.</doc>
<status status="NOT RUN" starttime="20231009 10:34:19.703" endtime="20231009 10:34:19.703"/>
</kw>
<kw name="Click Element" library="SeleniumLibrary">
<arg>(//*[contains(text(),'Retail Operations')])[1]</arg>
<doc>Click the element identified by ``locator``.</doc>
<status status="NOT RUN" starttime="20231009 10:34:19.703" endtime="20231009 10:34:19.703"/>
</kw>
<kw name="Sleep" library="BuiltIn">
<arg>3s</arg>
<doc>Pauses the test executed for the given time.</doc>
<status status="NOT RUN" starttime="20231009 10:34:19.703" endtime="20231009 10:34:19.703"/>
</kw>
<kw name="Click Element" library="SeleniumLibrary">
<arg>//*[contains(text(),'Find Loan')]</arg>
<doc>Click the element identified by ``locator``.</doc>
<status status="NOT RUN" starttime="20231009 10:34:19.703" endtime="20231009 10:34:19.703"/>
</kw>
<kw name="Sleep" library="BuiltIn">
<arg>5s</arg>
<doc>Pauses the test executed for the given time.</doc>
<status status="NOT RUN" starttime="20231009 10:34:19.703" endtime="20231009 10:34:19.703"/>
</kw>
<kw name="Wait Until Page Contains Element" library="SeleniumLibrary">
<arg>//*[contains(text(),'Authorised')]</arg>
<doc>Waits until the element ``locator`` appears on the current page.</doc>
<status status="NOT RUN" starttime="20231009 10:34:19.703" endtime="20231009 10:34:19.703"/>
</kw>
<kw name="Click Element" library="SeleniumLibrary">
<arg>//*[contains(text(),'Authorised')]</arg>
<doc>Click the element identified by ``locator``.</doc>
<status status="NOT RUN" starttime="20231009 10:34:19.703" endtime="20231009 10:34:19.703"/>
</kw>
<kw name="Sleep" library="BuiltIn">
<arg>3s</arg>
<doc>Pauses the test executed for the given time.</doc>
<status status="NOT RUN" starttime="20231009 10:34:19.703" endtime="20231009 10:34:19.703"/>
</kw>
<kw name="Input Text" library="SeleniumLibrary">
<arg>//*[@name='C1__C1__C1__C1__C1__ENQAAFINDARRANGEMENTAL[1].SEARCHREQUEST[1].FILTERS[1].ARRANGEMENTID[1].OPERAND1']</arg>
<arg>${arrangementId}</arg>
<doc>Types the given ``text`` into the text field identified by ``locator``.</doc>
<status status="NOT RUN" starttime="20231009 10:34:19.704" endtime="20231009 10:34:19.704"/>
</kw>
<kw name="Sleep" library="BuiltIn">
<arg>1s</arg>
<doc>Pauses the test executed for the given time.</doc>
<status status="NOT RUN" starttime="20231009 10:34:19.704" endtime="20231009 10:34:19.704"/>
</kw>
<kw name="Click Element" library="SeleniumLibrary">
<arg>//*[@title='Executes the query']</arg>
<doc>Click the element identified by ``locator``.</doc>
<status status="NOT RUN" starttime="20231009 10:34:19.704" endtime="20231009 10:34:19.704"/>
</kw>
<kw name="Sleep" library="BuiltIn">
<arg>5s</arg>
<doc>Pauses the test executed for the given time.</doc>
<status status="NOT RUN" starttime="20231009 10:34:19.704" endtime="20231009 10:34:19.704"/>
</kw>
<kw name="Click Element" library="SeleniumLibrary">
<arg>//*[@title="Overview"]</arg>
<doc>Click the element identified by ``locator``.</doc>
<status status="NOT RUN" starttime="20231009 10:34:19.704" endtime="20231009 10:34:19.704"/>
</kw>
<kw name="Sleep" library="BuiltIn">
<arg>20s</arg>
<doc>Pauses the test executed for the given time.</doc>
<status status="NOT RUN" starttime="20231009 10:34:19.704" endtime="20231009 10:34:19.704"/>
</kw>
<kw name="Get Window Handles" library="SeleniumLibrary">
<var>${handles}</var>
<doc>Returns all child window handles of the selected browser as a list.</doc>
<status status="NOT RUN" starttime="20231009 10:34:19.704" endtime="20231009 10:34:19.704"/>
</kw>
<kw name="Switch Window" library="SeleniumLibrary">
<arg>${handles}[1]</arg>
<doc>Switches to browser window matching ``locator``.</doc>
<status status="NOT RUN" starttime="20231009 10:34:19.704" endtime="20231009 10:34:19.704"/>
</kw>
<kw name="Get Text" library="SeleniumLibrary">
<var>${accountID}</var>
<arg>(//*[@class="tc-default-input tc-rounded-1 tooltipUxp"])[2]</arg>
<doc>Returns the text value of the element identified by ``locator``.</doc>
<status status="NOT RUN" starttime="20231009 10:34:19.704" endtime="20231009 10:34:19.704"/>
</kw>
<kw name="Select From List By Value" library="SeleniumLibrary">
<arg>//*[@script-id="AADETAILSACTIVITYLOGPENDINGFIN_DRILLDOWN_R1"]</arg>
<arg>1</arg>
<doc>Selects options from selection list ``locator`` by ``values``.</doc>
<status status="NOT RUN" starttime="20231009 10:34:19.704" endtime="20231009 10:34:19.704"/>
</kw>
<kw name="Sleep" library="BuiltIn">
<arg>2s</arg>
<doc>Pauses the test executed for the given time.</doc>
<status status="NOT RUN" starttime="20231009 10:34:19.704" endtime="20231009 10:34:19.704"/>
</kw>
<kw name="Click Element" library="SeleniumLibrary">
<arg>//*[@title="Launch"]</arg>
<doc>Click the element identified by ``locator``.</doc>
<status status="NOT RUN" starttime="20231009 10:34:19.704" endtime="20231009 10:34:19.704"/>
</kw>
<kw name="Sleep" library="BuiltIn">
<arg>20s</arg>
<doc>Pauses the test executed for the given time.</doc>
<status status="NOT RUN" starttime="20231009 10:34:19.704" endtime="20231009 10:34:19.704"/>
</kw>
<kw name="Get Window Handles" library="SeleniumLibrary">
<var>${handles}</var>
<doc>Returns all child window handles of the selected browser as a list.</doc>
<status status="NOT RUN" starttime="20231009 10:34:19.704" endtime="20231009 10:34:19.704"/>
</kw>
<kw name="Switch Window" library="SeleniumLibrary">
<arg>${handles}[2]</arg>
<doc>Switches to browser window matching ``locator``.</doc>
<status status="NOT RUN" starttime="20231009 10:34:19.704" endtime="20231009 10:34:19.704"/>
</kw>
<kw name="Click Element" library="SeleniumLibrary">
<arg>//*[@title="Authorise"]</arg>
<doc>Click the element identified by ``locator``.</doc>
<status status="NOT RUN" starttime="20231009 10:34:19.704" endtime="20231009 10:34:19.704"/>
</kw>
<kw name="Sleep" library="BuiltIn">
<arg>20s</arg>
<doc>Pauses the test executed for the given time.</doc>
<status status="NOT RUN" starttime="20231009 10:34:19.704" endtime="20231009 10:34:19.704"/>
</kw>
<kw name="Close All Browsers" library="SeleniumLibrary">
<doc>Closes all open browsers and resets the browser cache.</doc>
<status status="NOT RUN" starttime="20231009 10:34:19.704" endtime="20231009 10:34:19.704"/>
</kw>
<doc>Creation of a monthly loan</doc>
<status status="FAIL" starttime="20231009 10:33:23.283" endtime="20231009 10:34:19.704">Element with locator '//*[@id="username"]' not found.</status>
</test>
<doc>Template robot suite</doc>
<status status="FAIL" starttime="20231009 10:33:23.207" endtime="20231009 10:34:19.705"/>
</suite>
<status status="FAIL" starttime="20231009 10:33:23.207" endtime="20231009 10:34:19.705"/>
</suite>
<status status="FAIL" starttime="20231009 10:33:23.200" endtime="20231009 10:34:19.705"/>
</suite>
<statistics>
<total>
<stat pass="0" fail="1" skip="0">All Tests</stat>
</total>
<tag>
</tag>
<suite>
<stat pass="0" fail="1" skip="0" id="s1" name="Temenosrobot">Temenosrobot</stat>
<stat pass="0" fail="1" skip="0" id="s1-s1" name="0003 Void Loam">Temenosrobot.0003 Void Loam</stat>
<stat pass="0" fail="1" skip="0" id="s1-s1-s1" name="003 Void Loan Void Disbursed Scenario">Temenosrobot.0003 Void Loam.003 Void Loan Void Disbursed Scenario</stat>
</suite>
</statistics>
<errors>
</errors>
</robot>
