<?xml version="1.0" encoding="UTF-8"?>
<robot generator="Robot 6.1.1 (Python 3.11.3 on darwin)" generated="20230926 13:18:48.632" rpa="false" schemaversion="4">
<suite id="s1" name="Temenosrobot" source="/Users/kennethc@capc.com.sg/temenosrobot">
<suite id="s1-s1" name="0006 Fund Transfer" source="/Users/kennethc@capc.com.sg/temenosrobot/0006_Fund_Transfer">
<suite id="s1-s1-s1" name="002 GL To Repayment" source="/Users/kennethc@capc.com.sg/temenosrobot/0006_Fund_Transfer/002_GL_To_Repayment.robot">
<test id="s1-s1-s1-t1" name="GL_To_Repayment" line="14">
<kw name="Google Log In" library="resource">
<kw name="Open Browser" library="SeleniumLibrary">
<arg>${Borrower}</arg>
<arg>Chrome</arg>
<doc>Opens a new browser instance to the optional ``url``.</doc>
<msg timestamp="20230926 13:18:48.717" level="INFO">Opening browser 'Chrome' to base url 'https://temenosdev.capcfintech.com/Browser/'.</msg>
<status status="PASS" starttime="20230926 13:18:48.717" endtime="20230926 13:18:51.447"/>
</kw>
<kw name="Maximize Browser Window" library="SeleniumLibrary">
<doc>Maximizes current browser window.</doc>
<status status="PASS" starttime="20230926 13:18:51.448" endtime="20230926 13:18:51.868"/>
</kw>
<kw name="Sleep" library="BuiltIn">
<arg>2s</arg>
<doc>Pauses the test executed for the given time.</doc>
<msg timestamp="20230926 13:18:53.870" level="INFO">Slept 2 seconds</msg>
<status status="PASS" starttime="20230926 13:18:51.868" endtime="20230926 13:18:53.870"/>
</kw>
<kw name="Click Element" library="SeleniumLibrary">
<arg>//*[@id='idp1']/div[1]</arg>
<doc>Click the element identified by ``locator``.</doc>
<msg timestamp="20230926 13:18:53.873" level="INFO">Clicking element '//*[@id='idp1']/div[1]'.</msg>
<status status="PASS" starttime="20230926 13:18:53.871" endtime="20230926 13:18:54.955"/>
</kw>
<kw name="Wait Until Page Contains Element" library="SeleniumLibrary">
<arg>//*[@id="identifierId"]</arg>
<doc>Waits until the element ``locator`` appears on the current page.</doc>
<status status="PASS" starttime="20230926 13:18:54.955" endtime="20230926 13:18:54.966"/>
</kw>
<kw name="Sleep" library="BuiltIn">
<arg>2s</arg>
<doc>Pauses the test executed for the given time.</doc>
<msg timestamp="20230926 13:18:56.967" level="INFO">Slept 2 seconds</msg>
<status status="PASS" starttime="20230926 13:18:54.966" endtime="20230926 13:18:56.968"/>
</kw>
<kw name="Input Text" library="SeleniumLibrary">
<arg>//*[@id ="identifierId"]</arg>
<arg>kennethc@capc.com.sg</arg>
<doc>Types the given ``text`` into the text field identified by ``locator``.</doc>
<msg timestamp="20230926 13:18:56.970" level="INFO">Typing text 'kennethc@capc.com.sg' into text field '//*[@id ="identifierId"]'.</msg>
<status status="PASS" starttime="20230926 13:18:56.968" endtime="20230926 13:18:57.125"/>
</kw>
<kw name="Click Element" library="SeleniumLibrary">
<arg>//*[@id="identifierNext"]/div/button/span</arg>
<doc>Click the element identified by ``locator``.</doc>
<msg timestamp="20230926 13:18:57.125" level="INFO">Clicking element '//*[@id="identifierNext"]/div/button/span'.</msg>
<status status="PASS" starttime="20230926 13:18:57.125" endtime="20230926 13:18:57.201"/>
</kw>
<kw name="Sleep" library="BuiltIn">
<arg>2s</arg>
<doc>Pauses the test executed for the given time.</doc>
<msg timestamp="20230926 13:18:59.201" level="INFO">Slept 2 seconds</msg>
<status status="PASS" starttime="20230926 13:18:57.201" endtime="20230926 13:18:59.202"/>
</kw>
<kw name="Capture Page Screenshot" library="SeleniumLibrary">
<arg>OpsAddPartner004.png</arg>
<doc>Takes a screenshot of the current page and embeds it into a log file.</doc>
<msg timestamp="20230926 13:18:59.410" level="INFO" html="true">&lt;/td&gt;&lt;/tr&gt;&lt;tr&gt;&lt;td colspan="3"&gt;&lt;a href="OpsAddPartner004.png"&gt;&lt;img src="OpsAddPartner004.png" width="800px"&gt;&lt;/a&gt;</msg>
<status status="PASS" starttime="20230926 13:18:59.202" endtime="20230926 13:18:59.410"/>
</kw>
<kw name="Wait Until Page Contains Element" library="SeleniumLibrary">
<arg>//*[@id="password"]/div[1]/div/div[1]/input</arg>
<doc>Waits until the element ``locator`` appears on the current page.</doc>
<status status="PASS" starttime="20230926 13:18:59.410" endtime="20230926 13:18:59.415"/>
</kw>
<kw name="Sleep" library="BuiltIn">
<arg>2s</arg>
<doc>Pauses the test executed for the given time.</doc>
<msg timestamp="20230926 13:19:01.416" level="INFO">Slept 2 seconds</msg>
<status status="PASS" starttime="20230926 13:18:59.415" endtime="20230926 13:19:01.417"/>
</kw>
<kw name="Input Text" library="SeleniumLibrary">
<arg>//*[@id="password"]/div[1]/div/div[1]/input</arg>
<arg>Y2kuniontpjcred!</arg>
<doc>Types the given ``text`` into the text field identified by ``locator``.</doc>
<msg timestamp="20230926 13:19:01.418" level="INFO">Typing text 'Y2kuniontpjcred!' into text field '//*[@id="password"]/div[1]/div/div[1]/input'.</msg>
<status status="PASS" starttime="20230926 13:19:01.417" endtime="20230926 13:19:01.484"/>
</kw>
<kw name="Click Element" library="SeleniumLibrary">
<arg>//*[@id="passwordNext"]/div/button/span</arg>
<doc>Click the element identified by ``locator``.</doc>
<msg timestamp="20230926 13:19:01.484" level="INFO">Clicking element '//*[@id="passwordNext"]/div/button/span'.</msg>
<status status="PASS" starttime="20230926 13:19:01.484" endtime="20230926 13:19:01.519"/>
</kw>
<kw name="Capture Page Screenshot" library="SeleniumLibrary">
<arg>CapOpButtonLogin1.png</arg>
<doc>Takes a screenshot of the current page and embeds it into a log file.</doc>
<msg timestamp="20230926 13:19:01.692" level="INFO" html="true">&lt;/td&gt;&lt;/tr&gt;&lt;tr&gt;&lt;td colspan="3"&gt;&lt;a href="CapOpButtonLogin1.png"&gt;&lt;img src="CapOpButtonLogin1.png" width="800px"&gt;&lt;/a&gt;</msg>
<status status="PASS" starttime="20230926 13:19:01.519" endtime="20230926 13:19:01.692"/>
</kw>
<kw name="Sleep" library="BuiltIn">
<arg>10s</arg>
<doc>Pauses the test executed for the given time.</doc>
<msg timestamp="20230926 13:19:11.695" level="INFO">Slept 10 seconds</msg>
<status status="PASS" starttime="20230926 13:19:01.692" endtime="20230926 13:19:11.696"/>
</kw>
<kw name="Get Element Count" library="SeleniumLibrary">
<var>${element_count}</var>
<arg>//*[text()='Try another way']</arg>
<doc>Returns the number of elements matching ``locator``.</doc>
<msg timestamp="20230926 13:19:11.713" level="INFO">${element_count} = 1</msg>
<status status="PASS" starttime="20230926 13:19:11.696" endtime="20230926 13:19:11.713"/>
</kw>
<kw name="Get Element Count" library="SeleniumLibrary">
<var>${element_count2}</var>
<arg>//*[contains(text(),'Get a verification code from the')]</arg>
<doc>Returns the number of elements matching ``locator``.</doc>
<msg timestamp="20230926 13:19:11.723" level="INFO">${element_count2} = 1</msg>
<status status="PASS" starttime="20230926 13:19:11.713" endtime="20230926 13:19:11.723"/>
</kw>
<kw name="Log To Console" library="BuiltIn">
<arg>countings</arg>
<doc>Logs the given message to the console.</doc>
<status status="PASS" starttime="20230926 13:19:11.724" endtime="20230926 13:19:11.724"/>
</kw>
<kw name="Log To Console" library="BuiltIn">
<arg>${element_count}</arg>
<doc>Logs the given message to the console.</doc>
<status status="PASS" starttime="20230926 13:19:11.724" endtime="20230926 13:19:11.724"/>
</kw>
<kw name="Log To Console" library="BuiltIn">
<arg>${element_count2}</arg>
<doc>Logs the given message to the console.</doc>
<status status="PASS" starttime="20230926 13:19:11.724" endtime="20230926 13:19:11.724"/>
</kw>
<if>
<branch type="IF" condition="${element_count2} &gt; 0">
<kw name="No Alternative" library="resource">
<kw name="Click Element" library="SeleniumLibrary">
<arg>//*[contains(text(),'Get a verification code from the')]</arg>
<doc>Click the element identified by ``locator``.</doc>
<msg timestamp="20230926 13:19:11.725" level="INFO">Clicking element '//*[contains(text(),'Get a verification code from the')]'.</msg>
<status status="PASS" starttime="20230926 13:19:11.725" endtime="20230926 13:19:11.753"/>
</kw>
<status status="PASS" starttime="20230926 13:19:11.725" endtime="20230926 13:19:11.753"/>
</kw>
<status status="PASS" starttime="20230926 13:19:11.724" endtime="20230926 13:19:11.753"/>
</branch>
<branch type="ELSE">
<kw name="Alternative" library="resource">
<status status="NOT RUN" starttime="20230926 13:19:11.753" endtime="20230926 13:19:11.753"/>
</kw>
<status status="NOT RUN" starttime="20230926 13:19:11.753" endtime="20230926 13:19:11.753"/>
</branch>
<status status="PASS" starttime="20230926 13:19:11.724" endtime="20230926 13:19:11.754"/>
</if>
<kw name="Sleep" library="BuiltIn">
<arg>3s</arg>
<doc>Pauses the test executed for the given time.</doc>
<msg timestamp="20230926 13:19:14.755" level="INFO">Slept 3 seconds</msg>
<status status="PASS" starttime="20230926 13:19:11.754" endtime="20230926 13:19:14.755"/>
</kw>
<kw name="Get Authenticator Code" library="resource">
<var>${code}</var>
<arg>kenneth</arg>
<doc>Authenticator needs to be set up for Google account</doc>
<kw name="Log To Console" library="BuiltIn">
<arg>${passphrase}</arg>
<doc>Logs the given message to the console.</doc>
<status status="PASS" starttime="20230926 13:19:14.756" endtime="20230926 13:19:14.756"/>
</kw>
<kw name="Run Process" library="Process">
<var>${result}</var>
<arg>echo ${passphrase} | authenticator --data /Users/kennethc@capc.com.sg/temenosrobot/ generate --refresh once</arg>
<arg>shell=TRUE</arg>
<doc>Runs a process and waits for it to complete.</doc>
<msg timestamp="20230926 13:19:14.757" level="INFO">Starting process:
echo kenneth | authenticator --data /Users/kennethc@capc.com.sg/temenosrobot/ generate --refresh once</msg>
<msg timestamp="20230926 13:19:14.760" level="INFO">Waiting for process to complete.</msg>
<msg timestamp="20230926 13:19:14.961" level="INFO">Process completed.</msg>
<msg timestamp="20230926 13:19:14.961" level="INFO">${result} = &lt;result object with rc 0&gt;</msg>
<status status="PASS" starttime="20230926 13:19:14.756" endtime="20230926 13:19:14.961"/>
</kw>
<kw name="Log To Console" library="BuiltIn">
<arg>test44</arg>
<doc>Logs the given message to the console.</doc>
<status status="PASS" starttime="20230926 13:19:14.961" endtime="20230926 13:19:14.961"/>
</kw>
<kw name="Log To Console" library="BuiltIn">
<arg>${result}</arg>
<doc>Logs the given message to the console.</doc>
<status status="PASS" starttime="20230926 13:19:14.961" endtime="20230926 13:19:14.962"/>
</kw>
<kw name="Get Regexp Matches" library="String">
<var>${match}</var>
<arg>${result.stdout}</arg>
<arg>kennethc@capc.com.sg: ([\\d]{6})</arg>
<arg>1</arg>
<doc>Returns a list of all non-overlapping matches in the given string.</doc>
<msg timestamp="20230926 13:19:14.962" level="INFO">${match} = ['415536']</msg>
<status status="PASS" starttime="20230926 13:19:14.962" endtime="20230926 13:19:14.962"/>
</kw>
<kw name="Log To Console" library="BuiltIn">
<arg>${match}[0]</arg>
<doc>Logs the given message to the console.</doc>
<status status="PASS" starttime="20230926 13:19:14.962" endtime="20230926 13:19:14.962"/>
</kw>
<msg timestamp="20230926 13:19:14.962" level="INFO">${code} = 415536</msg>
<status status="PASS" starttime="20230926 13:19:14.756" endtime="20230926 13:19:14.962"/>
</kw>
<kw name="Input Text" library="SeleniumLibrary">
<arg>//input[@type="tel"]</arg>
<arg>${code}</arg>
<doc>Types the given ``text`` into the text field identified by ``locator``.</doc>
<msg timestamp="20230926 13:19:14.963" level="INFO">Typing text '415536' into text field '//input[@type="tel"]'.</msg>
<status status="PASS" starttime="20230926 13:19:14.962" endtime="20230926 13:19:14.994"/>
</kw>
<kw name="Sleep" library="BuiltIn">
<arg>2s</arg>
<doc>Pauses the test executed for the given time.</doc>
<msg timestamp="20230926 13:19:16.995" level="INFO">Slept 2 seconds</msg>
<status status="PASS" starttime="20230926 13:19:14.994" endtime="20230926 13:19:16.996"/>
</kw>
<kw name="Click Element" library="SeleniumLibrary">
<arg>//*[@id="totpNext"]/div/button/span</arg>
<doc>Click the element identified by ``locator``.</doc>
<msg timestamp="20230926 13:19:16.998" level="INFO">Clicking element '//*[@id="totpNext"]/div/button/span'.</msg>
<status status="PASS" starttime="20230926 13:19:16.996" endtime="20230926 13:19:17.046"/>
</kw>
<kw name="Sleep" library="BuiltIn">
<arg>20s</arg>
<doc>Pauses the test executed for the given time.</doc>
<msg timestamp="20230926 13:19:37.048" level="INFO">Slept 20 seconds</msg>
<status status="PASS" starttime="20230926 13:19:17.046" endtime="20230926 13:19:37.048"/>
</kw>
<status status="PASS" starttime="20230926 13:18:48.717" endtime="20230926 13:19:37.049"/>
</kw>
<kw name="Input Text" library="SeleniumLibrary">
<arg>//*[@id='userId']</arg>
<arg>CapCLMC01</arg>
<doc>Types the given ``text`` into the text field identified by ``locator``.</doc>
<msg timestamp="20230926 13:19:37.051" level="INFO">Typing text 'CapCLMC01' into text field '//*[@id='userId']'.</msg>
<status status="PASS" starttime="20230926 13:19:37.050" endtime="20230926 13:19:37.102"/>
</kw>
<kw name="Click Element" library="SeleniumLibrary">
<arg>//*[@id='Logon']/p[3]/input</arg>
<doc>Click the element identified by ``locator``.</doc>
<msg timestamp="20230926 13:19:37.102" level="INFO">Clicking element '//*[@id='Logon']/p[3]/input'.</msg>
<status status="PASS" starttime="20230926 13:19:37.102" endtime="20230926 13:19:37.460"/>
</kw>
<kw name="Wait Until Page Contains Element" library="SeleniumLibrary">
<arg>//*[@class="tc-menu-trigger tc-header-icon icon-menu1 buttonClassSwitcher"]</arg>
<doc>Waits until the element ``locator`` appears on the current page.</doc>
<status status="PASS" starttime="20230926 13:19:37.460" endtime="20230926 13:19:41.181"/>
</kw>
<kw name="Sleep" library="BuiltIn">
<arg>5s</arg>
<doc>Pauses the test executed for the given time.</doc>
<msg timestamp="20230926 13:19:46.182" level="INFO">Slept 5 seconds</msg>
<status status="PASS" starttime="20230926 13:19:41.181" endtime="20230926 13:19:46.183"/>
</kw>
<kw name="Input Text" library="SeleniumLibrary">
<arg>//*[@name="WORKINGELEMENTS[1].NAVIGATION[1].COMMANDLINE"]</arg>
<arg>FT</arg>
<doc>Types the given ``text`` into the text field identified by ``locator``.</doc>
<msg timestamp="20230926 13:19:46.184" level="INFO">Typing text 'FT' into text field '//*[@name="WORKINGELEMENTS[1].NAVIGATION[1].COMMANDLINE"]'.</msg>
<status status="PASS" starttime="20230926 13:19:46.183" endtime="20230926 13:19:46.248"/>
</kw>
<kw name="Press Keys" library="SeleniumLibrary">
<arg>None</arg>
<arg>ENTER</arg>
<doc>Simulates the user pressing key(s) to an element or on the active browser.</doc>
<msg timestamp="20230926 13:19:46.249" level="INFO">Sending key(s) ('ENTER',) to page.</msg>
<msg timestamp="20230926 13:19:46.249" level="INFO">Pressing special key ENTER to browser.</msg>
<msg timestamp="20230926 13:19:46.249" level="INFO">Releasing special key ENTER.</msg>
<status status="PASS" starttime="20230926 13:19:46.248" endtime="20230926 13:19:46.667"/>
</kw>
<kw name="Wait Until Keyword Succeeds" library="BuiltIn">
<arg>30s</arg>
<arg>5s</arg>
<arg>Wait Until Page Contains Element</arg>
<arg>//*[@id="C1__BUT_59666E37CA98156F22153"]/span</arg>
<doc>Runs the specified keyword and retries if it fails.</doc>
<kw name="Wait Until Page Contains Element" library="SeleniumLibrary">
<arg>//*[@id="C1__BUT_59666E37CA98156F22153"]/span</arg>
<doc>Waits until the element ``locator`` appears on the current page.</doc>
<status status="PASS" starttime="20230926 13:19:46.668" endtime="20230926 13:19:46.675"/>
</kw>
<status status="PASS" starttime="20230926 13:19:46.667" endtime="20230926 13:19:46.675"/>
</kw>
<kw name="Sleep" library="BuiltIn">
<arg>1s</arg>
<doc>Pauses the test executed for the given time.</doc>
<msg timestamp="20230926 13:19:47.677" level="INFO">Slept 1 second</msg>
<status status="PASS" starttime="20230926 13:19:46.675" endtime="20230926 13:19:47.677"/>
</kw>
<kw name="Click Element" library="SeleniumLibrary">
<arg>//*[@class="tc-card-header-icon buttonClassSwitcher icon-new"]</arg>
<doc>Click the element identified by ``locator``.</doc>
<msg timestamp="20230926 13:19:47.679" level="INFO">Clicking element '//*[@class="tc-card-header-icon buttonClassSwitcher icon-new"]'.</msg>
<status status="PASS" starttime="20230926 13:19:47.678" endtime="20230926 13:19:47.725"/>
</kw>
<kw name="Wait Until Keyword Succeeds" library="BuiltIn">
<arg>30s</arg>
<arg>5s</arg>
<arg>Wait Until Page Contains Element</arg>
<arg>//*[@class="tc-form-control tc-fs-p1 tc-card-title tc-bordered-readonly noSwipe primaryKeyEnrich tc-default-input tc-rounded-1"]</arg>
<doc>Runs the specified keyword and retries if it fails.</doc>
<kw name="Wait Until Page Contains Element" library="SeleniumLibrary">
<arg>//*[@class="tc-form-control tc-fs-p1 tc-card-title tc-bordered-readonly noSwipe primaryKeyEnrich tc-default-input tc-rounded-1"]</arg>
<doc>Waits until the element ``locator`` appears on the current page.</doc>
<status status="PASS" starttime="20230926 13:19:47.725" endtime="20230926 13:19:49.344"/>
</kw>
<status status="PASS" starttime="20230926 13:19:47.725" endtime="20230926 13:19:49.344"/>
</kw>
<kw name="Get Text" library="SeleniumLibrary">
<var>${FT}</var>
<arg>//*[@class="tc-form-control tc-fs-p1 tc-card-title tc-bordered-readonly noSwipe primaryKeyEnrich tc-default-input tc-rounded-1"]</arg>
<doc>Returns the text value of the element identified by ``locator``.</doc>
<msg timestamp="20230926 13:19:49.355" level="INFO">${FT} = FT2325588K5C</msg>
<status status="PASS" starttime="20230926 13:19:49.344" endtime="20230926 13:19:49.355"/>
</kw>
<kw name="Log To Console" library="BuiltIn">
<arg>FT Number</arg>
<doc>Logs the given message to the console.</doc>
<status status="PASS" starttime="20230926 13:19:49.355" endtime="20230926 13:19:49.355"/>
</kw>
<kw name="Log To Console" library="BuiltIn">
<arg>${FT}</arg>
<doc>Logs the given message to the console.</doc>
<status status="PASS" starttime="20230926 13:19:49.356" endtime="20230926 13:19:49.356"/>
</kw>
<kw name="Catenate" library="BuiltIn">
<var>${FTA}</var>
<arg>FT A</arg>
<arg>${FT}</arg>
<doc>Catenates the given items together and returns the resulted string.</doc>
<msg timestamp="20230926 13:19:49.356" level="INFO">${FTA} = FT A FT2325588K5C</msg>
<status status="PASS" starttime="20230926 13:19:49.356" endtime="20230926 13:19:49.356"/>
</kw>
<kw name="Log To Console" library="BuiltIn">
<arg>${FTA}</arg>
<doc>Logs the given message to the console.</doc>
<status status="PASS" starttime="20230926 13:19:49.356" endtime="20230926 13:19:49.356"/>
</kw>
<kw name="Sleep" library="BuiltIn">
<arg>5s</arg>
<doc>Pauses the test executed for the given time.</doc>
<msg timestamp="20230926 13:19:54.357" level="INFO">Slept 5 seconds</msg>
<status status="PASS" starttime="20230926 13:19:49.356" endtime="20230926 13:19:54.357"/>
</kw>
<kw name="Input Text" library="SeleniumLibrary">
<arg>//*[@name="C1__C2__C1__C1__C1__VERFUNDSTRANSFER[1].TRANSACTIONTYPE"]</arg>
<arg>AC</arg>
<doc>Types the given ``text`` into the text field identified by ``locator``.</doc>
<msg timestamp="20230926 13:19:54.359" level="INFO">Typing text 'AC' into text field '//*[@name="C1__C2__C1__C1__C1__VERFUNDSTRANSFER[1].TRANSACTIONTYPE"]'.</msg>
<status status="PASS" starttime="20230926 13:19:54.357" endtime="20230926 13:19:54.435"/>
</kw>
<kw name="Input Text" library="SeleniumLibrary">
<arg>//*[@name="C1__C2__C1__C1__C1__VERFUNDSTRANSFER[1].DEBITACCTNO"]</arg>
<arg>SGD100110001</arg>
<doc>Types the given ``text`` into the text field identified by ``locator``.</doc>
<msg timestamp="20230926 13:19:54.435" level="INFO">Typing text 'SGD100110001' into text field '//*[@name="C1__C2__C1__C1__C1__VERFUNDSTRANSFER[1].DEBITACCTNO"]'.</msg>
<status status="PASS" starttime="20230926 13:19:54.435" endtime="20230926 13:19:54.595"/>
</kw>
<kw name="Input Text" library="SeleniumLibrary">
<arg>//*[@name="C1__C2__C1__C1__C1__VERFUNDSTRANSFER[1].DEBITCURRENCY"]</arg>
<arg>SGD</arg>
<doc>Types the given ``text`` into the text field identified by ``locator``.</doc>
<msg timestamp="20230926 13:19:54.596" level="INFO">Typing text 'SGD' into text field '//*[@name="C1__C2__C1__C1__C1__VERFUNDSTRANSFER[1].DEBITCURRENCY"]'.</msg>
<status status="PASS" starttime="20230926 13:19:54.596" endtime="20230926 13:19:54.745"/>
</kw>
<kw name="Input Text" library="SeleniumLibrary">
<arg>//*[@name="C1__C2__C1__C1__C1__VERFUNDSTRANSFER[1].DEBITAMOUNT"]</arg>
<arg>0.05</arg>
<doc>Types the given ``text`` into the text field identified by ``locator``.</doc>
<msg timestamp="20230926 13:19:54.746" level="INFO">Typing text '0.05' into text field '//*[@name="C1__C2__C1__C1__C1__VERFUNDSTRANSFER[1].DEBITAMOUNT"]'.</msg>
<status status="PASS" starttime="20230926 13:19:54.745" endtime="20230926 13:19:55.160"/>
</kw>
<kw name="Input Text" library="SeleniumLibrary">
<arg>//*[@name="C1__C2__C1__C1__C1__VERFUNDSTRANSFER[1].DEBITTHEIRREF"]</arg>
<arg>1000010557T</arg>
<doc>Types the given ``text`` into the text field identified by ``locator``.</doc>
<msg timestamp="20230926 13:19:55.161" level="INFO">Typing text '1000010557T' into text field '//*[@name="C1__C2__C1__C1__C1__VERFUNDSTRANSFER[1].DEBITTHEIRREF"]'.</msg>
<status status="PASS" starttime="20230926 13:19:55.160" endtime="20230926 13:19:55.216"/>
</kw>
<kw name="Input Text" library="SeleniumLibrary">
<arg>//*[@name="C1__C2__C1__C1__C1__VERFUNDSTRANSFER[1].CREDITTHEIRREF"]</arg>
<arg>1000010557T</arg>
<doc>Types the given ``text`` into the text field identified by ``locator``.</doc>
<msg timestamp="20230926 13:19:55.216" level="INFO">Typing text '1000010557T' into text field '//*[@name="C1__C2__C1__C1__C1__VERFUNDSTRANSFER[1].CREDITTHEIRREF"]'.</msg>
<status status="PASS" starttime="20230926 13:19:55.216" endtime="20230926 13:19:55.276"/>
</kw>
<kw name="Input Text" library="SeleniumLibrary">
<arg>//*[@name="C1__C2__C1__C1__C1__VERFUNDSTRANSFER[1].CREDITACCTNO"]</arg>
<arg>1000009055</arg>
<doc>Types the given ``text`` into the text field identified by ``locator``.</doc>
<msg timestamp="20230926 13:19:55.277" level="INFO">Typing text '1000009055' into text field '//*[@name="C1__C2__C1__C1__C1__VERFUNDSTRANSFER[1].CREDITACCTNO"]'.</msg>
<status status="PASS" starttime="20230926 13:19:55.276" endtime="20230926 13:19:55.328"/>
</kw>
<kw name="Input Text" library="SeleniumLibrary">
<arg>//*[@name="C1__C2__C1__C1__C1__VERFUNDSTRANSFER[1].CREDITCURRENCY"]</arg>
<arg>SGD</arg>
<doc>Types the given ``text`` into the text field identified by ``locator``.</doc>
<msg timestamp="20230926 13:19:55.328" level="INFO">Typing text 'SGD' into text field '//*[@name="C1__C2__C1__C1__C1__VERFUNDSTRANSFER[1].CREDITCURRENCY"]'.</msg>
<status status="PASS" starttime="20230926 13:19:55.328" endtime="20230926 13:19:55.511"/>
</kw>
<kw name="Input Text" library="SeleniumLibrary">
<arg>//*[@name="C1__C2__C1__C1__C1__VERFUNDSTRANSFER[1].VERFUNDSTRANSFER_ORDERINGBANKMVGROUP[1].ELEMENT[1].ORDERINGBANK"]</arg>
<arg>Capital C</arg>
<doc>Types the given ``text`` into the text field identified by ``locator``.</doc>
<msg timestamp="20230926 13:19:55.511" level="INFO">Typing text 'Capital C' into text field '//*[@name="C1__C2__C1__C1__C1__VERFUNDSTRANSFER[1].VERFUNDSTRANSFER_ORDERINGBANKMVGROUP[1].ELEMENT[1].ORDERINGBANK"]'.</msg>
<status status="PASS" starttime="20230926 13:19:55.511" endtime="20230926 13:19:55.902"/>
</kw>
<kw name="Sleep" library="BuiltIn">
<arg>0.5s</arg>
<doc>Pauses the test executed for the given time.</doc>
<msg timestamp="20230926 13:19:56.403" level="INFO">Slept 500 milliseconds</msg>
<status status="PASS" starttime="20230926 13:19:55.903" endtime="20230926 13:19:56.403"/>
</kw>
<kw name="Click Element" library="SeleniumLibrary">
<arg>//*[@id="C1__p4_validate_version_button"]</arg>
<doc>Click the element identified by ``locator``.</doc>
<msg timestamp="20230926 13:19:56.403" level="INFO">Clicking element '//*[@id="C1__p4_validate_version_button"]'.</msg>
<status status="PASS" starttime="20230926 13:19:56.403" endtime="20230926 13:19:57.072"/>
</kw>
<kw name="Wait Until Keyword Succeeds" library="BuiltIn">
<arg>30s</arg>
<arg>5s</arg>
<arg>Wait Until Page Contains Element</arg>
<arg>//*[@class="fixedPopUpInfodiv fixedPopUpInfodivPosition errorShadow tc-popup show-popup tc-popup-sticky acceptOverridesDialog ui-draggable"]</arg>
<doc>Runs the specified keyword and retries if it fails.</doc>
<kw name="Wait Until Page Contains Element" library="SeleniumLibrary">
<arg>//*[@class="fixedPopUpInfodiv fixedPopUpInfodivPosition errorShadow tc-popup show-popup tc-popup-sticky acceptOverridesDialog ui-draggable"]</arg>
<doc>Waits until the element ``locator`` appears on the current page.</doc>
<status status="PASS" starttime="20230926 13:19:57.072" endtime="20230926 13:19:59.748"/>
</kw>
<status status="PASS" starttime="20230926 13:19:57.072" endtime="20230926 13:19:59.748"/>
</kw>
<kw name="Click Element" library="SeleniumLibrary">
<arg>//*[@id="C1__p4_commit_version_button"]</arg>
<doc>Click the element identified by ``locator``.</doc>
<msg timestamp="20230926 13:19:59.748" level="INFO">Clicking element '//*[@id="C1__p4_commit_version_button"]'.</msg>
<status status="PASS" starttime="20230926 13:19:59.748" endtime="20230926 13:19:59.826"/>
</kw>
<kw name="Wait Until Keyword Succeeds" library="BuiltIn">
<arg>30s</arg>
<arg>5s</arg>
<arg>Wait Until Page Contains</arg>
<arg>Txn Complete:</arg>
<doc>Runs the specified keyword and retries if it fails.</doc>
<kw name="Wait Until Page Contains" library="SeleniumLibrary">
<arg>Txn Complete:</arg>
<doc>Waits until ``text`` appears on the current page.</doc>
<status status="PASS" starttime="20230926 13:19:59.827" endtime="20230926 13:20:01.481"/>
</kw>
<status status="PASS" starttime="20230926 13:19:59.827" endtime="20230926 13:20:01.481"/>
</kw>
<kw name="Close All Browsers" library="SeleniumLibrary">
<doc>Closes all open browsers and resets the browser cache.</doc>
<status status="PASS" starttime="20230926 13:20:01.481" endtime="20230926 13:20:01.608"/>
</kw>
<kw name="Google Log In" library="resource">
<kw name="Open Browser" library="SeleniumLibrary">
<arg>${Borrower}</arg>
<arg>Chrome</arg>
<doc>Opens a new browser instance to the optional ``url``.</doc>
<msg timestamp="20230926 13:20:01.608" level="INFO">Opening browser 'Chrome' to base url 'https://temenosdev.capcfintech.com/Browser/'.</msg>
<status status="PASS" starttime="20230926 13:20:01.608" endtime="20230926 13:20:03.942"/>
</kw>
<kw name="Maximize Browser Window" library="SeleniumLibrary">
<doc>Maximizes current browser window.</doc>
<status status="PASS" starttime="20230926 13:20:03.943" endtime="20230926 13:20:04.351"/>
</kw>
<kw name="Sleep" library="BuiltIn">
<arg>2s</arg>
<doc>Pauses the test executed for the given time.</doc>
<msg timestamp="20230926 13:20:06.353" level="INFO">Slept 2 seconds</msg>
<status status="PASS" starttime="20230926 13:20:04.352" endtime="20230926 13:20:06.353"/>
</kw>
<kw name="Click Element" library="SeleniumLibrary">
<arg>//*[@id='idp1']/div[1]</arg>
<doc>Click the element identified by ``locator``.</doc>
<msg timestamp="20230926 13:20:06.356" level="INFO">Clicking element '//*[@id='idp1']/div[1]'.</msg>
<status status="PASS" starttime="20230926 13:20:06.354" endtime="20230926 13:20:07.158"/>
</kw>
<kw name="Wait Until Page Contains Element" library="SeleniumLibrary">
<arg>//*[@id="identifierId"]</arg>
<doc>Waits until the element ``locator`` appears on the current page.</doc>
<status status="PASS" starttime="20230926 13:20:07.158" endtime="20230926 13:20:07.166"/>
</kw>
<kw name="Sleep" library="BuiltIn">
<arg>2s</arg>
<doc>Pauses the test executed for the given time.</doc>
<msg timestamp="20230926 13:20:09.169" level="INFO">Slept 2 seconds</msg>
<status status="PASS" starttime="20230926 13:20:07.166" endtime="20230926 13:20:09.170"/>
</kw>
<kw name="Input Text" library="SeleniumLibrary">
<arg>//*[@id ="identifierId"]</arg>
<arg>kennethc@capc.com.sg</arg>
<doc>Types the given ``text`` into the text field identified by ``locator``.</doc>
<msg timestamp="20230926 13:20:09.171" level="INFO">Typing text 'kennethc@capc.com.sg' into text field '//*[@id ="identifierId"]'.</msg>
<status status="PASS" starttime="20230926 13:20:09.170" endtime="20230926 13:20:09.305"/>
</kw>
<kw name="Click Element" library="SeleniumLibrary">
<arg>//*[@id="identifierNext"]/div/button/span</arg>
<doc>Click the element identified by ``locator``.</doc>
<msg timestamp="20230926 13:20:09.305" level="INFO">Clicking element '//*[@id="identifierNext"]/div/button/span'.</msg>
<status status="PASS" starttime="20230926 13:20:09.305" endtime="20230926 13:20:09.383"/>
</kw>
<kw name="Sleep" library="BuiltIn">
<arg>2s</arg>
<doc>Pauses the test executed for the given time.</doc>
<msg timestamp="20230926 13:20:11.384" level="INFO">Slept 2 seconds</msg>
<status status="PASS" starttime="20230926 13:20:09.383" endtime="20230926 13:20:11.384"/>
</kw>
<kw name="Capture Page Screenshot" library="SeleniumLibrary">
<arg>OpsAddPartner004.png</arg>
<doc>Takes a screenshot of the current page and embeds it into a log file.</doc>
<msg timestamp="20230926 13:20:11.594" level="INFO" html="true">&lt;/td&gt;&lt;/tr&gt;&lt;tr&gt;&lt;td colspan="3"&gt;&lt;a href="OpsAddPartner004.png"&gt;&lt;img src="OpsAddPartner004.png" width="800px"&gt;&lt;/a&gt;</msg>
<status status="PASS" starttime="20230926 13:20:11.384" endtime="20230926 13:20:11.594"/>
</kw>
<kw name="Wait Until Page Contains Element" library="SeleniumLibrary">
<arg>//*[@id="password"]/div[1]/div/div[1]/input</arg>
<doc>Waits until the element ``locator`` appears on the current page.</doc>
<status status="PASS" starttime="20230926 13:20:11.594" endtime="20230926 13:20:11.600"/>
</kw>
<kw name="Sleep" library="BuiltIn">
<arg>2s</arg>
<doc>Pauses the test executed for the given time.</doc>
<msg timestamp="20230926 13:20:13.602" level="INFO">Slept 2 seconds</msg>
<status status="PASS" starttime="20230926 13:20:11.600" endtime="20230926 13:20:13.603"/>
</kw>
<kw name="Input Text" library="SeleniumLibrary">
<arg>//*[@id="password"]/div[1]/div/div[1]/input</arg>
<arg>Y2kuniontpjcred!</arg>
<doc>Types the given ``text`` into the text field identified by ``locator``.</doc>
<msg timestamp="20230926 13:20:13.605" level="INFO">Typing text 'Y2kuniontpjcred!' into text field '//*[@id="password"]/div[1]/div/div[1]/input'.</msg>
<status status="PASS" starttime="20230926 13:20:13.603" endtime="20230926 13:20:13.675"/>
</kw>
<kw name="Click Element" library="SeleniumLibrary">
<arg>//*[@id="passwordNext"]/div/button/span</arg>
<doc>Click the element identified by ``locator``.</doc>
<msg timestamp="20230926 13:20:13.675" level="INFO">Clicking element '//*[@id="passwordNext"]/div/button/span'.</msg>
<status status="PASS" starttime="20230926 13:20:13.675" endtime="20230926 13:20:13.715"/>
</kw>
<kw name="Capture Page Screenshot" library="SeleniumLibrary">
<arg>CapOpButtonLogin1.png</arg>
<doc>Takes a screenshot of the current page and embeds it into a log file.</doc>
<msg timestamp="20230926 13:20:13.869" level="INFO" html="true">&lt;/td&gt;&lt;/tr&gt;&lt;tr&gt;&lt;td colspan="3"&gt;&lt;a href="CapOpButtonLogin1.png"&gt;&lt;img src="CapOpButtonLogin1.png" width="800px"&gt;&lt;/a&gt;</msg>
<status status="PASS" starttime="20230926 13:20:13.715" endtime="20230926 13:20:13.869"/>
</kw>
<kw name="Sleep" library="BuiltIn">
<arg>10s</arg>
<doc>Pauses the test executed for the given time.</doc>
<msg timestamp="20230926 13:20:23.870" level="INFO">Slept 10 seconds</msg>
<status status="PASS" starttime="20230926 13:20:13.869" endtime="20230926 13:20:23.870"/>
</kw>
<kw name="Get Element Count" library="SeleniumLibrary">
<var>${element_count}</var>
<arg>//*[text()='Try another way']</arg>
<doc>Returns the number of elements matching ``locator``.</doc>
<msg timestamp="20230926 13:20:23.884" level="INFO">${element_count} = 1</msg>
<status status="PASS" starttime="20230926 13:20:23.870" endtime="20230926 13:20:23.884"/>
</kw>
<kw name="Get Element Count" library="SeleniumLibrary">
<var>${element_count2}</var>
<arg>//*[contains(text(),'Get a verification code from the')]</arg>
<doc>Returns the number of elements matching ``locator``.</doc>
<msg timestamp="20230926 13:20:23.897" level="INFO">${element_count2} = 1</msg>
<status status="PASS" starttime="20230926 13:20:23.884" endtime="20230926 13:20:23.897"/>
</kw>
<kw name="Log To Console" library="BuiltIn">
<arg>countings</arg>
<doc>Logs the given message to the console.</doc>
<status status="PASS" starttime="20230926 13:20:23.897" endtime="20230926 13:20:23.897"/>
</kw>
<kw name="Log To Console" library="BuiltIn">
<arg>${element_count}</arg>
<doc>Logs the given message to the console.</doc>
<status status="PASS" starttime="20230926 13:20:23.897" endtime="20230926 13:20:23.898"/>
</kw>
<kw name="Log To Console" library="BuiltIn">
<arg>${element_count2}</arg>
<doc>Logs the given message to the console.</doc>
<status status="PASS" starttime="20230926 13:20:23.898" endtime="20230926 13:20:23.898"/>
</kw>
<if>
<branch type="IF" condition="${element_count2} &gt; 0">
<kw name="No Alternative" library="resource">
<kw name="Click Element" library="SeleniumLibrary">
<arg>//*[contains(text(),'Get a verification code from the')]</arg>
<doc>Click the element identified by ``locator``.</doc>
<msg timestamp="20230926 13:20:23.900" level="INFO">Clicking element '//*[contains(text(),'Get a verification code from the')]'.</msg>
<status status="PASS" starttime="20230926 13:20:23.899" endtime="20230926 13:20:23.930"/>
</kw>
<status status="PASS" starttime="20230926 13:20:23.899" endtime="20230926 13:20:23.930"/>
</kw>
<status status="PASS" starttime="20230926 13:20:23.899" endtime="20230926 13:20:23.930"/>
</branch>
<branch type="ELSE">
<kw name="Alternative" library="resource">
<status status="NOT RUN" starttime="20230926 13:20:23.930" endtime="20230926 13:20:23.930"/>
</kw>
<status status="NOT RUN" starttime="20230926 13:20:23.930" endtime="20230926 13:20:23.930"/>
</branch>
<status status="PASS" starttime="20230926 13:20:23.899" endtime="20230926 13:20:23.930"/>
</if>
<kw name="Sleep" library="BuiltIn">
<arg>3s</arg>
<doc>Pauses the test executed for the given time.</doc>
<msg timestamp="20230926 13:20:26.930" level="INFO">Slept 3 seconds</msg>
<status status="PASS" starttime="20230926 13:20:23.930" endtime="20230926 13:20:26.931"/>
</kw>
<kw name="Get Authenticator Code" library="resource">
<var>${code}</var>
<arg>kenneth</arg>
<doc>Authenticator needs to be set up for Google account</doc>
<kw name="Log To Console" library="BuiltIn">
<arg>${passphrase}</arg>
<doc>Logs the given message to the console.</doc>
<status status="PASS" starttime="20230926 13:20:26.932" endtime="20230926 13:20:26.932"/>
</kw>
<kw name="Run Process" library="Process">
<var>${result}</var>
<arg>echo ${passphrase} | authenticator --data /Users/kennethc@capc.com.sg/temenosrobot/ generate --refresh once</arg>
<arg>shell=TRUE</arg>
<doc>Runs a process and waits for it to complete.</doc>
<msg timestamp="20230926 13:20:26.933" level="INFO">Starting process:
echo kenneth | authenticator --data /Users/kennethc@capc.com.sg/temenosrobot/ generate --refresh once</msg>
<msg timestamp="20230926 13:20:26.939" level="INFO">Waiting for process to complete.</msg>
<msg timestamp="20230926 13:20:27.158" level="INFO">Process completed.</msg>
<msg timestamp="20230926 13:20:27.158" level="INFO">${result} = &lt;result object with rc 0&gt;</msg>
<status status="PASS" starttime="20230926 13:20:26.932" endtime="20230926 13:20:27.158"/>
</kw>
<kw name="Log To Console" library="BuiltIn">
<arg>test44</arg>
<doc>Logs the given message to the console.</doc>
<status status="PASS" starttime="20230926 13:20:27.158" endtime="20230926 13:20:27.158"/>
</kw>
<kw name="Log To Console" library="BuiltIn">
<arg>${result}</arg>
<doc>Logs the given message to the console.</doc>
<status status="PASS" starttime="20230926 13:20:27.158" endtime="20230926 13:20:27.158"/>
</kw>
<kw name="Get Regexp Matches" library="String">
<var>${match}</var>
<arg>${result.stdout}</arg>
<arg>kennethc@capc.com.sg: ([\\d]{6})</arg>
<arg>1</arg>
<doc>Returns a list of all non-overlapping matches in the given string.</doc>
<msg timestamp="20230926 13:20:27.159" level="INFO">${match} = ['484239']</msg>
<status status="PASS" starttime="20230926 13:20:27.158" endtime="20230926 13:20:27.159"/>
</kw>
<kw name="Log To Console" library="BuiltIn">
<arg>${match}[0]</arg>
<doc>Logs the given message to the console.</doc>
<status status="PASS" starttime="20230926 13:20:27.159" endtime="20230926 13:20:27.159"/>
</kw>
<msg timestamp="20230926 13:20:27.159" level="INFO">${code} = 484239</msg>
<status status="PASS" starttime="20230926 13:20:26.931" endtime="20230926 13:20:27.159"/>
</kw>
<kw name="Input Text" library="SeleniumLibrary">
<arg>//input[@type="tel"]</arg>
<arg>${code}</arg>
<doc>Types the given ``text`` into the text field identified by ``locator``.</doc>
<msg timestamp="20230926 13:20:27.159" level="INFO">Typing text '484239' into text field '//input[@type="tel"]'.</msg>
<status status="PASS" starttime="20230926 13:20:27.159" endtime="20230926 13:20:27.190"/>
</kw>
<kw name="Sleep" library="BuiltIn">
<arg>2s</arg>
<doc>Pauses the test executed for the given time.</doc>
<msg timestamp="20230926 13:20:29.191" level="INFO">Slept 2 seconds</msg>
<status status="PASS" starttime="20230926 13:20:27.190" endtime="20230926 13:20:29.191"/>
</kw>
<kw name="Click Element" library="SeleniumLibrary">
<arg>//*[@id="totpNext"]/div/button/span</arg>
<doc>Click the element identified by ``locator``.</doc>
<msg timestamp="20230926 13:20:29.192" level="INFO">Clicking element '//*[@id="totpNext"]/div/button/span'.</msg>
<status status="PASS" starttime="20230926 13:20:29.191" endtime="20230926 13:20:29.243"/>
</kw>
<kw name="Sleep" library="BuiltIn">
<arg>20s</arg>
<doc>Pauses the test executed for the given time.</doc>
<msg timestamp="20230926 13:20:49.244" level="INFO">Slept 20 seconds</msg>
<status status="PASS" starttime="20230926 13:20:29.243" endtime="20230926 13:20:49.245"/>
</kw>
<status status="PASS" starttime="20230926 13:20:01.608" endtime="20230926 13:20:49.245"/>
</kw>
<kw name="Input Text" library="SeleniumLibrary">
<arg>//*[@id='userId']</arg>
<arg>CapCLMC02</arg>
<doc>Types the given ``text`` into the text field identified by ``locator``.</doc>
<msg timestamp="20230926 13:20:49.247" level="INFO">Typing text 'CapCLMC02' into text field '//*[@id='userId']'.</msg>
<status status="PASS" starttime="20230926 13:20:49.246" endtime="20230926 13:20:49.304"/>
</kw>
<kw name="Click Element" library="SeleniumLibrary">
<arg>//*[@id='Logon']/p[3]/input</arg>
<doc>Click the element identified by ``locator``.</doc>
<msg timestamp="20230926 13:20:49.304" level="INFO">Clicking element '//*[@id='Logon']/p[3]/input'.</msg>
<status status="PASS" starttime="20230926 13:20:49.304" endtime="20230926 13:20:49.615"/>
</kw>
<kw name="Wait Until Page Contains Element" library="SeleniumLibrary">
<arg>//*[@class="tc-menu-trigger tc-header-icon icon-menu1 buttonClassSwitcher"]</arg>
<doc>Waits until the element ``locator`` appears on the current page.</doc>
<status status="PASS" starttime="20230926 13:20:49.616" endtime="20230926 13:20:52.826"/>
</kw>
<kw name="Sleep" library="BuiltIn">
<arg>5s</arg>
<doc>Pauses the test executed for the given time.</doc>
<msg timestamp="20230926 13:20:57.829" level="INFO">Slept 5 seconds</msg>
<status status="PASS" starttime="20230926 13:20:52.827" endtime="20230926 13:20:57.829"/>
</kw>
<kw name="Input Text" library="SeleniumLibrary">
<arg>//*[@name="WORKINGELEMENTS[1].NAVIGATION[1].COMMANDLINE"]</arg>
<arg>${FTA}</arg>
<doc>Types the given ``text`` into the text field identified by ``locator``.</doc>
<msg timestamp="20230926 13:20:57.832" level="INFO">Typing text 'FT A FT2325588K5C' into text field '//*[@name="WORKINGELEMENTS[1].NAVIGATION[1].COMMANDLINE"]'.</msg>
<status status="PASS" starttime="20230926 13:20:57.829" endtime="20230926 13:20:57.890"/>
</kw>
<kw name="Press Keys" library="SeleniumLibrary">
<arg>None</arg>
<arg>ENTER</arg>
<doc>Simulates the user pressing key(s) to an element or on the active browser.</doc>
<msg timestamp="20230926 13:20:57.890" level="INFO">Sending key(s) ('ENTER',) to page.</msg>
<msg timestamp="20230926 13:20:57.891" level="INFO">Pressing special key ENTER to browser.</msg>
<msg timestamp="20230926 13:20:57.891" level="INFO">Releasing special key ENTER.</msg>
<status status="PASS" starttime="20230926 13:20:57.890" endtime="20230926 13:20:58.842"/>
</kw>
<kw name="Wait Until Keyword Succeeds" library="BuiltIn">
<arg>30s</arg>
<arg>5s</arg>
<arg>Wait Until Page Contains Element</arg>
<arg>//*[@id="C1__p4_authorise_version_button"]</arg>
<doc>Runs the specified keyword and retries if it fails.</doc>
<kw name="Wait Until Page Contains Element" library="SeleniumLibrary">
<arg>//*[@id="C1__p4_authorise_version_button"]</arg>
<doc>Waits until the element ``locator`` appears on the current page.</doc>
<status status="PASS" starttime="20230926 13:20:58.843" endtime="20230926 13:20:58.899"/>
</kw>
<status status="PASS" starttime="20230926 13:20:58.842" endtime="20230926 13:20:58.899"/>
</kw>
<kw name="Click Element" library="SeleniumLibrary">
<arg>//*[@id="C1__p4_authorise_version_button"]</arg>
<doc>Click the element identified by ``locator``.</doc>
<msg timestamp="20230926 13:20:58.900" level="INFO">Clicking element '//*[@id="C1__p4_authorise_version_button"]'.</msg>
<status status="PASS" starttime="20230926 13:20:58.899" endtime="20230926 13:20:58.925"/>
</kw>
<kw name="Wait Until Keyword Succeeds" library="BuiltIn">
<arg>30s</arg>
<arg>5s</arg>
<arg>Wait Until Page Contains</arg>
<arg>Txn Complete:</arg>
<doc>Runs the specified keyword and retries if it fails.</doc>
<kw name="Wait Until Page Contains" library="SeleniumLibrary">
<arg>Txn Complete:</arg>
<doc>Waits until ``text`` appears on the current page.</doc>
<status status="PASS" starttime="20230926 13:20:58.925" endtime="20230926 13:21:00.456"/>
</kw>
<status status="PASS" starttime="20230926 13:20:58.925" endtime="20230926 13:21:00.457"/>
</kw>
<kw name="Close All Browsers" library="SeleniumLibrary">
<doc>Closes all open browsers and resets the browser cache.</doc>
<status status="PASS" starttime="20230926 13:21:00.457" endtime="20230926 13:21:00.557"/>
</kw>
<doc>Creation of a monthly loan</doc>
<status status="PASS" starttime="20230926 13:18:48.716" endtime="20230926 13:21:00.557"/>
</test>
<doc>Template robot suite</doc>
<status status="PASS" starttime="20230926 13:18:48.641" endtime="20230926 13:21:00.558"/>
</suite>
<status status="PASS" starttime="20230926 13:18:48.641" endtime="20230926 13:21:00.558"/>
</suite>
<status status="PASS" starttime="20230926 13:18:48.634" endtime="20230926 13:21:00.559"/>
</suite>
<statistics>
<total>
<stat pass="1" fail="0" skip="0">All Tests</stat>
</total>
<tag>
</tag>
<suite>
<stat pass="1" fail="0" skip="0" id="s1" name="Temenosrobot">Temenosrobot</stat>
<stat pass="1" fail="0" skip="0" id="s1-s1" name="0006 Fund Transfer">Temenosrobot.0006 Fund Transfer</stat>
<stat pass="1" fail="0" skip="0" id="s1-s1-s1" name="002 GL To Repayment">Temenosrobot.0006 Fund Transfer.002 GL To Repayment</stat>
</suite>
</statistics>
<errors>
</errors>
</robot>
