<?xml version="1.0" encoding="UTF-8"?>
<robot generator="Robot 6.1.1 (Python 3.11.3 on darwin)" generated="20230915 10:39:07.444" rpa="false" schemaversion="4">
<suite id="s1" name="Temenosrobot" source="/Users/kennethc@capc.com.sg/temenosrobot">
<suite id="s1-s1" name="0001 Test Stuff" source="/Users/kennethc@capc.com.sg/temenosrobot/0001_Test_Stuff">
<suite id="s1-s1-s1" name="002 Monthly Term Loan copy" source="/Users/kennethc@capc.com.sg/temenosrobot/0001_Test_Stuff/002_Monthly_Term_Loan copy.robot">
<test id="s1-s1-s1-t1" name="Create_Monthly_Term_Loan" line="13">
<kw name="Google Log In" library="resource">
<kw name="Open Browser" library="SeleniumLibrary">
<arg>${Borrower}</arg>
<arg>Chrome</arg>
<doc>Opens a new browser instance to the optional ``url``.</doc>
<msg timestamp="20230915 10:39:07.516" level="INFO">Opening browser 'Chrome' to base url 'https://temenosdev.capcfintech.com/Browser/'.</msg>
<status status="PASS" starttime="20230915 10:39:07.516" endtime="20230915 10:39:09.910"/>
</kw>
<kw name="Maximize Browser Window" library="SeleniumLibrary">
<doc>Maximizes current browser window.</doc>
<status status="PASS" starttime="20230915 10:39:09.910" endtime="20230915 10:39:10.316"/>
</kw>
<kw name="Sleep" library="BuiltIn">
<arg>2s</arg>
<doc>Pauses the test executed for the given time.</doc>
<msg timestamp="20230915 10:39:12.317" level="INFO">Slept 2 seconds</msg>
<status status="PASS" starttime="20230915 10:39:10.316" endtime="20230915 10:39:12.317"/>
</kw>
<kw name="Click Element" library="SeleniumLibrary">
<arg>//*[@id='idp1']/div[1]</arg>
<doc>Click the element identified by ``locator``.</doc>
<msg timestamp="20230915 10:39:12.320" level="INFO">Clicking element '//*[@id='idp1']/div[1]'.</msg>
<status status="PASS" starttime="20230915 10:39:12.318" endtime="20230915 10:39:13.209"/>
</kw>
<kw name="Wait Until Page Contains Element" library="SeleniumLibrary">
<arg>//*[@id="identifierId"]</arg>
<doc>Waits until the element ``locator`` appears on the current page.</doc>
<status status="PASS" starttime="20230915 10:39:13.209" endtime="20230915 10:39:13.218"/>
</kw>
<kw name="Sleep" library="BuiltIn">
<arg>2s</arg>
<doc>Pauses the test executed for the given time.</doc>
<msg timestamp="20230915 10:39:15.219" level="INFO">Slept 2 seconds</msg>
<status status="PASS" starttime="20230915 10:39:13.218" endtime="20230915 10:39:15.219"/>
</kw>
<kw name="Input Text" library="SeleniumLibrary">
<arg>//*[@id ="identifierId"]</arg>
<arg>kennethc@capc.com.sg</arg>
<doc>Types the given ``text`` into the text field identified by ``locator``.</doc>
<msg timestamp="20230915 10:39:15.221" level="INFO">Typing text 'kennethc@capc.com.sg' into text field '//*[@id ="identifierId"]'.</msg>
<status status="PASS" starttime="20230915 10:39:15.220" endtime="20230915 10:39:15.376"/>
</kw>
<kw name="Click Element" library="SeleniumLibrary">
<arg>//*[@id="identifierNext"]/div/button/span</arg>
<doc>Click the element identified by ``locator``.</doc>
<msg timestamp="20230915 10:39:15.376" level="INFO">Clicking element '//*[@id="identifierNext"]/div/button/span'.</msg>
<status status="PASS" starttime="20230915 10:39:15.376" endtime="20230915 10:39:15.447"/>
</kw>
<kw name="Sleep" library="BuiltIn">
<arg>2s</arg>
<doc>Pauses the test executed for the given time.</doc>
<msg timestamp="20230915 10:39:17.449" level="INFO">Slept 2 seconds</msg>
<status status="PASS" starttime="20230915 10:39:15.447" endtime="20230915 10:39:17.449"/>
</kw>
<kw name="Capture Page Screenshot" library="SeleniumLibrary">
<arg>OpsAddPartner004.png</arg>
<doc>Takes a screenshot of the current page and embeds it into a log file.</doc>
<msg timestamp="20230915 10:39:17.676" level="INFO" html="true">&lt;/td&gt;&lt;/tr&gt;&lt;tr&gt;&lt;td colspan="3"&gt;&lt;a href="OpsAddPartner004.png"&gt;&lt;img src="OpsAddPartner004.png" width="800px"&gt;&lt;/a&gt;</msg>
<status status="PASS" starttime="20230915 10:39:17.450" endtime="20230915 10:39:17.676"/>
</kw>
<kw name="Wait Until Page Contains Element" library="SeleniumLibrary">
<arg>//*[@id="password"]/div[1]/div/div[1]/input</arg>
<doc>Waits until the element ``locator`` appears on the current page.</doc>
<status status="PASS" starttime="20230915 10:39:17.676" endtime="20230915 10:39:17.681"/>
</kw>
<kw name="Sleep" library="BuiltIn">
<arg>2s</arg>
<doc>Pauses the test executed for the given time.</doc>
<msg timestamp="20230915 10:39:19.683" level="INFO">Slept 2 seconds</msg>
<status status="PASS" starttime="20230915 10:39:17.681" endtime="20230915 10:39:19.684"/>
</kw>
<kw name="Input Text" library="SeleniumLibrary">
<arg>//*[@id="password"]/div[1]/div/div[1]/input</arg>
<arg>Y2kuniontpjcred!</arg>
<doc>Types the given ``text`` into the text field identified by ``locator``.</doc>
<msg timestamp="20230915 10:39:19.686" level="INFO">Typing text 'Y2kuniontpjcred!' into text field '//*[@id="password"]/div[1]/div/div[1]/input'.</msg>
<status status="PASS" starttime="20230915 10:39:19.684" endtime="20230915 10:39:19.753"/>
</kw>
<kw name="Click Element" library="SeleniumLibrary">
<arg>//*[@id="passwordNext"]/div/button/span</arg>
<doc>Click the element identified by ``locator``.</doc>
<msg timestamp="20230915 10:39:19.753" level="INFO">Clicking element '//*[@id="passwordNext"]/div/button/span'.</msg>
<status status="PASS" starttime="20230915 10:39:19.753" endtime="20230915 10:39:19.794"/>
</kw>
<kw name="Capture Page Screenshot" library="SeleniumLibrary">
<arg>CapOpButtonLogin1.png</arg>
<doc>Takes a screenshot of the current page and embeds it into a log file.</doc>
<msg timestamp="20230915 10:39:19.945" level="INFO" html="true">&lt;/td&gt;&lt;/tr&gt;&lt;tr&gt;&lt;td colspan="3"&gt;&lt;a href="CapOpButtonLogin1.png"&gt;&lt;img src="CapOpButtonLogin1.png" width="800px"&gt;&lt;/a&gt;</msg>
<status status="PASS" starttime="20230915 10:39:19.794" endtime="20230915 10:39:19.945"/>
</kw>
<kw name="Sleep" library="BuiltIn">
<arg>10s</arg>
<doc>Pauses the test executed for the given time.</doc>
<msg timestamp="20230915 10:39:29.950" level="INFO">Slept 10 seconds</msg>
<status status="PASS" starttime="20230915 10:39:19.945" endtime="20230915 10:39:29.953"/>
</kw>
<kw name="Get Element Count" library="SeleniumLibrary">
<var>${element_count}</var>
<arg>//*[text()='Try another way']</arg>
<doc>Returns the number of elements matching ``locator``.</doc>
<msg timestamp="20230915 10:39:30.007" level="INFO">${element_count} = 1</msg>
<status status="PASS" starttime="20230915 10:39:29.955" endtime="20230915 10:39:30.007"/>
</kw>
<kw name="Get Element Count" library="SeleniumLibrary">
<var>${element_count2}</var>
<arg>//*[contains(text(),'Get a verification code from the')]</arg>
<doc>Returns the number of elements matching ``locator``.</doc>
<msg timestamp="20230915 10:39:30.017" level="INFO">${element_count2} = 1</msg>
<status status="PASS" starttime="20230915 10:39:30.007" endtime="20230915 10:39:30.017"/>
</kw>
<kw name="Log To Console" library="BuiltIn">
<arg>countings</arg>
<doc>Logs the given message to the console.</doc>
<status status="PASS" starttime="20230915 10:39:30.017" endtime="20230915 10:39:30.017"/>
</kw>
<kw name="Log To Console" library="BuiltIn">
<arg>${element_count}</arg>
<doc>Logs the given message to the console.</doc>
<status status="PASS" starttime="20230915 10:39:30.017" endtime="20230915 10:39:30.017"/>
</kw>
<kw name="Log To Console" library="BuiltIn">
<arg>${element_count2}</arg>
<doc>Logs the given message to the console.</doc>
<status status="PASS" starttime="20230915 10:39:30.017" endtime="20230915 10:39:30.017"/>
</kw>
<if>
<branch type="IF" condition="${element_count2} &gt; 0">
<kw name="No Alternative" library="resource">
<kw name="Click Element" library="SeleniumLibrary">
<arg>//*[contains(text(),'Get a verification code from the')]</arg>
<doc>Click the element identified by ``locator``.</doc>
<msg timestamp="20230915 10:39:30.019" level="INFO">Clicking element '//*[contains(text(),'Get a verification code from the')]'.</msg>
<status status="PASS" starttime="20230915 10:39:30.019" endtime="20230915 10:39:30.071"/>
</kw>
<status status="PASS" starttime="20230915 10:39:30.019" endtime="20230915 10:39:30.071"/>
</kw>
<status status="PASS" starttime="20230915 10:39:30.017" endtime="20230915 10:39:30.071"/>
</branch>
<branch type="ELSE">
<kw name="Alternative" library="resource">
<status status="NOT RUN" starttime="20230915 10:39:30.072" endtime="20230915 10:39:30.072"/>
</kw>
<status status="NOT RUN" starttime="20230915 10:39:30.072" endtime="20230915 10:39:30.072"/>
</branch>
<status status="PASS" starttime="20230915 10:39:30.017" endtime="20230915 10:39:30.072"/>
</if>
<kw name="Sleep" library="BuiltIn">
<arg>3s</arg>
<doc>Pauses the test executed for the given time.</doc>
<msg timestamp="20230915 10:39:33.073" level="INFO">Slept 3 seconds</msg>
<status status="PASS" starttime="20230915 10:39:30.072" endtime="20230915 10:39:33.074"/>
</kw>
<kw name="Get Authenticator Code" library="resource">
<var>${code}</var>
<arg>kenneth</arg>
<doc>Authenticator needs to be set up for Google account</doc>
<kw name="Log To Console" library="BuiltIn">
<arg>${passphrase}</arg>
<doc>Logs the given message to the console.</doc>
<status status="PASS" starttime="20230915 10:39:33.075" endtime="20230915 10:39:33.076"/>
</kw>
<kw name="Run Process" library="Process">
<var>${result}</var>
<arg>echo ${passphrase} | authenticator --data /Users/kennethc@capc.com.sg/temenosrobot/ generate --refresh once</arg>
<arg>shell=TRUE</arg>
<doc>Runs a process and waits for it to complete.</doc>
<msg timestamp="20230915 10:39:33.078" level="INFO">Starting process:
echo kenneth | authenticator --data /Users/kennethc@capc.com.sg/temenosrobot/ generate --refresh once</msg>
<msg timestamp="20230915 10:39:33.087" level="INFO">Waiting for process to complete.</msg>
<msg timestamp="20230915 10:39:33.324" level="INFO">Process completed.</msg>
<msg timestamp="20230915 10:39:33.324" level="INFO">${result} = &lt;result object with rc 0&gt;</msg>
<status status="PASS" starttime="20230915 10:39:33.076" endtime="20230915 10:39:33.325"/>
</kw>
<kw name="Log To Console" library="BuiltIn">
<arg>test44</arg>
<doc>Logs the given message to the console.</doc>
<status status="PASS" starttime="20230915 10:39:33.325" endtime="20230915 10:39:33.325"/>
</kw>
<kw name="Log To Console" library="BuiltIn">
<arg>${result}</arg>
<doc>Logs the given message to the console.</doc>
<status status="PASS" starttime="20230915 10:39:33.325" endtime="20230915 10:39:33.325"/>
</kw>
<kw name="Get Regexp Matches" library="String">
<var>${match}</var>
<arg>${result.stdout}</arg>
<arg>kennethc@capc.com.sg: ([\\d]{6})</arg>
<arg>1</arg>
<doc>Returns a list of all non-overlapping matches in the given string.</doc>
<msg timestamp="20230915 10:39:33.325" level="INFO">${match} = ['600620']</msg>
<status status="PASS" starttime="20230915 10:39:33.325" endtime="20230915 10:39:33.325"/>
</kw>
<kw name="Log To Console" library="BuiltIn">
<arg>${match}[0]</arg>
<doc>Logs the given message to the console.</doc>
<status status="PASS" starttime="20230915 10:39:33.326" endtime="20230915 10:39:33.326"/>
</kw>
<msg timestamp="20230915 10:39:33.326" level="INFO">${code} = 600620</msg>
<status status="PASS" starttime="20230915 10:39:33.074" endtime="20230915 10:39:33.326"/>
</kw>
<kw name="Input Text" library="SeleniumLibrary">
<arg>//input[@type="tel"]</arg>
<arg>${code}</arg>
<doc>Types the given ``text`` into the text field identified by ``locator``.</doc>
<msg timestamp="20230915 10:39:33.326" level="INFO">Typing text '600620' into text field '//input[@type="tel"]'.</msg>
<status status="PASS" starttime="20230915 10:39:33.326" endtime="20230915 10:39:33.364"/>
</kw>
<kw name="Sleep" library="BuiltIn">
<arg>2s</arg>
<doc>Pauses the test executed for the given time.</doc>
<msg timestamp="20230915 10:39:35.365" level="INFO">Slept 2 seconds</msg>
<status status="PASS" starttime="20230915 10:39:33.364" endtime="20230915 10:39:35.365"/>
</kw>
<kw name="Click Element" library="SeleniumLibrary">
<arg>//*[@id="totpNext"]/div/button/span</arg>
<doc>Click the element identified by ``locator``.</doc>
<msg timestamp="20230915 10:39:35.367" level="INFO">Clicking element '//*[@id="totpNext"]/div/button/span'.</msg>
<status status="PASS" starttime="20230915 10:39:35.365" endtime="20230915 10:39:35.425"/>
</kw>
<kw name="Sleep" library="BuiltIn">
<arg>20s</arg>
<doc>Pauses the test executed for the given time.</doc>
<msg timestamp="20230915 10:39:55.426" level="INFO">Slept 20 seconds</msg>
<status status="PASS" starttime="20230915 10:39:35.425" endtime="20230915 10:39:55.427"/>
</kw>
<status status="PASS" starttime="20230915 10:39:07.516" endtime="20230915 10:39:55.427"/>
</kw>
<kw name="Input Text" library="SeleniumLibrary">
<arg>//*[@id='userId']</arg>
<arg>CapCLMC01</arg>
<doc>Types the given ``text`` into the text field identified by ``locator``.</doc>
<msg timestamp="20230915 10:39:55.429" level="INFO">Typing text 'CapCLMC01' into text field '//*[@id='userId']'.</msg>
<status status="PASS" starttime="20230915 10:39:55.428" endtime="20230915 10:39:55.473"/>
</kw>
<kw name="Click Element" library="SeleniumLibrary">
<arg>//*[@id='Logon']/p[3]/input</arg>
<doc>Click the element identified by ``locator``.</doc>
<msg timestamp="20230915 10:39:55.474" level="INFO">Clicking element '//*[@id='Logon']/p[3]/input'.</msg>
<status status="PASS" starttime="20230915 10:39:55.474" endtime="20230915 10:40:00.169"/>
</kw>
<kw name="Wait Until Page Contains Element" library="SeleniumLibrary">
<arg>//*[@class="tc-menu-trigger tc-header-icon icon-menu1 buttonClassSwitcher"]</arg>
<doc>Waits until the element ``locator`` appears on the current page.</doc>
<status status="PASS" starttime="20230915 10:40:00.169" endtime="20230915 10:40:00.175"/>
</kw>
<kw name="Sleep" library="BuiltIn">
<arg>5s</arg>
<doc>Pauses the test executed for the given time.</doc>
<msg timestamp="20230915 10:40:05.177" level="INFO">Slept 5 seconds</msg>
<status status="PASS" starttime="20230915 10:40:00.175" endtime="20230915 10:40:05.178"/>
</kw>
<kw name="Click Element" library="SeleniumLibrary">
<arg>//*[@class="tc-menu-trigger tc-header-icon icon-menu1 buttonClassSwitcher"]</arg>
<doc>Click the element identified by ``locator``.</doc>
<msg timestamp="20230915 10:40:05.182" level="INFO">Clicking element '//*[@class="tc-menu-trigger tc-header-icon icon-menu1 buttonClassSwitcher"]'.</msg>
<status status="PASS" starttime="20230915 10:40:05.180" endtime="20230915 10:40:05.847"/>
</kw>
<kw name="Sleep" library="BuiltIn">
<arg>2s</arg>
<doc>Pauses the test executed for the given time.</doc>
<msg timestamp="20230915 10:40:07.849" level="INFO">Slept 2 seconds</msg>
<status status="PASS" starttime="20230915 10:40:05.848" endtime="20230915 10:40:07.850"/>
</kw>
<kw name="Click Element" library="SeleniumLibrary">
<arg>//*[contains(text(),'User Menu')]</arg>
<doc>Click the element identified by ``locator``.</doc>
<msg timestamp="20230915 10:40:07.854" level="INFO">Clicking element '//*[contains(text(),'User Menu')]'.</msg>
<status status="PASS" starttime="20230915 10:40:07.851" endtime="20230915 10:40:07.892"/>
</kw>
<kw name="Sleep" library="BuiltIn">
<arg>3s</arg>
<doc>Pauses the test executed for the given time.</doc>
<msg timestamp="20230915 10:40:10.894" level="INFO">Slept 3 seconds</msg>
<status status="PASS" starttime="20230915 10:40:07.893" endtime="20230915 10:40:10.894"/>
</kw>
<kw name="Click Element" library="SeleniumLibrary">
<arg>//*[@t24cmd='COS T24.PRODUCT.CATALOG']</arg>
<doc>Click the element identified by ``locator``.</doc>
<msg timestamp="20230915 10:40:10.898" level="INFO">Clicking element '//*[@t24cmd='COS T24.PRODUCT.CATALOG']'.</msg>
<status status="PASS" starttime="20230915 10:40:10.896" endtime="20230915 10:40:11.828"/>
</kw>
<kw name="Sleep" library="BuiltIn">
<arg>3s</arg>
<doc>Pauses the test executed for the given time.</doc>
<msg timestamp="20230915 10:40:14.828" level="INFO">Slept 3 seconds</msg>
<status status="PASS" starttime="20230915 10:40:11.828" endtime="20230915 10:40:14.829"/>
</kw>
<kw name="Wait Until Page Contains Element" library="SeleniumLibrary">
<arg>(//*[@class="expandedSubGroupWithMultipleRows"])[2]</arg>
<doc>Waits until the element ``locator`` appears on the current page.</doc>
<status status="PASS" starttime="20230915 10:40:14.829" endtime="20230915 10:40:14.838"/>
</kw>
<kw name="Input Text" library="SeleniumLibrary">
<arg>//input[@type='search']</arg>
<arg>CapC Small</arg>
<doc>Types the given ``text`` into the text field identified by ``locator``.</doc>
<msg timestamp="20230915 10:40:14.842" level="INFO">Typing text 'CapC Small' into text field '//input[@type='search']'.</msg>
<status status="PASS" starttime="20230915 10:40:14.841" endtime="20230915 10:40:14.966"/>
</kw>
<kw name="Sleep" library="BuiltIn">
<arg>2s</arg>
<doc>Pauses the test executed for the given time.</doc>
<msg timestamp="20230915 10:40:16.966" level="INFO">Slept 2 seconds</msg>
<status status="PASS" starttime="20230915 10:40:14.966" endtime="20230915 10:40:16.967"/>
</kw>
<kw name="Click Element" library="SeleniumLibrary">
<arg>//*[@class="EnquiryTopLinksControl tc-normal-icon icon-arrow-forward"]</arg>
<doc>Click the element identified by ``locator``.</doc>
<msg timestamp="20230915 10:40:16.967" level="INFO">Clicking element '//*[@class="EnquiryTopLinksControl tc-normal-icon icon-arrow-forward"]'.</msg>
<status status="PASS" starttime="20230915 10:40:16.967" endtime="20230915 10:40:16.994"/>
</kw>
<kw name="Sleep" library="BuiltIn">
<arg>3s</arg>
<doc>Pauses the test executed for the given time.</doc>
<msg timestamp="20230915 10:40:19.996" level="INFO">Slept 3 seconds</msg>
<status status="PASS" starttime="20230915 10:40:16.994" endtime="20230915 10:40:20.000"/>
</kw>
<kw name="Click Element" library="SeleniumLibrary">
<arg>(//*[@class="EnquiryTopLinksControl tc-normal-icon icon-new"])[4]</arg>
<doc>Click the element identified by ``locator``.</doc>
<msg timestamp="20230915 10:40:20.004" level="INFO">Clicking element '(//*[@class="EnquiryTopLinksControl tc-normal-icon icon-new"])[4]'.</msg>
<status status="PASS" starttime="20230915 10:40:20.002" endtime="20230915 10:40:20.039"/>
</kw>
<kw name="Sleep" library="BuiltIn">
<arg>10s</arg>
<doc>Pauses the test executed for the given time.</doc>
<msg timestamp="20230915 10:40:30.041" level="INFO">Slept 10 seconds</msg>
<status status="PASS" starttime="20230915 10:40:20.039" endtime="20230915 10:40:30.042"/>
</kw>
<kw name="Get Window Handles" library="SeleniumLibrary">
<var>${handles}</var>
<doc>Returns all child window handles of the selected browser as a list.</doc>
<msg timestamp="20230915 10:40:30.060" level="INFO">${handles} = ['0F71E28DA0FFC6381E15312E8D354915', '29790C758E410CE746B04A1B6B1A4240']</msg>
<status status="PASS" starttime="20230915 10:40:30.045" endtime="20230915 10:40:30.060"/>
</kw>
<kw name="Switch Window" library="SeleniumLibrary">
<arg>${handles}[1]</arg>
<doc>Switches to browser window matching ``locator``.</doc>
<status status="PASS" starttime="20230915 10:40:30.060" endtime="20230915 10:40:30.123"/>
</kw>
<kw name="Input Text" library="SeleniumLibrary">
<arg>//input[@title='Customer']</arg>
<arg>100522</arg>
<doc>Types the given ``text`` into the text field identified by ``locator``.</doc>
<msg timestamp="20230915 10:40:30.124" level="INFO">Typing text '100522' into text field '//input[@title='Customer']'.</msg>
<status status="PASS" starttime="20230915 10:40:30.124" endtime="20230915 10:40:30.212"/>
</kw>
<kw name="Sleep" library="BuiltIn">
<arg>2s</arg>
<doc>Pauses the test executed for the given time.</doc>
<msg timestamp="20230915 10:40:32.215" level="INFO">Slept 2 seconds</msg>
<status status="PASS" starttime="20230915 10:40:30.212" endtime="20230915 10:40:32.215"/>
</kw>
<kw name="Input Text" library="SeleniumLibrary">
<arg>//*[@assocappname='CURRENCY']</arg>
<arg>SGD</arg>
<doc>Types the given ``text`` into the text field identified by ``locator``.</doc>
<msg timestamp="20230915 10:40:32.216" level="INFO">Typing text 'SGD' into text field '//*[@assocappname='CURRENCY']'.</msg>
<status status="PASS" starttime="20230915 10:40:32.216" endtime="20230915 10:40:32.379"/>
</kw>
<kw name="Sleep" library="BuiltIn">
<arg>1s</arg>
<doc>Pauses the test executed for the given time.</doc>
<msg timestamp="20230915 10:40:33.381" level="INFO">Slept 1 second</msg>
<status status="PASS" starttime="20230915 10:40:32.379" endtime="20230915 10:40:33.382"/>
</kw>
<kw name="Click Element" library="SeleniumLibrary">
<arg>(//*[@title='Validate'])[2]</arg>
<doc>Click the element identified by ``locator``.</doc>
<msg timestamp="20230915 10:40:33.383" level="INFO">Clicking element '(//*[@title='Validate'])[2]'.</msg>
<status status="PASS" starttime="20230915 10:40:33.382" endtime="20230915 10:40:33.574"/>
</kw>
<kw name="Sleep" library="BuiltIn">
<arg>10s</arg>
<doc>Pauses the test executed for the given time.</doc>
<msg timestamp="20230915 10:40:43.575" level="INFO">Slept 10 seconds</msg>
<status status="PASS" starttime="20230915 10:40:33.575" endtime="20230915 10:40:43.575"/>
</kw>
<kw name="Get Text" library="SeleniumLibrary">
<var>${arrangementId}</var>
<arg>(//*[@title='Arrangement'])[2]</arg>
<doc>Returns the text value of the element identified by ``locator``.</doc>
<msg timestamp="20230915 10:40:43.618" level="INFO">${arrangementId} = AA23255WGY2B</msg>
<status status="PASS" starttime="20230915 10:40:43.576" endtime="20230915 10:40:43.618"/>
</kw>
<kw name="Click Element" library="SeleniumLibrary">
<arg>//*[contains(text(),'Commitment')]</arg>
<doc>Click the element identified by ``locator``.</doc>
<msg timestamp="20230915 10:40:43.618" level="INFO">Clicking element '//*[contains(text(),'Commitment')]'.</msg>
<status status="PASS" starttime="20230915 10:40:43.618" endtime="20230915 10:40:43.659"/>
</kw>
<kw name="Sleep" library="BuiltIn">
<arg>2s</arg>
<doc>Pauses the test executed for the given time.</doc>
<msg timestamp="20230915 10:40:45.661" level="INFO">Slept 2 seconds</msg>
<status status="PASS" starttime="20230915 10:40:43.659" endtime="20230915 10:40:45.662"/>
</kw>
<kw name="Input Text" library="SeleniumLibrary">
<arg>(//*[@title="Amount"])[2]</arg>
<arg>10T</arg>
<doc>Types the given ``text`` into the text field identified by ``locator``.</doc>
<msg timestamp="20230915 10:40:45.664" level="INFO">Typing text '10T' into text field '(//*[@title="Amount"])[2]'.</msg>
<status status="PASS" starttime="20230915 10:40:45.662" endtime="20230915 10:40:45.752"/>
</kw>
<kw name="Sleep" library="BuiltIn">
<arg>1s</arg>
<doc>Pauses the test executed for the given time.</doc>
<msg timestamp="20230915 10:40:46.755" level="INFO">Slept 1 second</msg>
<status status="PASS" starttime="20230915 10:40:45.752" endtime="20230915 10:40:46.755"/>
</kw>
<kw name="Input Text" library="SeleniumLibrary">
<arg>(//*[@title="Term"])[2]</arg>
<arg>12M</arg>
<doc>Types the given ``text`` into the text field identified by ``locator``.</doc>
<msg timestamp="20230915 10:40:46.756" level="INFO">Typing text '12M' into text field '(//*[@title="Term"])[2]'.</msg>
<status status="PASS" starttime="20230915 10:40:46.755" endtime="20230915 10:40:46.831"/>
</kw>
<kw name="Sleep" library="BuiltIn">
<arg>2s</arg>
<doc>Pauses the test executed for the given time.</doc>
<msg timestamp="20230915 10:40:48.833" level="INFO">Slept 2 seconds</msg>
<status status="PASS" starttime="20230915 10:40:46.831" endtime="20230915 10:40:48.833"/>
</kw>
<kw name="Click Element" library="SeleniumLibrary">
<arg>(//*[@title='Validate'])[1]</arg>
<doc>Click the element identified by ``locator``.</doc>
<msg timestamp="20230915 10:40:48.835" level="INFO">Clicking element '(//*[@title='Validate'])[1]'.</msg>
<status status="PASS" starttime="20230915 10:40:48.834" endtime="20230915 10:40:48.916"/>
</kw>
<kw name="Sleep" library="BuiltIn">
<arg>20s</arg>
<doc>Pauses the test executed for the given time.</doc>
<msg timestamp="20230915 10:41:08.918" level="INFO">Slept 20 seconds</msg>
<status status="PASS" starttime="20230915 10:40:48.916" endtime="20230915 10:41:08.918"/>
</kw>
<kw name="Click Element" library="SeleniumLibrary">
<arg>(//*[@title="Commit"])[1]</arg>
<doc>Click the element identified by ``locator``.</doc>
<msg timestamp="20230915 10:41:08.920" level="INFO">Clicking element '(//*[@title="Commit"])[1]'.</msg>
<status status="PASS" starttime="20230915 10:41:08.919" endtime="20230915 10:41:08.989"/>
</kw>
<kw name="Sleep" library="BuiltIn">
<arg>20s</arg>
<doc>Pauses the test executed for the given time.</doc>
<msg timestamp="20230915 10:41:28.991" level="INFO">Slept 20 seconds</msg>
<status status="PASS" starttime="20230915 10:41:08.989" endtime="20230915 10:41:28.991"/>
</kw>
<kw name="Select From List By Value" library="SeleniumLibrary">
<arg>//*[@name="C1__WORKINGELEMENTS[1].DISPLAYWARNINGS[1].STATE"]</arg>
<arg>Received</arg>
<doc>Selects options from selection list ``locator`` by ``values``.</doc>
<msg timestamp="20230915 10:41:28.993" level="INFO">Selecting options from selection list '//*[@name="C1__WORKINGELEMENTS[1].DISPLAYWARNINGS[1].STATE"]' by value Received.</msg>
<status status="PASS" starttime="20230915 10:41:28.992" endtime="20230915 10:41:29.327"/>
</kw>
<kw name="Sleep" library="BuiltIn">
<arg>3s</arg>
<doc>Pauses the test executed for the given time.</doc>
<msg timestamp="20230915 10:41:32.329" level="INFO">Slept 3 seconds</msg>
<status status="PASS" starttime="20230915 10:41:29.328" endtime="20230915 10:41:32.329"/>
</kw>
<kw name="Press Keys" library="SeleniumLibrary">
<arg>None</arg>
<arg>TAB</arg>
<doc>Simulates the user pressing key(s) to an element or on the active browser.</doc>
<msg timestamp="20230915 10:41:32.334" level="INFO">Sending key(s) ('TAB',) to page.</msg>
<msg timestamp="20230915 10:41:32.334" level="INFO">Pressing special key TAB to browser.</msg>
<msg timestamp="20230915 10:41:32.335" level="INFO">Releasing special key TAB.</msg>
<status status="PASS" starttime="20230915 10:41:32.330" endtime="20230915 10:41:32.355"/>
</kw>
<kw name="Press Keys" library="SeleniumLibrary">
<arg>None</arg>
<arg>ENTER</arg>
<doc>Simulates the user pressing key(s) to an element or on the active browser.</doc>
<msg timestamp="20230915 10:41:32.356" level="INFO">Sending key(s) ('ENTER',) to page.</msg>
<msg timestamp="20230915 10:41:32.356" level="INFO">Pressing special key ENTER to browser.</msg>
<msg timestamp="20230915 10:41:32.356" level="INFO">Releasing special key ENTER.</msg>
<status status="PASS" starttime="20230915 10:41:32.355" endtime="20230915 10:41:32.382"/>
</kw>
<kw name="Sleep" library="BuiltIn">
<arg>20s</arg>
<doc>Pauses the test executed for the given time.</doc>
<msg timestamp="20230915 10:41:52.383" level="INFO">Slept 20 seconds</msg>
<status status="PASS" starttime="20230915 10:41:32.382" endtime="20230915 10:41:52.384"/>
</kw>
<kw name="Close All Browsers" library="SeleniumLibrary">
<doc>Closes all open browsers and resets the browser cache.</doc>
<status status="PASS" starttime="20230915 10:41:52.385" endtime="20230915 10:41:52.515"/>
</kw>
<kw name="Google Log In" library="resource">
<kw name="Open Browser" library="SeleniumLibrary">
<arg>${Borrower}</arg>
<arg>Chrome</arg>
<doc>Opens a new browser instance to the optional ``url``.</doc>
<msg timestamp="20230915 10:41:52.517" level="INFO">Opening browser 'Chrome' to base url 'https://temenosdev.capcfintech.com/Browser/'.</msg>
<status status="PASS" starttime="20230915 10:41:52.516" endtime="20230915 10:41:55.447"/>
</kw>
<kw name="Maximize Browser Window" library="SeleniumLibrary">
<doc>Maximizes current browser window.</doc>
<status status="PASS" starttime="20230915 10:41:55.447" endtime="20230915 10:41:55.878"/>
</kw>
<kw name="Sleep" library="BuiltIn">
<arg>2s</arg>
<doc>Pauses the test executed for the given time.</doc>
<msg timestamp="20230915 10:41:57.881" level="INFO">Slept 2 seconds</msg>
<status status="PASS" starttime="20230915 10:41:55.879" endtime="20230915 10:41:57.881"/>
</kw>
<kw name="Click Element" library="SeleniumLibrary">
<arg>//*[@id='idp1']/div[1]</arg>
<doc>Click the element identified by ``locator``.</doc>
<msg timestamp="20230915 10:41:57.883" level="INFO">Clicking element '//*[@id='idp1']/div[1]'.</msg>
<status status="PASS" starttime="20230915 10:41:57.882" endtime="20230915 10:41:58.806"/>
</kw>
<kw name="Wait Until Page Contains Element" library="SeleniumLibrary">
<arg>//*[@id="identifierId"]</arg>
<doc>Waits until the element ``locator`` appears on the current page.</doc>
<status status="PASS" starttime="20230915 10:41:58.806" endtime="20230915 10:41:58.815"/>
</kw>
<kw name="Sleep" library="BuiltIn">
<arg>2s</arg>
<doc>Pauses the test executed for the given time.</doc>
<msg timestamp="20230915 10:42:00.816" level="INFO">Slept 2 seconds</msg>
<status status="PASS" starttime="20230915 10:41:58.815" endtime="20230915 10:42:00.816"/>
</kw>
<kw name="Input Text" library="SeleniumLibrary">
<arg>//*[@id ="identifierId"]</arg>
<arg>kennethc@capc.com.sg</arg>
<doc>Types the given ``text`` into the text field identified by ``locator``.</doc>
<msg timestamp="20230915 10:42:00.818" level="INFO">Typing text 'kennethc@capc.com.sg' into text field '//*[@id ="identifierId"]'.</msg>
<status status="PASS" starttime="20230915 10:42:00.817" endtime="20230915 10:42:00.968"/>
</kw>
<kw name="Click Element" library="SeleniumLibrary">
<arg>//*[@id="identifierNext"]/div/button/span</arg>
<doc>Click the element identified by ``locator``.</doc>
<msg timestamp="20230915 10:42:00.968" level="INFO">Clicking element '//*[@id="identifierNext"]/div/button/span'.</msg>
<status status="PASS" starttime="20230915 10:42:00.968" endtime="20230915 10:42:01.048"/>
</kw>
<kw name="Sleep" library="BuiltIn">
<arg>2s</arg>
<doc>Pauses the test executed for the given time.</doc>
<msg timestamp="20230915 10:42:03.049" level="INFO">Slept 2 seconds</msg>
<status status="PASS" starttime="20230915 10:42:01.048" endtime="20230915 10:42:03.049"/>
</kw>
<kw name="Capture Page Screenshot" library="SeleniumLibrary">
<arg>OpsAddPartner004.png</arg>
<doc>Takes a screenshot of the current page and embeds it into a log file.</doc>
<msg timestamp="20230915 10:42:03.240" level="INFO" html="true">&lt;/td&gt;&lt;/tr&gt;&lt;tr&gt;&lt;td colspan="3"&gt;&lt;a href="OpsAddPartner004.png"&gt;&lt;img src="OpsAddPartner004.png" width="800px"&gt;&lt;/a&gt;</msg>
<status status="PASS" starttime="20230915 10:42:03.049" endtime="20230915 10:42:03.240"/>
</kw>
<kw name="Wait Until Page Contains Element" library="SeleniumLibrary">
<arg>//*[@id="password"]/div[1]/div/div[1]/input</arg>
<doc>Waits until the element ``locator`` appears on the current page.</doc>
<status status="PASS" starttime="20230915 10:42:03.240" endtime="20230915 10:42:03.246"/>
</kw>
<kw name="Sleep" library="BuiltIn">
<arg>2s</arg>
<doc>Pauses the test executed for the given time.</doc>
<msg timestamp="20230915 10:42:05.248" level="INFO">Slept 2 seconds</msg>
<status status="PASS" starttime="20230915 10:42:03.246" endtime="20230915 10:42:05.248"/>
</kw>
<kw name="Input Text" library="SeleniumLibrary">
<arg>//*[@id="password"]/div[1]/div/div[1]/input</arg>
<arg>Y2kuniontpjcred!</arg>
<doc>Types the given ``text`` into the text field identified by ``locator``.</doc>
<msg timestamp="20230915 10:42:05.250" level="INFO">Typing text 'Y2kuniontpjcred!' into text field '//*[@id="password"]/div[1]/div/div[1]/input'.</msg>
<status status="PASS" starttime="20230915 10:42:05.248" endtime="20230915 10:42:05.318"/>
</kw>
<kw name="Click Element" library="SeleniumLibrary">
<arg>//*[@id="passwordNext"]/div/button/span</arg>
<doc>Click the element identified by ``locator``.</doc>
<msg timestamp="20230915 10:42:05.318" level="INFO">Clicking element '//*[@id="passwordNext"]/div/button/span'.</msg>
<status status="PASS" starttime="20230915 10:42:05.318" endtime="20230915 10:42:05.350"/>
</kw>
<kw name="Capture Page Screenshot" library="SeleniumLibrary">
<arg>CapOpButtonLogin1.png</arg>
<doc>Takes a screenshot of the current page and embeds it into a log file.</doc>
<msg timestamp="20230915 10:42:05.516" level="INFO" html="true">&lt;/td&gt;&lt;/tr&gt;&lt;tr&gt;&lt;td colspan="3"&gt;&lt;a href="CapOpButtonLogin1.png"&gt;&lt;img src="CapOpButtonLogin1.png" width="800px"&gt;&lt;/a&gt;</msg>
<status status="PASS" starttime="20230915 10:42:05.350" endtime="20230915 10:42:05.516"/>
</kw>
<kw name="Sleep" library="BuiltIn">
<arg>10s</arg>
<doc>Pauses the test executed for the given time.</doc>
<msg timestamp="20230915 10:42:15.518" level="INFO">Slept 10 seconds</msg>
<status status="PASS" starttime="20230915 10:42:05.516" endtime="20230915 10:42:15.519"/>
</kw>
<kw name="Get Element Count" library="SeleniumLibrary">
<var>${element_count}</var>
<arg>//*[text()='Try another way']</arg>
<doc>Returns the number of elements matching ``locator``.</doc>
<msg timestamp="20230915 10:42:15.536" level="INFO">${element_count} = 1</msg>
<status status="PASS" starttime="20230915 10:42:15.521" endtime="20230915 10:42:15.536"/>
</kw>
<kw name="Get Element Count" library="SeleniumLibrary">
<var>${element_count2}</var>
<arg>//*[contains(text(),'Get a verification code from the')]</arg>
<doc>Returns the number of elements matching ``locator``.</doc>
<msg timestamp="20230915 10:42:15.547" level="INFO">${element_count2} = 1</msg>
<status status="PASS" starttime="20230915 10:42:15.536" endtime="20230915 10:42:15.547"/>
</kw>
<kw name="Log To Console" library="BuiltIn">
<arg>countings</arg>
<doc>Logs the given message to the console.</doc>
<status status="PASS" starttime="20230915 10:42:15.547" endtime="20230915 10:42:15.547"/>
</kw>
<kw name="Log To Console" library="BuiltIn">
<arg>${element_count}</arg>
<doc>Logs the given message to the console.</doc>
<status status="PASS" starttime="20230915 10:42:15.547" endtime="20230915 10:42:15.547"/>
</kw>
<kw name="Log To Console" library="BuiltIn">
<arg>${element_count2}</arg>
<doc>Logs the given message to the console.</doc>
<status status="PASS" starttime="20230915 10:42:15.547" endtime="20230915 10:42:15.547"/>
</kw>
<if>
<branch type="IF" condition="${element_count2} &gt; 0">
<kw name="No Alternative" library="resource">
<kw name="Click Element" library="SeleniumLibrary">
<arg>//*[contains(text(),'Get a verification code from the')]</arg>
<doc>Click the element identified by ``locator``.</doc>
<msg timestamp="20230915 10:42:15.549" level="INFO">Clicking element '//*[contains(text(),'Get a verification code from the')]'.</msg>
<status status="PASS" starttime="20230915 10:42:15.548" endtime="20230915 10:42:15.577"/>
</kw>
<status status="PASS" starttime="20230915 10:42:15.548" endtime="20230915 10:42:15.577"/>
</kw>
<status status="PASS" starttime="20230915 10:42:15.548" endtime="20230915 10:42:15.577"/>
</branch>
<branch type="ELSE">
<kw name="Alternative" library="resource">
<status status="NOT RUN" starttime="20230915 10:42:15.577" endtime="20230915 10:42:15.577"/>
</kw>
<status status="NOT RUN" starttime="20230915 10:42:15.577" endtime="20230915 10:42:15.578"/>
</branch>
<status status="PASS" starttime="20230915 10:42:15.547" endtime="20230915 10:42:15.578"/>
</if>
<kw name="Sleep" library="BuiltIn">
<arg>3s</arg>
<doc>Pauses the test executed for the given time.</doc>
<msg timestamp="20230915 10:42:18.578" level="INFO">Slept 3 seconds</msg>
<status status="PASS" starttime="20230915 10:42:15.578" endtime="20230915 10:42:18.578"/>
</kw>
<kw name="Get Authenticator Code" library="resource">
<var>${code}</var>
<arg>kenneth</arg>
<doc>Authenticator needs to be set up for Google account</doc>
<kw name="Log To Console" library="BuiltIn">
<arg>${passphrase}</arg>
<doc>Logs the given message to the console.</doc>
<status status="PASS" starttime="20230915 10:42:18.580" endtime="20230915 10:42:18.580"/>
</kw>
<kw name="Run Process" library="Process">
<var>${result}</var>
<arg>echo ${passphrase} | authenticator --data /Users/kennethc@capc.com.sg/temenosrobot/ generate --refresh once</arg>
<arg>shell=TRUE</arg>
<doc>Runs a process and waits for it to complete.</doc>
<msg timestamp="20230915 10:42:18.582" level="INFO">Starting process:
echo kenneth | authenticator --data /Users/kennethc@capc.com.sg/temenosrobot/ generate --refresh once</msg>
<msg timestamp="20230915 10:42:18.591" level="INFO">Waiting for process to complete.</msg>
<msg timestamp="20230915 10:42:18.828" level="INFO">Process completed.</msg>
<msg timestamp="20230915 10:42:18.828" level="INFO">${result} = &lt;result object with rc 0&gt;</msg>
<status status="PASS" starttime="20230915 10:42:18.581" endtime="20230915 10:42:18.828"/>
</kw>
<kw name="Log To Console" library="BuiltIn">
<arg>test44</arg>
<doc>Logs the given message to the console.</doc>
<status status="PASS" starttime="20230915 10:42:18.828" endtime="20230915 10:42:18.828"/>
</kw>
<kw name="Log To Console" library="BuiltIn">
<arg>${result}</arg>
<doc>Logs the given message to the console.</doc>
<status status="PASS" starttime="20230915 10:42:18.828" endtime="20230915 10:42:18.828"/>
</kw>
<kw name="Get Regexp Matches" library="String">
<var>${match}</var>
<arg>${result.stdout}</arg>
<arg>kennethc@capc.com.sg: ([\\d]{6})</arg>
<arg>1</arg>
<doc>Returns a list of all non-overlapping matches in the given string.</doc>
<msg timestamp="20230915 10:42:18.829" level="INFO">${match} = ['980360']</msg>
<status status="PASS" starttime="20230915 10:42:18.828" endtime="20230915 10:42:18.829"/>
</kw>
<kw name="Log To Console" library="BuiltIn">
<arg>${match}[0]</arg>
<doc>Logs the given message to the console.</doc>
<status status="PASS" starttime="20230915 10:42:18.829" endtime="20230915 10:42:18.829"/>
</kw>
<msg timestamp="20230915 10:42:18.829" level="INFO">${code} = 980360</msg>
<status status="PASS" starttime="20230915 10:42:18.579" endtime="20230915 10:42:18.829"/>
</kw>
<kw name="Input Text" library="SeleniumLibrary">
<arg>//input[@type="tel"]</arg>
<arg>${code}</arg>
<doc>Types the given ``text`` into the text field identified by ``locator``.</doc>
<msg timestamp="20230915 10:42:18.829" level="INFO">Typing text '980360' into text field '//input[@type="tel"]'.</msg>
<status status="PASS" starttime="20230915 10:42:18.829" endtime="20230915 10:42:18.859"/>
</kw>
<kw name="Sleep" library="BuiltIn">
<arg>2s</arg>
<doc>Pauses the test executed for the given time.</doc>
<msg timestamp="20230915 10:42:20.860" level="INFO">Slept 2 seconds</msg>
<status status="PASS" starttime="20230915 10:42:18.859" endtime="20230915 10:42:20.860"/>
</kw>
<kw name="Click Element" library="SeleniumLibrary">
<arg>//*[@id="totpNext"]/div/button/span</arg>
<doc>Click the element identified by ``locator``.</doc>
<msg timestamp="20230915 10:42:20.862" level="INFO">Clicking element '//*[@id="totpNext"]/div/button/span'.</msg>
<status status="PASS" starttime="20230915 10:42:20.861" endtime="20230915 10:42:20.908"/>
</kw>
<kw name="Sleep" library="BuiltIn">
<arg>20s</arg>
<doc>Pauses the test executed for the given time.</doc>
<msg timestamp="20230915 10:42:40.910" level="INFO">Slept 20 seconds</msg>
<status status="PASS" starttime="20230915 10:42:20.908" endtime="20230915 10:42:40.910"/>
</kw>
<status status="PASS" starttime="20230915 10:41:52.516" endtime="20230915 10:42:40.910"/>
</kw>
<kw name="Input Text" library="SeleniumLibrary">
<arg>//*[@id='userId']</arg>
<arg>CapCLMC02</arg>
<doc>Types the given ``text`` into the text field identified by ``locator``.</doc>
<msg timestamp="20230915 10:42:40.912" level="INFO">Typing text 'CapCLMC02' into text field '//*[@id='userId']'.</msg>
<status status="PASS" starttime="20230915 10:42:40.911" endtime="20230915 10:42:40.957"/>
</kw>
<kw name="Click Element" library="SeleniumLibrary">
<arg>//*[@id='Logon']/p[3]/input</arg>
<doc>Click the element identified by ``locator``.</doc>
<msg timestamp="20230915 10:42:40.958" level="INFO">Clicking element '//*[@id='Logon']/p[3]/input'.</msg>
<status status="PASS" starttime="20230915 10:42:40.957" endtime="20230915 10:42:41.342"/>
</kw>
<kw name="Wait Until Page Contains Element" library="SeleniumLibrary">
<arg>//*[@class="tc-menu-trigger tc-header-icon icon-menu1 buttonClassSwitcher"]</arg>
<doc>Waits until the element ``locator`` appears on the current page.</doc>
<status status="PASS" starttime="20230915 10:42:41.343" endtime="20230915 10:42:45.410"/>
</kw>
<kw name="Sleep" library="BuiltIn">
<arg>5s</arg>
<doc>Pauses the test executed for the given time.</doc>
<msg timestamp="20230915 10:42:50.412" level="INFO">Slept 5 seconds</msg>
<status status="PASS" starttime="20230915 10:42:45.411" endtime="20230915 10:42:50.412"/>
</kw>
<kw name="Click Element" library="SeleniumLibrary">
<arg>//*[@class="tc-menu-trigger tc-header-icon icon-menu1 buttonClassSwitcher"]</arg>
<doc>Click the element identified by ``locator``.</doc>
<msg timestamp="20230915 10:42:50.414" level="INFO">Clicking element '//*[@class="tc-menu-trigger tc-header-icon icon-menu1 buttonClassSwitcher"]'.</msg>
<status status="PASS" starttime="20230915 10:42:50.413" endtime="20230915 10:42:50.736"/>
</kw>
<kw name="Wait Until Page Contains Element" library="SeleniumLibrary">
<arg>//*[contains(text(),'User Menu')]</arg>
<doc>Waits until the element ``locator`` appears on the current page.</doc>
<status status="PASS" starttime="20230915 10:42:50.736" endtime="20230915 10:42:50.744"/>
</kw>
<kw name="Click Element" library="SeleniumLibrary">
<arg>//*[contains(text(),'User Menu')]</arg>
<doc>Click the element identified by ``locator``.</doc>
<msg timestamp="20230915 10:42:50.744" level="INFO">Clicking element '//*[contains(text(),'User Menu')]'.</msg>
<status status="PASS" starttime="20230915 10:42:50.744" endtime="20230915 10:42:50.768"/>
</kw>
<kw name="Sleep" library="BuiltIn">
<arg>3s</arg>
<doc>Pauses the test executed for the given time.</doc>
<msg timestamp="20230915 10:42:53.770" level="INFO">Slept 3 seconds</msg>
<status status="PASS" starttime="20230915 10:42:50.768" endtime="20230915 10:42:53.770"/>
</kw>
<kw name="Wait Until Page Contains Element" library="SeleniumLibrary">
<arg>//*[contains(text(),'Retail Operations')]</arg>
<doc>Waits until the element ``locator`` appears on the current page.</doc>
<status status="PASS" starttime="20230915 10:42:53.771" endtime="20230915 10:42:53.788"/>
</kw>
<kw name="Sleep" library="BuiltIn">
<arg>3s</arg>
<doc>Pauses the test executed for the given time.</doc>
<msg timestamp="20230915 10:42:56.791" level="INFO">Slept 3 seconds</msg>
<status status="PASS" starttime="20230915 10:42:53.789" endtime="20230915 10:42:56.791"/>
</kw>
<kw name="Click Element" library="SeleniumLibrary">
<arg>(//*[contains(text(),'Retail Operations')])[1]</arg>
<doc>Click the element identified by ``locator``.</doc>
<msg timestamp="20230915 10:42:56.791" level="INFO">Clicking element '(//*[contains(text(),'Retail Operations')])[1]'.</msg>
<status status="PASS" starttime="20230915 10:42:56.791" endtime="20230915 10:42:56.820"/>
</kw>
<kw name="Sleep" library="BuiltIn">
<arg>3s</arg>
<doc>Pauses the test executed for the given time.</doc>
<msg timestamp="20230915 10:42:59.822" level="INFO">Slept 3 seconds</msg>
<status status="PASS" starttime="20230915 10:42:56.821" endtime="20230915 10:42:59.823"/>
</kw>
<kw name="Click Element" library="SeleniumLibrary">
<arg>//*[contains(text(),'Find Loan')]</arg>
<doc>Click the element identified by ``locator``.</doc>
<msg timestamp="20230915 10:42:59.825" level="INFO">Clicking element '//*[contains(text(),'Find Loan')]'.</msg>
<status status="PASS" starttime="20230915 10:42:59.823" endtime="20230915 10:43:00.455"/>
</kw>
<kw name="Sleep" library="BuiltIn">
<arg>5s</arg>
<doc>Pauses the test executed for the given time.</doc>
<msg timestamp="20230915 10:43:05.457" level="INFO">Slept 5 seconds</msg>
<status status="PASS" starttime="20230915 10:43:00.455" endtime="20230915 10:43:05.457"/>
</kw>
<kw name="Wait Until Page Contains Element" library="SeleniumLibrary">
<arg>//*[contains(text(),'Unauthorised')]</arg>
<doc>Waits until the element ``locator`` appears on the current page.</doc>
<status status="PASS" starttime="20230915 10:43:05.458" endtime="20230915 10:43:05.475"/>
</kw>
<kw name="Click Element" library="SeleniumLibrary">
<arg>//*[contains(text(),'Unauthorised')]</arg>
<doc>Click the element identified by ``locator``.</doc>
<msg timestamp="20230915 10:43:05.476" level="INFO">Clicking element '//*[contains(text(),'Unauthorised')]'.</msg>
<status status="PASS" starttime="20230915 10:43:05.475" endtime="20230915 10:43:05.518"/>
</kw>
<kw name="Sleep" library="BuiltIn">
<arg>3s</arg>
<doc>Pauses the test executed for the given time.</doc>
<msg timestamp="20230915 10:43:08.519" level="INFO">Slept 3 seconds</msg>
<status status="PASS" starttime="20230915 10:43:05.519" endtime="20230915 10:43:08.523"/>
</kw>
<kw name="Input Text" library="SeleniumLibrary">
<arg>(//*[@name='C1__C1__C1__C2__C1__ENQAAFINDARRANGEMENTNAUAL[1].SEARCHREQUEST[1].FILTERS[1].ARRANGEMENTID[1].OPERAND1'])[1]</arg>
<arg>${arrangementId}</arg>
<doc>Types the given ``text`` into the text field identified by ``locator``.</doc>
<msg timestamp="20230915 10:43:08.527" level="INFO">Typing text 'AA23255WGY2B' into text field '(//*[@name='C1__C1__C1__C2__C1__ENQAAFINDARRANGEMENTNAUAL[1].SEARCHREQUEST[1].FILTERS[1].ARRANGEMENTID[1].OPERAND1'])[1]'.</msg>
<status status="PASS" starttime="20230915 10:43:08.525" endtime="20230915 10:43:08.613"/>
</kw>
<kw name="Sleep" library="BuiltIn">
<arg>1s</arg>
<doc>Pauses the test executed for the given time.</doc>
<msg timestamp="20230915 10:43:09.614" level="INFO">Slept 1 second</msg>
<status status="PASS" starttime="20230915 10:43:08.613" endtime="20230915 10:43:09.614"/>
</kw>
<kw name="Click Element" library="SeleniumLibrary">
<arg>(//*[@title='Executes the query'])[2]</arg>
<doc>Click the element identified by ``locator``.</doc>
<msg timestamp="20230915 10:43:09.616" level="INFO">Clicking element '(//*[@title='Executes the query'])[2]'.</msg>
<status status="PASS" starttime="20230915 10:43:09.615" endtime="20230915 10:43:09.660"/>
</kw>
<kw name="Sleep" library="BuiltIn">
<arg>5s</arg>
<doc>Pauses the test executed for the given time.</doc>
<msg timestamp="20230915 10:43:14.662" level="INFO">Slept 5 seconds</msg>
<status status="PASS" starttime="20230915 10:43:09.660" endtime="20230915 10:43:14.663"/>
</kw>
<kw name="Click Element" library="SeleniumLibrary">
<arg>//*[@title="Overview"]</arg>
<doc>Click the element identified by ``locator``.</doc>
<msg timestamp="20230915 10:43:14.664" level="INFO">Clicking element '//*[@title="Overview"]'.</msg>
<status status="PASS" starttime="20230915 10:43:14.663" endtime="20230915 10:43:14.697"/>
</kw>
<kw name="Sleep" library="BuiltIn">
<arg>20s</arg>
<doc>Pauses the test executed for the given time.</doc>
<msg timestamp="20230915 10:43:34.698" level="INFO">Slept 20 seconds</msg>
<status status="PASS" starttime="20230915 10:43:14.697" endtime="20230915 10:43:34.698"/>
</kw>
<kw name="Get Window Handles" library="SeleniumLibrary">
<var>${handles}</var>
<doc>Returns all child window handles of the selected browser as a list.</doc>
<msg timestamp="20230915 10:43:34.705" level="INFO">${handles} = ['6DDB35E13DC0709044A8090F3B335E8E', '53B7C8C83C59E161F13498FD169843B7']</msg>
<status status="PASS" starttime="20230915 10:43:34.699" endtime="20230915 10:43:34.705"/>
</kw>
<kw name="Switch Window" library="SeleniumLibrary">
<arg>${handles}[1]</arg>
<doc>Switches to browser window matching ``locator``.</doc>
<status status="PASS" starttime="20230915 10:43:34.705" endtime="20230915 10:43:34.736"/>
</kw>
<kw name="Get Text" library="SeleniumLibrary">
<var>${accountID}</var>
<arg>(//*[@class="tc-default-input tc-rounded-1 tooltipUxp"])[2]</arg>
<doc>Returns the text value of the element identified by ``locator``.</doc>
<msg timestamp="20230915 10:43:34.758" level="INFO">${accountID} = Arrangement</msg>
<status status="PASS" starttime="20230915 10:43:34.736" endtime="20230915 10:43:34.758"/>
</kw>
<kw name="Select From List By Value" library="SeleniumLibrary">
<arg>//*[@id="C1__C2__C1__C2__C1__C5__C1__C1__C1__QUE_90482F6546516C671990584_R1"]</arg>
<arg>1</arg>
<doc>Selects options from selection list ``locator`` by ``values``.</doc>
<msg timestamp="20230915 10:43:34.759" level="INFO">Selecting options from selection list '//*[@id="C1__C2__C1__C2__C1__C5__C1__C1__C1__QUE_90482F6546516C671990584_R1"]' by value 1.</msg>
<status status="PASS" starttime="20230915 10:43:34.759" endtime="20230915 10:43:34.799"/>
</kw>
<kw name="Sleep" library="BuiltIn">
<arg>2s</arg>
<doc>Pauses the test executed for the given time.</doc>
<msg timestamp="20230915 10:43:36.800" level="INFO">Slept 2 seconds</msg>
<status status="PASS" starttime="20230915 10:43:34.799" endtime="20230915 10:43:36.800"/>
</kw>
<kw name="Click Element" library="SeleniumLibrary">
<arg>//*[@title="Launch"]</arg>
<doc>Click the element identified by ``locator``.</doc>
<msg timestamp="20230915 10:43:36.801" level="INFO">Clicking element '//*[@title="Launch"]'.</msg>
<status status="PASS" starttime="20230915 10:43:36.800" endtime="20230915 10:43:36.834"/>
</kw>
<kw name="Sleep" library="BuiltIn">
<arg>20s</arg>
<doc>Pauses the test executed for the given time.</doc>
<msg timestamp="20230915 10:43:56.837" level="INFO">Slept 20 seconds</msg>
<status status="PASS" starttime="20230915 10:43:36.834" endtime="20230915 10:43:56.837"/>
</kw>
<kw name="Get Window Handles" library="SeleniumLibrary">
<var>${handles}</var>
<doc>Returns all child window handles of the selected browser as a list.</doc>
<msg timestamp="20230915 10:43:56.842" level="INFO">${handles} = ['6DDB35E13DC0709044A8090F3B335E8E', '53B7C8C83C59E161F13498FD169843B7', '7684F95173496DA160133A84FB214B6C']</msg>
<status status="PASS" starttime="20230915 10:43:56.837" endtime="20230915 10:43:56.842"/>
</kw>
<kw name="Switch Window" library="SeleniumLibrary">
<arg>${handles}[2]</arg>
<doc>Switches to browser window matching ``locator``.</doc>
<status status="PASS" starttime="20230915 10:43:56.842" endtime="20230915 10:43:56.904"/>
</kw>
<kw name="Click Element" library="SeleniumLibrary">
<arg>//*[@title="Authorise"]</arg>
<doc>Click the element identified by ``locator``.</doc>
<msg timestamp="20230915 10:43:56.905" level="INFO">Clicking element '//*[@title="Authorise"]'.</msg>
<status status="PASS" starttime="20230915 10:43:56.904" endtime="20230915 10:43:56.961"/>
</kw>
<kw name="Sleep" library="BuiltIn">
<arg>20s</arg>
<doc>Pauses the test executed for the given time.</doc>
<msg timestamp="20230915 10:44:16.962" level="INFO">Slept 20 seconds</msg>
<status status="PASS" starttime="20230915 10:43:56.961" endtime="20230915 10:44:16.962"/>
</kw>
<kw name="Close All Browsers" library="SeleniumLibrary">
<doc>Closes all open browsers and resets the browser cache.</doc>
<status status="PASS" starttime="20230915 10:44:16.962" endtime="20230915 10:44:17.091"/>
</kw>
<kw name="Google Log In" library="resource">
<kw name="Open Browser" library="SeleniumLibrary">
<arg>${Borrower}</arg>
<arg>Chrome</arg>
<doc>Opens a new browser instance to the optional ``url``.</doc>
<msg timestamp="20230915 10:44:17.092" level="INFO">Opening browser 'Chrome' to base url 'https://temenosdev.capcfintech.com/Browser/'.</msg>
<status status="PASS" starttime="20230915 10:44:17.091" endtime="20230915 10:44:19.306"/>
</kw>
<kw name="Maximize Browser Window" library="SeleniumLibrary">
<doc>Maximizes current browser window.</doc>
<status status="PASS" starttime="20230915 10:44:19.307" endtime="20230915 10:44:19.719"/>
</kw>
<kw name="Sleep" library="BuiltIn">
<arg>2s</arg>
<doc>Pauses the test executed for the given time.</doc>
<msg timestamp="20230915 10:44:21.721" level="INFO">Slept 2 seconds</msg>
<status status="PASS" starttime="20230915 10:44:19.719" endtime="20230915 10:44:21.721"/>
</kw>
<kw name="Click Element" library="SeleniumLibrary">
<arg>//*[@id='idp1']/div[1]</arg>
<doc>Click the element identified by ``locator``.</doc>
<msg timestamp="20230915 10:44:21.722" level="INFO">Clicking element '//*[@id='idp1']/div[1]'.</msg>
<status status="PASS" starttime="20230915 10:44:21.721" endtime="20230915 10:44:22.823"/>
</kw>
<kw name="Wait Until Page Contains Element" library="SeleniumLibrary">
<arg>//*[@id="identifierId"]</arg>
<doc>Waits until the element ``locator`` appears on the current page.</doc>
<status status="PASS" starttime="20230915 10:44:22.823" endtime="20230915 10:44:22.849"/>
</kw>
<kw name="Sleep" library="BuiltIn">
<arg>2s</arg>
<doc>Pauses the test executed for the given time.</doc>
<msg timestamp="20230915 10:44:24.850" level="INFO">Slept 2 seconds</msg>
<status status="PASS" starttime="20230915 10:44:22.850" endtime="20230915 10:44:24.850"/>
</kw>
<kw name="Input Text" library="SeleniumLibrary">
<arg>//*[@id ="identifierId"]</arg>
<arg>kennethc@capc.com.sg</arg>
<doc>Types the given ``text`` into the text field identified by ``locator``.</doc>
<msg timestamp="20230915 10:44:24.852" level="INFO">Typing text 'kennethc@capc.com.sg' into text field '//*[@id ="identifierId"]'.</msg>
<status status="PASS" starttime="20230915 10:44:24.851" endtime="20230915 10:44:25.000"/>
</kw>
<kw name="Click Element" library="SeleniumLibrary">
<arg>//*[@id="identifierNext"]/div/button/span</arg>
<doc>Click the element identified by ``locator``.</doc>
<msg timestamp="20230915 10:44:25.000" level="INFO">Clicking element '//*[@id="identifierNext"]/div/button/span'.</msg>
<status status="PASS" starttime="20230915 10:44:25.000" endtime="20230915 10:44:25.188"/>
</kw>
<kw name="Sleep" library="BuiltIn">
<arg>2s</arg>
<doc>Pauses the test executed for the given time.</doc>
<msg timestamp="20230915 10:44:27.189" level="INFO">Slept 2 seconds</msg>
<status status="PASS" starttime="20230915 10:44:25.188" endtime="20230915 10:44:27.189"/>
</kw>
<kw name="Capture Page Screenshot" library="SeleniumLibrary">
<arg>OpsAddPartner004.png</arg>
<doc>Takes a screenshot of the current page and embeds it into a log file.</doc>
<msg timestamp="20230915 10:44:27.350" level="INFO" html="true">&lt;/td&gt;&lt;/tr&gt;&lt;tr&gt;&lt;td colspan="3"&gt;&lt;a href="OpsAddPartner004.png"&gt;&lt;img src="OpsAddPartner004.png" width="800px"&gt;&lt;/a&gt;</msg>
<status status="PASS" starttime="20230915 10:44:27.189" endtime="20230915 10:44:27.350"/>
</kw>
<kw name="Wait Until Page Contains Element" library="SeleniumLibrary">
<arg>//*[@id="password"]/div[1]/div/div[1]/input</arg>
<doc>Waits until the element ``locator`` appears on the current page.</doc>
<status status="PASS" starttime="20230915 10:44:27.350" endtime="20230915 10:44:27.356"/>
</kw>
<kw name="Sleep" library="BuiltIn">
<arg>2s</arg>
<doc>Pauses the test executed for the given time.</doc>
<msg timestamp="20230915 10:44:29.357" level="INFO">Slept 2 seconds</msg>
<status status="PASS" starttime="20230915 10:44:27.356" endtime="20230915 10:44:29.358"/>
</kw>
<kw name="Input Text" library="SeleniumLibrary">
<arg>//*[@id="password"]/div[1]/div/div[1]/input</arg>
<arg>Y2kuniontpjcred!</arg>
<doc>Types the given ``text`` into the text field identified by ``locator``.</doc>
<msg timestamp="20230915 10:44:29.359" level="INFO">Typing text 'Y2kuniontpjcred!' into text field '//*[@id="password"]/div[1]/div/div[1]/input'.</msg>
<status status="PASS" starttime="20230915 10:44:29.358" endtime="20230915 10:44:29.422"/>
</kw>
<kw name="Click Element" library="SeleniumLibrary">
<arg>//*[@id="passwordNext"]/div/button/span</arg>
<doc>Click the element identified by ``locator``.</doc>
<msg timestamp="20230915 10:44:29.422" level="INFO">Clicking element '//*[@id="passwordNext"]/div/button/span'.</msg>
<status status="PASS" starttime="20230915 10:44:29.422" endtime="20230915 10:44:29.464"/>
</kw>
<kw name="Capture Page Screenshot" library="SeleniumLibrary">
<arg>CapOpButtonLogin1.png</arg>
<doc>Takes a screenshot of the current page and embeds it into a log file.</doc>
<msg timestamp="20230915 10:44:29.635" level="INFO" html="true">&lt;/td&gt;&lt;/tr&gt;&lt;tr&gt;&lt;td colspan="3"&gt;&lt;a href="CapOpButtonLogin1.png"&gt;&lt;img src="CapOpButtonLogin1.png" width="800px"&gt;&lt;/a&gt;</msg>
<status status="PASS" starttime="20230915 10:44:29.464" endtime="20230915 10:44:29.635"/>
</kw>
<kw name="Sleep" library="BuiltIn">
<arg>10s</arg>
<doc>Pauses the test executed for the given time.</doc>
<msg timestamp="20230915 10:44:39.635" level="INFO">Slept 10 seconds</msg>
<status status="PASS" starttime="20230915 10:44:29.635" endtime="20230915 10:44:39.636"/>
</kw>
<kw name="Get Element Count" library="SeleniumLibrary">
<var>${element_count}</var>
<arg>//*[text()='Try another way']</arg>
<doc>Returns the number of elements matching ``locator``.</doc>
<msg timestamp="20230915 10:44:39.650" level="INFO">${element_count} = 1</msg>
<status status="PASS" starttime="20230915 10:44:39.636" endtime="20230915 10:44:39.650"/>
</kw>
<kw name="Get Element Count" library="SeleniumLibrary">
<var>${element_count2}</var>
<arg>//*[contains(text(),'Get a verification code from the')]</arg>
<doc>Returns the number of elements matching ``locator``.</doc>
<msg timestamp="20230915 10:44:39.657" level="INFO">${element_count2} = 1</msg>
<status status="PASS" starttime="20230915 10:44:39.650" endtime="20230915 10:44:39.659"/>
</kw>
<kw name="Log To Console" library="BuiltIn">
<arg>countings</arg>
<doc>Logs the given message to the console.</doc>
<status status="PASS" starttime="20230915 10:44:39.659" endtime="20230915 10:44:39.659"/>
</kw>
<kw name="Log To Console" library="BuiltIn">
<arg>${element_count}</arg>
<doc>Logs the given message to the console.</doc>
<status status="PASS" starttime="20230915 10:44:39.659" endtime="20230915 10:44:39.659"/>
</kw>
<kw name="Log To Console" library="BuiltIn">
<arg>${element_count2}</arg>
<doc>Logs the given message to the console.</doc>
<status status="PASS" starttime="20230915 10:44:39.659" endtime="20230915 10:44:39.660"/>
</kw>
<if>
<branch type="IF" condition="${element_count2} &gt; 0">
<kw name="No Alternative" library="resource">
<kw name="Click Element" library="SeleniumLibrary">
<arg>//*[contains(text(),'Get a verification code from the')]</arg>
<doc>Click the element identified by ``locator``.</doc>
<msg timestamp="20230915 10:44:39.666" level="INFO">Clicking element '//*[contains(text(),'Get a verification code from the')]'.</msg>
<status status="PASS" starttime="20230915 10:44:39.666" endtime="20230915 10:44:39.690"/>
</kw>
<status status="PASS" starttime="20230915 10:44:39.666" endtime="20230915 10:44:39.690"/>
</kw>
<status status="PASS" starttime="20230915 10:44:39.660" endtime="20230915 10:44:39.690"/>
</branch>
<branch type="ELSE">
<kw name="Alternative" library="resource">
<status status="NOT RUN" starttime="20230915 10:44:39.690" endtime="20230915 10:44:39.690"/>
</kw>
<status status="NOT RUN" starttime="20230915 10:44:39.690" endtime="20230915 10:44:39.690"/>
</branch>
<status status="PASS" starttime="20230915 10:44:39.660" endtime="20230915 10:44:39.690"/>
</if>
<kw name="Sleep" library="BuiltIn">
<arg>3s</arg>
<doc>Pauses the test executed for the given time.</doc>
<msg timestamp="20230915 10:44:42.693" level="INFO">Slept 3 seconds</msg>
<status status="PASS" starttime="20230915 10:44:39.690" endtime="20230915 10:44:42.694"/>
</kw>
<kw name="Get Authenticator Code" library="resource">
<var>${code}</var>
<arg>kenneth</arg>
<doc>Authenticator needs to be set up for Google account</doc>
<kw name="Log To Console" library="BuiltIn">
<arg>${passphrase}</arg>
<doc>Logs the given message to the console.</doc>
<status status="PASS" starttime="20230915 10:44:42.695" endtime="20230915 10:44:42.696"/>
</kw>
<kw name="Run Process" library="Process">
<var>${result}</var>
<arg>echo ${passphrase} | authenticator --data /Users/kennethc@capc.com.sg/temenosrobot/ generate --refresh once</arg>
<arg>shell=TRUE</arg>
<doc>Runs a process and waits for it to complete.</doc>
<msg timestamp="20230915 10:44:42.697" level="INFO">Starting process:
echo kenneth | authenticator --data /Users/kennethc@capc.com.sg/temenosrobot/ generate --refresh once</msg>
<msg timestamp="20230915 10:44:42.713" level="INFO">Waiting for process to complete.</msg>
<msg timestamp="20230915 10:44:43.543" level="INFO">Process completed.</msg>
<msg timestamp="20230915 10:44:43.543" level="INFO">${result} = &lt;result object with rc 0&gt;</msg>
<status status="PASS" starttime="20230915 10:44:42.696" endtime="20230915 10:44:43.543"/>
</kw>
<kw name="Log To Console" library="BuiltIn">
<arg>test44</arg>
<doc>Logs the given message to the console.</doc>
<status status="PASS" starttime="20230915 10:44:43.543" endtime="20230915 10:44:43.544"/>
</kw>
<kw name="Log To Console" library="BuiltIn">
<arg>${result}</arg>
<doc>Logs the given message to the console.</doc>
<status status="PASS" starttime="20230915 10:44:43.544" endtime="20230915 10:44:43.544"/>
</kw>
<kw name="Get Regexp Matches" library="String">
<var>${match}</var>
<arg>${result.stdout}</arg>
<arg>kennethc@capc.com.sg: ([\\d]{6})</arg>
<arg>1</arg>
<doc>Returns a list of all non-overlapping matches in the given string.</doc>
<msg timestamp="20230915 10:44:43.544" level="INFO">${match} = ['269113']</msg>
<status status="PASS" starttime="20230915 10:44:43.544" endtime="20230915 10:44:43.544"/>
</kw>
<kw name="Log To Console" library="BuiltIn">
<arg>${match}[0]</arg>
<doc>Logs the given message to the console.</doc>
<status status="PASS" starttime="20230915 10:44:43.544" endtime="20230915 10:44:43.544"/>
</kw>
<msg timestamp="20230915 10:44:43.544" level="INFO">${code} = 269113</msg>
<status status="PASS" starttime="20230915 10:44:42.694" endtime="20230915 10:44:43.544"/>
</kw>
<kw name="Input Text" library="SeleniumLibrary">
<arg>//input[@type="tel"]</arg>
<arg>${code}</arg>
<doc>Types the given ``text`` into the text field identified by ``locator``.</doc>
<msg timestamp="20230915 10:44:43.545" level="INFO">Typing text '269113' into text field '//input[@type="tel"]'.</msg>
<status status="PASS" starttime="20230915 10:44:43.544" endtime="20230915 10:44:43.576"/>
</kw>
<kw name="Sleep" library="BuiltIn">
<arg>2s</arg>
<doc>Pauses the test executed for the given time.</doc>
<msg timestamp="20230915 10:44:45.579" level="INFO">Slept 2 seconds</msg>
<status status="PASS" starttime="20230915 10:44:43.577" endtime="20230915 10:44:45.580"/>
</kw>
<kw name="Click Element" library="SeleniumLibrary">
<arg>//*[@id="totpNext"]/div/button/span</arg>
<doc>Click the element identified by ``locator``.</doc>
<msg timestamp="20230915 10:44:45.582" level="INFO">Clicking element '//*[@id="totpNext"]/div/button/span'.</msg>
<status status="PASS" starttime="20230915 10:44:45.580" endtime="20230915 10:44:45.620"/>
</kw>
<kw name="Sleep" library="BuiltIn">
<arg>20s</arg>
<doc>Pauses the test executed for the given time.</doc>
<msg timestamp="20230915 10:45:05.622" level="INFO">Slept 20 seconds</msg>
<status status="PASS" starttime="20230915 10:44:45.620" endtime="20230915 10:45:05.623"/>
</kw>
<status status="PASS" starttime="20230915 10:44:17.091" endtime="20230915 10:45:05.623"/>
</kw>
<kw name="Input Text" library="SeleniumLibrary">
<arg>//*[@id='userId']</arg>
<arg>CapCLMC01</arg>
<doc>Types the given ``text`` into the text field identified by ``locator``.</doc>
<msg timestamp="20230915 10:45:05.623" level="INFO">Typing text 'CapCLMC01' into text field '//*[@id='userId']'.</msg>
<status status="PASS" starttime="20230915 10:45:05.623" endtime="20230915 10:45:05.668"/>
</kw>
<kw name="Click Element" library="SeleniumLibrary">
<arg>//*[@id='Logon']/p[3]/input</arg>
<doc>Click the element identified by ``locator``.</doc>
<msg timestamp="20230915 10:45:05.668" level="INFO">Clicking element '//*[@id='Logon']/p[3]/input'.</msg>
<status status="PASS" starttime="20230915 10:45:05.668" endtime="20230915 10:45:09.671"/>
</kw>
<kw name="Wait Until Page Contains Element" library="SeleniumLibrary">
<arg>//*[@class="tc-menu-trigger tc-header-icon icon-menu1 buttonClassSwitcher"]</arg>
<doc>Waits until the element ``locator`` appears on the current page.</doc>
<status status="PASS" starttime="20230915 10:45:09.671" endtime="20230915 10:45:09.890"/>
</kw>
<kw name="Sleep" library="BuiltIn">
<arg>5s</arg>
<doc>Pauses the test executed for the given time.</doc>
<msg timestamp="20230915 10:45:14.892" level="INFO">Slept 5 seconds</msg>
<status status="PASS" starttime="20230915 10:45:09.890" endtime="20230915 10:45:14.892"/>
</kw>
<kw name="Click Element" library="SeleniumLibrary">
<arg>//*[@class="tc-menu-trigger tc-header-icon icon-menu1 buttonClassSwitcher"]</arg>
<doc>Click the element identified by ``locator``.</doc>
<msg timestamp="20230915 10:45:14.893" level="INFO">Clicking element '//*[@class="tc-menu-trigger tc-header-icon icon-menu1 buttonClassSwitcher"]'.</msg>
<status status="PASS" starttime="20230915 10:45:14.892" endtime="20230915 10:45:14.923"/>
</kw>
<kw name="Wait Until Page Contains Element" library="SeleniumLibrary">
<arg>//*[contains(text(),'User Menu')]</arg>
<doc>Waits until the element ``locator`` appears on the current page.</doc>
<status status="PASS" starttime="20230915 10:45:14.924" endtime="20230915 10:45:15.461"/>
</kw>
<kw name="Click Element" library="SeleniumLibrary">
<arg>//*[contains(text(),'User Menu')]</arg>
<doc>Click the element identified by ``locator``.</doc>
<msg timestamp="20230915 10:45:15.462" level="INFO">Clicking element '//*[contains(text(),'User Menu')]'.</msg>
<status status="PASS" starttime="20230915 10:45:15.461" endtime="20230915 10:45:15.492"/>
</kw>
<kw name="Sleep" library="BuiltIn">
<arg>3s</arg>
<doc>Pauses the test executed for the given time.</doc>
<msg timestamp="20230915 10:45:18.493" level="INFO">Slept 3 seconds</msg>
<status status="PASS" starttime="20230915 10:45:15.492" endtime="20230915 10:45:18.493"/>
</kw>
<kw name="Wait Until Page Contains Element" library="SeleniumLibrary">
<arg>//*[contains(text(),'Retail Operations')]</arg>
<doc>Waits until the element ``locator`` appears on the current page.</doc>
<status status="PASS" starttime="20230915 10:45:18.493" endtime="20230915 10:45:18.506"/>
</kw>
<kw name="Sleep" library="BuiltIn">
<arg>3s</arg>
<doc>Pauses the test executed for the given time.</doc>
<msg timestamp="20230915 10:45:21.508" level="INFO">Slept 3 seconds</msg>
<status status="PASS" starttime="20230915 10:45:18.506" endtime="20230915 10:45:21.508"/>
</kw>
<kw name="Click Element" library="SeleniumLibrary">
<arg>(//*[contains(text(),'Retail Operations')])[1]</arg>
<doc>Click the element identified by ``locator``.</doc>
<msg timestamp="20230915 10:45:21.509" level="INFO">Clicking element '(//*[contains(text(),'Retail Operations')])[1]'.</msg>
<status status="PASS" starttime="20230915 10:45:21.508" endtime="20230915 10:45:21.544"/>
</kw>
<kw name="Sleep" library="BuiltIn">
<arg>3s</arg>
<doc>Pauses the test executed for the given time.</doc>
<msg timestamp="20230915 10:45:24.545" level="INFO">Slept 3 seconds</msg>
<status status="PASS" starttime="20230915 10:45:21.544" endtime="20230915 10:45:24.545"/>
</kw>
<kw name="Click Element" library="SeleniumLibrary">
<arg>(//*[contains(text(),"Funds Transfer")])[1]</arg>
<doc>Click the element identified by ``locator``.</doc>
<msg timestamp="20230915 10:45:24.546" level="INFO">Clicking element '(//*[contains(text(),"Funds Transfer")])[1]'.</msg>
<status status="PASS" starttime="20230915 10:45:24.546" endtime="20230915 10:45:24.587"/>
</kw>
<kw name="Sleep" library="BuiltIn">
<arg>2s</arg>
<doc>Pauses the test executed for the given time.</doc>
<msg timestamp="20230915 10:45:26.588" level="INFO">Slept 2 seconds</msg>
<status status="PASS" starttime="20230915 10:45:24.587" endtime="20230915 10:45:26.588"/>
</kw>
<kw name="Click Element" library="SeleniumLibrary">
<arg>//*[@t24cmd="FUNDS.TRANSFER,AA.ACDI I F3"]</arg>
<doc>Click the element identified by ``locator``.</doc>
<msg timestamp="20230915 10:45:26.589" level="INFO">Clicking element '//*[@t24cmd="FUNDS.TRANSFER,AA.ACDI I F3"]'.</msg>
<status status="PASS" starttime="20230915 10:45:26.588" endtime="20230915 10:45:27.509"/>
</kw>
<kw name="Sleep" library="BuiltIn">
<arg>10s</arg>
<doc>Pauses the test executed for the given time.</doc>
<msg timestamp="20230915 10:45:37.511" level="INFO">Slept 10 seconds</msg>
<status status="PASS" starttime="20230915 10:45:27.510" endtime="20230915 10:45:37.512"/>
</kw>
<kw name="Input Text" library="SeleniumLibrary">
<arg>//*[@id="C1__C2__C1__C1__C1__QUE_--FUNDS-TRANSFER--DEBIT-ACCT-NO--"]</arg>
<arg>${arrangementId}</arg>
<doc>Types the given ``text`` into the text field identified by ``locator``.</doc>
<msg timestamp="20230915 10:45:37.514" level="INFO">Typing text 'AA23255WGY2B' into text field '//*[@id="C1__C2__C1__C1__C1__QUE_--FUNDS-TRANSFER--DEBIT-ACCT-NO--"]'.</msg>
<status status="PASS" starttime="20230915 10:45:37.512" endtime="20230915 10:45:37.656"/>
</kw>
<kw name="Input Text" library="SeleniumLibrary">
<arg>//*[@id="C1__C2__C1__C1__C1__QUE_--FUNDS-TRANSFER--DEBIT-CURRENCY--"]</arg>
<arg>SGD</arg>
<doc>Types the given ``text`` into the text field identified by ``locator``.</doc>
<msg timestamp="20230915 10:45:37.657" level="INFO">Typing text 'SGD' into text field '//*[@id="C1__C2__C1__C1__C1__QUE_--FUNDS-TRANSFER--DEBIT-CURRENCY--"]'.</msg>
<status status="PASS" starttime="20230915 10:45:37.656" endtime="20230915 10:45:37.806"/>
</kw>
<kw name="Input Text" library="SeleniumLibrary">
<arg>//*[@id="C1__C2__C1__C1__C1__QUE_--FUNDS-TRANSFER--DEBIT-AMOUNT--"]</arg>
<arg>10T</arg>
<doc>Types the given ``text`` into the text field identified by ``locator``.</doc>
<msg timestamp="20230915 10:45:37.806" level="INFO">Typing text '10T' into text field '//*[@id="C1__C2__C1__C1__C1__QUE_--FUNDS-TRANSFER--DEBIT-AMOUNT--"]'.</msg>
<status status="PASS" starttime="20230915 10:45:37.806" endtime="20230915 10:45:38.003"/>
</kw>
<kw name="Input Text" library="SeleniumLibrary">
<arg>//*[@id="C1__C2__C1__C1__C1__QUE_--FUNDS-TRANSFER--CREDIT-ACCT-NO--"]</arg>
<arg>SGD100010001</arg>
<doc>Types the given ``text`` into the text field identified by ``locator``.</doc>
<msg timestamp="20230915 10:45:38.004" level="INFO">Typing text 'SGD100010001' into text field '//*[@id="C1__C2__C1__C1__C1__QUE_--FUNDS-TRANSFER--CREDIT-ACCT-NO--"]'.</msg>
<status status="PASS" starttime="20230915 10:45:38.003" endtime="20230915 10:45:38.073"/>
</kw>
<kw name="Sleep" library="BuiltIn">
<arg>5s</arg>
<doc>Pauses the test executed for the given time.</doc>
<msg timestamp="20230915 10:45:43.074" level="INFO">Slept 5 seconds</msg>
<status status="PASS" starttime="20230915 10:45:38.073" endtime="20230915 10:45:43.075"/>
</kw>
<kw name="Click Element" library="SeleniumLibrary">
<arg>(//*[@title='Validate'])[1]</arg>
<doc>Click the element identified by ``locator``.</doc>
<msg timestamp="20230915 10:45:43.076" level="INFO">Clicking element '(//*[@title='Validate'])[1]'.</msg>
<status status="PASS" starttime="20230915 10:45:43.075" endtime="20230915 10:45:43.124"/>
</kw>
<kw name="Sleep" library="BuiltIn">
<arg>20s</arg>
<doc>Pauses the test executed for the given time.</doc>
<msg timestamp="20230915 10:46:03.126" level="INFO">Slept 20 seconds</msg>
<status status="PASS" starttime="20230915 10:45:43.124" endtime="20230915 10:46:03.126"/>
</kw>
<kw name="Click Element" library="SeleniumLibrary">
<arg>(//*[@title="Commit"])[1]</arg>
<doc>Click the element identified by ``locator``.</doc>
<msg timestamp="20230915 10:46:03.127" level="INFO">Clicking element '(//*[@title="Commit"])[1]'.</msg>
<status status="PASS" starttime="20230915 10:46:03.126" endtime="20230915 10:46:03.165"/>
</kw>
<kw name="Sleep" library="BuiltIn">
<arg>20s</arg>
<doc>Pauses the test executed for the given time.</doc>
<msg timestamp="20230915 10:46:23.167" level="INFO">Slept 20 seconds</msg>
<status status="PASS" starttime="20230915 10:46:03.166" endtime="20230915 10:46:23.167"/>
</kw>
<kw name="Log To Console" library="BuiltIn">
<arg>It is here</arg>
<doc>Logs the given message to the console.</doc>
<status status="PASS" starttime="20230915 10:46:23.168" endtime="20230915 10:46:23.168"/>
</kw>
<kw name="Click Element" library="SeleniumLibrary">
<arg>//*[@title="Accept"]</arg>
<doc>Click the element identified by ``locator``.</doc>
<msg timestamp="20230915 10:46:23.168" level="INFO">Clicking element '//*[@title="Accept"]'.</msg>
<status status="PASS" starttime="20230915 10:46:23.168" endtime="20230915 10:46:23.205"/>
</kw>
<kw name="Sleep" library="BuiltIn">
<arg>2s</arg>
<doc>Pauses the test executed for the given time.</doc>
<msg timestamp="20230915 10:46:25.207" level="INFO">Slept 2 seconds</msg>
<status status="PASS" starttime="20230915 10:46:23.205" endtime="20230915 10:46:25.207"/>
</kw>
<kw name="Sleep" library="BuiltIn">
<arg>20s</arg>
<doc>Pauses the test executed for the given time.</doc>
<msg timestamp="20230915 10:46:45.211" level="INFO">Slept 20 seconds</msg>
<status status="PASS" starttime="20230915 10:46:25.208" endtime="20230915 10:46:45.213"/>
</kw>
<kw name="Close All Browsers" library="SeleniumLibrary">
<doc>Closes all open browsers and resets the browser cache.</doc>
<status status="PASS" starttime="20230915 10:46:45.214" endtime="20230915 10:46:45.400"/>
</kw>
<kw name="FireFox Google Log In" library="resource">
<kw name="Open Browser" library="SeleniumLibrary">
<arg>${Borrower}</arg>
<arg>Firefox</arg>
<doc>Opens a new browser instance to the optional ``url``.</doc>
<msg timestamp="20230915 10:46:45.402" level="INFO">Opening browser 'Firefox' to base url 'https://temenosdev.capcfintech.com/Browser/'.</msg>
<msg timestamp="20230915 10:46:45.406" level="INFO">Firefox driver log is always forced to to: /Users/kennethc@capc.com.sg/temenosrobot/geckodriver-8.log</msg>
<msg timestamp="20230915 10:46:45.408" level="INFO">Executing: /Library/Frameworks/Python.framework/Versions/3.11/lib/python3.11/site-packages/selenium/webdriver/common/macos/selenium-manager --browser firefox --output json</msg>
<status status="PASS" starttime="20230915 10:46:45.401" endtime="20230915 10:46:53.771"/>
</kw>
<kw name="Maximize Browser Window" library="SeleniumLibrary">
<doc>Maximizes current browser window.</doc>
<status status="PASS" starttime="20230915 10:46:53.772" endtime="20230915 10:46:54.267"/>
</kw>
<kw name="Sleep" library="BuiltIn">
<arg>2s</arg>
<doc>Pauses the test executed for the given time.</doc>
<msg timestamp="20230915 10:46:56.269" level="INFO">Slept 2 seconds</msg>
<status status="PASS" starttime="20230915 10:46:54.267" endtime="20230915 10:46:56.270"/>
</kw>
<kw name="Click Element" library="SeleniumLibrary">
<arg>//*[@id='idp1']/div[1]</arg>
<doc>Click the element identified by ``locator``.</doc>
<msg timestamp="20230915 10:46:56.271" level="INFO">Clicking element '//*[@id='idp1']/div[1]'.</msg>
<status status="PASS" starttime="20230915 10:46:56.270" endtime="20230915 10:46:57.799"/>
</kw>
<kw name="Wait Until Page Contains Element" library="SeleniumLibrary">
<arg>//*[@id="identifierId"]</arg>
<doc>Waits until the element ``locator`` appears on the current page.</doc>
<status status="PASS" starttime="20230915 10:46:57.799" endtime="20230915 10:46:57.900"/>
</kw>
<kw name="Sleep" library="BuiltIn">
<arg>2s</arg>
<doc>Pauses the test executed for the given time.</doc>
<msg timestamp="20230915 10:46:59.902" level="INFO">Slept 2 seconds</msg>
<status status="PASS" starttime="20230915 10:46:57.900" endtime="20230915 10:46:59.902"/>
</kw>
<kw name="Input Text" library="SeleniumLibrary">
<arg>//*[@id ="identifierId"]</arg>
<arg>kennethc@capc.com.sg</arg>
<doc>Types the given ``text`` into the text field identified by ``locator``.</doc>
<msg timestamp="20230915 10:46:59.903" level="INFO">Typing text 'kennethc@capc.com.sg' into text field '//*[@id ="identifierId"]'.</msg>
<status status="PASS" starttime="20230915 10:46:59.902" endtime="20230915 10:46:59.940"/>
</kw>
<kw name="Click Element" library="SeleniumLibrary">
<arg>//*[@id="identifierNext"]/div/button/span</arg>
<doc>Click the element identified by ``locator``.</doc>
<msg timestamp="20230915 10:46:59.940" level="INFO">Clicking element '//*[@id="identifierNext"]/div/button/span'.</msg>
<status status="PASS" starttime="20230915 10:46:59.940" endtime="20230915 10:47:00.294"/>
</kw>
<kw name="Sleep" library="BuiltIn">
<arg>2s</arg>
<doc>Pauses the test executed for the given time.</doc>
<msg timestamp="20230915 10:47:02.297" level="INFO">Slept 2 seconds</msg>
<status status="PASS" starttime="20230915 10:47:00.294" endtime="20230915 10:47:02.298"/>
</kw>
<kw name="Capture Page Screenshot" library="SeleniumLibrary">
<arg>OpsAddPartner004.png</arg>
<doc>Takes a screenshot of the current page and embeds it into a log file.</doc>
<msg timestamp="20230915 10:47:02.362" level="INFO" html="true">&lt;/td&gt;&lt;/tr&gt;&lt;tr&gt;&lt;td colspan="3"&gt;&lt;a href="OpsAddPartner004.png"&gt;&lt;img src="OpsAddPartner004.png" width="800px"&gt;&lt;/a&gt;</msg>
<status status="PASS" starttime="20230915 10:47:02.298" endtime="20230915 10:47:02.362"/>
</kw>
<kw name="Wait Until Page Contains Element" library="SeleniumLibrary">
<arg>//*[@id="password"]/div[1]/div/div[1]/input</arg>
<doc>Waits until the element ``locator`` appears on the current page.</doc>
<status status="PASS" starttime="20230915 10:47:02.362" endtime="20230915 10:47:02.366"/>
</kw>
<kw name="Sleep" library="BuiltIn">
<arg>2s</arg>
<doc>Pauses the test executed for the given time.</doc>
<msg timestamp="20230915 10:47:04.366" level="INFO">Slept 2 seconds</msg>
<status status="PASS" starttime="20230915 10:47:02.366" endtime="20230915 10:47:04.366"/>
</kw>
<kw name="Input Text" library="SeleniumLibrary">
<arg>//*[@id="password"]/div[1]/div/div[1]/input</arg>
<arg>Y2kuniontpjcred!</arg>
<doc>Types the given ``text`` into the text field identified by ``locator``.</doc>
<msg timestamp="20230915 10:47:04.368" level="INFO">Typing text 'Y2kuniontpjcred!' into text field '//*[@id="password"]/div[1]/div/div[1]/input'.</msg>
<status status="PASS" starttime="20230915 10:47:04.367" endtime="20230915 10:47:04.396"/>
</kw>
<kw name="Click Element" library="SeleniumLibrary">
<arg>//*[@id="passwordNext"]/div/button/span</arg>
<doc>Click the element identified by ``locator``.</doc>
<msg timestamp="20230915 10:47:04.396" level="INFO">Clicking element '//*[@id="passwordNext"]/div/button/span'.</msg>
<status status="PASS" starttime="20230915 10:47:04.396" endtime="20230915 10:47:04.624"/>
</kw>
<kw name="Capture Page Screenshot" library="SeleniumLibrary">
<arg>CapOpButtonLogin1.png</arg>
<doc>Takes a screenshot of the current page and embeds it into a log file.</doc>
<msg timestamp="20230915 10:47:04.676" level="INFO" html="true">&lt;/td&gt;&lt;/tr&gt;&lt;tr&gt;&lt;td colspan="3"&gt;&lt;a href="CapOpButtonLogin1.png"&gt;&lt;img src="CapOpButtonLogin1.png" width="800px"&gt;&lt;/a&gt;</msg>
<status status="PASS" starttime="20230915 10:47:04.625" endtime="20230915 10:47:04.676"/>
</kw>
<kw name="Sleep" library="BuiltIn">
<arg>10s</arg>
<doc>Pauses the test executed for the given time.</doc>
<msg timestamp="20230915 10:47:14.677" level="INFO">Slept 10 seconds</msg>
<status status="PASS" starttime="20230915 10:47:04.677" endtime="20230915 10:47:14.677"/>
</kw>
<kw name="Get Element Count" library="SeleniumLibrary">
<var>${element_count}</var>
<arg>//*[text()='Try another way']</arg>
<doc>Returns the number of elements matching ``locator``.</doc>
<msg timestamp="20230915 10:47:14.683" level="INFO">${element_count} = 1</msg>
<status status="PASS" starttime="20230915 10:47:14.678" endtime="20230915 10:47:14.683"/>
</kw>
<kw name="Get Element Count" library="SeleniumLibrary">
<var>${element_count2}</var>
<arg>//*[contains(text(),'Get a verification code from the')]</arg>
<doc>Returns the number of elements matching ``locator``.</doc>
<msg timestamp="20230915 10:47:14.688" level="INFO">${element_count2} = 1</msg>
<status status="PASS" starttime="20230915 10:47:14.683" endtime="20230915 10:47:14.688"/>
</kw>
<kw name="Log To Console" library="BuiltIn">
<arg>countings</arg>
<doc>Logs the given message to the console.</doc>
<status status="PASS" starttime="20230915 10:47:14.688" endtime="20230915 10:47:14.689"/>
</kw>
<kw name="Log To Console" library="BuiltIn">
<arg>${element_count}</arg>
<doc>Logs the given message to the console.</doc>
<status status="PASS" starttime="20230915 10:47:14.689" endtime="20230915 10:47:14.689"/>
</kw>
<kw name="Log To Console" library="BuiltIn">
<arg>${element_count2}</arg>
<doc>Logs the given message to the console.</doc>
<status status="PASS" starttime="20230915 10:47:14.689" endtime="20230915 10:47:14.689"/>
</kw>
<if>
<branch type="IF" condition="${element_count2} &gt; 0">
<kw name="No Alternative" library="resource">
<kw name="Click Element" library="SeleniumLibrary">
<arg>//*[contains(text(),'Get a verification code from the')]</arg>
<doc>Click the element identified by ``locator``.</doc>
<msg timestamp="20230915 10:47:14.695" level="INFO">Clicking element '//*[contains(text(),'Get a verification code from the')]'.</msg>
<status status="PASS" starttime="20230915 10:47:14.695" endtime="20230915 10:47:14.918"/>
</kw>
<status status="PASS" starttime="20230915 10:47:14.695" endtime="20230915 10:47:14.919"/>
</kw>
<status status="PASS" starttime="20230915 10:47:14.689" endtime="20230915 10:47:14.919"/>
</branch>
<branch type="ELSE">
<kw name="Alternative" library="resource">
<status status="NOT RUN" starttime="20230915 10:47:14.919" endtime="20230915 10:47:14.919"/>
</kw>
<status status="NOT RUN" starttime="20230915 10:47:14.919" endtime="20230915 10:47:14.920"/>
</branch>
<status status="PASS" starttime="20230915 10:47:14.689" endtime="20230915 10:47:14.920"/>
</if>
<kw name="Sleep" library="BuiltIn">
<arg>3s</arg>
<doc>Pauses the test executed for the given time.</doc>
<msg timestamp="20230915 10:47:17.921" level="INFO">Slept 3 seconds</msg>
<status status="PASS" starttime="20230915 10:47:14.920" endtime="20230915 10:47:17.921"/>
</kw>
<kw name="Get Authenticator Code" library="resource">
<var>${code}</var>
<arg>kenneth</arg>
<doc>Authenticator needs to be set up for Google account</doc>
<kw name="Log To Console" library="BuiltIn">
<arg>${passphrase}</arg>
<doc>Logs the given message to the console.</doc>
<status status="PASS" starttime="20230915 10:47:17.922" endtime="20230915 10:47:17.923"/>
</kw>
<kw name="Run Process" library="Process">
<var>${result}</var>
<arg>echo ${passphrase} | authenticator --data /Users/kennethc@capc.com.sg/temenosrobot/ generate --refresh once</arg>
<arg>shell=TRUE</arg>
<doc>Runs a process and waits for it to complete.</doc>
<msg timestamp="20230915 10:47:17.924" level="INFO">Starting process:
echo kenneth | authenticator --data /Users/kennethc@capc.com.sg/temenosrobot/ generate --refresh once</msg>
<msg timestamp="20230915 10:47:17.930" level="INFO">Waiting for process to complete.</msg>
<msg timestamp="20230915 10:47:18.439" level="INFO">Process completed.</msg>
<msg timestamp="20230915 10:47:18.439" level="INFO">${result} = &lt;result object with rc 0&gt;</msg>
<status status="PASS" starttime="20230915 10:47:17.923" endtime="20230915 10:47:18.439"/>
</kw>
<kw name="Log To Console" library="BuiltIn">
<arg>test44</arg>
<doc>Logs the given message to the console.</doc>
<status status="PASS" starttime="20230915 10:47:18.440" endtime="20230915 10:47:18.440"/>
</kw>
<kw name="Log To Console" library="BuiltIn">
<arg>${result}</arg>
<doc>Logs the given message to the console.</doc>
<status status="PASS" starttime="20230915 10:47:18.440" endtime="20230915 10:47:18.441"/>
</kw>
<kw name="Get Regexp Matches" library="String">
<var>${match}</var>
<arg>${result.stdout}</arg>
<arg>kennethc@capc.com.sg: ([\\d]{6})</arg>
<arg>1</arg>
<doc>Returns a list of all non-overlapping matches in the given string.</doc>
<msg timestamp="20230915 10:47:18.442" level="INFO">${match} = ['019415']</msg>
<status status="PASS" starttime="20230915 10:47:18.442" endtime="20230915 10:47:18.442"/>
</kw>
<kw name="Log To Console" library="BuiltIn">
<arg>${match}[0]</arg>
<doc>Logs the given message to the console.</doc>
<status status="PASS" starttime="20230915 10:47:18.442" endtime="20230915 10:47:18.442"/>
</kw>
<msg timestamp="20230915 10:47:18.443" level="INFO">${code} = 019415</msg>
<status status="PASS" starttime="20230915 10:47:17.922" endtime="20230915 10:47:18.443"/>
</kw>
<kw name="Input Text" library="SeleniumLibrary">
<arg>//input[@type="tel"]</arg>
<arg>${code}</arg>
<doc>Types the given ``text`` into the text field identified by ``locator``.</doc>
<msg timestamp="20230915 10:47:18.443" level="INFO">Typing text '019415' into text field '//input[@type="tel"]'.</msg>
<status status="PASS" starttime="20230915 10:47:18.443" endtime="20230915 10:47:18.478"/>
</kw>
<kw name="Sleep" library="BuiltIn">
<arg>2s</arg>
<doc>Pauses the test executed for the given time.</doc>
<msg timestamp="20230915 10:47:20.479" level="INFO">Slept 2 seconds</msg>
<status status="PASS" starttime="20230915 10:47:18.478" endtime="20230915 10:47:20.479"/>
</kw>
<kw name="Click Element" library="SeleniumLibrary">
<arg>//*[@id="totpNext"]/div/button/span</arg>
<doc>Click the element identified by ``locator``.</doc>
<msg timestamp="20230915 10:47:20.480" level="INFO">Clicking element '//*[@id="totpNext"]/div/button/span'.</msg>
<status status="PASS" starttime="20230915 10:47:20.479" endtime="20230915 10:47:20.695"/>
</kw>
<kw name="Sleep" library="BuiltIn">
<arg>20s</arg>
<doc>Pauses the test executed for the given time.</doc>
<msg timestamp="20230915 10:47:40.695" level="INFO">Slept 20 seconds</msg>
<status status="PASS" starttime="20230915 10:47:20.695" endtime="20230915 10:47:40.695"/>
</kw>
<status status="PASS" starttime="20230915 10:46:45.400" endtime="20230915 10:47:40.696"/>
</kw>
<kw name="Input Text" library="SeleniumLibrary">
<arg>//*[@id='userId']</arg>
<arg>CapCLMC02</arg>
<doc>Types the given ``text`` into the text field identified by ``locator``.</doc>
<msg timestamp="20230915 10:47:40.698" level="INFO">Typing text 'CapCLMC02' into text field '//*[@id='userId']'.</msg>
<status status="PASS" starttime="20230915 10:47:40.696" endtime="20230915 10:47:40.734"/>
</kw>
<kw name="Click Element" library="SeleniumLibrary">
<arg>//*[@id='Logon']/p[3]/input</arg>
<doc>Click the element identified by ``locator``.</doc>
<msg timestamp="20230915 10:47:40.735" level="INFO">Clicking element '//*[@id='Logon']/p[3]/input'.</msg>
<status status="PASS" starttime="20230915 10:47:40.734" endtime="20230915 10:47:41.644"/>
</kw>
<kw name="Wait Until Page Contains Element" library="SeleniumLibrary">
<arg>//*[@class="tc-menu-trigger tc-header-icon icon-menu1 buttonClassSwitcher"]</arg>
<doc>Waits until the element ``locator`` appears on the current page.</doc>
<status status="PASS" starttime="20230915 10:47:41.644" endtime="20230915 10:47:42.270"/>
</kw>
<kw name="Sleep" library="BuiltIn">
<arg>5s</arg>
<doc>Pauses the test executed for the given time.</doc>
<msg timestamp="20230915 10:47:47.272" level="INFO">Slept 5 seconds</msg>
<status status="PASS" starttime="20230915 10:47:42.270" endtime="20230915 10:47:47.274"/>
</kw>
<kw name="Click Element" library="SeleniumLibrary">
<arg>//*[@class="tc-menu-trigger tc-header-icon icon-menu1 buttonClassSwitcher"]</arg>
<doc>Click the element identified by ``locator``.</doc>
<msg timestamp="20230915 10:47:47.277" level="INFO">Clicking element '//*[@class="tc-menu-trigger tc-header-icon icon-menu1 buttonClassSwitcher"]'.</msg>
<status status="PASS" starttime="20230915 10:47:47.275" endtime="20230915 10:47:47.510"/>
</kw>
<kw name="Wait Until Page Contains Element" library="SeleniumLibrary">
<arg>//*[contains(text(),'User Menu')]</arg>
<doc>Waits until the element ``locator`` appears on the current page.</doc>
<status status="PASS" starttime="20230915 10:47:47.510" endtime="20230915 10:47:47.731"/>
</kw>
<kw name="Click Element" library="SeleniumLibrary">
<arg>//*[contains(text(),'User Menu')]</arg>
<doc>Click the element identified by ``locator``.</doc>
<msg timestamp="20230915 10:47:47.731" level="INFO">Clicking element '//*[contains(text(),'User Menu')]'.</msg>
<status status="PASS" starttime="20230915 10:47:47.731" endtime="20230915 10:47:47.948"/>
</kw>
<kw name="Sleep" library="BuiltIn">
<arg>3s</arg>
<doc>Pauses the test executed for the given time.</doc>
<msg timestamp="20230915 10:47:50.949" level="INFO">Slept 3 seconds</msg>
<status status="PASS" starttime="20230915 10:47:47.948" endtime="20230915 10:47:50.949"/>
</kw>
<kw name="Wait Until Page Contains Element" library="SeleniumLibrary">
<arg>//*[contains(text(),'Retail Operations')]</arg>
<doc>Waits until the element ``locator`` appears on the current page.</doc>
<status status="PASS" starttime="20230915 10:47:50.950" endtime="20230915 10:47:50.957"/>
</kw>
<kw name="Sleep" library="BuiltIn">
<arg>3s</arg>
<doc>Pauses the test executed for the given time.</doc>
<msg timestamp="20230915 10:47:53.958" level="INFO">Slept 3 seconds</msg>
<status status="PASS" starttime="20230915 10:47:50.957" endtime="20230915 10:47:53.959"/>
</kw>
<kw name="Click Element" library="SeleniumLibrary">
<arg>(//*[contains(text(),'Retail Operations')])[1]</arg>
<doc>Click the element identified by ``locator``.</doc>
<msg timestamp="20230915 10:47:53.960" level="INFO">Clicking element '(//*[contains(text(),'Retail Operations')])[1]'.</msg>
<status status="PASS" starttime="20230915 10:47:53.959" endtime="20230915 10:47:54.186"/>
</kw>
<kw name="Sleep" library="BuiltIn">
<arg>3s</arg>
<doc>Pauses the test executed for the given time.</doc>
<msg timestamp="20230915 10:47:57.187" level="INFO">Slept 3 seconds</msg>
<status status="PASS" starttime="20230915 10:47:54.186" endtime="20230915 10:47:57.188"/>
</kw>
<kw name="Click Element" library="SeleniumLibrary">
<arg>//*[contains(text(),'Find Loan')]</arg>
<doc>Click the element identified by ``locator``.</doc>
<msg timestamp="20230915 10:47:57.196" level="INFO">Clicking element '//*[contains(text(),'Find Loan')]'.</msg>
<status status="PASS" starttime="20230915 10:47:57.188" endtime="20230915 10:47:57.743"/>
</kw>
<kw name="Sleep" library="BuiltIn">
<arg>5s</arg>
<doc>Pauses the test executed for the given time.</doc>
<msg timestamp="20230915 10:48:02.744" level="INFO">Slept 5 seconds</msg>
<status status="PASS" starttime="20230915 10:47:57.743" endtime="20230915 10:48:02.744"/>
</kw>
<kw name="Wait Until Page Contains Element" library="SeleniumLibrary">
<arg>//*[contains(text(),'Unauthorised')]</arg>
<doc>Waits until the element ``locator`` appears on the current page.</doc>
<status status="PASS" starttime="20230915 10:48:02.745" endtime="20230915 10:48:02.752"/>
</kw>
<kw name="Input Text" library="SeleniumLibrary">
<arg>(//*[@name='C1__C1__C1__C1__C1__ENQAAFINDARRANGEMENTAL[1].SEARCHREQUEST[1].FILTERS[1].ARRANGEMENTID[1].OPERAND1'])[1]</arg>
<arg>${arrangementId}</arg>
<doc>Types the given ``text`` into the text field identified by ``locator``.</doc>
<msg timestamp="20230915 10:48:02.753" level="INFO">Typing text 'AA23255WGY2B' into text field '(//*[@name='C1__C1__C1__C1__C1__ENQAAFINDARRANGEMENTAL[1].SEARCHREQUEST[1].FILTERS[1].ARRANGEMENTID[1].OPERAND1'])[1]'.</msg>
<status status="PASS" starttime="20230915 10:48:02.752" endtime="20230915 10:48:02.790"/>
</kw>
<kw name="Sleep" library="BuiltIn">
<arg>1s</arg>
<doc>Pauses the test executed for the given time.</doc>
<msg timestamp="20230915 10:48:03.792" level="INFO">Slept 1 second</msg>
<status status="PASS" starttime="20230915 10:48:02.791" endtime="20230915 10:48:03.793"/>
</kw>
<kw name="Click Element" library="SeleniumLibrary">
<arg>(//*[@title='Executes the query'])[1]</arg>
<doc>Click the element identified by ``locator``.</doc>
<msg timestamp="20230915 10:48:03.793" level="INFO">Clicking element '(//*[@title='Executes the query'])[1]'.</msg>
<status status="PASS" starttime="20230915 10:48:03.793" endtime="20230915 10:48:04.015"/>
</kw>
<kw name="Sleep" library="BuiltIn">
<arg>5s</arg>
<doc>Pauses the test executed for the given time.</doc>
<msg timestamp="20230915 10:48:09.018" level="INFO">Slept 5 seconds</msg>
<status status="PASS" starttime="20230915 10:48:04.015" endtime="20230915 10:48:09.018"/>
</kw>
<kw name="Click Element" library="SeleniumLibrary">
<arg>//*[@title="Overview"]</arg>
<doc>Click the element identified by ``locator``.</doc>
<msg timestamp="20230915 10:48:09.018" level="INFO">Clicking element '//*[@title="Overview"]'.</msg>
<status status="PASS" starttime="20230915 10:48:09.018" endtime="20230915 10:48:09.235"/>
</kw>
<kw name="Sleep" library="BuiltIn">
<arg>20s</arg>
<doc>Pauses the test executed for the given time.</doc>
<msg timestamp="20230915 10:48:29.355" level="INFO">Slept 20 seconds</msg>
<status status="PASS" starttime="20230915 10:48:09.235" endtime="20230915 10:48:29.487"/>
</kw>
<kw name="Get Window Handles" library="SeleniumLibrary">
<var>${handles}</var>
<doc>Returns all child window handles of the selected browser as a list.</doc>
<msg timestamp="20230915 10:48:29.856" level="INFO">${handles} = ['098c2c22-0107-4624-b68a-41c953c58385', 'c34ed544-5ca2-4a5c-8f30-558ca2aa5979']</msg>
<status status="PASS" starttime="20230915 10:48:29.497" endtime="20230915 10:48:29.856"/>
</kw>
<kw name="Switch Window" library="SeleniumLibrary">
<arg>${handles}[1]</arg>
<doc>Switches to browser window matching ``locator``.</doc>
<status status="PASS" starttime="20230915 10:48:29.856" endtime="20230915 10:48:30.408"/>
</kw>
<kw name="Select From List By Value" library="SeleniumLibrary">
<arg>//*[@id="C1__C2__C1__C2__C1__C6__C1__C1__C1__QUE_90482F6546516C671990584_R1"]</arg>
<arg>1</arg>
<doc>Selects options from selection list ``locator`` by ``values``.</doc>
<msg timestamp="20230915 10:48:30.410" level="INFO">Selecting options from selection list '//*[@id="C1__C2__C1__C2__C1__C6__C1__C1__C1__QUE_90482F6546516C671990584_R1"]' by value 1.</msg>
<status status="PASS" starttime="20230915 10:48:30.409" endtime="20230915 10:48:30.766"/>
</kw>
<kw name="Sleep" library="BuiltIn">
<arg>2s</arg>
<doc>Pauses the test executed for the given time.</doc>
<msg timestamp="20230915 10:48:32.779" level="INFO">Slept 2 seconds</msg>
<status status="PASS" starttime="20230915 10:48:30.768" endtime="20230915 10:48:32.779"/>
</kw>
<kw name="Click Element" library="SeleniumLibrary">
<arg>//*[@title="Launch"]</arg>
<doc>Click the element identified by ``locator``.</doc>
<msg timestamp="20230915 10:48:32.780" level="INFO">Clicking element '//*[@title="Launch"]'.</msg>
<status status="PASS" starttime="20230915 10:48:32.779" endtime="20230915 10:48:33.013"/>
</kw>
<kw name="Sleep" library="BuiltIn">
<arg>20s</arg>
<doc>Pauses the test executed for the given time.</doc>
<msg timestamp="20230915 10:48:53.016" level="INFO">Slept 20 seconds</msg>
<status status="PASS" starttime="20230915 10:48:33.013" endtime="20230915 10:48:53.028"/>
</kw>
<kw name="Get Window Handles" library="SeleniumLibrary">
<var>${handles}</var>
<doc>Returns all child window handles of the selected browser as a list.</doc>
<msg timestamp="20230915 10:48:53.055" level="INFO">${handles} = ['098c2c22-0107-4624-b68a-41c953c58385', 'c34ed544-5ca2-4a5c-8f30-558ca2aa5979', '1be7fa46-02ea-4c77-bbae-e4a9474ac9b5']</msg>
<status status="PASS" starttime="20230915 10:48:53.051" endtime="20230915 10:48:53.055"/>
</kw>
<kw name="Switch Window" library="SeleniumLibrary">
<arg>${handles}[2]</arg>
<doc>Switches to browser window matching ``locator``.</doc>
<status status="PASS" starttime="20230915 10:48:53.055" endtime="20230915 10:48:53.194"/>
</kw>
<kw name="Click Element" library="SeleniumLibrary">
<arg>//*[@title="Authorise"]</arg>
<doc>Click the element identified by ``locator``.</doc>
<msg timestamp="20230915 10:48:53.195" level="INFO">Clicking element '//*[@title="Authorise"]'.</msg>
<status status="PASS" starttime="20230915 10:48:53.194" endtime="20230915 10:48:53.510"/>
</kw>
<kw name="Sleep" library="BuiltIn">
<arg>20s</arg>
<doc>Pauses the test executed for the given time.</doc>
<msg timestamp="20230915 10:49:13.512" level="INFO">Slept 20 seconds</msg>
<status status="PASS" starttime="20230915 10:48:53.510" endtime="20230915 10:49:13.513"/>
</kw>
<kw name="Close All Browsers" library="SeleniumLibrary">
<doc>Closes all open browsers and resets the browser cache.</doc>
<status status="PASS" starttime="20230915 10:49:13.514" endtime="20230915 10:49:16.148"/>
</kw>
<doc>Creation of a monthly loan</doc>
<status status="PASS" starttime="20230915 10:39:07.515" endtime="20230915 10:49:16.148"/>
</test>
<doc>Template robot suite</doc>
<status status="PASS" starttime="20230915 10:39:07.452" endtime="20230915 10:49:16.159"/>
</suite>
<status status="PASS" starttime="20230915 10:39:07.452" endtime="20230915 10:49:16.161"/>
</suite>
<status status="PASS" starttime="20230915 10:39:07.445" endtime="20230915 10:49:16.164"/>
</suite>
<statistics>
<total>
<stat pass="1" fail="0" skip="0">All Tests</stat>
</total>
<tag>
</tag>
<suite>
<stat pass="1" fail="0" skip="0" id="s1" name="Temenosrobot">Temenosrobot</stat>
<stat pass="1" fail="0" skip="0" id="s1-s1" name="0001 Test Stuff">Temenosrobot.0001 Test Stuff</stat>
<stat pass="1" fail="0" skip="0" id="s1-s1-s1" name="002 Monthly Term Loan copy">Temenosrobot.0001 Test Stuff.002 Monthly Term Loan copy</stat>
</suite>
</statistics>
<errors>
</errors>
</robot>
