<?xml version="1.0" encoding="UTF-8"?>
<robot generator="Robot 6.0.2 (Python 3.11.3 on darwin)" generated="20230623 16:57:38.228" rpa="false" schemaversion="3">
<suite id="s1" name="0001 Test Stuff" source="/Users/kennethc@capc.com.sg/temenosrobot/0001_Test_Stuff">
<suite id="s1-s1" name="001 Business Customer Creation" source="/Users/kennethc@capc.com.sg/temenosrobot/0001_Test_Stuff/001_Business_Customer_Creation.robot">
<test id="s1-s1-t1" name="Create_Corperate_Customer" line="16">
<kw name="Google Log In" library="resource">
<kw name="Evaluate" library="BuiltIn">
<var>${options}</var>
<arg>sys.modules['selenium.webdriver.chrome.options'].Options()</arg>
<arg>sys</arg>
<doc>Evaluates the given expression in Python and returns the result.</doc>
<msg timestamp="20230623 16:57:38.300" level="INFO">${options} = &lt;selenium.webdriver.chrome.options.Options object at 0x1045f0050&gt;</msg>
<status status="PASS" starttime="20230623 16:57:38.300" endtime="20230623 16:57:38.300"/>
</kw>
<kw name="Call Method" library="BuiltIn">
<arg>${options}</arg>
<arg>add_argument</arg>
<arg>--disable-notifications</arg>
<doc>Calls the named method of the given object with the provided arguments.</doc>
<status status="PASS" starttime="20230623 16:57:38.300" endtime="20230623 16:57:38.300"/>
</kw>
<kw name="Create Webdriver" library="SeleniumLibrary">
<var>${driver}</var>
<arg>Chrome</arg>
<arg>options=${options}</arg>
<doc>Creates an instance of Selenium WebDriver.</doc>
<msg timestamp="20230623 16:57:38.300" level="INFO">Creating an instance of the Chrome WebDriver.</msg>
<msg timestamp="20230623 16:57:38.300" level="INFO">Executing: /Library/Frameworks/Python.framework/Versions/3.11/lib/python3.11/site-packages/selenium/webdriver/common/macos/selenium-manager --browser chrome --output json</msg>
<msg timestamp="20230623 16:57:41.320" level="INFO">${driver} = 1</msg>
<status status="PASS" starttime="20230623 16:57:38.300" endtime="20230623 16:57:41.320"/>
</kw>
<kw name="Go To" library="SeleniumLibrary">
<arg>${Borrower}</arg>
<doc>Navigates the current browser window to the provided ``url``.</doc>
<msg timestamp="20230623 16:57:41.320" level="INFO">Opening url 'https://temenosdev.capcfintech.com/Browser/'</msg>
<status status="PASS" starttime="20230623 16:57:41.320" endtime="20230623 16:57:42.417"/>
</kw>
<kw name="Sleep" library="BuiltIn">
<arg>2s</arg>
<doc>Pauses the test executed for the given time.</doc>
<msg timestamp="20230623 16:57:44.419" level="INFO">Slept 2 seconds</msg>
<status status="PASS" starttime="20230623 16:57:42.417" endtime="20230623 16:57:44.420"/>
</kw>
<kw name="Click Element" library="SeleniumLibrary">
<arg>//*[@id='idp1']/div[1]</arg>
<doc>Click the element identified by ``locator``.</doc>
<msg timestamp="20230623 16:57:44.422" level="INFO">Clicking element '//*[@id='idp1']/div[1]'.</msg>
<status status="PASS" starttime="20230623 16:57:44.420" endtime="20230623 16:57:44.962"/>
</kw>
<kw name="Wait Until Page Contains Element" library="SeleniumLibrary">
<arg>//*[@id="identifierId"]</arg>
<doc>Waits until the element ``locator`` appears on the current page.</doc>
<status status="PASS" starttime="20230623 16:57:44.962" endtime="20230623 16:57:44.970"/>
</kw>
<kw name="Sleep" library="BuiltIn">
<arg>2s</arg>
<doc>Pauses the test executed for the given time.</doc>
<msg timestamp="20230623 16:57:46.973" level="INFO">Slept 2 seconds</msg>
<status status="PASS" starttime="20230623 16:57:44.970" endtime="20230623 16:57:46.973"/>
</kw>
<kw name="Input Text" library="SeleniumLibrary">
<arg>//*[@id ="identifierId"]</arg>
<arg>kennethc@capc.com.sg</arg>
<doc>Types the given ``text`` into the text field identified by ``locator``.</doc>
<msg timestamp="20230623 16:57:46.975" level="INFO">Typing text 'kennethc@capc.com.sg' into text field '//*[@id ="identifierId"]'.</msg>
<status status="PASS" starttime="20230623 16:57:46.974" endtime="20230623 16:57:47.129"/>
</kw>
<kw name="Click Element" library="SeleniumLibrary">
<arg>//*[@id="identifierNext"]/div/button/span</arg>
<doc>Click the element identified by ``locator``.</doc>
<msg timestamp="20230623 16:57:47.129" level="INFO">Clicking element '//*[@id="identifierNext"]/div/button/span'.</msg>
<status status="PASS" starttime="20230623 16:57:47.129" endtime="20230623 16:57:47.188"/>
</kw>
<kw name="Sleep" library="BuiltIn">
<arg>2s</arg>
<doc>Pauses the test executed for the given time.</doc>
<msg timestamp="20230623 16:57:49.190" level="INFO">Slept 2 seconds</msg>
<status status="PASS" starttime="20230623 16:57:47.188" endtime="20230623 16:57:49.190"/>
</kw>
<kw name="Capture Page Screenshot" library="SeleniumLibrary">
<arg>OpsAddPartner004.png</arg>
<doc>Takes a screenshot of the current page and embeds it into a log file.</doc>
<msg timestamp="20230623 16:57:49.384" level="INFO" html="true">&lt;/td&gt;&lt;/tr&gt;&lt;tr&gt;&lt;td colspan="3"&gt;&lt;a href="OpsAddPartner004.png"&gt;&lt;img src="OpsAddPartner004.png" width="800px"&gt;&lt;/a&gt;</msg>
<status status="PASS" starttime="20230623 16:57:49.191" endtime="20230623 16:57:49.384"/>
</kw>
<kw name="Wait Until Page Contains Element" library="SeleniumLibrary">
<arg>//*[@id="password"]/div[1]/div/div[1]/input</arg>
<doc>Waits until the element ``locator`` appears on the current page.</doc>
<status status="PASS" starttime="20230623 16:57:49.384" endtime="20230623 16:57:49.390"/>
</kw>
<kw name="Sleep" library="BuiltIn">
<arg>2s</arg>
<doc>Pauses the test executed for the given time.</doc>
<msg timestamp="20230623 16:57:51.391" level="INFO">Slept 2 seconds</msg>
<status status="PASS" starttime="20230623 16:57:49.390" endtime="20230623 16:57:51.392"/>
</kw>
<kw name="Input Text" library="SeleniumLibrary">
<arg>//*[@id="password"]/div[1]/div/div[1]/input</arg>
<arg>Y2kuniontpjcred!</arg>
<doc>Types the given ``text`` into the text field identified by ``locator``.</doc>
<msg timestamp="20230623 16:57:51.393" level="INFO">Typing text 'Y2kuniontpjcred!' into text field '//*[@id="password"]/div[1]/div/div[1]/input'.</msg>
<status status="PASS" starttime="20230623 16:57:51.392" endtime="20230623 16:57:51.456"/>
</kw>
<kw name="Click Element" library="SeleniumLibrary">
<arg>//*[@id="passwordNext"]/div/button/span</arg>
<doc>Click the element identified by ``locator``.</doc>
<msg timestamp="20230623 16:57:51.457" level="INFO">Clicking element '//*[@id="passwordNext"]/div/button/span'.</msg>
<status status="PASS" starttime="20230623 16:57:51.456" endtime="20230623 16:57:51.493"/>
</kw>
<kw name="Capture Page Screenshot" library="SeleniumLibrary">
<arg>CapOpButtonLogin1.png</arg>
<doc>Takes a screenshot of the current page and embeds it into a log file.</doc>
<msg timestamp="20230623 16:57:51.656" level="INFO" html="true">&lt;/td&gt;&lt;/tr&gt;&lt;tr&gt;&lt;td colspan="3"&gt;&lt;a href="CapOpButtonLogin1.png"&gt;&lt;img src="CapOpButtonLogin1.png" width="800px"&gt;&lt;/a&gt;</msg>
<status status="PASS" starttime="20230623 16:57:51.493" endtime="20230623 16:57:51.656"/>
</kw>
<kw name="Sleep" library="BuiltIn">
<arg>10s</arg>
<doc>Pauses the test executed for the given time.</doc>
<msg timestamp="20230623 16:58:01.657" level="INFO">Slept 10 seconds</msg>
<status status="PASS" starttime="20230623 16:57:51.656" endtime="20230623 16:58:01.658"/>
</kw>
<kw name="Get Element Count" library="SeleniumLibrary">
<var>${element_count}</var>
<arg>//*[text()='Try another way']</arg>
<doc>Returns the number of elements matching ``locator``.</doc>
<msg timestamp="20230623 16:58:01.675" level="INFO">${element_count} = 1</msg>
<status status="PASS" starttime="20230623 16:58:01.659" endtime="20230623 16:58:01.675"/>
</kw>
<kw name="Get Element Count" library="SeleniumLibrary">
<var>${element_count2}</var>
<arg>//*[contains(text(),'Get a verification code from the')]</arg>
<doc>Returns the number of elements matching ``locator``.</doc>
<msg timestamp="20230623 16:58:01.686" level="INFO">${element_count2} = 1</msg>
<status status="PASS" starttime="20230623 16:58:01.675" endtime="20230623 16:58:01.686"/>
</kw>
<kw name="Log To Console" library="BuiltIn">
<arg>countings</arg>
<doc>Logs the given message to the console.</doc>
<status status="PASS" starttime="20230623 16:58:01.686" endtime="20230623 16:58:01.686"/>
</kw>
<kw name="Log To Console" library="BuiltIn">
<arg>${element_count}</arg>
<doc>Logs the given message to the console.</doc>
<status status="PASS" starttime="20230623 16:58:01.686" endtime="20230623 16:58:01.686"/>
</kw>
<kw name="Log To Console" library="BuiltIn">
<arg>${element_count2}</arg>
<doc>Logs the given message to the console.</doc>
<status status="PASS" starttime="20230623 16:58:01.686" endtime="20230623 16:58:01.686"/>
</kw>
<if>
<branch type="IF" condition="${element_count2} &gt; 0">
<kw name="No Alternative" library="resource">
<kw name="Click Element" library="SeleniumLibrary">
<arg>//*[contains(text(),'Get a verification code from the')]</arg>
<doc>Click the element identified by ``locator``.</doc>
<msg timestamp="20230623 16:58:01.687" level="INFO">Clicking element '//*[contains(text(),'Get a verification code from the')]'.</msg>
<status status="PASS" starttime="20230623 16:58:01.687" endtime="20230623 16:58:01.712"/>
</kw>
<status status="PASS" starttime="20230623 16:58:01.686" endtime="20230623 16:58:01.712"/>
</kw>
<status status="PASS" starttime="20230623 16:58:01.686" endtime="20230623 16:58:01.712"/>
</branch>
<branch type="ELSE">
<kw name="Alternative" library="resource">
<status status="NOT RUN" starttime="20230623 16:58:01.712" endtime="20230623 16:58:01.712"/>
</kw>
<status status="NOT RUN" starttime="20230623 16:58:01.712" endtime="20230623 16:58:01.712"/>
</branch>
<status status="PASS" starttime="20230623 16:58:01.686" endtime="20230623 16:58:01.712"/>
</if>
<kw name="Sleep" library="BuiltIn">
<arg>3s</arg>
<doc>Pauses the test executed for the given time.</doc>
<msg timestamp="20230623 16:58:04.713" level="INFO">Slept 3 seconds</msg>
<status status="PASS" starttime="20230623 16:58:01.712" endtime="20230623 16:58:04.714"/>
</kw>
<kw name="Get Authenticator Code" library="resource">
<var>${code}</var>
<arg>kenneth</arg>
<doc>Authenticator needs to be set up for Google account</doc>
<kw name="Log To Console" library="BuiltIn">
<arg>${passphrase}</arg>
<doc>Logs the given message to the console.</doc>
<status status="PASS" starttime="20230623 16:58:04.715" endtime="20230623 16:58:04.716"/>
</kw>
<kw name="Run Process" library="Process">
<var>${result}</var>
<arg>echo ${passphrase} | authenticator --data /Users/kennethc@capc.com.sg/temenosrobot/ generate --refresh once</arg>
<arg>shell=TRUE</arg>
<doc>Runs a process and waits for it to complete.</doc>
<msg timestamp="20230623 16:58:04.717" level="INFO">Starting process:
echo kenneth | authenticator --data /Users/kennethc@capc.com.sg/temenosrobot/ generate --refresh once</msg>
<msg timestamp="20230623 16:58:04.723" level="INFO">Waiting for process to complete.</msg>
<msg timestamp="20230623 16:58:04.950" level="INFO">Process completed.</msg>
<msg timestamp="20230623 16:58:04.950" level="INFO">${result} = &lt;result object with rc 0&gt;</msg>
<status status="PASS" starttime="20230623 16:58:04.716" endtime="20230623 16:58:04.950"/>
</kw>
<kw name="Log To Console" library="BuiltIn">
<arg>test44</arg>
<doc>Logs the given message to the console.</doc>
<status status="PASS" starttime="20230623 16:58:04.951" endtime="20230623 16:58:04.951"/>
</kw>
<kw name="Log To Console" library="BuiltIn">
<arg>${result}</arg>
<doc>Logs the given message to the console.</doc>
<status status="PASS" starttime="20230623 16:58:04.951" endtime="20230623 16:58:04.951"/>
</kw>
<kw name="Get Regexp Matches" library="String">
<var>${match}</var>
<arg>${result.stdout}</arg>
<arg>kennethc@capc.com.sg: ([\\d]{6})</arg>
<arg>1</arg>
<doc>Returns a list of all non-overlapping matches in the given string.</doc>
<msg timestamp="20230623 16:58:04.951" level="INFO">${match} = ['206713']</msg>
<status status="PASS" starttime="20230623 16:58:04.951" endtime="20230623 16:58:04.951"/>
</kw>
<kw name="Log To Console" library="BuiltIn">
<arg>${match}[0]</arg>
<doc>Logs the given message to the console.</doc>
<status status="PASS" starttime="20230623 16:58:04.951" endtime="20230623 16:58:04.952"/>
</kw>
<msg timestamp="20230623 16:58:04.952" level="INFO">${code} = 206713</msg>
<status status="PASS" starttime="20230623 16:58:04.714" endtime="20230623 16:58:04.952"/>
</kw>
<kw name="Input Text" library="SeleniumLibrary">
<arg>//input[@type="tel"]</arg>
<arg>${code}</arg>
<doc>Types the given ``text`` into the text field identified by ``locator``.</doc>
<msg timestamp="20230623 16:58:04.952" level="INFO">Typing text '206713' into text field '//input[@type="tel"]'.</msg>
<status status="PASS" starttime="20230623 16:58:04.952" endtime="20230623 16:58:04.980"/>
</kw>
<kw name="Sleep" library="BuiltIn">
<arg>2s</arg>
<doc>Pauses the test executed for the given time.</doc>
<msg timestamp="20230623 16:58:06.983" level="INFO">Slept 2 seconds</msg>
<status status="PASS" starttime="20230623 16:58:04.980" endtime="20230623 16:58:06.983"/>
</kw>
<kw name="Click Element" library="SeleniumLibrary">
<arg>//*[@id="totpNext"]/div/button/span</arg>
<doc>Click the element identified by ``locator``.</doc>
<msg timestamp="20230623 16:58:06.985" level="INFO">Clicking element '//*[@id="totpNext"]/div/button/span'.</msg>
<status status="PASS" starttime="20230623 16:58:06.983" endtime="20230623 16:58:07.034"/>
</kw>
<kw name="Sleep" library="BuiltIn">
<arg>20s</arg>
<doc>Pauses the test executed for the given time.</doc>
<status status="FAIL" starttime="20230623 16:58:07.034" endtime="20230623 16:58:15.331"/>
</kw>
<status status="FAIL" starttime="20230623 16:57:38.300" endtime="20230623 16:58:15.333"/>
</kw>
<kw name="Input Text" library="SeleniumLibrary">
<arg>//*[@id='userId']</arg>
<arg>CapCLMC01</arg>
<doc>Types the given ``text`` into the text field identified by ``locator``.</doc>
<status status="NOT RUN" starttime="20230623 16:58:15.334" endtime="20230623 16:58:15.334"/>
</kw>
<kw name="Click Element" library="SeleniumLibrary">
<arg>//*[@id='Logon']/p[3]/input</arg>
<doc>Click the element identified by ``locator``.</doc>
<status status="NOT RUN" starttime="20230623 16:58:15.335" endtime="20230623 16:58:15.335"/>
</kw>
<kw name="Wait Until Page Contains Element" library="SeleniumLibrary">
<arg>//*[@class="tc-menu-trigger tc-header-icon icon-menu1 buttonClassSwitcher"]</arg>
<doc>Waits until the element ``locator`` appears on the current page.</doc>
<status status="NOT RUN" starttime="20230623 16:58:15.335" endtime="20230623 16:58:15.335"/>
</kw>
<kw name="Sleep" library="BuiltIn">
<arg>5s</arg>
<doc>Pauses the test executed for the given time.</doc>
<status status="NOT RUN" starttime="20230623 16:58:15.335" endtime="20230623 16:58:15.335"/>
</kw>
<kw name="Log To Console" library="BuiltIn">
<arg>here</arg>
<doc>Logs the given message to the console.</doc>
<status status="NOT RUN" starttime="20230623 16:58:15.335" endtime="20230623 16:58:15.335"/>
</kw>
<kw name="Click Element" library="SeleniumLibrary">
<arg>//*[@class="tc-menu-trigger tc-header-icon icon-menu1 buttonClassSwitcher"]</arg>
<doc>Click the element identified by ``locator``.</doc>
<status status="NOT RUN" starttime="20230623 16:58:15.336" endtime="20230623 16:58:15.336"/>
</kw>
<kw name="Log To Console" library="BuiltIn">
<arg>There</arg>
<doc>Logs the given message to the console.</doc>
<status status="NOT RUN" starttime="20230623 16:58:15.336" endtime="20230623 16:58:15.336"/>
</kw>
<kw name="Sleep" library="BuiltIn">
<arg>2s</arg>
<doc>Pauses the test executed for the given time.</doc>
<status status="NOT RUN" starttime="20230623 16:58:15.336" endtime="20230623 16:58:15.336"/>
</kw>
<kw name="Click Element" library="SeleniumLibrary">
<arg>//*[contains(text(),'User Menu')]</arg>
<doc>Click the element identified by ``locator``.</doc>
<status status="NOT RUN" starttime="20230623 16:58:15.336" endtime="20230623 16:58:15.337"/>
</kw>
<kw name="Sleep" library="BuiltIn">
<arg>3s</arg>
<doc>Pauses the test executed for the given time.</doc>
<status status="NOT RUN" starttime="20230623 16:58:15.337" endtime="20230623 16:58:15.337"/>
</kw>
<kw name="Click Element" library="SeleniumLibrary">
<arg>//*[@id="menu"]/li[1]/ul/li[2]</arg>
<doc>Click the element identified by ``locator``.</doc>
<status status="NOT RUN" starttime="20230623 16:58:15.337" endtime="20230623 16:58:15.350"/>
</kw>
<kw name="Sleep" library="BuiltIn">
<arg>2s</arg>
<doc>Pauses the test executed for the given time.</doc>
<status status="NOT RUN" starttime="20230623 16:58:15.350" endtime="20230623 16:58:15.350"/>
</kw>
<kw name="Click Element" library="SeleniumLibrary">
<arg>(//*[contains(text(),"Corporate Customer")])[1]</arg>
<doc>Click the element identified by ``locator``.</doc>
<status status="NOT RUN" starttime="20230623 16:58:15.350" endtime="20230623 16:58:15.350"/>
</kw>
<kw name="Sleep" library="BuiltIn">
<arg>20s</arg>
<doc>Pauses the test executed for the given time.</doc>
<status status="NOT RUN" starttime="20230623 16:58:15.351" endtime="20230623 16:58:15.351"/>
</kw>
<kw name="Get Text" library="SeleniumLibrary">
<var>${custID}</var>
<arg>//*[@id="C1__QUE_PrimaryKey"]</arg>
<doc>Returns the text value of the element identified by ``locator``.</doc>
<status status="NOT RUN" starttime="20230623 16:58:15.351" endtime="20230623 16:58:15.351"/>
</kw>
<kw name="Log To Console" library="BuiltIn">
<arg>${custID}</arg>
<doc>Logs the given message to the console.</doc>
<status status="NOT RUN" starttime="20230623 16:58:15.351" endtime="20230623 16:58:15.351"/>
</kw>
<kw name="Random Name" library="general">
<var>${random}</var>
<status status="NOT RUN" starttime="20230623 16:58:15.351" endtime="20230623 16:58:15.351"/>
</kw>
<kw name="Input Text" library="SeleniumLibrary">
<arg>//*[@id="C1__C2__C1__C1__C1__QUE_--CUSTOMER--NAME-1--_display"]</arg>
<arg>${random}</arg>
<doc>Types the given ``text`` into the text field identified by ``locator``.</doc>
<status status="NOT RUN" starttime="20230623 16:58:15.351" endtime="20230623 16:58:15.351"/>
</kw>
<kw name="Input Text" library="SeleniumLibrary">
<arg>//*[@id="C1__C2__C1__C1__C1__QUE_--CUSTOMER--SHORT-NAME--_display"]</arg>
<arg>${random}</arg>
<doc>Types the given ``text`` into the text field identified by ``locator``.</doc>
<status status="NOT RUN" starttime="20230623 16:58:15.351" endtime="20230623 16:58:15.351"/>
</kw>
<kw name="Input Text" library="SeleniumLibrary">
<arg>//*[@id="C1__C2__C1__C1__C1__QUE_--CUSTOMER--MNEMONIC--"]</arg>
<arg>${random}</arg>
<doc>Types the given ``text`` into the text field identified by ``locator``.</doc>
<status status="NOT RUN" starttime="20230623 16:58:15.352" endtime="20230623 16:58:15.352"/>
</kw>
<kw name="Input Text" library="SeleniumLibrary">
<arg>//*[@id="C1__C2__C1__C1__C1__QUE_--CUSTOMER--SECTOR--"]</arg>
<arg>2001</arg>
<doc>Types the given ``text`` into the text field identified by ``locator``.</doc>
<status status="NOT RUN" starttime="20230623 16:58:15.352" endtime="20230623 16:58:15.352"/>
</kw>
<kw name="Click Element" library="SeleniumLibrary">
<arg>//*[@id="C1__C2__C1__C1__C1__QUE_--CUSTOMER--INDUSTRY--"]</arg>
<doc>Click the element identified by ``locator``.</doc>
<status status="NOT RUN" starttime="20230623 16:58:15.352" endtime="20230623 16:58:15.352"/>
</kw>
<kw name="Sleep" library="BuiltIn">
<arg>3s</arg>
<doc>Pauses the test executed for the given time.</doc>
<status status="NOT RUN" starttime="20230623 16:58:15.352" endtime="20230623 16:58:15.352"/>
</kw>
<kw name="Input Text" library="SeleniumLibrary">
<arg>//*[@id="C1__C2__C1__C1__C1__QUE_--CUSTOMER--INDUSTRY--"]</arg>
<arg>1950</arg>
<doc>Types the given ``text`` into the text field identified by ``locator``.</doc>
<status status="NOT RUN" starttime="20230623 16:58:15.352" endtime="20230623 16:58:15.352"/>
</kw>
<kw name="Sleep" library="BuiltIn">
<arg>3s</arg>
<doc>Pauses the test executed for the given time.</doc>
<status status="NOT RUN" starttime="20230623 16:58:15.352" endtime="20230623 16:58:15.352"/>
</kw>
<kw name="Input Text" library="SeleniumLibrary">
<arg>//*[@id="C1__C2__C1__C1__C1__QUE_--CUSTOMER--NATIONALITY--"]</arg>
<arg>SG</arg>
<doc>Types the given ``text`` into the text field identified by ``locator``.</doc>
<status status="NOT RUN" starttime="20230623 16:58:15.352" endtime="20230623 16:58:15.352"/>
</kw>
<kw name="Sleep" library="BuiltIn">
<arg>3s</arg>
<doc>Pauses the test executed for the given time.</doc>
<status status="NOT RUN" starttime="20230623 16:58:15.352" endtime="20230623 16:58:15.352"/>
</kw>
<kw name="Input Text" library="SeleniumLibrary">
<arg>//*[@id="C1__C2__C1__C1__C1__QUE_--CUSTOMER--RESIDENCE--"]</arg>
<arg>SG</arg>
<doc>Types the given ``text`` into the text field identified by ``locator``.</doc>
<status status="NOT RUN" starttime="20230623 16:58:15.352" endtime="20230623 16:58:15.353"/>
</kw>
<kw name="Sleep" library="BuiltIn">
<arg>2s</arg>
<doc>Pauses the test executed for the given time.</doc>
<status status="NOT RUN" starttime="20230623 16:58:15.353" endtime="20230623 16:58:15.353"/>
</kw>
<kw name="Input Text" library="SeleniumLibrary">
<arg>//*[@id="C1__C2__C1__C1__C2__C1__QUE_--CUSTOMER--STREET--_display"]</arg>
<arg>Happy</arg>
<doc>Types the given ``text`` into the text field identified by ``locator``.</doc>
<status status="NOT RUN" starttime="20230623 16:58:15.353" endtime="20230623 16:58:15.353"/>
</kw>
<kw name="Click Element" library="SeleniumLibrary">
<arg>//*[@id="C1__C2__C1__C1__C2__C1__QUE_--CUSTOMER--BUILDING-NUMBER--"]</arg>
<doc>Click the element identified by ``locator``.</doc>
<status status="NOT RUN" starttime="20230623 16:58:15.353" endtime="20230623 16:58:15.353"/>
</kw>
<kw name="Sleep" library="BuiltIn">
<arg>10s</arg>
<doc>Pauses the test executed for the given time.</doc>
<status status="NOT RUN" starttime="20230623 16:58:15.353" endtime="20230623 16:58:15.353"/>
</kw>
<kw name="Click Element" library="SeleniumLibrary">
<arg>//*[@id="C1__p4_validate_version_button"]</arg>
<doc>Click the element identified by ``locator``.</doc>
<status status="NOT RUN" starttime="20230623 16:58:15.353" endtime="20230623 16:58:15.353"/>
</kw>
<kw name="Sleep" library="BuiltIn">
<arg>20s</arg>
<doc>Pauses the test executed for the given time.</doc>
<status status="NOT RUN" starttime="20230623 16:58:15.354" endtime="20230623 16:58:15.354"/>
</kw>
<kw name="Click Element" library="SeleniumLibrary">
<arg>//*[@id='C1__p4_commit_version_button']</arg>
<doc>Click the element identified by ``locator``.</doc>
<status status="NOT RUN" starttime="20230623 16:58:15.354" endtime="20230623 16:58:15.354"/>
</kw>
<kw name="Sleep" library="BuiltIn">
<arg>20s</arg>
<doc>Pauses the test executed for the given time.</doc>
<status status="NOT RUN" starttime="20230623 16:58:15.354" endtime="20230623 16:58:15.354"/>
</kw>
<kw name="Close Browser" library="SeleniumLibrary">
<doc>Closes the current browser.</doc>
<status status="NOT RUN" starttime="20230623 16:58:15.354" endtime="20230623 16:58:15.354"/>
</kw>
<kw name="Google Log In" library="resource">
<status status="NOT RUN" starttime="20230623 16:58:15.354" endtime="20230623 16:58:15.354"/>
</kw>
<kw name="Input Text" library="SeleniumLibrary">
<arg>//*[@id='userId']</arg>
<arg>CapCLMC02</arg>
<doc>Types the given ``text`` into the text field identified by ``locator``.</doc>
<status status="NOT RUN" starttime="20230623 16:58:15.354" endtime="20230623 16:58:15.355"/>
</kw>
<kw name="Click Element" library="SeleniumLibrary">
<arg>//*[@id='Logon']/p[3]/input</arg>
<doc>Click the element identified by ``locator``.</doc>
<status status="NOT RUN" starttime="20230623 16:58:15.355" endtime="20230623 16:58:15.355"/>
</kw>
<kw name="Wait Until Page Contains Element" library="SeleniumLibrary">
<arg>//*[@class="tc-menu-trigger tc-header-icon icon-menu1 buttonClassSwitcher"]</arg>
<doc>Waits until the element ``locator`` appears on the current page.</doc>
<status status="NOT RUN" starttime="20230623 16:58:15.355" endtime="20230623 16:58:15.355"/>
</kw>
<kw name="Sleep" library="BuiltIn">
<arg>5s</arg>
<doc>Pauses the test executed for the given time.</doc>
<status status="NOT RUN" starttime="20230623 16:58:15.355" endtime="20230623 16:58:15.355"/>
</kw>
<kw name="Log To Console" library="BuiltIn">
<arg>here</arg>
<doc>Logs the given message to the console.</doc>
<status status="NOT RUN" starttime="20230623 16:58:15.355" endtime="20230623 16:58:15.355"/>
</kw>
<kw name="Click Element" library="SeleniumLibrary">
<arg>//*[@class="tc-menu-trigger tc-header-icon icon-menu1 buttonClassSwitcher"]</arg>
<doc>Click the element identified by ``locator``.</doc>
<status status="NOT RUN" starttime="20230623 16:58:15.355" endtime="20230623 16:58:15.356"/>
</kw>
<kw name="Log To Console" library="BuiltIn">
<arg>There</arg>
<doc>Logs the given message to the console.</doc>
<status status="NOT RUN" starttime="20230623 16:58:15.356" endtime="20230623 16:58:15.356"/>
</kw>
<kw name="Sleep" library="BuiltIn">
<arg>2s</arg>
<doc>Pauses the test executed for the given time.</doc>
<status status="NOT RUN" starttime="20230623 16:58:15.356" endtime="20230623 16:58:15.356"/>
</kw>
<kw name="Click Element" library="SeleniumLibrary">
<arg>//*[contains(text(),'User Menu')]</arg>
<doc>Click the element identified by ``locator``.</doc>
<status status="NOT RUN" starttime="20230623 16:58:15.356" endtime="20230623 16:58:15.356"/>
</kw>
<kw name="Sleep" library="BuiltIn">
<arg>3s</arg>
<doc>Pauses the test executed for the given time.</doc>
<status status="NOT RUN" starttime="20230623 16:58:15.356" endtime="20230623 16:58:15.356"/>
</kw>
<kw name="Click Element" library="SeleniumLibrary">
<arg>//*[@id="menu"]/li[1]/ul/li[2]</arg>
<doc>Click the element identified by ``locator``.</doc>
<status status="NOT RUN" starttime="20230623 16:58:15.356" endtime="20230623 16:58:15.356"/>
</kw>
<kw name="Sleep" library="BuiltIn">
<arg>2s</arg>
<doc>Pauses the test executed for the given time.</doc>
<status status="NOT RUN" starttime="20230623 16:58:15.356" endtime="20230623 16:58:15.357"/>
</kw>
<kw name="Click Element" library="SeleniumLibrary">
<arg>//*[@t24cmd="COS CUSTOMER.NAU"]</arg>
<doc>Click the element identified by ``locator``.</doc>
<status status="NOT RUN" starttime="20230623 16:58:15.357" endtime="20230623 16:58:15.357"/>
</kw>
<kw name="Sleep" library="BuiltIn">
<arg>10s</arg>
<doc>Pauses the test executed for the given time.</doc>
<status status="NOT RUN" starttime="20230623 16:58:15.357" endtime="20230623 16:58:15.357"/>
</kw>
<kw name="Click Element" library="SeleniumLibrary">
<arg>(//*[@title="Authorise"])[2]</arg>
<doc>Click the element identified by ``locator``.</doc>
<status status="NOT RUN" starttime="20230623 16:58:15.357" endtime="20230623 16:58:15.357"/>
</kw>
<kw name="Sleep" library="BuiltIn">
<arg>20s</arg>
<doc>Pauses the test executed for the given time.</doc>
<status status="NOT RUN" starttime="20230623 16:58:15.357" endtime="20230623 16:58:15.357"/>
</kw>
<kw name="Click Element" library="SeleniumLibrary">
<arg>//*[@id="C1__C2__authorise_version_button"]</arg>
<doc>Click the element identified by ``locator``.</doc>
<status status="NOT RUN" starttime="20230623 16:58:15.357" endtime="20230623 16:58:15.357"/>
</kw>
<kw name="Sleep" library="BuiltIn">
<arg>20s</arg>
<doc>Pauses the test executed for the given time.</doc>
<status status="NOT RUN" starttime="20230623 16:58:15.357" endtime="20230623 16:58:15.357"/>
</kw>
<doc>Borrower Email Verfication Not Clicked, Status Should Remain Unverified</doc>
<status status="FAIL" starttime="20230623 16:57:38.300" endtime="20230623 16:58:15.357">Execution terminated by signal</status>
</test>
<doc>Template robot suite</doc>
<status status="FAIL" starttime="20230623 16:57:38.235" endtime="20230623 16:58:15.358"/>
</suite>
<status status="FAIL" starttime="20230623 16:57:38.228" endtime="20230623 16:58:15.359"/>
</suite>
<statistics>
<total>
<stat pass="0" fail="1" skip="0">All Tests</stat>
</total>
<tag>
</tag>
<suite>
<stat pass="0" fail="1" skip="0" id="s1" name="0001 Test Stuff">0001 Test Stuff</stat>
<stat pass="0" fail="1" skip="0" id="s1-s1" name="001 Business Customer Creation">0001 Test Stuff.001 Business Customer Creation</stat>
</suite>
</statistics>
<errors>
</errors>
</robot>
