<?xml version="1.0" encoding="UTF-8"?>
<robot generator="Robot 6.1.1 (Python 3.11.3 on darwin)" generated="20231010 16:10:45.217" rpa="false" schemaversion="4">
<suite id="s1" name="Temenosrobot" source="/Users/kennethc@capc.com.sg/temenosrobot">
<suite id="s1-s1" name="0004 Refund" source="/Users/kennethc@capc.com.sg/temenosrobot/0004_Refund">
<suite id="s1-s1-s1" name="002 Refund Of Advance Repayment" source="/Users/kennethc@capc.com.sg/temenosrobot/0004_Refund/002_Refund_Of_Advance_Repayment.robot">
<test id="s1-s1-s1-t1" name="Refund_Advanced_Excess_From_Expired" line="15">
<kw name="Google Log In" library="resource">
<kw name="Open Browser" library="SeleniumLibrary">
<arg>${Borrower}</arg>
<arg>Chrome</arg>
<doc>Opens a new browser instance to the optional ``url``.</doc>
<msg timestamp="20231010 16:10:45.299" level="INFO">Opening browser 'Chrome' to base url 'https://temenosstg.capcfintech.com/Browser/'.</msg>
<status status="PASS" starttime="20231010 16:10:45.299" endtime="20231010 16:10:48.951"/>
</kw>
<kw name="Maximize Browser Window" library="SeleniumLibrary">
<doc>Maximizes current browser window.</doc>
<status status="PASS" starttime="20231010 16:10:48.952" endtime="20231010 16:10:49.415"/>
</kw>
<kw name="Sleep" library="BuiltIn">
<arg>2s</arg>
<doc>Pauses the test executed for the given time.</doc>
<msg timestamp="20231010 16:10:51.417" level="INFO">Slept 2 seconds</msg>
<status status="PASS" starttime="20231010 16:10:49.415" endtime="20231010 16:10:51.418"/>
</kw>
<kw name="Click Element" library="SeleniumLibrary">
<arg>//*[@id='idp1']/div[1]</arg>
<doc>Click the element identified by ``locator``.</doc>
<msg timestamp="20231010 16:10:51.421" level="INFO">Clicking element '//*[@id='idp1']/div[1]'.</msg>
<status status="PASS" starttime="20231010 16:10:51.418" endtime="20231010 16:10:52.505"/>
</kw>
<kw name="Wait Until Page Contains Element" library="SeleniumLibrary">
<arg>//*[@id="identifierId"]</arg>
<doc>Waits until the element ``locator`` appears on the current page.</doc>
<status status="PASS" starttime="20231010 16:10:52.506" endtime="20231010 16:10:52.514"/>
</kw>
<kw name="Sleep" library="BuiltIn">
<arg>2s</arg>
<doc>Pauses the test executed for the given time.</doc>
<msg timestamp="20231010 16:10:54.517" level="INFO">Slept 2 seconds</msg>
<status status="PASS" starttime="20231010 16:10:52.514" endtime="20231010 16:10:54.517"/>
</kw>
<kw name="Input Text" library="SeleniumLibrary">
<arg>//*[@id ="identifierId"]</arg>
<arg>kennethc@capc.com.sg</arg>
<doc>Types the given ``text`` into the text field identified by ``locator``.</doc>
<msg timestamp="20231010 16:10:54.519" level="INFO">Typing text 'kennethc@capc.com.sg' into text field '//*[@id ="identifierId"]'.</msg>
<status status="PASS" starttime="20231010 16:10:54.517" endtime="20231010 16:10:54.683"/>
</kw>
<kw name="Click Element" library="SeleniumLibrary">
<arg>//*[@id="identifierNext"]/div/button/span</arg>
<doc>Click the element identified by ``locator``.</doc>
<msg timestamp="20231010 16:10:54.683" level="INFO">Clicking element '//*[@id="identifierNext"]/div/button/span'.</msg>
<status status="PASS" starttime="20231010 16:10:54.683" endtime="20231010 16:10:54.785"/>
</kw>
<kw name="Sleep" library="BuiltIn">
<arg>2s</arg>
<doc>Pauses the test executed for the given time.</doc>
<msg timestamp="20231010 16:10:56.786" level="INFO">Slept 2 seconds</msg>
<status status="PASS" starttime="20231010 16:10:54.785" endtime="20231010 16:10:56.786"/>
</kw>
<kw name="Capture Page Screenshot" library="SeleniumLibrary">
<arg>OpsAddPartner004.png</arg>
<doc>Takes a screenshot of the current page and embeds it into a log file.</doc>
<msg timestamp="20231010 16:10:57.055" level="INFO" html="true">&lt;/td&gt;&lt;/tr&gt;&lt;tr&gt;&lt;td colspan="3"&gt;&lt;a href="OpsAddPartner004.png"&gt;&lt;img src="OpsAddPartner004.png" width="800px"&gt;&lt;/a&gt;</msg>
<status status="PASS" starttime="20231010 16:10:56.786" endtime="20231010 16:10:57.055"/>
</kw>
<kw name="Wait Until Page Contains Element" library="SeleniumLibrary">
<arg>//*[@id="password"]/div[1]/div/div[1]/input</arg>
<doc>Waits until the element ``locator`` appears on the current page.</doc>
<status status="PASS" starttime="20231010 16:10:57.056" endtime="20231010 16:10:57.064"/>
</kw>
<kw name="Sleep" library="BuiltIn">
<arg>2s</arg>
<doc>Pauses the test executed for the given time.</doc>
<msg timestamp="20231010 16:10:59.066" level="INFO">Slept 2 seconds</msg>
<status status="PASS" starttime="20231010 16:10:57.064" endtime="20231010 16:10:59.066"/>
</kw>
<kw name="Input Text" library="SeleniumLibrary">
<arg>//*[@id="password"]/div[1]/div/div[1]/input</arg>
<arg>Y2kuniontpjcred!</arg>
<doc>Types the given ``text`` into the text field identified by ``locator``.</doc>
<msg timestamp="20231010 16:10:59.068" level="INFO">Typing text 'Y2kuniontpjcred!' into text field '//*[@id="password"]/div[1]/div/div[1]/input'.</msg>
<status status="PASS" starttime="20231010 16:10:59.067" endtime="20231010 16:10:59.141"/>
</kw>
<kw name="Click Element" library="SeleniumLibrary">
<arg>//*[@id="passwordNext"]/div/button/span</arg>
<doc>Click the element identified by ``locator``.</doc>
<msg timestamp="20231010 16:10:59.142" level="INFO">Clicking element '//*[@id="passwordNext"]/div/button/span'.</msg>
<status status="PASS" starttime="20231010 16:10:59.141" endtime="20231010 16:10:59.180"/>
</kw>
<kw name="Capture Page Screenshot" library="SeleniumLibrary">
<arg>CapOpButtonLogin1.png</arg>
<doc>Takes a screenshot of the current page and embeds it into a log file.</doc>
<msg timestamp="20231010 16:10:59.433" level="INFO" html="true">&lt;/td&gt;&lt;/tr&gt;&lt;tr&gt;&lt;td colspan="3"&gt;&lt;a href="CapOpButtonLogin1.png"&gt;&lt;img src="CapOpButtonLogin1.png" width="800px"&gt;&lt;/a&gt;</msg>
<status status="PASS" starttime="20231010 16:10:59.180" endtime="20231010 16:10:59.433"/>
</kw>
<kw name="Sleep" library="BuiltIn">
<arg>10s</arg>
<doc>Pauses the test executed for the given time.</doc>
<msg timestamp="20231010 16:11:09.434" level="INFO">Slept 10 seconds</msg>
<status status="PASS" starttime="20231010 16:10:59.434" endtime="20231010 16:11:09.435"/>
</kw>
<kw name="Get Element Count" library="SeleniumLibrary">
<var>${element_count}</var>
<arg>//*[text()='Try another way']</arg>
<doc>Returns the number of elements matching ``locator``.</doc>
<msg timestamp="20231010 16:11:09.449" level="INFO">${element_count} = 1</msg>
<status status="PASS" starttime="20231010 16:11:09.435" endtime="20231010 16:11:09.449"/>
</kw>
<kw name="Get Element Count" library="SeleniumLibrary">
<var>${element_count2}</var>
<arg>//*[contains(text(),'Get a verification code from the')]</arg>
<doc>Returns the number of elements matching ``locator``.</doc>
<msg timestamp="20231010 16:11:09.455" level="INFO">${element_count2} = 0</msg>
<status status="PASS" starttime="20231010 16:11:09.449" endtime="20231010 16:11:09.455"/>
</kw>
<kw name="Log To Console" library="BuiltIn">
<arg>countings</arg>
<doc>Logs the given message to the console.</doc>
<status status="PASS" starttime="20231010 16:11:09.455" endtime="20231010 16:11:09.455"/>
</kw>
<kw name="Log To Console" library="BuiltIn">
<arg>${element_count}</arg>
<doc>Logs the given message to the console.</doc>
<status status="PASS" starttime="20231010 16:11:09.455" endtime="20231010 16:11:09.455"/>
</kw>
<kw name="Log To Console" library="BuiltIn">
<arg>${element_count2}</arg>
<doc>Logs the given message to the console.</doc>
<status status="PASS" starttime="20231010 16:11:09.455" endtime="20231010 16:11:09.455"/>
</kw>
<if>
<branch type="IF" condition="${element_count2} &gt; 0">
<kw name="No Alternative" library="resource">
<status status="NOT RUN" starttime="20231010 16:11:09.456" endtime="20231010 16:11:09.456"/>
</kw>
<status status="NOT RUN" starttime="20231010 16:11:09.456" endtime="20231010 16:11:09.456"/>
</branch>
<branch type="ELSE">
<kw name="Alternative" library="resource">
<kw name="Click Element" library="SeleniumLibrary">
<arg>//*[text()='Try another way']</arg>
<doc>Click the element identified by ``locator``.</doc>
<msg timestamp="20231010 16:11:09.457" level="INFO">Clicking element '//*[text()='Try another way']'.</msg>
<status status="PASS" starttime="20231010 16:11:09.457" endtime="20231010 16:11:09.485"/>
</kw>
<kw name="Sleep" library="BuiltIn">
<arg>3s</arg>
<doc>Pauses the test executed for the given time.</doc>
<msg timestamp="20231010 16:11:12.485" level="INFO">Slept 3 seconds</msg>
<status status="PASS" starttime="20231010 16:11:09.485" endtime="20231010 16:11:12.486"/>
</kw>
<kw name="Click Element" library="SeleniumLibrary">
<arg>//*[contains(text(),'Get a verification code from the')]</arg>
<doc>Click the element identified by ``locator``.</doc>
<msg timestamp="20231010 16:11:12.488" level="INFO">Clicking element '//*[contains(text(),'Get a verification code from the')]'.</msg>
<status status="PASS" starttime="20231010 16:11:12.486" endtime="20231010 16:11:12.533"/>
</kw>
<status status="PASS" starttime="20231010 16:11:09.456" endtime="20231010 16:11:12.533"/>
</kw>
<status status="PASS" starttime="20231010 16:11:09.456" endtime="20231010 16:11:12.533"/>
</branch>
<status status="PASS" starttime="20231010 16:11:09.456" endtime="20231010 16:11:12.533"/>
</if>
<kw name="Sleep" library="BuiltIn">
<arg>3s</arg>
<doc>Pauses the test executed for the given time.</doc>
<msg timestamp="20231010 16:11:15.534" level="INFO">Slept 3 seconds</msg>
<status status="PASS" starttime="20231010 16:11:12.533" endtime="20231010 16:11:15.534"/>
</kw>
<kw name="Get Authenticator Code" library="resource">
<var>${code}</var>
<arg>kenneth</arg>
<doc>Authenticator needs to be set up for Google account</doc>
<kw name="Log To Console" library="BuiltIn">
<arg>${passphrase}</arg>
<doc>Logs the given message to the console.</doc>
<status status="PASS" starttime="20231010 16:11:15.534" endtime="20231010 16:11:15.535"/>
</kw>
<kw name="Run Process" library="Process">
<var>${result}</var>
<arg>echo ${passphrase} | authenticator --data /Users/kennethc@capc.com.sg/temenosrobot/ generate --refresh once</arg>
<arg>shell=TRUE</arg>
<doc>Runs a process and waits for it to complete.</doc>
<msg timestamp="20231010 16:11:15.535" level="INFO">Starting process:
echo kenneth | authenticator --data /Users/kennethc@capc.com.sg/temenosrobot/ generate --refresh once</msg>
<msg timestamp="20231010 16:11:15.538" level="INFO">Waiting for process to complete.</msg>
<msg timestamp="20231010 16:11:15.741" level="INFO">Process completed.</msg>
<msg timestamp="20231010 16:11:15.741" level="INFO">${result} = &lt;result object with rc 0&gt;</msg>
<status status="PASS" starttime="20231010 16:11:15.535" endtime="20231010 16:11:15.741"/>
</kw>
<kw name="Log To Console" library="BuiltIn">
<arg>test44</arg>
<doc>Logs the given message to the console.</doc>
<status status="PASS" starttime="20231010 16:11:15.741" endtime="20231010 16:11:15.741"/>
</kw>
<kw name="Log To Console" library="BuiltIn">
<arg>${result}</arg>
<doc>Logs the given message to the console.</doc>
<status status="PASS" starttime="20231010 16:11:15.741" endtime="20231010 16:11:15.741"/>
</kw>
<kw name="Get Regexp Matches" library="String">
<var>${match}</var>
<arg>${result.stdout}</arg>
<arg>kennethc@capc.com.sg: ([\\d]{6})</arg>
<arg>1</arg>
<doc>Returns a list of all non-overlapping matches in the given string.</doc>
<msg timestamp="20231010 16:11:15.742" level="INFO">${match} = ['396158']</msg>
<status status="PASS" starttime="20231010 16:11:15.741" endtime="20231010 16:11:15.742"/>
</kw>
<kw name="Log To Console" library="BuiltIn">
<arg>${match}[0]</arg>
<doc>Logs the given message to the console.</doc>
<status status="PASS" starttime="20231010 16:11:15.742" endtime="20231010 16:11:15.742"/>
</kw>
<msg timestamp="20231010 16:11:15.742" level="INFO">${code} = 396158</msg>
<status status="PASS" starttime="20231010 16:11:15.534" endtime="20231010 16:11:15.742"/>
</kw>
<kw name="Input Text" library="SeleniumLibrary">
<arg>//input[@type="tel"]</arg>
<arg>${code}</arg>
<doc>Types the given ``text`` into the text field identified by ``locator``.</doc>
<msg timestamp="20231010 16:11:15.742" level="INFO">Typing text '396158' into text field '//input[@type="tel"]'.</msg>
<status status="PASS" starttime="20231010 16:11:15.742" endtime="20231010 16:11:15.773"/>
</kw>
<kw name="Sleep" library="BuiltIn">
<arg>2s</arg>
<doc>Pauses the test executed for the given time.</doc>
<msg timestamp="20231010 16:11:17.773" level="INFO">Slept 2 seconds</msg>
<status status="PASS" starttime="20231010 16:11:15.773" endtime="20231010 16:11:17.774"/>
</kw>
<kw name="Click Element" library="SeleniumLibrary">
<arg>//*[@id="totpNext"]/div/button/span</arg>
<doc>Click the element identified by ``locator``.</doc>
<msg timestamp="20231010 16:11:17.775" level="INFO">Clicking element '//*[@id="totpNext"]/div/button/span'.</msg>
<status status="PASS" starttime="20231010 16:11:17.774" endtime="20231010 16:11:17.821"/>
</kw>
<kw name="Sleep" library="BuiltIn">
<arg>20s</arg>
<doc>Pauses the test executed for the given time.</doc>
<msg timestamp="20231010 16:11:37.824" level="INFO">Slept 20 seconds</msg>
<status status="PASS" starttime="20231010 16:11:17.821" endtime="20231010 16:11:37.826"/>
</kw>
<status status="PASS" starttime="20231010 16:10:45.299" endtime="20231010 16:11:37.827"/>
</kw>
<kw name="Input Text" library="SeleniumLibrary">
<arg>//*[@id="username"]</arg>
<arg>KENNETH1</arg>
<doc>Types the given ``text`` into the text field identified by ``locator``.</doc>
<msg timestamp="20231010 16:11:37.831" level="INFO">Typing text 'KENNETH1' into text field '//*[@id="username"]'.</msg>
<status status="PASS" starttime="20231010 16:11:37.828" endtime="20231010 16:11:37.882"/>
</kw>
<kw name="Input Text" library="SeleniumLibrary">
<arg>//*[@id="password"]</arg>
<arg>123456</arg>
<doc>Types the given ``text`` into the text field identified by ``locator``.</doc>
<msg timestamp="20231010 16:11:37.883" level="INFO">Typing text '123456' into text field '//*[@id="password"]'.</msg>
<status status="PASS" starttime="20231010 16:11:37.883" endtime="20231010 16:11:37.929"/>
</kw>
<kw name="Wait Until Page Contains Element" library="SeleniumLibrary">
<arg>//*[@class="pf-c-button pf-m-primary pf-m-block btn-lg"]</arg>
<doc>Waits until the element ``locator`` appears on the current page.</doc>
<status status="PASS" starttime="20231010 16:11:37.929" endtime="20231010 16:11:37.936"/>
</kw>
<kw name="Click Element" library="SeleniumLibrary">
<arg>//*[@class="pf-c-button pf-m-primary pf-m-block btn-lg"]</arg>
<doc>Click the element identified by ``locator``.</doc>
<msg timestamp="20231010 16:11:37.937" level="INFO">Clicking element '//*[@class="pf-c-button pf-m-primary pf-m-block btn-lg"]'.</msg>
<status status="PASS" starttime="20231010 16:11:37.936" endtime="20231010 16:11:41.676"/>
</kw>
<kw name="Wait Until Page Contains Element" library="SeleniumLibrary">
<arg>//*[@class="tc-menu-trigger tc-header-icon icon-menu1 buttonClassSwitcher"]</arg>
<doc>Waits until the element ``locator`` appears on the current page.</doc>
<status status="PASS" starttime="20231010 16:11:41.676" endtime="20231010 16:11:41.682"/>
</kw>
<kw name="Sleep" library="BuiltIn">
<arg>5s</arg>
<doc>Pauses the test executed for the given time.</doc>
<msg timestamp="20231010 16:11:46.685" level="INFO">Slept 5 seconds</msg>
<status status="PASS" starttime="20231010 16:11:41.683" endtime="20231010 16:11:46.685"/>
</kw>
<kw name="Click Element" library="SeleniumLibrary">
<arg>//*[@class="tc-menu-trigger tc-header-icon icon-menu1 buttonClassSwitcher"]</arg>
<doc>Click the element identified by ``locator``.</doc>
<msg timestamp="20231010 16:11:46.687" level="INFO">Clicking element '//*[@class="tc-menu-trigger tc-header-icon icon-menu1 buttonClassSwitcher"]'.</msg>
<status status="PASS" starttime="20231010 16:11:46.686" endtime="20231010 16:11:46.877"/>
</kw>
<kw name="Wait Until Page Contains Element" library="SeleniumLibrary">
<arg>//*[contains(text(),'User Menu')]</arg>
<doc>Waits until the element ``locator`` appears on the current page.</doc>
<status status="PASS" starttime="20231010 16:11:46.877" endtime="20231010 16:11:46.884"/>
</kw>
<kw name="Click Element" library="SeleniumLibrary">
<arg>//*[contains(text(),'User Menu')]</arg>
<doc>Click the element identified by ``locator``.</doc>
<msg timestamp="20231010 16:11:46.885" level="INFO">Clicking element '//*[contains(text(),'User Menu')]'.</msg>
<status status="PASS" starttime="20231010 16:11:46.885" endtime="20231010 16:11:46.910"/>
</kw>
<kw name="Sleep" library="BuiltIn">
<arg>3s</arg>
<doc>Pauses the test executed for the given time.</doc>
<msg timestamp="20231010 16:11:49.912" level="INFO">Slept 3 seconds</msg>
<status status="PASS" starttime="20231010 16:11:46.910" endtime="20231010 16:11:49.912"/>
</kw>
<kw name="Wait Until Page Contains Element" library="SeleniumLibrary">
<arg>//*[contains(text(),'Retail Operations')]</arg>
<doc>Waits until the element ``locator`` appears on the current page.</doc>
<status status="PASS" starttime="20231010 16:11:49.913" endtime="20231010 16:11:49.922"/>
</kw>
<kw name="Sleep" library="BuiltIn">
<arg>3s</arg>
<doc>Pauses the test executed for the given time.</doc>
<msg timestamp="20231010 16:11:52.924" level="INFO">Slept 3 seconds</msg>
<status status="PASS" starttime="20231010 16:11:49.922" endtime="20231010 16:11:52.924"/>
</kw>
<kw name="Click Element" library="SeleniumLibrary">
<arg>(//*[contains(text(),'Retail Operations')])[1]</arg>
<doc>Click the element identified by ``locator``.</doc>
<msg timestamp="20231010 16:11:52.926" level="INFO">Clicking element '(//*[contains(text(),'Retail Operations')])[1]'.</msg>
<status status="PASS" starttime="20231010 16:11:52.925" endtime="20231010 16:11:52.974"/>
</kw>
<kw name="Sleep" library="BuiltIn">
<arg>3s</arg>
<doc>Pauses the test executed for the given time.</doc>
<msg timestamp="20231010 16:11:55.976" level="INFO">Slept 3 seconds</msg>
<status status="PASS" starttime="20231010 16:11:52.974" endtime="20231010 16:11:55.976"/>
</kw>
<kw name="Click Element" library="SeleniumLibrary">
<arg>(//*[contains(text(),"Funds Transfer")])[1]</arg>
<doc>Click the element identified by ``locator``.</doc>
<msg timestamp="20231010 16:11:55.978" level="INFO">Clicking element '(//*[contains(text(),"Funds Transfer")])[1]'.</msg>
<status status="PASS" starttime="20231010 16:11:55.977" endtime="20231010 16:11:56.039"/>
</kw>
<kw name="Sleep" library="BuiltIn">
<arg>2s</arg>
<doc>Pauses the test executed for the given time.</doc>
<msg timestamp="20231010 16:11:58.040" level="INFO">Slept 2 seconds</msg>
<status status="PASS" starttime="20231010 16:11:56.039" endtime="20231010 16:11:58.040"/>
</kw>
<kw name="Click Element" library="SeleniumLibrary">
<arg>//*[@t24cmd="FUNDS.TRANSFER,AA.ACAR I F3"]</arg>
<doc>Click the element identified by ``locator``.</doc>
<msg timestamp="20231010 16:11:58.041" level="INFO">Clicking element '//*[@t24cmd="FUNDS.TRANSFER,AA.ACAR I F3"]'.</msg>
<status status="PASS" starttime="20231010 16:11:58.040" endtime="20231010 16:11:59.202"/>
</kw>
<kw name="Sleep" library="BuiltIn">
<arg>10s</arg>
<doc>Pauses the test executed for the given time.</doc>
<msg timestamp="20231010 16:12:09.205" level="INFO">Slept 10 seconds</msg>
<status status="PASS" starttime="20231010 16:11:59.203" endtime="20231010 16:12:09.205"/>
</kw>
<kw name="Input Text" library="SeleniumLibrary">
<arg>//*[@id="C1__C2__C1__C1__C1__QUE_--FUNDS-TRANSFER--DEBIT-ACCT-NO--"]</arg>
<arg>SGD100010001</arg>
<doc>Types the given ``text`` into the text field identified by ``locator``.</doc>
<msg timestamp="20231010 16:12:09.206" level="INFO">Typing text 'SGD100010001' into text field '//*[@id="C1__C2__C1__C1__C1__QUE_--FUNDS-TRANSFER--DEBIT-ACCT-NO--"]'.</msg>
<status status="PASS" starttime="20231010 16:12:09.205" endtime="20231010 16:12:09.274"/>
</kw>
<kw name="Sleep" library="BuiltIn">
<arg>1s</arg>
<doc>Pauses the test executed for the given time.</doc>
<msg timestamp="20231010 16:12:10.275" level="INFO">Slept 1 second</msg>
<status status="PASS" starttime="20231010 16:12:09.274" endtime="20231010 16:12:10.275"/>
</kw>
<kw name="Input Text" library="SeleniumLibrary">
<arg>//*[@id="C1__C2__C1__C1__C1__QUE_--FUNDS-TRANSFER--CREDIT-CURRENCY--"]</arg>
<arg>SGD</arg>
<doc>Types the given ``text`` into the text field identified by ``locator``.</doc>
<msg timestamp="20231010 16:12:10.275" level="INFO">Typing text 'SGD' into text field '//*[@id="C1__C2__C1__C1__C1__QUE_--FUNDS-TRANSFER--CREDIT-CURRENCY--"]'.</msg>
<status status="PASS" starttime="20231010 16:12:10.275" endtime="20231010 16:12:10.382"/>
</kw>
<kw name="Sleep" library="BuiltIn">
<arg>1s</arg>
<doc>Pauses the test executed for the given time.</doc>
<msg timestamp="20231010 16:12:11.383" level="INFO">Slept 1 second</msg>
<status status="PASS" starttime="20231010 16:12:10.382" endtime="20231010 16:12:11.383"/>
</kw>
<kw name="Input Text" library="SeleniumLibrary">
<arg>//*[@id="C1__C2__C1__C1__C1__QUE_--FUNDS-TRANSFER--CREDIT-AMOUNT--"]</arg>
<arg>100</arg>
<doc>Types the given ``text`` into the text field identified by ``locator``.</doc>
<msg timestamp="20231010 16:12:11.385" level="INFO">Typing text '100' into text field '//*[@id="C1__C2__C1__C1__C1__QUE_--FUNDS-TRANSFER--CREDIT-AMOUNT--"]'.</msg>
<status status="PASS" starttime="20231010 16:12:11.384" endtime="20231010 16:12:11.480"/>
</kw>
<kw name="Sleep" library="BuiltIn">
<arg>1s</arg>
<doc>Pauses the test executed for the given time.</doc>
<msg timestamp="20231010 16:12:12.482" level="INFO">Slept 1 second</msg>
<status status="PASS" starttime="20231010 16:12:11.480" endtime="20231010 16:12:12.482"/>
</kw>
<kw name="Input Text" library="SeleniumLibrary">
<arg>//*[@id="C1__C2__C1__C1__C1__QUE_--FUNDS-TRANSFER--CREDIT-ACCT-NO--"]</arg>
<arg>1000003243</arg>
<doc>Types the given ``text`` into the text field identified by ``locator``.</doc>
<msg timestamp="20231010 16:12:12.484" level="INFO">Typing text '1000003243' into text field '//*[@id="C1__C2__C1__C1__C1__QUE_--FUNDS-TRANSFER--CREDIT-ACCT-NO--"]'.</msg>
<status status="PASS" starttime="20231010 16:12:12.483" endtime="20231010 16:12:12.542"/>
</kw>
<kw name="Sleep" library="BuiltIn">
<arg>5s</arg>
<doc>Pauses the test executed for the given time.</doc>
<msg timestamp="20231010 16:12:17.544" level="INFO">Slept 5 seconds</msg>
<status status="PASS" starttime="20231010 16:12:12.542" endtime="20231010 16:12:17.544"/>
</kw>
<kw name="Click Element" library="SeleniumLibrary">
<arg>(//*[@title='Validate'])[1]</arg>
<doc>Click the element identified by ``locator``.</doc>
<msg timestamp="20231010 16:12:17.546" level="INFO">Clicking element '(//*[@title='Validate'])[1]'.</msg>
<status status="PASS" starttime="20231010 16:12:17.545" endtime="20231010 16:12:17.679"/>
</kw>
<kw name="Sleep" library="BuiltIn">
<arg>20s</arg>
<doc>Pauses the test executed for the given time.</doc>
<msg timestamp="20231010 16:12:37.680" level="INFO">Slept 20 seconds</msg>
<status status="PASS" starttime="20231010 16:12:17.679" endtime="20231010 16:12:37.681"/>
</kw>
<kw name="Click Element" library="SeleniumLibrary">
<arg>(//*[@title="Commit"])[1]</arg>
<doc>Click the element identified by ``locator``.</doc>
<msg timestamp="20231010 16:12:37.684" level="INFO">Clicking element '(//*[@title="Commit"])[1]'.</msg>
<status status="PASS" starttime="20231010 16:12:37.681" endtime="20231010 16:12:37.731"/>
</kw>
<kw name="Sleep" library="BuiltIn">
<arg>20s</arg>
<doc>Pauses the test executed for the given time.</doc>
<msg timestamp="20231010 16:12:57.733" level="INFO">Slept 20 seconds</msg>
<status status="PASS" starttime="20231010 16:12:37.731" endtime="20231010 16:12:57.733"/>
</kw>
<kw name="Log To Console" library="BuiltIn">
<arg>It is here</arg>
<doc>Logs the given message to the console.</doc>
<status status="PASS" starttime="20231010 16:12:57.734" endtime="20231010 16:12:57.735"/>
</kw>
<kw name="Sleep" library="BuiltIn">
<arg>2s</arg>
<doc>Pauses the test executed for the given time.</doc>
<msg timestamp="20231010 16:12:59.736" level="INFO">Slept 2 seconds</msg>
<status status="PASS" starttime="20231010 16:12:57.735" endtime="20231010 16:12:59.736"/>
</kw>
<kw name="Sleep" library="BuiltIn">
<arg>20s</arg>
<doc>Pauses the test executed for the given time.</doc>
<msg timestamp="20231010 16:13:19.740" level="INFO">Slept 20 seconds</msg>
<status status="PASS" starttime="20231010 16:12:59.737" endtime="20231010 16:13:19.742"/>
</kw>
<kw name="Close All Browsers" library="SeleniumLibrary">
<doc>Closes all open browsers and resets the browser cache.</doc>
<status status="PASS" starttime="20231010 16:13:19.744" endtime="20231010 16:13:19.921"/>
</kw>
<kw name="FireFox Google Log In" library="resource">
<kw name="Open Browser" library="SeleniumLibrary">
<arg>${Borrower}</arg>
<arg>Firefox</arg>
<doc>Opens a new browser instance to the optional ``url``.</doc>
<msg timestamp="20231010 16:13:19.922" level="INFO">Opening browser 'Firefox' to base url 'https://temenosstg.capcfintech.com/Browser/'.</msg>
<msg timestamp="20231010 16:13:19.926" level="INFO">Firefox driver log is always forced to to: /Users/kennethc@capc.com.sg/temenosrobot/geckodriver-84.log</msg>
<msg timestamp="20231010 16:13:19.928" level="INFO">Executing: /Library/Frameworks/Python.framework/Versions/3.11/lib/python3.11/site-packages/selenium/webdriver/common/macos/selenium-manager --browser firefox --output json</msg>
<status status="PASS" starttime="20231010 16:13:19.922" endtime="20231010 16:13:25.059"/>
</kw>
<kw name="Maximize Browser Window" library="SeleniumLibrary">
<doc>Maximizes current browser window.</doc>
<status status="PASS" starttime="20231010 16:13:25.059" endtime="20231010 16:13:25.653"/>
</kw>
<kw name="Sleep" library="BuiltIn">
<arg>2s</arg>
<doc>Pauses the test executed for the given time.</doc>
<msg timestamp="20231010 16:13:27.655" level="INFO">Slept 2 seconds</msg>
<status status="PASS" starttime="20231010 16:13:25.653" endtime="20231010 16:13:27.656"/>
</kw>
<kw name="Click Element" library="SeleniumLibrary">
<arg>//*[@id='idp1']/div[1]</arg>
<doc>Click the element identified by ``locator``.</doc>
<msg timestamp="20231010 16:13:27.658" level="INFO">Clicking element '//*[@id='idp1']/div[1]'.</msg>
<status status="PASS" starttime="20231010 16:13:27.656" endtime="20231010 16:13:28.591"/>
</kw>
<kw name="Wait Until Page Contains Element" library="SeleniumLibrary">
<arg>//*[@id="identifierId"]</arg>
<doc>Waits until the element ``locator`` appears on the current page.</doc>
<status status="PASS" starttime="20231010 16:13:28.592" endtime="20231010 16:13:28.596"/>
</kw>
<kw name="Sleep" library="BuiltIn">
<arg>2s</arg>
<doc>Pauses the test executed for the given time.</doc>
<msg timestamp="20231010 16:13:30.597" level="INFO">Slept 2 seconds</msg>
<status status="PASS" starttime="20231010 16:13:28.596" endtime="20231010 16:13:30.597"/>
</kw>
<kw name="Input Text" library="SeleniumLibrary">
<arg>//*[@id ="identifierId"]</arg>
<arg>kennethc@capc.com.sg</arg>
<doc>Types the given ``text`` into the text field identified by ``locator``.</doc>
<msg timestamp="20231010 16:13:30.599" level="INFO">Typing text 'kennethc@capc.com.sg' into text field '//*[@id ="identifierId"]'.</msg>
<status status="PASS" starttime="20231010 16:13:30.597" endtime="20231010 16:13:30.651"/>
</kw>
<kw name="Click Element" library="SeleniumLibrary">
<arg>//*[@id="identifierNext"]/div/button/span</arg>
<doc>Click the element identified by ``locator``.</doc>
<msg timestamp="20231010 16:13:30.651" level="INFO">Clicking element '//*[@id="identifierNext"]/div/button/span'.</msg>
<status status="PASS" starttime="20231010 16:13:30.651" endtime="20231010 16:13:30.933"/>
</kw>
<kw name="Sleep" library="BuiltIn">
<arg>2s</arg>
<doc>Pauses the test executed for the given time.</doc>
<msg timestamp="20231010 16:13:32.935" level="INFO">Slept 2 seconds</msg>
<status status="PASS" starttime="20231010 16:13:30.933" endtime="20231010 16:13:32.935"/>
</kw>
<kw name="Capture Page Screenshot" library="SeleniumLibrary">
<arg>OpsAddPartner004.png</arg>
<doc>Takes a screenshot of the current page and embeds it into a log file.</doc>
<msg timestamp="20231010 16:13:33.034" level="INFO" html="true">&lt;/td&gt;&lt;/tr&gt;&lt;tr&gt;&lt;td colspan="3"&gt;&lt;a href="OpsAddPartner004.png"&gt;&lt;img src="OpsAddPartner004.png" width="800px"&gt;&lt;/a&gt;</msg>
<status status="PASS" starttime="20231010 16:13:32.936" endtime="20231010 16:13:33.034"/>
</kw>
<kw name="Wait Until Page Contains Element" library="SeleniumLibrary">
<arg>//*[@id="password"]/div[1]/div/div[1]/input</arg>
<doc>Waits until the element ``locator`` appears on the current page.</doc>
<status status="PASS" starttime="20231010 16:13:33.034" endtime="20231010 16:13:33.035"/>
</kw>
<kw name="Sleep" library="BuiltIn">
<arg>2s</arg>
<doc>Pauses the test executed for the given time.</doc>
<msg timestamp="20231010 16:13:35.037" level="INFO">Slept 2 seconds</msg>
<status status="PASS" starttime="20231010 16:13:33.035" endtime="20231010 16:13:35.037"/>
</kw>
<kw name="Input Text" library="SeleniumLibrary">
<arg>//*[@id="password"]/div[1]/div/div[1]/input</arg>
<arg>Y2kuniontpjcred!</arg>
<doc>Types the given ``text`` into the text field identified by ``locator``.</doc>
<msg timestamp="20231010 16:13:35.037" level="INFO">Typing text 'Y2kuniontpjcred!' into text field '//*[@id="password"]/div[1]/div/div[1]/input'.</msg>
<status status="PASS" starttime="20231010 16:13:35.037" endtime="20231010 16:13:35.066"/>
</kw>
<kw name="Click Element" library="SeleniumLibrary">
<arg>//*[@id="passwordNext"]/div/button/span</arg>
<doc>Click the element identified by ``locator``.</doc>
<msg timestamp="20231010 16:13:35.066" level="INFO">Clicking element '//*[@id="passwordNext"]/div/button/span'.</msg>
<status status="PASS" starttime="20231010 16:13:35.066" endtime="20231010 16:13:35.299"/>
</kw>
<kw name="Capture Page Screenshot" library="SeleniumLibrary">
<arg>CapOpButtonLogin1.png</arg>
<doc>Takes a screenshot of the current page and embeds it into a log file.</doc>
<msg timestamp="20231010 16:13:35.391" level="INFO" html="true">&lt;/td&gt;&lt;/tr&gt;&lt;tr&gt;&lt;td colspan="3"&gt;&lt;a href="CapOpButtonLogin1.png"&gt;&lt;img src="CapOpButtonLogin1.png" width="800px"&gt;&lt;/a&gt;</msg>
<status status="PASS" starttime="20231010 16:13:35.299" endtime="20231010 16:13:35.391"/>
</kw>
<kw name="Sleep" library="BuiltIn">
<arg>10s</arg>
<doc>Pauses the test executed for the given time.</doc>
<msg timestamp="20231010 16:13:45.395" level="INFO">Slept 10 seconds</msg>
<status status="PASS" starttime="20231010 16:13:35.391" endtime="20231010 16:13:45.396"/>
</kw>
<kw name="Get Element Count" library="SeleniumLibrary">
<var>${element_count}</var>
<arg>//*[text()='Try another way']</arg>
<doc>Returns the number of elements matching ``locator``.</doc>
<msg timestamp="20231010 16:13:45.408" level="INFO">${element_count} = 1</msg>
<status status="PASS" starttime="20231010 16:13:45.397" endtime="20231010 16:13:45.409"/>
</kw>
<kw name="Get Element Count" library="SeleniumLibrary">
<var>${element_count2}</var>
<arg>//*[contains(text(),'Get a verification code from the')]</arg>
<doc>Returns the number of elements matching ``locator``.</doc>
<msg timestamp="20231010 16:13:45.414" level="INFO">${element_count2} = 0</msg>
<status status="PASS" starttime="20231010 16:13:45.409" endtime="20231010 16:13:45.414"/>
</kw>
<kw name="Log To Console" library="BuiltIn">
<arg>countings</arg>
<doc>Logs the given message to the console.</doc>
<status status="PASS" starttime="20231010 16:13:45.415" endtime="20231010 16:13:45.415"/>
</kw>
<kw name="Log To Console" library="BuiltIn">
<arg>${element_count}</arg>
<doc>Logs the given message to the console.</doc>
<status status="PASS" starttime="20231010 16:13:45.415" endtime="20231010 16:13:45.415"/>
</kw>
<kw name="Log To Console" library="BuiltIn">
<arg>${element_count2}</arg>
<doc>Logs the given message to the console.</doc>
<status status="PASS" starttime="20231010 16:13:45.415" endtime="20231010 16:13:45.415"/>
</kw>
<if>
<branch type="IF" condition="${element_count2} &gt; 0">
<kw name="No Alternative" library="resource">
<status status="NOT RUN" starttime="20231010 16:13:45.418" endtime="20231010 16:13:45.418"/>
</kw>
<status status="NOT RUN" starttime="20231010 16:13:45.415" endtime="20231010 16:13:45.418"/>
</branch>
<branch type="ELSE">
<kw name="Alternative" library="resource">
<kw name="Click Element" library="SeleniumLibrary">
<arg>//*[text()='Try another way']</arg>
<doc>Click the element identified by ``locator``.</doc>
<msg timestamp="20231010 16:13:45.419" level="INFO">Clicking element '//*[text()='Try another way']'.</msg>
<status status="PASS" starttime="20231010 16:13:45.418" endtime="20231010 16:13:45.650"/>
</kw>
<kw name="Sleep" library="BuiltIn">
<arg>3s</arg>
<doc>Pauses the test executed for the given time.</doc>
<msg timestamp="20231010 16:13:48.653" level="INFO">Slept 3 seconds</msg>
<status status="PASS" starttime="20231010 16:13:45.651" endtime="20231010 16:13:48.653"/>
</kw>
<kw name="Click Element" library="SeleniumLibrary">
<arg>//*[contains(text(),'Get a verification code from the')]</arg>
<doc>Click the element identified by ``locator``.</doc>
<msg timestamp="20231010 16:13:48.655" level="INFO">Clicking element '//*[contains(text(),'Get a verification code from the')]'.</msg>
<status status="PASS" starttime="20231010 16:13:48.654" endtime="20231010 16:13:48.886"/>
</kw>
<status status="PASS" starttime="20231010 16:13:45.418" endtime="20231010 16:13:48.887"/>
</kw>
<status status="PASS" starttime="20231010 16:13:45.418" endtime="20231010 16:13:48.887"/>
</branch>
<status status="PASS" starttime="20231010 16:13:45.415" endtime="20231010 16:13:48.887"/>
</if>
<kw name="Sleep" library="BuiltIn">
<arg>3s</arg>
<doc>Pauses the test executed for the given time.</doc>
<msg timestamp="20231010 16:13:51.889" level="INFO">Slept 3 seconds</msg>
<status status="PASS" starttime="20231010 16:13:48.887" endtime="20231010 16:13:51.889"/>
</kw>
<kw name="Get Authenticator Code" library="resource">
<var>${code}</var>
<arg>kenneth</arg>
<doc>Authenticator needs to be set up for Google account</doc>
<kw name="Log To Console" library="BuiltIn">
<arg>${passphrase}</arg>
<doc>Logs the given message to the console.</doc>
<status status="PASS" starttime="20231010 16:13:51.891" endtime="20231010 16:13:51.891"/>
</kw>
<kw name="Run Process" library="Process">
<var>${result}</var>
<arg>echo ${passphrase} | authenticator --data /Users/kennethc@capc.com.sg/temenosrobot/ generate --refresh once</arg>
<arg>shell=TRUE</arg>
<doc>Runs a process and waits for it to complete.</doc>
<msg timestamp="20231010 16:13:51.892" level="INFO">Starting process:
echo kenneth | authenticator --data /Users/kennethc@capc.com.sg/temenosrobot/ generate --refresh once</msg>
<msg timestamp="20231010 16:13:51.900" level="INFO">Waiting for process to complete.</msg>
<msg timestamp="20231010 16:13:52.148" level="INFO">Process completed.</msg>
<msg timestamp="20231010 16:13:52.148" level="INFO">${result} = &lt;result object with rc 0&gt;</msg>
<status status="PASS" starttime="20231010 16:13:51.891" endtime="20231010 16:13:52.148"/>
</kw>
<kw name="Log To Console" library="BuiltIn">
<arg>test44</arg>
<doc>Logs the given message to the console.</doc>
<status status="PASS" starttime="20231010 16:13:52.148" endtime="20231010 16:13:52.148"/>
</kw>
<kw name="Log To Console" library="BuiltIn">
<arg>${result}</arg>
<doc>Logs the given message to the console.</doc>
<status status="PASS" starttime="20231010 16:13:52.148" endtime="20231010 16:13:52.148"/>
</kw>
<kw name="Get Regexp Matches" library="String">
<var>${match}</var>
<arg>${result.stdout}</arg>
<arg>kennethc@capc.com.sg: ([\\d]{6})</arg>
<arg>1</arg>
<doc>Returns a list of all non-overlapping matches in the given string.</doc>
<msg timestamp="20231010 16:13:52.149" level="INFO">${match} = ['584522']</msg>
<status status="PASS" starttime="20231010 16:13:52.148" endtime="20231010 16:13:52.149"/>
</kw>
<kw name="Log To Console" library="BuiltIn">
<arg>${match}[0]</arg>
<doc>Logs the given message to the console.</doc>
<status status="PASS" starttime="20231010 16:13:52.149" endtime="20231010 16:13:52.149"/>
</kw>
<msg timestamp="20231010 16:13:52.149" level="INFO">${code} = 584522</msg>
<status status="PASS" starttime="20231010 16:13:51.890" endtime="20231010 16:13:52.149"/>
</kw>
<kw name="Input Text" library="SeleniumLibrary">
<arg>//input[@type="tel"]</arg>
<arg>${code}</arg>
<doc>Types the given ``text`` into the text field identified by ``locator``.</doc>
<msg timestamp="20231010 16:13:52.149" level="INFO">Typing text '584522' into text field '//input[@type="tel"]'.</msg>
<status status="PASS" starttime="20231010 16:13:52.149" endtime="20231010 16:13:52.161"/>
</kw>
<kw name="Sleep" library="BuiltIn">
<arg>2s</arg>
<doc>Pauses the test executed for the given time.</doc>
<msg timestamp="20231010 16:13:54.163" level="INFO">Slept 2 seconds</msg>
<status status="PASS" starttime="20231010 16:13:52.161" endtime="20231010 16:13:54.163"/>
</kw>
<kw name="Click Element" library="SeleniumLibrary">
<arg>//*[@id="totpNext"]/div/button/span</arg>
<doc>Click the element identified by ``locator``.</doc>
<msg timestamp="20231010 16:13:54.164" level="INFO">Clicking element '//*[@id="totpNext"]/div/button/span'.</msg>
<status status="PASS" starttime="20231010 16:13:54.164" endtime="20231010 16:13:54.387"/>
</kw>
<kw name="Sleep" library="BuiltIn">
<arg>20s</arg>
<doc>Pauses the test executed for the given time.</doc>
<msg timestamp="20231010 16:14:14.391" level="INFO">Slept 20 seconds</msg>
<status status="PASS" starttime="20231010 16:13:54.387" endtime="20231010 16:14:14.393"/>
</kw>
<status status="PASS" starttime="20231010 16:13:19.921" endtime="20231010 16:14:14.395"/>
</kw>
<kw name="Input Text" library="SeleniumLibrary">
<arg>//*[@id="username"]</arg>
<arg>KENNETH2</arg>
<doc>Types the given ``text`` into the text field identified by ``locator``.</doc>
<msg timestamp="20231010 16:14:14.398" level="INFO">Typing text 'KENNETH2' into text field '//*[@id="username"]'.</msg>
<status status="PASS" starttime="20231010 16:14:14.396" endtime="20231010 16:14:14.425"/>
</kw>
<kw name="Input Text" library="SeleniumLibrary">
<arg>//*[@id="password"]</arg>
<arg>123456</arg>
<doc>Types the given ``text`` into the text field identified by ``locator``.</doc>
<msg timestamp="20231010 16:14:14.425" level="INFO">Typing text '123456' into text field '//*[@id="password"]'.</msg>
<status status="PASS" starttime="20231010 16:14:14.425" endtime="20231010 16:14:14.437"/>
</kw>
<kw name="Wait Until Page Contains Element" library="SeleniumLibrary">
<arg>//*[@class="pf-c-button pf-m-primary pf-m-block btn-lg"]</arg>
<doc>Waits until the element ``locator`` appears on the current page.</doc>
<status status="PASS" starttime="20231010 16:14:14.437" endtime="20231010 16:14:14.439"/>
</kw>
<kw name="Click Element" library="SeleniumLibrary">
<arg>//*[@class="pf-c-button pf-m-primary pf-m-block btn-lg"]</arg>
<doc>Click the element identified by ``locator``.</doc>
<msg timestamp="20231010 16:14:14.440" level="INFO">Clicking element '//*[@class="pf-c-button pf-m-primary pf-m-block btn-lg"]'.</msg>
<status status="PASS" starttime="20231010 16:14:14.439" endtime="20231010 16:14:15.195"/>
</kw>
<kw name="Wait Until Page Contains Element" library="SeleniumLibrary">
<arg>//*[@class="tc-menu-trigger tc-header-icon icon-menu1 buttonClassSwitcher"]</arg>
<doc>Waits until the element ``locator`` appears on the current page.</doc>
<status status="PASS" starttime="20231010 16:14:15.195" endtime="20231010 16:14:15.609"/>
</kw>
<kw name="Sleep" library="BuiltIn">
<arg>5s</arg>
<doc>Pauses the test executed for the given time.</doc>
<msg timestamp="20231010 16:14:20.611" level="INFO">Slept 5 seconds</msg>
<status status="PASS" starttime="20231010 16:14:15.609" endtime="20231010 16:14:20.612"/>
</kw>
<kw name="Click Element" library="SeleniumLibrary">
<arg>//*[@class="tc-menu-trigger tc-header-icon icon-menu1 buttonClassSwitcher"]</arg>
<doc>Click the element identified by ``locator``.</doc>
<msg timestamp="20231010 16:14:20.613" level="INFO">Clicking element '//*[@class="tc-menu-trigger tc-header-icon icon-menu1 buttonClassSwitcher"]'.</msg>
<status status="PASS" starttime="20231010 16:14:20.612" endtime="20231010 16:14:20.900"/>
</kw>
<kw name="Wait Until Page Contains Element" library="SeleniumLibrary">
<arg>//*[contains(text(),'User Menu')]</arg>
<doc>Waits until the element ``locator`` appears on the current page.</doc>
<status status="PASS" starttime="20231010 16:14:20.900" endtime="20231010 16:14:20.903"/>
</kw>
<kw name="Click Element" library="SeleniumLibrary">
<arg>//*[contains(text(),'User Menu')]</arg>
<doc>Click the element identified by ``locator``.</doc>
<msg timestamp="20231010 16:14:20.904" level="INFO">Clicking element '//*[contains(text(),'User Menu')]'.</msg>
<status status="PASS" starttime="20231010 16:14:20.903" endtime="20231010 16:14:21.124"/>
</kw>
<kw name="Sleep" library="BuiltIn">
<arg>3s</arg>
<doc>Pauses the test executed for the given time.</doc>
<msg timestamp="20231010 16:14:24.126" level="INFO">Slept 3 seconds</msg>
<status status="PASS" starttime="20231010 16:14:21.124" endtime="20231010 16:14:24.127"/>
</kw>
<kw name="Wait Until Page Contains Element" library="SeleniumLibrary">
<arg>//*[contains(text(),'Retail Operations')]</arg>
<doc>Waits until the element ``locator`` appears on the current page.</doc>
<status status="PASS" starttime="20231010 16:14:24.127" endtime="20231010 16:14:24.136"/>
</kw>
<kw name="Sleep" library="BuiltIn">
<arg>3s</arg>
<doc>Pauses the test executed for the given time.</doc>
<msg timestamp="20231010 16:14:27.137" level="INFO">Slept 3 seconds</msg>
<status status="PASS" starttime="20231010 16:14:24.136" endtime="20231010 16:14:27.138"/>
</kw>
<kw name="Click Element" library="SeleniumLibrary">
<arg>(//*[contains(text(),'Retail Operations')])[1]</arg>
<doc>Click the element identified by ``locator``.</doc>
<msg timestamp="20231010 16:14:27.139" level="INFO">Clicking element '(//*[contains(text(),'Retail Operations')])[1]'.</msg>
<status status="PASS" starttime="20231010 16:14:27.138" endtime="20231010 16:14:27.377"/>
</kw>
<kw name="Sleep" library="BuiltIn">
<arg>3s</arg>
<doc>Pauses the test executed for the given time.</doc>
<msg timestamp="20231010 16:14:30.379" level="INFO">Slept 3 seconds</msg>
<status status="PASS" starttime="20231010 16:14:27.377" endtime="20231010 16:14:30.379"/>
</kw>
<kw name="Click Element" library="SeleniumLibrary">
<arg>//*[contains(text(),'Find Loan')]</arg>
<doc>Click the element identified by ``locator``.</doc>
<msg timestamp="20231010 16:14:30.382" level="INFO">Clicking element '//*[contains(text(),'Find Loan')]'.</msg>
<status status="PASS" starttime="20231010 16:14:30.380" endtime="20231010 16:14:30.829"/>
</kw>
<kw name="Sleep" library="BuiltIn">
<arg>5s</arg>
<doc>Pauses the test executed for the given time.</doc>
<msg timestamp="20231010 16:14:35.831" level="INFO">Slept 5 seconds</msg>
<status status="PASS" starttime="20231010 16:14:30.829" endtime="20231010 16:14:35.832"/>
</kw>
<kw name="Wait Until Page Contains Element" library="SeleniumLibrary">
<arg>//*[contains(text(),'Unauthorised')]</arg>
<doc>Waits until the element ``locator`` appears on the current page.</doc>
<status status="PASS" starttime="20231010 16:14:35.833" endtime="20231010 16:14:35.840"/>
</kw>
<kw name="Input Text" library="SeleniumLibrary">
<arg>(//*[@name='C1__C1__C1__C1__C1__ENQAAFINDARRANGEMENTAL[1].SEARCHREQUEST[1].FILTERS[1].ARRANGEMENTID[1].OPERAND1'])[1]</arg>
<arg>1000003243</arg>
<doc>Types the given ``text`` into the text field identified by ``locator``.</doc>
<msg timestamp="20231010 16:14:35.841" level="INFO">Typing text '1000003243' into text field '(//*[@name='C1__C1__C1__C1__C1__ENQAAFINDARRANGEMENTAL[1].SEARCHREQUEST[1].FILTERS[1].ARRANGEMENTID[1].OPERAND1'])[1]'.</msg>
<status status="PASS" starttime="20231010 16:14:35.840" endtime="20231010 16:14:35.863"/>
</kw>
<kw name="Sleep" library="BuiltIn">
<arg>1s</arg>
<doc>Pauses the test executed for the given time.</doc>
<msg timestamp="20231010 16:14:36.865" level="INFO">Slept 1 second</msg>
<status status="PASS" starttime="20231010 16:14:35.863" endtime="20231010 16:14:36.865"/>
</kw>
<kw name="Click Element" library="SeleniumLibrary">
<arg>(//*[@title='Executes the query'])[1]</arg>
<doc>Click the element identified by ``locator``.</doc>
<msg timestamp="20231010 16:14:36.867" level="INFO">Clicking element '(//*[@title='Executes the query'])[1]'.</msg>
<status status="PASS" starttime="20231010 16:14:36.866" endtime="20231010 16:14:37.092"/>
</kw>
<kw name="Sleep" library="BuiltIn">
<arg>5s</arg>
<doc>Pauses the test executed for the given time.</doc>
<msg timestamp="20231010 16:14:42.093" level="INFO">Slept 5 seconds</msg>
<status status="PASS" starttime="20231010 16:14:37.093" endtime="20231010 16:14:42.094"/>
</kw>
<kw name="Click Element" library="SeleniumLibrary">
<arg>//*[@title="Overview"]</arg>
<doc>Click the element identified by ``locator``.</doc>
<msg timestamp="20231010 16:14:42.096" level="INFO">Clicking element '//*[@title="Overview"]'.</msg>
<status status="PASS" starttime="20231010 16:14:42.094" endtime="20231010 16:14:42.386"/>
</kw>
<kw name="Sleep" library="BuiltIn">
<arg>20s</arg>
<doc>Pauses the test executed for the given time.</doc>
<msg timestamp="20231010 16:15:02.387" level="INFO">Slept 20 seconds</msg>
<status status="PASS" starttime="20231010 16:14:42.386" endtime="20231010 16:15:02.387"/>
</kw>
<kw name="Get Window Handles" library="SeleniumLibrary">
<var>${handles}</var>
<doc>Returns all child window handles of the selected browser as a list.</doc>
<msg timestamp="20231010 16:15:02.394" level="INFO">${handles} = ['be2a21e0-e296-4190-a8ea-fd6296df8833', '8b4e159c-a722-4af1-af4f-daea57719247']</msg>
<status status="PASS" starttime="20231010 16:15:02.388" endtime="20231010 16:15:02.394"/>
</kw>
<kw name="Switch Window" library="SeleniumLibrary">
<arg>${handles}[1]</arg>
<doc>Switches to browser window matching ``locator``.</doc>
<status status="PASS" starttime="20231010 16:15:02.394" endtime="20231010 16:15:02.421"/>
</kw>
<kw name="Select From List By Value" library="SeleniumLibrary">
<arg>//*[@script-id="AADETAILSACTIVITYLOGPENDINGFIN_DRILLDOWN_R1"]</arg>
<arg>1</arg>
<doc>Selects options from selection list ``locator`` by ``values``.</doc>
<msg timestamp="20231010 16:15:02.422" level="INFO">Selecting options from selection list '//*[@script-id="AADETAILSACTIVITYLOGPENDINGFIN_DRILLDOWN_R1"]' by value 1.</msg>
<status status="PASS" starttime="20231010 16:15:02.421" endtime="20231010 16:15:02.667"/>
</kw>
<kw name="Sleep" library="BuiltIn">
<arg>2s</arg>
<doc>Pauses the test executed for the given time.</doc>
<msg timestamp="20231010 16:15:04.671" level="INFO">Slept 2 seconds</msg>
<status status="PASS" starttime="20231010 16:15:02.668" endtime="20231010 16:15:04.671"/>
</kw>
<kw name="Click Element" library="SeleniumLibrary">
<arg>//*[@title="Launch"]</arg>
<doc>Click the element identified by ``locator``.</doc>
<msg timestamp="20231010 16:15:04.674" level="INFO">Clicking element '//*[@title="Launch"]'.</msg>
<status status="PASS" starttime="20231010 16:15:04.672" endtime="20231010 16:15:04.903"/>
</kw>
<kw name="Sleep" library="BuiltIn">
<arg>20s</arg>
<doc>Pauses the test executed for the given time.</doc>
<msg timestamp="20231010 16:15:24.906" level="INFO">Slept 20 seconds</msg>
<status status="PASS" starttime="20231010 16:15:04.904" endtime="20231010 16:15:24.907"/>
</kw>
<kw name="Get Window Handles" library="SeleniumLibrary">
<var>${handles}</var>
<doc>Returns all child window handles of the selected browser as a list.</doc>
<msg timestamp="20231010 16:15:24.914" level="INFO">${handles} = ['be2a21e0-e296-4190-a8ea-fd6296df8833', '8b4e159c-a722-4af1-af4f-daea57719247', '238af42f-771e-4a9a-b583-5477d5a9bc57']</msg>
<status status="PASS" starttime="20231010 16:15:24.908" endtime="20231010 16:15:24.914"/>
</kw>
<kw name="Switch Window" library="SeleniumLibrary">
<arg>${handles}[2]</arg>
<doc>Switches to browser window matching ``locator``.</doc>
<status status="PASS" starttime="20231010 16:15:24.914" endtime="20231010 16:15:24.971"/>
</kw>
<kw name="Click Element" library="SeleniumLibrary">
<arg>//*[@title="Authorise"]</arg>
<doc>Click the element identified by ``locator``.</doc>
<msg timestamp="20231010 16:15:24.972" level="INFO">Clicking element '//*[@title="Authorise"]'.</msg>
<status status="PASS" starttime="20231010 16:15:24.971" endtime="20231010 16:15:25.221"/>
</kw>
<kw name="Sleep" library="BuiltIn">
<arg>20s</arg>
<doc>Pauses the test executed for the given time.</doc>
<msg timestamp="20231010 16:15:45.223" level="INFO">Slept 20 seconds</msg>
<status status="PASS" starttime="20231010 16:15:25.221" endtime="20231010 16:15:45.224"/>
</kw>
<kw name="Close All Browsers" library="SeleniumLibrary">
<doc>Closes all open browsers and resets the browser cache.</doc>
<status status="PASS" starttime="20231010 16:15:45.224" endtime="20231010 16:15:45.726"/>
</kw>
<kw name="Google Log In" library="resource">
<kw name="Open Browser" library="SeleniumLibrary">
<arg>${Borrower}</arg>
<arg>Chrome</arg>
<doc>Opens a new browser instance to the optional ``url``.</doc>
<msg timestamp="20231010 16:15:45.727" level="INFO">Opening browser 'Chrome' to base url 'https://temenosstg.capcfintech.com/Browser/'.</msg>
<status status="PASS" starttime="20231010 16:15:45.727" endtime="20231010 16:15:48.659"/>
</kw>
<kw name="Maximize Browser Window" library="SeleniumLibrary">
<doc>Maximizes current browser window.</doc>
<status status="PASS" starttime="20231010 16:15:48.660" endtime="20231010 16:15:49.127"/>
</kw>
<kw name="Sleep" library="BuiltIn">
<arg>2s</arg>
<doc>Pauses the test executed for the given time.</doc>
<msg timestamp="20231010 16:15:51.129" level="INFO">Slept 2 seconds</msg>
<status status="PASS" starttime="20231010 16:15:49.127" endtime="20231010 16:15:51.130"/>
</kw>
<kw name="Click Element" library="SeleniumLibrary">
<arg>//*[@id='idp1']/div[1]</arg>
<doc>Click the element identified by ``locator``.</doc>
<msg timestamp="20231010 16:15:51.132" level="INFO">Clicking element '//*[@id='idp1']/div[1]'.</msg>
<status status="PASS" starttime="20231010 16:15:51.130" endtime="20231010 16:15:52.305"/>
</kw>
<kw name="Wait Until Page Contains Element" library="SeleniumLibrary">
<arg>//*[@id="identifierId"]</arg>
<doc>Waits until the element ``locator`` appears on the current page.</doc>
<status status="PASS" starttime="20231010 16:15:52.305" endtime="20231010 16:15:52.319"/>
</kw>
<kw name="Sleep" library="BuiltIn">
<arg>2s</arg>
<doc>Pauses the test executed for the given time.</doc>
<msg timestamp="20231010 16:15:54.322" level="INFO">Slept 2 seconds</msg>
<status status="PASS" starttime="20231010 16:15:52.319" endtime="20231010 16:15:54.322"/>
</kw>
<kw name="Input Text" library="SeleniumLibrary">
<arg>//*[@id ="identifierId"]</arg>
<arg>kennethc@capc.com.sg</arg>
<doc>Types the given ``text`` into the text field identified by ``locator``.</doc>
<msg timestamp="20231010 16:15:54.324" level="INFO">Typing text 'kennethc@capc.com.sg' into text field '//*[@id ="identifierId"]'.</msg>
<status status="PASS" starttime="20231010 16:15:54.323" endtime="20231010 16:15:54.484"/>
</kw>
<kw name="Click Element" library="SeleniumLibrary">
<arg>//*[@id="identifierNext"]/div/button/span</arg>
<doc>Click the element identified by ``locator``.</doc>
<msg timestamp="20231010 16:15:54.485" level="INFO">Clicking element '//*[@id="identifierNext"]/div/button/span'.</msg>
<status status="PASS" starttime="20231010 16:15:54.484" endtime="20231010 16:15:54.579"/>
</kw>
<kw name="Sleep" library="BuiltIn">
<arg>2s</arg>
<doc>Pauses the test executed for the given time.</doc>
<msg timestamp="20231010 16:15:56.581" level="INFO">Slept 2 seconds</msg>
<status status="PASS" starttime="20231010 16:15:54.579" endtime="20231010 16:15:56.582"/>
</kw>
<kw name="Capture Page Screenshot" library="SeleniumLibrary">
<arg>OpsAddPartner004.png</arg>
<doc>Takes a screenshot of the current page and embeds it into a log file.</doc>
<msg timestamp="20231010 16:15:56.839" level="INFO" html="true">&lt;/td&gt;&lt;/tr&gt;&lt;tr&gt;&lt;td colspan="3"&gt;&lt;a href="OpsAddPartner004.png"&gt;&lt;img src="OpsAddPartner004.png" width="800px"&gt;&lt;/a&gt;</msg>
<status status="PASS" starttime="20231010 16:15:56.582" endtime="20231010 16:15:56.839"/>
</kw>
<kw name="Wait Until Page Contains Element" library="SeleniumLibrary">
<arg>//*[@id="password"]/div[1]/div/div[1]/input</arg>
<doc>Waits until the element ``locator`` appears on the current page.</doc>
<status status="PASS" starttime="20231010 16:15:56.839" endtime="20231010 16:15:56.844"/>
</kw>
<kw name="Sleep" library="BuiltIn">
<arg>2s</arg>
<doc>Pauses the test executed for the given time.</doc>
<msg timestamp="20231010 16:15:58.847" level="INFO">Slept 2 seconds</msg>
<status status="PASS" starttime="20231010 16:15:56.845" endtime="20231010 16:15:58.847"/>
</kw>
<kw name="Input Text" library="SeleniumLibrary">
<arg>//*[@id="password"]/div[1]/div/div[1]/input</arg>
<arg>Y2kuniontpjcred!</arg>
<doc>Types the given ``text`` into the text field identified by ``locator``.</doc>
<msg timestamp="20231010 16:15:58.849" level="INFO">Typing text 'Y2kuniontpjcred!' into text field '//*[@id="password"]/div[1]/div/div[1]/input'.</msg>
<status status="PASS" starttime="20231010 16:15:58.848" endtime="20231010 16:15:58.915"/>
</kw>
<kw name="Click Element" library="SeleniumLibrary">
<arg>//*[@id="passwordNext"]/div/button/span</arg>
<doc>Click the element identified by ``locator``.</doc>
<msg timestamp="20231010 16:15:58.915" level="INFO">Clicking element '//*[@id="passwordNext"]/div/button/span'.</msg>
<status status="PASS" starttime="20231010 16:15:58.915" endtime="20231010 16:15:58.947"/>
</kw>
<kw name="Capture Page Screenshot" library="SeleniumLibrary">
<arg>CapOpButtonLogin1.png</arg>
<doc>Takes a screenshot of the current page and embeds it into a log file.</doc>
<msg timestamp="20231010 16:15:59.176" level="INFO" html="true">&lt;/td&gt;&lt;/tr&gt;&lt;tr&gt;&lt;td colspan="3"&gt;&lt;a href="CapOpButtonLogin1.png"&gt;&lt;img src="CapOpButtonLogin1.png" width="800px"&gt;&lt;/a&gt;</msg>
<status status="PASS" starttime="20231010 16:15:58.947" endtime="20231010 16:15:59.176"/>
</kw>
<kw name="Sleep" library="BuiltIn">
<arg>10s</arg>
<doc>Pauses the test executed for the given time.</doc>
<msg timestamp="20231010 16:16:09.176" level="INFO">Slept 10 seconds</msg>
<status status="PASS" starttime="20231010 16:15:59.176" endtime="20231010 16:16:09.177"/>
</kw>
<kw name="Get Element Count" library="SeleniumLibrary">
<var>${element_count}</var>
<arg>//*[text()='Try another way']</arg>
<doc>Returns the number of elements matching ``locator``.</doc>
<msg timestamp="20231010 16:16:09.193" level="INFO">${element_count} = 1</msg>
<status status="PASS" starttime="20231010 16:16:09.177" endtime="20231010 16:16:09.193"/>
</kw>
<kw name="Get Element Count" library="SeleniumLibrary">
<var>${element_count2}</var>
<arg>//*[contains(text(),'Get a verification code from the')]</arg>
<doc>Returns the number of elements matching ``locator``.</doc>
<msg timestamp="20231010 16:16:09.203" level="INFO">${element_count2} = 1</msg>
<status status="PASS" starttime="20231010 16:16:09.193" endtime="20231010 16:16:09.203"/>
</kw>
<kw name="Log To Console" library="BuiltIn">
<arg>countings</arg>
<doc>Logs the given message to the console.</doc>
<status status="PASS" starttime="20231010 16:16:09.203" endtime="20231010 16:16:09.204"/>
</kw>
<kw name="Log To Console" library="BuiltIn">
<arg>${element_count}</arg>
<doc>Logs the given message to the console.</doc>
<status status="PASS" starttime="20231010 16:16:09.204" endtime="20231010 16:16:09.204"/>
</kw>
<kw name="Log To Console" library="BuiltIn">
<arg>${element_count2}</arg>
<doc>Logs the given message to the console.</doc>
<status status="PASS" starttime="20231010 16:16:09.204" endtime="20231010 16:16:09.204"/>
</kw>
<if>
<branch type="IF" condition="${element_count2} &gt; 0">
<kw name="No Alternative" library="resource">
<kw name="Click Element" library="SeleniumLibrary">
<arg>//*[contains(text(),'Get a verification code from the')]</arg>
<doc>Click the element identified by ``locator``.</doc>
<msg timestamp="20231010 16:16:09.208" level="INFO">Clicking element '//*[contains(text(),'Get a verification code from the')]'.</msg>
<status status="PASS" starttime="20231010 16:16:09.208" endtime="20231010 16:16:09.234"/>
</kw>
<status status="PASS" starttime="20231010 16:16:09.207" endtime="20231010 16:16:09.234"/>
</kw>
<status status="PASS" starttime="20231010 16:16:09.204" endtime="20231010 16:16:09.234"/>
</branch>
<branch type="ELSE">
<kw name="Alternative" library="resource">
<status status="NOT RUN" starttime="20231010 16:16:09.235" endtime="20231010 16:16:09.235"/>
</kw>
<status status="NOT RUN" starttime="20231010 16:16:09.235" endtime="20231010 16:16:09.235"/>
</branch>
<status status="PASS" starttime="20231010 16:16:09.204" endtime="20231010 16:16:09.235"/>
</if>
<kw name="Sleep" library="BuiltIn">
<arg>3s</arg>
<doc>Pauses the test executed for the given time.</doc>
<msg timestamp="20231010 16:16:12.237" level="INFO">Slept 3 seconds</msg>
<status status="PASS" starttime="20231010 16:16:09.235" endtime="20231010 16:16:12.237"/>
</kw>
<kw name="Get Authenticator Code" library="resource">
<var>${code}</var>
<arg>kenneth</arg>
<doc>Authenticator needs to be set up for Google account</doc>
<kw name="Log To Console" library="BuiltIn">
<arg>${passphrase}</arg>
<doc>Logs the given message to the console.</doc>
<status status="PASS" starttime="20231010 16:16:12.238" endtime="20231010 16:16:12.239"/>
</kw>
<kw name="Run Process" library="Process">
<var>${result}</var>
<arg>echo ${passphrase} | authenticator --data /Users/kennethc@capc.com.sg/temenosrobot/ generate --refresh once</arg>
<arg>shell=TRUE</arg>
<doc>Runs a process and waits for it to complete.</doc>
<msg timestamp="20231010 16:16:12.240" level="INFO">Starting process:
echo kenneth | authenticator --data /Users/kennethc@capc.com.sg/temenosrobot/ generate --refresh once</msg>
<msg timestamp="20231010 16:16:12.249" level="INFO">Waiting for process to complete.</msg>
<msg timestamp="20231010 16:16:12.493" level="INFO">Process completed.</msg>
<msg timestamp="20231010 16:16:12.493" level="INFO">${result} = &lt;result object with rc 0&gt;</msg>
<status status="PASS" starttime="20231010 16:16:12.239" endtime="20231010 16:16:12.493"/>
</kw>
<kw name="Log To Console" library="BuiltIn">
<arg>test44</arg>
<doc>Logs the given message to the console.</doc>
<status status="PASS" starttime="20231010 16:16:12.493" endtime="20231010 16:16:12.494"/>
</kw>
<kw name="Log To Console" library="BuiltIn">
<arg>${result}</arg>
<doc>Logs the given message to the console.</doc>
<status status="PASS" starttime="20231010 16:16:12.494" endtime="20231010 16:16:12.494"/>
</kw>
<kw name="Get Regexp Matches" library="String">
<var>${match}</var>
<arg>${result.stdout}</arg>
<arg>kennethc@capc.com.sg: ([\\d]{6})</arg>
<arg>1</arg>
<doc>Returns a list of all non-overlapping matches in the given string.</doc>
<msg timestamp="20231010 16:16:12.494" level="INFO">${match} = ['841196']</msg>
<status status="PASS" starttime="20231010 16:16:12.494" endtime="20231010 16:16:12.494"/>
</kw>
<kw name="Log To Console" library="BuiltIn">
<arg>${match}[0]</arg>
<doc>Logs the given message to the console.</doc>
<status status="PASS" starttime="20231010 16:16:12.494" endtime="20231010 16:16:12.494"/>
</kw>
<msg timestamp="20231010 16:16:12.494" level="INFO">${code} = 841196</msg>
<status status="PASS" starttime="20231010 16:16:12.237" endtime="20231010 16:16:12.494"/>
</kw>
<kw name="Input Text" library="SeleniumLibrary">
<arg>//input[@type="tel"]</arg>
<arg>${code}</arg>
<doc>Types the given ``text`` into the text field identified by ``locator``.</doc>
<msg timestamp="20231010 16:16:12.495" level="INFO">Typing text '841196' into text field '//input[@type="tel"]'.</msg>
<status status="PASS" starttime="20231010 16:16:12.494" endtime="20231010 16:16:12.525"/>
</kw>
<kw name="Sleep" library="BuiltIn">
<arg>2s</arg>
<doc>Pauses the test executed for the given time.</doc>
<msg timestamp="20231010 16:16:14.526" level="INFO">Slept 2 seconds</msg>
<status status="PASS" starttime="20231010 16:16:12.525" endtime="20231010 16:16:14.526"/>
</kw>
<kw name="Click Element" library="SeleniumLibrary">
<arg>//*[@id="totpNext"]/div/button/span</arg>
<doc>Click the element identified by ``locator``.</doc>
<msg timestamp="20231010 16:16:14.528" level="INFO">Clicking element '//*[@id="totpNext"]/div/button/span'.</msg>
<status status="PASS" starttime="20231010 16:16:14.527" endtime="20231010 16:16:14.574"/>
</kw>
<kw name="Sleep" library="BuiltIn">
<arg>20s</arg>
<doc>Pauses the test executed for the given time.</doc>
<msg timestamp="20231010 16:16:34.576" level="INFO">Slept 20 seconds</msg>
<status status="PASS" starttime="20231010 16:16:14.574" endtime="20231010 16:16:34.577"/>
</kw>
<status status="PASS" starttime="20231010 16:15:45.727" endtime="20231010 16:16:34.578"/>
</kw>
<kw name="Input Text" library="SeleniumLibrary">
<arg>//*[@id="username"]</arg>
<arg>KENNETH1</arg>
<doc>Types the given ``text`` into the text field identified by ``locator``.</doc>
<msg timestamp="20231010 16:16:34.580" level="INFO">Typing text 'KENNETH1' into text field '//*[@id="username"]'.</msg>
<status status="PASS" starttime="20231010 16:16:34.579" endtime="20231010 16:16:34.634"/>
</kw>
<kw name="Input Text" library="SeleniumLibrary">
<arg>//*[@id="password"]</arg>
<arg>123456</arg>
<doc>Types the given ``text`` into the text field identified by ``locator``.</doc>
<msg timestamp="20231010 16:16:34.634" level="INFO">Typing text '123456' into text field '//*[@id="password"]'.</msg>
<status status="PASS" starttime="20231010 16:16:34.634" endtime="20231010 16:16:34.673"/>
</kw>
<kw name="Wait Until Page Contains Element" library="SeleniumLibrary">
<arg>//*[@class="pf-c-button pf-m-primary pf-m-block btn-lg"]</arg>
<doc>Waits until the element ``locator`` appears on the current page.</doc>
<status status="PASS" starttime="20231010 16:16:34.674" endtime="20231010 16:16:34.680"/>
</kw>
<kw name="Click Element" library="SeleniumLibrary">
<arg>//*[@class="pf-c-button pf-m-primary pf-m-block btn-lg"]</arg>
<doc>Click the element identified by ``locator``.</doc>
<msg timestamp="20231010 16:16:34.680" level="INFO">Clicking element '//*[@class="pf-c-button pf-m-primary pf-m-block btn-lg"]'.</msg>
<status status="PASS" starttime="20231010 16:16:34.680" endtime="20231010 16:16:38.048"/>
</kw>
<kw name="Wait Until Page Contains Element" library="SeleniumLibrary">
<arg>//*[@class="tc-menu-trigger tc-header-icon icon-menu1 buttonClassSwitcher"]</arg>
<doc>Waits until the element ``locator`` appears on the current page.</doc>
<status status="PASS" starttime="20231010 16:16:38.049" endtime="20231010 16:16:38.057"/>
</kw>
<kw name="Sleep" library="BuiltIn">
<arg>5s</arg>
<doc>Pauses the test executed for the given time.</doc>
<msg timestamp="20231010 16:16:43.058" level="INFO">Slept 5 seconds</msg>
<status status="PASS" starttime="20231010 16:16:38.057" endtime="20231010 16:16:43.058"/>
</kw>
<kw name="Click Element" library="SeleniumLibrary">
<arg>//*[@class="tc-menu-trigger tc-header-icon icon-menu1 buttonClassSwitcher"]</arg>
<doc>Click the element identified by ``locator``.</doc>
<msg timestamp="20231010 16:16:43.060" level="INFO">Clicking element '//*[@class="tc-menu-trigger tc-header-icon icon-menu1 buttonClassSwitcher"]'.</msg>
<status status="PASS" starttime="20231010 16:16:43.059" endtime="20231010 16:16:43.201"/>
</kw>
<kw name="Wait Until Page Contains Element" library="SeleniumLibrary">
<arg>//*[contains(text(),'User Menu')]</arg>
<doc>Waits until the element ``locator`` appears on the current page.</doc>
<status status="PASS" starttime="20231010 16:16:43.201" endtime="20231010 16:16:43.208"/>
</kw>
<kw name="Click Element" library="SeleniumLibrary">
<arg>//*[contains(text(),'User Menu')]</arg>
<doc>Click the element identified by ``locator``.</doc>
<msg timestamp="20231010 16:16:43.208" level="INFO">Clicking element '//*[contains(text(),'User Menu')]'.</msg>
<status status="PASS" starttime="20231010 16:16:43.208" endtime="20231010 16:16:43.233"/>
</kw>
<kw name="Sleep" library="BuiltIn">
<arg>3s</arg>
<doc>Pauses the test executed for the given time.</doc>
<msg timestamp="20231010 16:16:46.234" level="INFO">Slept 3 seconds</msg>
<status status="PASS" starttime="20231010 16:16:43.233" endtime="20231010 16:16:46.235"/>
</kw>
<kw name="Wait Until Page Contains Element" library="SeleniumLibrary">
<arg>//*[contains(text(),'Retail Operations')]</arg>
<doc>Waits until the element ``locator`` appears on the current page.</doc>
<status status="PASS" starttime="20231010 16:16:46.235" endtime="20231010 16:16:46.253"/>
</kw>
<kw name="Sleep" library="BuiltIn">
<arg>3s</arg>
<doc>Pauses the test executed for the given time.</doc>
<msg timestamp="20231010 16:16:49.255" level="INFO">Slept 3 seconds</msg>
<status status="PASS" starttime="20231010 16:16:46.254" endtime="20231010 16:16:49.255"/>
</kw>
<kw name="Click Element" library="SeleniumLibrary">
<arg>(//*[contains(text(),'Retail Operations')])[1]</arg>
<doc>Click the element identified by ``locator``.</doc>
<msg timestamp="20231010 16:16:49.256" level="INFO">Clicking element '(//*[contains(text(),'Retail Operations')])[1]'.</msg>
<status status="PASS" starttime="20231010 16:16:49.256" endtime="20231010 16:16:49.292"/>
</kw>
<kw name="Sleep" library="BuiltIn">
<arg>3s</arg>
<doc>Pauses the test executed for the given time.</doc>
<msg timestamp="20231010 16:16:52.294" level="INFO">Slept 3 seconds</msg>
<status status="PASS" starttime="20231010 16:16:49.292" endtime="20231010 16:16:52.294"/>
</kw>
<kw name="Click Element" library="SeleniumLibrary">
<arg>(//*[contains(text(),"Funds Transfer")])[1]</arg>
<doc>Click the element identified by ``locator``.</doc>
<msg timestamp="20231010 16:16:52.296" level="INFO">Clicking element '(//*[contains(text(),"Funds Transfer")])[1]'.</msg>
<status status="PASS" starttime="20231010 16:16:52.295" endtime="20231010 16:16:52.341"/>
</kw>
<kw name="Sleep" library="BuiltIn">
<arg>2s</arg>
<doc>Pauses the test executed for the given time.</doc>
<msg timestamp="20231010 16:16:54.344" level="INFO">Slept 2 seconds</msg>
<status status="PASS" starttime="20231010 16:16:52.341" endtime="20231010 16:16:54.344"/>
</kw>
<kw name="Click Element" library="SeleniumLibrary">
<arg>//*[@t24cmd="FUNDS.TRANSFER,AA.ACRF I F3"]</arg>
<doc>Click the element identified by ``locator``.</doc>
<msg timestamp="20231010 16:16:54.346" level="INFO">Clicking element '//*[@t24cmd="FUNDS.TRANSFER,AA.ACRF I F3"]'.</msg>
<status status="PASS" starttime="20231010 16:16:54.345" endtime="20231010 16:16:55.425"/>
</kw>
<kw name="Sleep" library="BuiltIn">
<arg>10s</arg>
<doc>Pauses the test executed for the given time.</doc>
<msg timestamp="20231010 16:17:05.429" level="INFO">Slept 10 seconds</msg>
<status status="PASS" starttime="20231010 16:16:55.425" endtime="20231010 16:17:05.430"/>
</kw>
<kw name="Input Text" library="SeleniumLibrary">
<arg>//*[@id="C1__C2__C1__C1__C1__QUE_--FUNDS-TRANSFER--CREDIT-ACCT-NO--"]</arg>
<arg>SGD100010001</arg>
<doc>Types the given ``text`` into the text field identified by ``locator``.</doc>
<msg timestamp="20231010 16:17:05.433" level="INFO">Typing text 'SGD100010001' into text field '//*[@id="C1__C2__C1__C1__C1__QUE_--FUNDS-TRANSFER--CREDIT-ACCT-NO--"]'.</msg>
<status status="PASS" starttime="20231010 16:17:05.431" endtime="20231010 16:17:05.498"/>
</kw>
<kw name="Sleep" library="BuiltIn">
<arg>1s</arg>
<doc>Pauses the test executed for the given time.</doc>
<msg timestamp="20231010 16:17:06.502" level="INFO">Slept 1 second</msg>
<status status="PASS" starttime="20231010 16:17:05.498" endtime="20231010 16:17:06.502"/>
</kw>
<kw name="Input Text" library="SeleniumLibrary">
<arg>//*[@id="C1__C2__C1__C1__C1__QUE_--FUNDS-TRANSFER--DEBIT-CURRENCY--"]</arg>
<arg>SGD</arg>
<doc>Types the given ``text`` into the text field identified by ``locator``.</doc>
<msg timestamp="20231010 16:17:06.502" level="INFO">Typing text 'SGD' into text field '//*[@id="C1__C2__C1__C1__C1__QUE_--FUNDS-TRANSFER--DEBIT-CURRENCY--"]'.</msg>
<status status="PASS" starttime="20231010 16:17:06.502" endtime="20231010 16:17:06.573"/>
</kw>
<kw name="Sleep" library="BuiltIn">
<arg>1s</arg>
<doc>Pauses the test executed for the given time.</doc>
<msg timestamp="20231010 16:17:07.578" level="INFO">Slept 1 second</msg>
<status status="PASS" starttime="20231010 16:17:06.573" endtime="20231010 16:17:07.579"/>
</kw>
<kw name="Input Text" library="SeleniumLibrary">
<arg>//*[@id="C1__C2__C1__C1__C1__QUE_--FUNDS-TRANSFER--DEBIT-AMOUNT--"]</arg>
<arg>100</arg>
<doc>Types the given ``text`` into the text field identified by ``locator``.</doc>
<msg timestamp="20231010 16:17:07.581" level="INFO">Typing text '100' into text field '//*[@id="C1__C2__C1__C1__C1__QUE_--FUNDS-TRANSFER--DEBIT-AMOUNT--"]'.</msg>
<status status="PASS" starttime="20231010 16:17:07.579" endtime="20231010 16:17:07.665"/>
</kw>
<kw name="Sleep" library="BuiltIn">
<arg>1s</arg>
<doc>Pauses the test executed for the given time.</doc>
<msg timestamp="20231010 16:17:08.668" level="INFO">Slept 1 second</msg>
<status status="PASS" starttime="20231010 16:17:07.665" endtime="20231010 16:17:08.669"/>
</kw>
<kw name="Input Text" library="SeleniumLibrary">
<arg>//*[@id="C1__C2__C1__C1__C1__QUE_--FUNDS-TRANSFER--DEBIT-ACCT-NO--"]</arg>
<arg>1000003243</arg>
<doc>Types the given ``text`` into the text field identified by ``locator``.</doc>
<msg timestamp="20231010 16:17:08.671" level="INFO">Typing text '1000003243' into text field '//*[@id="C1__C2__C1__C1__C1__QUE_--FUNDS-TRANSFER--DEBIT-ACCT-NO--"]'.</msg>
<status status="PASS" starttime="20231010 16:17:08.669" endtime="20231010 16:17:08.734"/>
</kw>
<kw name="Sleep" library="BuiltIn">
<arg>5s</arg>
<doc>Pauses the test executed for the given time.</doc>
<msg timestamp="20231010 16:17:13.736" level="INFO">Slept 5 seconds</msg>
<status status="PASS" starttime="20231010 16:17:08.734" endtime="20231010 16:17:13.736"/>
</kw>
<kw name="Click Element" library="SeleniumLibrary">
<arg>(//*[@title='Validate'])[1]</arg>
<doc>Click the element identified by ``locator``.</doc>
<msg timestamp="20231010 16:17:13.738" level="INFO">Clicking element '(//*[@title='Validate'])[1]'.</msg>
<status status="PASS" starttime="20231010 16:17:13.737" endtime="20231010 16:17:13.817"/>
</kw>
<kw name="Sleep" library="BuiltIn">
<arg>20s</arg>
<doc>Pauses the test executed for the given time.</doc>
<msg timestamp="20231010 16:17:33.821" level="INFO">Slept 20 seconds</msg>
<status status="PASS" starttime="20231010 16:17:13.817" endtime="20231010 16:17:33.823"/>
</kw>
<kw name="Click Element" library="SeleniumLibrary">
<arg>(//*[@title="Commit"])[1]</arg>
<doc>Click the element identified by ``locator``.</doc>
<msg timestamp="20231010 16:17:33.828" level="INFO">Clicking element '(//*[@title="Commit"])[1]'.</msg>
<status status="PASS" starttime="20231010 16:17:33.826" endtime="20231010 16:17:33.878"/>
</kw>
<kw name="Sleep" library="BuiltIn">
<arg>20s</arg>
<doc>Pauses the test executed for the given time.</doc>
<msg timestamp="20231010 16:17:53.880" level="INFO">Slept 20 seconds</msg>
<status status="PASS" starttime="20231010 16:17:33.879" endtime="20231010 16:17:53.881"/>
</kw>
<kw name="Log To Console" library="BuiltIn">
<arg>It is here</arg>
<doc>Logs the given message to the console.</doc>
<status status="PASS" starttime="20231010 16:17:53.882" endtime="20231010 16:17:53.884"/>
</kw>
<kw name="Sleep" library="BuiltIn">
<arg>2s</arg>
<doc>Pauses the test executed for the given time.</doc>
<msg timestamp="20231010 16:17:55.886" level="INFO">Slept 2 seconds</msg>
<status status="PASS" starttime="20231010 16:17:53.884" endtime="20231010 16:17:55.886"/>
</kw>
<kw name="Sleep" library="BuiltIn">
<arg>20s</arg>
<doc>Pauses the test executed for the given time.</doc>
<msg timestamp="20231010 16:18:15.890" level="INFO">Slept 20 seconds</msg>
<status status="PASS" starttime="20231010 16:17:55.886" endtime="20231010 16:18:15.891"/>
</kw>
<kw name="Close All Browsers" library="SeleniumLibrary">
<doc>Closes all open browsers and resets the browser cache.</doc>
<status status="PASS" starttime="20231010 16:18:15.891" endtime="20231010 16:18:16.045"/>
</kw>
<kw name="FireFox Google Log In" library="resource">
<kw name="Open Browser" library="SeleniumLibrary">
<arg>${Borrower}</arg>
<arg>Firefox</arg>
<doc>Opens a new browser instance to the optional ``url``.</doc>
<msg timestamp="20231010 16:18:16.046" level="INFO">Opening browser 'Firefox' to base url 'https://temenosstg.capcfintech.com/Browser/'.</msg>
<msg timestamp="20231010 16:18:16.049" level="INFO">Firefox driver log is always forced to to: /Users/kennethc@capc.com.sg/temenosrobot/geckodriver-85.log</msg>
<msg timestamp="20231010 16:18:16.052" level="INFO">Executing: /Library/Frameworks/Python.framework/Versions/3.11/lib/python3.11/site-packages/selenium/webdriver/common/macos/selenium-manager --browser firefox --output json</msg>
<status status="PASS" starttime="20231010 16:18:16.046" endtime="20231010 16:18:21.815"/>
</kw>
<kw name="Maximize Browser Window" library="SeleniumLibrary">
<doc>Maximizes current browser window.</doc>
<status status="PASS" starttime="20231010 16:18:21.816" endtime="20231010 16:18:22.420"/>
</kw>
<kw name="Sleep" library="BuiltIn">
<arg>2s</arg>
<doc>Pauses the test executed for the given time.</doc>
<msg timestamp="20231010 16:18:24.423" level="INFO">Slept 2 seconds</msg>
<status status="PASS" starttime="20231010 16:18:22.420" endtime="20231010 16:18:24.424"/>
</kw>
<kw name="Click Element" library="SeleniumLibrary">
<arg>//*[@id='idp1']/div[1]</arg>
<doc>Click the element identified by ``locator``.</doc>
<msg timestamp="20231010 16:18:24.427" level="INFO">Clicking element '//*[@id='idp1']/div[1]'.</msg>
<status status="PASS" starttime="20231010 16:18:24.424" endtime="20231010 16:18:25.159"/>
</kw>
<kw name="Wait Until Page Contains Element" library="SeleniumLibrary">
<arg>//*[@id="identifierId"]</arg>
<doc>Waits until the element ``locator`` appears on the current page.</doc>
<status status="PASS" starttime="20231010 16:18:25.159" endtime="20231010 16:18:25.164"/>
</kw>
<kw name="Sleep" library="BuiltIn">
<arg>2s</arg>
<doc>Pauses the test executed for the given time.</doc>
<msg timestamp="20231010 16:18:27.168" level="INFO">Slept 2 seconds</msg>
<status status="PASS" starttime="20231010 16:18:25.164" endtime="20231010 16:18:27.168"/>
</kw>
<kw name="Input Text" library="SeleniumLibrary">
<arg>//*[@id ="identifierId"]</arg>
<arg>kennethc@capc.com.sg</arg>
<doc>Types the given ``text`` into the text field identified by ``locator``.</doc>
<msg timestamp="20231010 16:18:27.170" level="INFO">Typing text 'kennethc@capc.com.sg' into text field '//*[@id ="identifierId"]'.</msg>
<status status="PASS" starttime="20231010 16:18:27.169" endtime="20231010 16:18:27.223"/>
</kw>
<kw name="Click Element" library="SeleniumLibrary">
<arg>//*[@id="identifierNext"]/div/button/span</arg>
<doc>Click the element identified by ``locator``.</doc>
<msg timestamp="20231010 16:18:27.224" level="INFO">Clicking element '//*[@id="identifierNext"]/div/button/span'.</msg>
<status status="PASS" starttime="20231010 16:18:27.223" endtime="20231010 16:18:27.508"/>
</kw>
<kw name="Sleep" library="BuiltIn">
<arg>2s</arg>
<doc>Pauses the test executed for the given time.</doc>
<msg timestamp="20231010 16:18:29.510" level="INFO">Slept 2 seconds</msg>
<status status="PASS" starttime="20231010 16:18:27.508" endtime="20231010 16:18:29.511"/>
</kw>
<kw name="Capture Page Screenshot" library="SeleniumLibrary">
<arg>OpsAddPartner004.png</arg>
<doc>Takes a screenshot of the current page and embeds it into a log file.</doc>
<msg timestamp="20231010 16:18:29.623" level="INFO" html="true">&lt;/td&gt;&lt;/tr&gt;&lt;tr&gt;&lt;td colspan="3"&gt;&lt;a href="OpsAddPartner004.png"&gt;&lt;img src="OpsAddPartner004.png" width="800px"&gt;&lt;/a&gt;</msg>
<status status="PASS" starttime="20231010 16:18:29.511" endtime="20231010 16:18:29.623"/>
</kw>
<kw name="Wait Until Page Contains Element" library="SeleniumLibrary">
<arg>//*[@id="password"]/div[1]/div/div[1]/input</arg>
<doc>Waits until the element ``locator`` appears on the current page.</doc>
<status status="PASS" starttime="20231010 16:18:29.623" endtime="20231010 16:18:29.625"/>
</kw>
<kw name="Sleep" library="BuiltIn">
<arg>2s</arg>
<doc>Pauses the test executed for the given time.</doc>
<msg timestamp="20231010 16:18:31.625" level="INFO">Slept 2 seconds</msg>
<status status="PASS" starttime="20231010 16:18:29.625" endtime="20231010 16:18:31.625"/>
</kw>
<kw name="Input Text" library="SeleniumLibrary">
<arg>//*[@id="password"]/div[1]/div/div[1]/input</arg>
<arg>Y2kuniontpjcred!</arg>
<doc>Types the given ``text`` into the text field identified by ``locator``.</doc>
<msg timestamp="20231010 16:18:31.627" level="INFO">Typing text 'Y2kuniontpjcred!' into text field '//*[@id="password"]/div[1]/div/div[1]/input'.</msg>
<status status="PASS" starttime="20231010 16:18:31.626" endtime="20231010 16:18:31.666"/>
</kw>
<kw name="Click Element" library="SeleniumLibrary">
<arg>//*[@id="passwordNext"]/div/button/span</arg>
<doc>Click the element identified by ``locator``.</doc>
<msg timestamp="20231010 16:18:31.667" level="INFO">Clicking element '//*[@id="passwordNext"]/div/button/span'.</msg>
<status status="PASS" starttime="20231010 16:18:31.666" endtime="20231010 16:18:31.902"/>
</kw>
<kw name="Capture Page Screenshot" library="SeleniumLibrary">
<arg>CapOpButtonLogin1.png</arg>
<doc>Takes a screenshot of the current page and embeds it into a log file.</doc>
<msg timestamp="20231010 16:18:31.996" level="INFO" html="true">&lt;/td&gt;&lt;/tr&gt;&lt;tr&gt;&lt;td colspan="3"&gt;&lt;a href="CapOpButtonLogin1.png"&gt;&lt;img src="CapOpButtonLogin1.png" width="800px"&gt;&lt;/a&gt;</msg>
<status status="PASS" starttime="20231010 16:18:31.902" endtime="20231010 16:18:31.996"/>
</kw>
<kw name="Sleep" library="BuiltIn">
<arg>10s</arg>
<doc>Pauses the test executed for the given time.</doc>
<msg timestamp="20231010 16:18:42.000" level="INFO">Slept 10 seconds</msg>
<status status="PASS" starttime="20231010 16:18:31.997" endtime="20231010 16:18:42.000"/>
</kw>
<kw name="Get Element Count" library="SeleniumLibrary">
<var>${element_count}</var>
<arg>//*[text()='Try another way']</arg>
<doc>Returns the number of elements matching ``locator``.</doc>
<msg timestamp="20231010 16:18:42.011" level="INFO">${element_count} = 1</msg>
<status status="PASS" starttime="20231010 16:18:42.001" endtime="20231010 16:18:42.011"/>
</kw>
<kw name="Get Element Count" library="SeleniumLibrary">
<var>${element_count2}</var>
<arg>//*[contains(text(),'Get a verification code from the')]</arg>
<doc>Returns the number of elements matching ``locator``.</doc>
<msg timestamp="20231010 16:18:42.018" level="INFO">${element_count2} = 1</msg>
<status status="PASS" starttime="20231010 16:18:42.011" endtime="20231010 16:18:42.018"/>
</kw>
<kw name="Log To Console" library="BuiltIn">
<arg>countings</arg>
<doc>Logs the given message to the console.</doc>
<status status="PASS" starttime="20231010 16:18:42.018" endtime="20231010 16:18:42.018"/>
</kw>
<kw name="Log To Console" library="BuiltIn">
<arg>${element_count}</arg>
<doc>Logs the given message to the console.</doc>
<status status="PASS" starttime="20231010 16:18:42.019" endtime="20231010 16:18:42.019"/>
</kw>
<kw name="Log To Console" library="BuiltIn">
<arg>${element_count2}</arg>
<doc>Logs the given message to the console.</doc>
<status status="PASS" starttime="20231010 16:18:42.019" endtime="20231010 16:18:42.019"/>
</kw>
<if>
<branch type="IF" condition="${element_count2} &gt; 0">
<kw name="No Alternative" library="resource">
<kw name="Click Element" library="SeleniumLibrary">
<arg>//*[contains(text(),'Get a verification code from the')]</arg>
<doc>Click the element identified by ``locator``.</doc>
<msg timestamp="20231010 16:18:42.023" level="INFO">Clicking element '//*[contains(text(),'Get a verification code from the')]'.</msg>
<status status="PASS" starttime="20231010 16:18:42.023" endtime="20231010 16:18:42.270"/>
</kw>
<status status="PASS" starttime="20231010 16:18:42.023" endtime="20231010 16:18:42.270"/>
</kw>
<status status="PASS" starttime="20231010 16:18:42.019" endtime="20231010 16:18:42.270"/>
</branch>
<branch type="ELSE">
<kw name="Alternative" library="resource">
<status status="NOT RUN" starttime="20231010 16:18:42.270" endtime="20231010 16:18:42.271"/>
</kw>
<status status="NOT RUN" starttime="20231010 16:18:42.270" endtime="20231010 16:18:42.271"/>
</branch>
<status status="PASS" starttime="20231010 16:18:42.019" endtime="20231010 16:18:42.271"/>
</if>
<kw name="Sleep" library="BuiltIn">
<arg>3s</arg>
<doc>Pauses the test executed for the given time.</doc>
<msg timestamp="20231010 16:18:45.276" level="INFO">Slept 3 seconds</msg>
<status status="PASS" starttime="20231010 16:18:42.271" endtime="20231010 16:18:45.276"/>
</kw>
<kw name="Get Authenticator Code" library="resource">
<var>${code}</var>
<arg>kenneth</arg>
<doc>Authenticator needs to be set up for Google account</doc>
<kw name="Log To Console" library="BuiltIn">
<arg>${passphrase}</arg>
<doc>Logs the given message to the console.</doc>
<status status="PASS" starttime="20231010 16:18:45.277" endtime="20231010 16:18:45.279"/>
</kw>
<kw name="Run Process" library="Process">
<var>${result}</var>
<arg>echo ${passphrase} | authenticator --data /Users/kennethc@capc.com.sg/temenosrobot/ generate --refresh once</arg>
<arg>shell=TRUE</arg>
<doc>Runs a process and waits for it to complete.</doc>
<msg timestamp="20231010 16:18:45.281" level="INFO">Starting process:
echo kenneth | authenticator --data /Users/kennethc@capc.com.sg/temenosrobot/ generate --refresh once</msg>
<msg timestamp="20231010 16:18:45.289" level="INFO">Waiting for process to complete.</msg>
<msg timestamp="20231010 16:18:45.534" level="INFO">Process completed.</msg>
<msg timestamp="20231010 16:18:45.535" level="INFO">${result} = &lt;result object with rc 0&gt;</msg>
<status status="PASS" starttime="20231010 16:18:45.279" endtime="20231010 16:18:45.535"/>
</kw>
<kw name="Log To Console" library="BuiltIn">
<arg>test44</arg>
<doc>Logs the given message to the console.</doc>
<status status="PASS" starttime="20231010 16:18:45.535" endtime="20231010 16:18:45.535"/>
</kw>
<kw name="Log To Console" library="BuiltIn">
<arg>${result}</arg>
<doc>Logs the given message to the console.</doc>
<status status="PASS" starttime="20231010 16:18:45.535" endtime="20231010 16:18:45.535"/>
</kw>
<kw name="Get Regexp Matches" library="String">
<var>${match}</var>
<arg>${result.stdout}</arg>
<arg>kennethc@capc.com.sg: ([\\d]{6})</arg>
<arg>1</arg>
<doc>Returns a list of all non-overlapping matches in the given string.</doc>
<msg timestamp="20231010 16:18:45.535" level="INFO">${match} = ['137669']</msg>
<status status="PASS" starttime="20231010 16:18:45.535" endtime="20231010 16:18:45.535"/>
</kw>
<kw name="Log To Console" library="BuiltIn">
<arg>${match}[0]</arg>
<doc>Logs the given message to the console.</doc>
<status status="PASS" starttime="20231010 16:18:45.535" endtime="20231010 16:18:45.535"/>
</kw>
<msg timestamp="20231010 16:18:45.536" level="INFO">${code} = 137669</msg>
<status status="PASS" starttime="20231010 16:18:45.276" endtime="20231010 16:18:45.536"/>
</kw>
<kw name="Input Text" library="SeleniumLibrary">
<arg>//input[@type="tel"]</arg>
<arg>${code}</arg>
<doc>Types the given ``text`` into the text field identified by ``locator``.</doc>
<msg timestamp="20231010 16:18:45.536" level="INFO">Typing text '137669' into text field '//input[@type="tel"]'.</msg>
<status status="PASS" starttime="20231010 16:18:45.536" endtime="20231010 16:18:45.548"/>
</kw>
<kw name="Sleep" library="BuiltIn">
<arg>2s</arg>
<doc>Pauses the test executed for the given time.</doc>
<msg timestamp="20231010 16:18:47.548" level="INFO">Slept 2 seconds</msg>
<status status="PASS" starttime="20231010 16:18:45.548" endtime="20231010 16:18:47.549"/>
</kw>
<kw name="Click Element" library="SeleniumLibrary">
<arg>//*[@id="totpNext"]/div/button/span</arg>
<doc>Click the element identified by ``locator``.</doc>
<msg timestamp="20231010 16:18:47.551" level="INFO">Clicking element '//*[@id="totpNext"]/div/button/span'.</msg>
<status status="PASS" starttime="20231010 16:18:47.549" endtime="20231010 16:18:47.786"/>
</kw>
<kw name="Sleep" library="BuiltIn">
<arg>20s</arg>
<doc>Pauses the test executed for the given time.</doc>
<msg timestamp="20231010 16:19:07.790" level="INFO">Slept 20 seconds</msg>
<status status="PASS" starttime="20231010 16:18:47.787" endtime="20231010 16:19:07.792"/>
</kw>
<status status="PASS" starttime="20231010 16:18:16.045" endtime="20231010 16:19:07.793"/>
</kw>
<kw name="Input Text" library="SeleniumLibrary">
<arg>//*[@id="username"]</arg>
<arg>KENNETH2</arg>
<doc>Types the given ``text`` into the text field identified by ``locator``.</doc>
<msg timestamp="20231010 16:19:07.796" level="INFO">Typing text 'KENNETH2' into text field '//*[@id="username"]'.</msg>
<status status="PASS" starttime="20231010 16:19:07.794" endtime="20231010 16:19:07.827"/>
</kw>
<kw name="Input Text" library="SeleniumLibrary">
<arg>//*[@id="password"]</arg>
<arg>123456</arg>
<doc>Types the given ``text`` into the text field identified by ``locator``.</doc>
<msg timestamp="20231010 16:19:07.828" level="INFO">Typing text '123456' into text field '//*[@id="password"]'.</msg>
<status status="PASS" starttime="20231010 16:19:07.827" endtime="20231010 16:19:07.839"/>
</kw>
<kw name="Wait Until Page Contains Element" library="SeleniumLibrary">
<arg>//*[@class="pf-c-button pf-m-primary pf-m-block btn-lg"]</arg>
<doc>Waits until the element ``locator`` appears on the current page.</doc>
<status status="PASS" starttime="20231010 16:19:07.839" endtime="20231010 16:19:07.841"/>
</kw>
<kw name="Click Element" library="SeleniumLibrary">
<arg>//*[@class="pf-c-button pf-m-primary pf-m-block btn-lg"]</arg>
<doc>Click the element identified by ``locator``.</doc>
<msg timestamp="20231010 16:19:07.841" level="INFO">Clicking element '//*[@class="pf-c-button pf-m-primary pf-m-block btn-lg"]'.</msg>
<status status="PASS" starttime="20231010 16:19:07.841" endtime="20231010 16:19:08.741"/>
</kw>
<kw name="Wait Until Page Contains Element" library="SeleniumLibrary">
<arg>//*[@class="tc-menu-trigger tc-header-icon icon-menu1 buttonClassSwitcher"]</arg>
<doc>Waits until the element ``locator`` appears on the current page.</doc>
<status status="PASS" starttime="20231010 16:19:08.741" endtime="20231010 16:19:09.166"/>
</kw>
<kw name="Sleep" library="BuiltIn">
<arg>5s</arg>
<doc>Pauses the test executed for the given time.</doc>
<msg timestamp="20231010 16:19:14.168" level="INFO">Slept 5 seconds</msg>
<status status="PASS" starttime="20231010 16:19:09.166" endtime="20231010 16:19:14.169"/>
</kw>
<kw name="Click Element" library="SeleniumLibrary">
<arg>//*[@class="tc-menu-trigger tc-header-icon icon-menu1 buttonClassSwitcher"]</arg>
<doc>Click the element identified by ``locator``.</doc>
<msg timestamp="20231010 16:19:14.171" level="INFO">Clicking element '//*[@class="tc-menu-trigger tc-header-icon icon-menu1 buttonClassSwitcher"]'.</msg>
<status status="PASS" starttime="20231010 16:19:14.169" endtime="20231010 16:19:14.414"/>
</kw>
<kw name="Wait Until Page Contains Element" library="SeleniumLibrary">
<arg>//*[contains(text(),'User Menu')]</arg>
<doc>Waits until the element ``locator`` appears on the current page.</doc>
<status status="PASS" starttime="20231010 16:19:14.414" endtime="20231010 16:19:14.417"/>
</kw>
<kw name="Click Element" library="SeleniumLibrary">
<arg>//*[contains(text(),'User Menu')]</arg>
<doc>Click the element identified by ``locator``.</doc>
<msg timestamp="20231010 16:19:14.417" level="INFO">Clicking element '//*[contains(text(),'User Menu')]'.</msg>
<status status="PASS" starttime="20231010 16:19:14.417" endtime="20231010 16:19:14.638"/>
</kw>
<kw name="Sleep" library="BuiltIn">
<arg>3s</arg>
<doc>Pauses the test executed for the given time.</doc>
<msg timestamp="20231010 16:19:17.640" level="INFO">Slept 3 seconds</msg>
<status status="PASS" starttime="20231010 16:19:14.638" endtime="20231010 16:19:17.640"/>
</kw>
<kw name="Wait Until Page Contains Element" library="SeleniumLibrary">
<arg>//*[contains(text(),'Retail Operations')]</arg>
<doc>Waits until the element ``locator`` appears on the current page.</doc>
<status status="PASS" starttime="20231010 16:19:17.641" endtime="20231010 16:19:17.650"/>
</kw>
<kw name="Sleep" library="BuiltIn">
<arg>3s</arg>
<doc>Pauses the test executed for the given time.</doc>
<msg timestamp="20231010 16:19:20.653" level="INFO">Slept 3 seconds</msg>
<status status="PASS" starttime="20231010 16:19:17.650" endtime="20231010 16:19:20.653"/>
</kw>
<kw name="Click Element" library="SeleniumLibrary">
<arg>(//*[contains(text(),'Retail Operations')])[1]</arg>
<doc>Click the element identified by ``locator``.</doc>
<msg timestamp="20231010 16:19:20.656" level="INFO">Clicking element '(//*[contains(text(),'Retail Operations')])[1]'.</msg>
<status status="PASS" starttime="20231010 16:19:20.654" endtime="20231010 16:19:20.896"/>
</kw>
<kw name="Sleep" library="BuiltIn">
<arg>3s</arg>
<doc>Pauses the test executed for the given time.</doc>
<msg timestamp="20231010 16:19:23.899" level="INFO">Slept 3 seconds</msg>
<status status="PASS" starttime="20231010 16:19:20.896" endtime="20231010 16:19:23.899"/>
</kw>
<kw name="Click Element" library="SeleniumLibrary">
<arg>//*[contains(text(),'Find Loan')]</arg>
<doc>Click the element identified by ``locator``.</doc>
<msg timestamp="20231010 16:19:23.900" level="INFO">Clicking element '//*[contains(text(),'Find Loan')]'.</msg>
<status status="PASS" starttime="20231010 16:19:23.899" endtime="20231010 16:19:24.235"/>
</kw>
<kw name="Sleep" library="BuiltIn">
<arg>5s</arg>
<doc>Pauses the test executed for the given time.</doc>
<msg timestamp="20231010 16:19:29.238" level="INFO">Slept 5 seconds</msg>
<status status="PASS" starttime="20231010 16:19:24.235" endtime="20231010 16:19:29.239"/>
</kw>
<kw name="Wait Until Page Contains Element" library="SeleniumLibrary">
<arg>//*[contains(text(),'Unauthorised')]</arg>
<doc>Waits until the element ``locator`` appears on the current page.</doc>
<status status="PASS" starttime="20231010 16:19:29.239" endtime="20231010 16:19:29.252"/>
</kw>
<kw name="Input Text" library="SeleniumLibrary">
<arg>(//*[@name='C1__C1__C1__C1__C1__ENQAAFINDARRANGEMENTAL[1].SEARCHREQUEST[1].FILTERS[1].ARRANGEMENTID[1].OPERAND1'])[1]</arg>
<arg>1000003243</arg>
<doc>Types the given ``text`` into the text field identified by ``locator``.</doc>
<msg timestamp="20231010 16:19:29.253" level="INFO">Typing text '1000003243' into text field '(//*[@name='C1__C1__C1__C1__C1__ENQAAFINDARRANGEMENTAL[1].SEARCHREQUEST[1].FILTERS[1].ARRANGEMENTID[1].OPERAND1'])[1]'.</msg>
<status status="PASS" starttime="20231010 16:19:29.252" endtime="20231010 16:19:29.278"/>
</kw>
<kw name="Sleep" library="BuiltIn">
<arg>1s</arg>
<doc>Pauses the test executed for the given time.</doc>
<msg timestamp="20231010 16:19:30.281" level="INFO">Slept 1 second</msg>
<status status="PASS" starttime="20231010 16:19:29.278" endtime="20231010 16:19:30.282"/>
</kw>
<kw name="Click Element" library="SeleniumLibrary">
<arg>(//*[@title='Executes the query'])[1]</arg>
<doc>Click the element identified by ``locator``.</doc>
<msg timestamp="20231010 16:19:30.284" level="INFO">Clicking element '(//*[@title='Executes the query'])[1]'.</msg>
<status status="PASS" starttime="20231010 16:19:30.282" endtime="20231010 16:19:30.507"/>
</kw>
<kw name="Sleep" library="BuiltIn">
<arg>5s</arg>
<doc>Pauses the test executed for the given time.</doc>
<msg timestamp="20231010 16:19:35.510" level="INFO">Slept 5 seconds</msg>
<status status="PASS" starttime="20231010 16:19:30.507" endtime="20231010 16:19:35.510"/>
</kw>
<kw name="Click Element" library="SeleniumLibrary">
<arg>//*[@title="Overview"]</arg>
<doc>Click the element identified by ``locator``.</doc>
<msg timestamp="20231010 16:19:35.512" level="INFO">Clicking element '//*[@title="Overview"]'.</msg>
<status status="PASS" starttime="20231010 16:19:35.511" endtime="20231010 16:19:35.786"/>
</kw>
<kw name="Sleep" library="BuiltIn">
<arg>20s</arg>
<doc>Pauses the test executed for the given time.</doc>
<msg timestamp="20231010 16:19:55.788" level="INFO">Slept 20 seconds</msg>
<status status="PASS" starttime="20231010 16:19:35.786" endtime="20231010 16:19:55.789"/>
</kw>
<kw name="Get Window Handles" library="SeleniumLibrary">
<var>${handles}</var>
<doc>Returns all child window handles of the selected browser as a list.</doc>
<msg timestamp="20231010 16:19:55.795" level="INFO">${handles} = ['fde924f5-f075-4db4-862b-0dee774560cd', '78294d55-a67e-4a5d-b301-61e445b70dc2']</msg>
<status status="PASS" starttime="20231010 16:19:55.789" endtime="20231010 16:19:55.795"/>
</kw>
<kw name="Switch Window" library="SeleniumLibrary">
<arg>${handles}[1]</arg>
<doc>Switches to browser window matching ``locator``.</doc>
<status status="PASS" starttime="20231010 16:19:55.796" endtime="20231010 16:19:55.820"/>
</kw>
<kw name="Select From List By Value" library="SeleniumLibrary">
<arg>//*[@script-id="AADETAILSACTIVITYLOGPENDINGFIN_DRILLDOWN_R1"]</arg>
<arg>1</arg>
<doc>Selects options from selection list ``locator`` by ``values``.</doc>
<msg timestamp="20231010 16:19:55.820" level="INFO">Selecting options from selection list '//*[@script-id="AADETAILSACTIVITYLOGPENDINGFIN_DRILLDOWN_R1"]' by value 1.</msg>
<status status="PASS" starttime="20231010 16:19:55.820" endtime="20231010 16:19:56.059"/>
</kw>
<kw name="Sleep" library="BuiltIn">
<arg>2s</arg>
<doc>Pauses the test executed for the given time.</doc>
<msg timestamp="20231010 16:19:58.064" level="INFO">Slept 2 seconds</msg>
<status status="PASS" starttime="20231010 16:19:56.060" endtime="20231010 16:19:58.065"/>
</kw>
<kw name="Click Element" library="SeleniumLibrary">
<arg>//*[@title="Launch"]</arg>
<doc>Click the element identified by ``locator``.</doc>
<msg timestamp="20231010 16:19:58.067" level="INFO">Clicking element '//*[@title="Launch"]'.</msg>
<status status="PASS" starttime="20231010 16:19:58.065" endtime="20231010 16:19:58.298"/>
</kw>
<kw name="Sleep" library="BuiltIn">
<arg>20s</arg>
<doc>Pauses the test executed for the given time.</doc>
<msg timestamp="20231010 16:20:18.305" level="INFO">Slept 20 seconds</msg>
<status status="PASS" starttime="20231010 16:19:58.299" endtime="20231010 16:20:18.305"/>
</kw>
<kw name="Get Window Handles" library="SeleniumLibrary">
<var>${handles}</var>
<doc>Returns all child window handles of the selected browser as a list.</doc>
<msg timestamp="20231010 16:20:18.313" level="INFO">${handles} = ['fde924f5-f075-4db4-862b-0dee774560cd', '78294d55-a67e-4a5d-b301-61e445b70dc2', 'aac3a578-c36c-4747-9f4b-7f72c7054ff7']</msg>
<status status="PASS" starttime="20231010 16:20:18.306" endtime="20231010 16:20:18.313"/>
</kw>
<kw name="Switch Window" library="SeleniumLibrary">
<arg>${handles}[2]</arg>
<doc>Switches to browser window matching ``locator``.</doc>
<status status="PASS" starttime="20231010 16:20:18.313" endtime="20231010 16:20:18.353"/>
</kw>
<kw name="Click Element" library="SeleniumLibrary">
<arg>//*[@title="Authorise"]</arg>
<doc>Click the element identified by ``locator``.</doc>
<msg timestamp="20231010 16:20:18.354" level="INFO">Clicking element '//*[@title="Authorise"]'.</msg>
<status status="PASS" starttime="20231010 16:20:18.353" endtime="20231010 16:20:18.600"/>
</kw>
<kw name="Sleep" library="BuiltIn">
<arg>20s</arg>
<doc>Pauses the test executed for the given time.</doc>
<msg timestamp="20231010 16:20:38.608" level="INFO">Slept 20 seconds</msg>
<status status="PASS" starttime="20231010 16:20:18.602" endtime="20231010 16:20:38.609"/>
</kw>
<kw name="Close All Browsers" library="SeleniumLibrary">
<doc>Closes all open browsers and resets the browser cache.</doc>
<status status="PASS" starttime="20231010 16:20:38.610" endtime="20231010 16:20:39.098"/>
</kw>
<doc>Creation of a monthly loan</doc>
<status status="PASS" starttime="20231010 16:10:45.299" endtime="20231010 16:20:39.099"/>
</test>
<doc>Template robot suite</doc>
<status status="PASS" starttime="20231010 16:10:45.226" endtime="20231010 16:20:39.099"/>
</suite>
<status status="PASS" starttime="20231010 16:10:45.225" endtime="20231010 16:20:39.100"/>
</suite>
<status status="PASS" starttime="20231010 16:10:45.218" endtime="20231010 16:20:39.101"/>
</suite>
<statistics>
<total>
<stat pass="1" fail="0" skip="0">All Tests</stat>
</total>
<tag>
</tag>
<suite>
<stat pass="1" fail="0" skip="0" id="s1" name="Temenosrobot">Temenosrobot</stat>
<stat pass="1" fail="0" skip="0" id="s1-s1" name="0004 Refund">Temenosrobot.0004 Refund</stat>
<stat pass="1" fail="0" skip="0" id="s1-s1-s1" name="002 Refund Of Advance Repayment">Temenosrobot.0004 Refund.002 Refund Of Advance Repayment</stat>
</suite>
</statistics>
<errors>
</errors>
</robot>
